Harvard University, MA:0.6503:0.1132:0.1740:2.90:2.98:1.0293:1.00:1:35:1:2:3506:293.80
Princeton University, NJ:0.6235:0.1052:0.1688:4.68:2.95:0.6296:1.00:1:25:1:1:85:331.29
Dartmouth College, NH:0.6203:0.0857:0.1382:4.76:3.04:0.6393:1.00:1:28:1:1:1137:390.82
California Institute of Technology, CA:0.6625:0.1079:0.1628:2.83:3.12:1.1014:1.00:1:56:1:1:4898:484.79
Duke University, NC:0.6089:0.0888:0.1459:6.21:3.11:0.5009:1.00:1:65:1:1:51:1235.93
Amherst College, MA:0.5880:0.1050:0.1786:10.01:5.67:0.5669:0.96:1:65:1:1:206:3634.98
Massachusetts Institute of Technology, MA:0.5941:0.1105:0.1861:9.08:4.96:0.5462:0.97:1:55:2:1:67:4773.20
Rice University, TX:0.5914:0.1013:0.1713:9.37:3.65:0.3894:0.99:1:60:3:1:70:5840.48
University of Pennsylvania, PA:0.5721:0.0903:0.1579:12.15:3.57:0.2935:0.98:2:47:4:1:15:7459.12
Brown University, RI:0.5723:0.1041:0.1819:12.63:5.56:0.4400:0.93:2:80:2:1:1:10946.47
Williams College, MA:0.5586:0.1034:0.1851:15.96:7.77:0.4870:0.77:2:104:1:1:10:12770.46
Harvey Mudd College, CA:0.5604:0.1065:0.1901:15.33:7.55:0.4924:0.86:2:188:1:1:6:21645.96
Stanford University, CA:0.5904:0.1122:0.1900:10.56:8.56:0.8107:0.90:1:131:2:1:190:23309.07
University of Chicago, IL:0.5562:0.0811:0.1459:16.38:9.13:0.5576:0.72:2:209:1:1:1:31103.28
Wellesley College, MA:0.5384:0.1001:0.1859:20.06:5.75:0.2867:0.55:2:65:6:1:28:40822.94
Swarthmore College, PA:0.5430:0.0981:0.1806:19.34:7.58:0.3920:0.59:2:161:3:1:2:69497.70
Washington and Lee University, VA:0.5221:0.0925:0.1771:25.21:7.58:0.3007:0.27:3:101:5:1:3:91735.30
University of North Carolina at Chapel Hill, NC:0.5575:0.0999:0.1792:18.75:13.59:0.7248:0.62:2:197:2:1:404:99370.44
Columbia University, NY:0.5630:0.0954:0.1695:15.74:12.01:0.7628:0.81:2:208:3:1:33:116216.14
Davidson College, NC:0.5246:0.1034:0.1971:24.68:7.78:0.3152:0.33:3:99:7:1:1:123668.09
University of Virginia, VA:0.5353:0.0983:0.1836:23.39:13.39:0.5725:0.49:2:208:4:1:2:255634.35
Emory University, GA:0.5251:0.0851:0.1621:25.30:13.59:0.5370:0.40:3:262:3:1:1:267183.36
Claremont McKenna College, CA:0.5173:0.0970:0.1875:27.04:11.08:0.4099:0.24:3:237:4:1:2:279281.55
Bowdoin College, ME:0.5183:0.1027:0.1982:27.68:11.49:0.4150:0.25:3:161:6:1:3:295725.05
Washington University, MO:0.5116:0.0781:0.1526:31.73:24.55:0.7739:0.35:2:430:1:1:13:334164.40
Pomona College, CA:0.5210:0.0971:0.1863:26.02:8.50:0.3268:0.21:3:149:12:1:1:363577.21
Georgetown University, DC:0.5074:0.0923:0.1820:31.20:12.80:0.4104:0.17:3:132:8:1:3:396198.55
University of Notre Dame, IN:0.5050:0.1069:0.2118:32.67:14.55:0.4453:0.14:3:175:5:1:2:404052.88
Carleton College, MN:0.4909:0.0935:0.1906:36.74:14.54:0.3958:0.07:4:264:4:1:1:555732.50
Smith College, MA:0.4693:0.0831:0.1771:42.10:8.49:0.2016:0.00:4:100:21:1:1:592685.47
Bryn Mawr College, PA:0.4946:0.1011:0.2045:34.85:11.60:0.3328:0.05:4:145:11:1:5:595598.87
Cornell University, NY:0.5206:0.0932:0.1791:26.50:13.15:0.4963:0.34:3:206:9:1:2:617841.79
College of William and Mary, VA:0.4840:0.0929:0.1919:38.89:9.25:0.2379:0.00:4:125:23:1:2:844186.43
Vanderbilt University, TN:0.4868:0.0807:0.1659:37.05:13.79:0.3721:0.06:4:226:10:1:39:1103529.42
Haverford College, PA:0.5002:0.1016:0.2032:34.08:14.49:0.4251:0.06:3:222:11:1:6:1146134.33
University of the South, TN:0.4551:0.0803:0.1764:49.97:15.52:0.3107:0.01:5:196:8:1:1:1166678.71
University of Michigan at Ann Arbor, MI:0.4699:0.0909:0.1935:45.01:15.17:0.3372:0.03:5:164:13:1:1:1340733.36
Case Western Reserve University, OH:0.4593:0.0773:0.1684:59.97:48.22:0.8041:0.14:5:489:1:1:85:1411086.03
Georgia Institute of Technology, GA:0.4960:0.1082:0.2181:39.18:25.94:0.6621:0.17:3:419:4:1:1:1687384.88
Grinnell College, IA:0.4503:0.0801:0.1778:54.51:19.35:0.3550:0.00:5:272:10:1:1:2764397.24
Wesleyan University, CT:0.4664:0.0950:0.2037:47.18:17.26:0.3659:0.00:4:199:21:1:2:3044180.08
Colorado College, CO:0.4591:0.0882:0.1922:50.12:17.76:0.3543:0.00:5:260:15:1:1:3271169.02
University of California at Los Angeles, CA:0.4856:0.1176:0.2421:51.92:56.73:1.0926:0.20:3:474:3:1:2:4161923.73
University of California at Berkeley, CA:0.4706:0.1206:0.2562:59.96:57.41:0.9573:0.10:4:461:3:1:1:4729791.46
Mount Holyoke College, MA:0.4269:0.0756:0.1771:68.57:20.56:0.2998:0.00:6:190:21:1:2:5002899.98
Vassar College, NY:0.4426:0.0839:0.1896:58.84:16.65:0.2830:0.00:6:220:30:1:1:5584407.15
Tufts University, MA:0.4449:0.0919:0.2065:59.59:21.39:0.3589:0.00:5:246:26:1:1:7289991.09
Lawrence University, WI:0.4142:0.0784:0.1893:82.69:29.61:0.3580:0.00:8:247:13:1:1:7447290.42
Harding University, AR:0.3879:0.0821:0.2118:116.45:51.17:0.4395:0.01:10:421:3:1:1:7472519.26
Wabash College, IN:0.4124:0.0717:0.1739:81.48:28.03:0.3440:0.00:8:253:14:1:1:7640649.63
University of Alabama at Birmingham, AL:0.3722:0.0749:0.2013:149.25:97.71:0.6547:0.03:9:551:1:1:2:8021152.27
Sarah Lawrence College, NY:0.4380:0.0835:0.1905:66.84:36.08:0.5398:0.01:6:322:11:1:1:8249855.97
University of Rochester, NY:0.4533:0.0775:0.1709:56.20:33.85:0.6023:0.02:5:490:10:1:2:9132203.11
College of the Holy Cross, MA:0.4480:0.1013:0.2261:65.70:43.54:0.6627:0.01:5:413:8:1:1:9267898.44
Colby College, ME:0.4437:0.0862:0.1944:60.77:23.63:0.3889:0.00:5:275:30:1:3:10555463.28
Union College, NY:0.4347:0.0880:0.2024:67.63:26.05:0.3852:0.00:6:290:24:1:2:11247899.82
University of Minnesota Twin Cities, MN:0.4152:0.0769:0.1852:86.52:53.05:0.6131:0.04:6:428:6:1:1:11621042.32
Whitman College, WA:0.4177:0.0748:0.1790:80.32:26.96:0.3357:0.00:7:242:25:1:1:11747485.93
Colgate University, NY:0.4345:0.0870:0.2002:66.50:24.80:0.3729:0.00:6:310:25:1:1:11751117.84
Bard College, NY:0.4312:0.0886:0.2054:69.84:27.82:0.3984:0.00:7:289:24:1:1:12358288.88
Trinity University, TX:0.4282:0.0885:0.2067:71.14:27.01:0.3797:0.00:6:272:27:3:1:12710870.19
New York University, NY:0.4474:0.0855:0.1911:60.50:32.49:0.5371:0.00:5:348:24:1:1:15285693.50
Trinity College, CT:0.4311:0.0830:0.1926:68.83:25.40:0.3690:0.00:7:372:28:1:1:16839077.10
Centre College, KY:0.4106:0.0915:0.2229:94.07:58.84:0.6255:0.00:7:459:7:1:1:17513675.34
Texas A&M Univ. at College Station, TX:0.4182:0.0926:0.2213:85.17:48.69:0.5717:0.01:9:542:8:1:1:17716759.80
California Lutheran University, CA:0.3438:0.0807:0.2348:201.90:94.53:0.4682:0.01:26:467:2:1:4:17750333.83
Macalester College, MN:0.4280:0.0821:0.1918:71.91:21.53:0.2994:0.00:7:325:41:1:2:18030926.81
Arkansas College (Lyon College), AR:0.4157:0.0735:0.1768:82.57:35.13:0.4254:0.00:8:331:20:1:1:18040466.87
Rose-Hulman Institute of Technology, IN:0.4617:0.1006:0.2179:55.78:38.28:0.6863:0.00:5:549:17:1:2:19313342.89
Pepperdine University, CA:0.4416:0.1042:0.2359:73.32:51.34:0.7002:0.01:5:406:15:1:1:22074455.10
Carnegie Mellon University, PA:0.4465:0.0792:0.1773:59.53:30.45:0.5115:0.00:5:496:26:1:1:22153731.57
Scripps College, CA:0.4368:0.0839:0.1920:67.00:37.63:0.5617:0.00:6:487:19:1:1:22422240.00
University of Kansas, KS:0.3784:0.0807:0.2132:128.35:63.11:0.4917:0.00:10:363:8:1:1:23005717.16
Oberlin College, OH:0.4291:0.0814:0.1897:72.55:33.67:0.4641:0.00:6:445:23:1:1:23710088.43
Agnes Scott College, GA:0.4209:0.0775:0.1842:79.48:43.59:0.5485:0.00:6:358:21:1:1:24518898.63
Connecticut College, CT:0.4179:0.0832:0.1990:81.22:30.24:0.3723:0.00:7:352:34:1:1:26550543.64
California Polytechnic-San Luis, CA:0.3951:0.0885:0.2239:120.31:74.50:0.6192:0.01:8:506:6:1:4:26887986.99
Earlham College, IN:0.4001:0.0782:0.1955:96.17:35.25:0.3666:0.00:8:404:21:1:1:27268291.08
Gustavus Adolphus College, MN:0.3777:0.0808:0.2138:127.03:48.37:0.3808:0.00:12:338:14:1:2:27870467.07
University of California at San Diego, CA:0.4225:0.1178:0.2787:112.45:108.33:0.9634:0.02:4:581:4:1:1:28117786.64
University of Hawaii at Manoa, HI:0.3759:0.0919:0.2445:155.06:112.07:0.7228:0.03:6:562:3:2:4:29141034.62
Sweet Briar College, VA:0.3993:0.0731:0.1831:99.85:57.43:0.5752:0.00:6:437:13:1:2:31608047.03
Virginia Military Institute, VA:0.3762:0.0803:0.2136:135.10:80.62:0.5968:0.01:8:423:7:1:1:31716055.86
Saint Louis University, MO:0.3748:0.0684:0.1824:137.90:71.98:0.5220:0.01:12:467:7:1:2:31963608.12
Birmingham-Southern College, AL:0.4021:0.0851:0.2118:100.83:43.35:0.4299:0.00:8:347:24:1:1:33883902.09
Occidental College, CA:0.4153:0.0792:0.1907:82.22:24.38:0.2965:0.00:8:378:54:1:1:35070607.75
University of Georgia, GA:0.3911:0.0775:0.1982:105.39:29.04:0.2755:0.00:10:296:48:1:1:36429838.65
Lehigh University, PA:0.4039:0.0879:0.2176:95.97:39.88:0.4156:0.00:9:455:23:1:2:38029192.30
University of Minnesota at Morris, MN:0.3782:0.0784:0.2073:139.58:73.32:0.5253:0.00:9:443:9:2:1:39975692.98
Kenyon College, OH:0.4019:0.0832:0.2069:96.98:35.92:0.3704:0.00:8:397:33:1:1:41842048.16
Brandeis University, MA:0.4032:0.0807:0.2001:93.93:31.07:0.3308:0.00:8:411:43:1:1:46185258.26
University of Miami, FL:0.3695:0.0636:0.1722:141.33:56.19:0.3975:0.00:13:407:15:1:1:46693156.01
Peru State College, NE:0.2812:0.0755:0.2687:362.97:125.04:0.3445:0.00:46:564:2:2:1:51013923.26
University of North Dakota, ND:0.3336:0.0832:0.2493:226.05:100.92:0.4464:0.01:29:472:5:1:1:53267303.08
University of Missouri at Columbia, MO:0.3729:0.0758:0.2032:135.42:58.81:0.4343:0.00:15:391:18:1:1:53469811.02
Trinity College, DC:0.3528:0.0778:0.2206:167.19:70.51:0.4217:0.00:13:393:12:1:1:53892872.17
Pitzer College, CA:0.3773:0.0868:0.2300:136.01:69.64:0.5121:0.00:9:466:13:1:1:55779303.47
Knox College, IL:0.3885:0.0824:0.2122:109.45:32.61:0.2979:0.00:9:319:61:1:2:56171128.54
Drew University, NJ:0.4043:0.0875:0.2163:100.39:54.97:0.5476:0.00:8:547:20:1:1:58159003.45
Barnard College, NY:0.4088:0.0858:0.2099:92.89:42.43:0.4568:0.00:7:418:40:1:1:59590912.27
Goucher College, MD:0.3793:0.0671:0.1768:120.92:33.99:0.2811:0.00:12:351:49:1:1:60815138.51
St. Mary's College of Maryland, MD:0.3910:0.0718:0.1836:109.27:41.04:0.3756:0.00:9:374:41:1:1:61229825.19
University of Wyoming, WY:0.3428:0.0797:0.2326:200.51:90.68:0.4522:0.00:21:460:8:1:1:65748491.97
North Carolina State University at Raleigh, NC:0.3849:0.0810:0.2103:117.24:40.61:0.3464:0.00:10:412:37:1:1:66062400.42
University of Charleston, WV:0.2614:0.0431:0.1649:404.83:140.86:0.3479:0.01:51:591:2:1:2:67175321.21
Illinois Wesleyan University, IL:0.4012:0.0863:0.2150:106.36:51.32:0.4825:0.00:8:430:34:1:1:73497300.10
John Brown University, AR:0.3428:0.0698:0.2035:189.98:63.73:0.3355:0.00:20:393:17:1:2:77389765.66
Lake Forest College, IL:0.3651:0.0738:0.2021:141.42:34.69:0.2453:0.00:13:324:60:1:1:77710459.62
Hiram College, OH:0.3631:0.0712:0.1961:145.54:31.64:0.2174:0.00:14:303:76:1:1:79454534.66
Marietta College, OH:0.3640:0.0802:0.2204:148.35:45.04:0.3036:0.00:13:317:45:1:1:81790663.86
SUNY at Binghamton, NY:0.4092:0.0953:0.2330:102.56:60.39:0.5888:0.00:7:487:29:1:1:82258731.76
Hampden - Sydney College, VA:0.3508:0.0804:0.2293:175.49:66.82:0.3808:0.00:21:358:21:1:1:82988304.01
University of Texas at Austin, TX:0.3901:0.0937:0.2401:122.40:72.47:0.5921:0.00:9:508:20:1:1:86579805.72
Kansas State University, KS:0.3414:0.0738:0.2162:198.55:68.11:0.3430:0.00:19:481:14:1:1:88415009.72
George Washington University, DC:0.3743:0.0745:0.1990:134.81:56.78:0.4212:0.00:12:430:29:1:1:89021907.84
Ursinus College, PA:0.3785:0.0743:0.1963:124.84:35.66:0.2856:0.00:12:389:61:1:1:89058525.86
SUNY at Buffalo, NY:0.3728:0.0763:0.2047:140.94:61.55:0.4367:0.00:11:422:26:1:5:89310441.67
Dominican College of Blauvelt, NY:0.1310:0.0404:0.3086:590.95:3.24:0.0055:0.00:60:594:499:1290:1:90679716.55
New Jersey Institute of Technology, NJ:0.3646:0.0765:0.2098:146.53:46.40:0.3167:0.00:12:328:48:1:1:91383821.77
Florida International University, FL:0.3785:0.0768:0.2029:127.11:47.15:0.3709:0.00:10:398:43:1:1:91481983.54
University of Illinois - Urbana, IL:0.3848:0.0913:0.2372:125.47:62.43:0.4976:0.00:10:447:28:1:2:91899598.27
University of California at Irvine, CA:0.4099:0.1040:0.2538:112.57:83.83:0.7447:0.00:5:551:19:1:2:95385230.71
University of Tennessee at Knoxville, TN:0.3606:0.0758:0.2102:155.88:56.88:0.3649:0.00:15:394:30:1:2:96822660.25
Boston College, MA:0.4079:0.1016:0.2491:105.71:62.09:0.5873:0.00:7:476:34:1:3:98636455.73
Juniata College, PA:0.3702:0.0840:0.2268:138.34:51.58:0.3729:0.00:14:420:36:1:1:98652198.35
Willamette University, OR:0.3784:0.0826:0.2183:129.68:47.77:0.3683:0.00:10:415:45:1:1:103129707.05
Antioch University, OH:0.3157:0.0743:0.2354:279.82:135.98:0.4860:0.01:33:564:5:2:4:106354605.93
Beloit College, WI:0.3543:0.0723:0.2041:163.94:43.56:0.2657:0.00:15:401:43:1:1:109945187.88
Hamline University, MN:0.3555:0.0757:0.2129:162.10:38.90:0.2399:0.00:15:358:62:1:1:115712881.57
Bucknell University, PA:0.3965:0.0896:0.2260:111.24:53.89:0.4844:0.00:8:539:39:1:1:116890238.49
Tulane University, LA:0.3794:0.0774:0.2039:127.25:49.22:0.3868:0.00:11:499:42:1:1:120219344.85
Stetson University, FL:0.3463:0.0732:0.2113:181.77:28.60:0.1573:0.00:17:315:121:1:1:122028661.66
Texas Christian University, TX:0.3350:0.0703:0.2099:211.31:23.49:0.1111:0.00:21:321:145:1:1:126659988.58
Ripon College, WI:0.3591:0.0728:0.2027:156.06:61.20:0.3922:0.00:14:425:35:1:1:130377733.90
Christendom College, VA:0.3095:0.0798:0.2578:286.63:133.01:0.4640:0.00:20:587:6:1:2:132904765.82
St. Lawrence University, NY:0.3667:0.0759:0.2070:143.72:44.83:0.3119:0.00:15:413:59:1:1:134564177.92
Austin College, TX:0.3703:0.0775:0.2094:136.48:41.28:0.3024:0.00:12:398:75:1:1:136463861.75
Saint Mary's College, IN:0.3334:0.0762:0.2286:213.62:76.93:0.3601:0.00:22:510:17:1:1:137738195.30
Rollins College, FL:0.3551:0.0781:0.2198:167.49:50.06:0.2989:0.00:14:381:50:1:1:138773228.40
Reed College, OR:0.3848:0.0775:0.2014:120.97:50.64:0.4186:0.00:10:522:48:1:1:139378732.76
Stevens Institute of Technology, NJ:0.3839:0.0881:0.2295:126.15:51.50:0.4082:0.00:9:504:52:1:2:152683130.15
Wheaton College, MA:0.3543:0.0774:0.2184:169.49:65.79:0.3881:0.00:15:433:35:1:1:155325765.78
SUNY at Stony Brook, NY:0.3485:0.0818:0.2348:200.22:116.75:0.5831:0.00:12:566:12:1:1:155399276.38
Simmons College, MA:0.3316:0.0638:0.1925:212.23:50.49:0.2379:0.00:25:326:56:3:1:162008116.67
Monmouth College, IL:0.3519:0.0729:0.2071:170.94:56.49:0.3305:0.00:18:405:47:1:1:162461828.10
New Mexico Institute of Mining and Tech., NM:0.3526:0.0795:0.2253:189.19:101.50:0.5365:0.00:12:547:16:1:1:163145296.82
Coker College, SC:0.3169:0.0709:0.2237:254.34:87.35:0.3434:0.00:28:456:17:1:1:165810051.43
Lenoir-Rhyne College, NC:0.3304:0.0722:0.2185:222.19:46.81:0.2107:0.00:24:356:53:1:1:167041077.86
University of Nebraska at Lincoln, NE:0.3387:0.0897:0.2649:222.97:134.88:0.6049:0.00:14:577:10:1:1:170519649.60
Hollins College, VA:0.3453:0.0709:0.2055:184.72:60.71:0.3286:0.00:22:411:42:1:1:173800280.18
William Jewell College, MO:0.3310:0.0699:0.2112:221.99:65.67:0.2958:0.00:23:445:29:1:1:175865036.94
University of Pittsburgh-Main Campus, PA:0.3484:0.0735:0.2109:184.82:88.53:0.4790:0.00:13:497:23:1:1:178388621.32
Loyola University Chicago, IL:0.3196:0.0655:0.2049:251.50:80.10:0.3185:0.00:28:487:19:1:1:179131739.83
Rhodes College, TN:0.3791:0.0844:0.2225:141.42:80.63:0.5701:0.00:9:556:30:1:1:179940476.30
Eckerd College, FL:0.3427:0.0662:0.1931:190.47:29.15:0.1531:0.00:18:381:129:1:2:180505595.02
Pennsylvania State Univ. Main Campus, PA:0.3756:0.0800:0.2130:140.37:55.02:0.3919:0.00:11:460:59:1:2:182720184.20
Mary Washington College, VA:0.3672:0.0799:0.2177:153.25:57.70:0.3765:0.00:13:466:51:1:1:187160867.15
Valparaiso University, IN:0.3568:0.0835:0.2342:172.26:57.54:0.3340:0.00:13:438:49:1:1:188938363.43
DePauw University, IN:0.3674:0.0786:0.2138:147.36:51.69:0.3507:0.00:11:418:74:1:1:193889097.13
Taylor University, IN:0.3629:0.0721:0.1987:157.07:62.31:0.3967:0.00:13:483:46:1:1:196733530.00
Presbyterian College, SC:0.3518:0.0768:0.2182:174.58:53.42:0.3060:0.00:17:422:59:2:1:199744691.35
Santa Clara University, CA:0.3487:0.0820:0.2352:187.06:58.90:0.3149:0.00:16:440:48:1:1:207302046.98
Emory & Henry College, VA:0.3397:0.0773:0.2274:206.74:67.95:0.3287:0.00:20:446:36:1:1:207338407.30
Illinois Institute of Technology, IL:0.3502:0.0669:0.1911:175.84:35.88:0.2040:0.00:15:395:120:1:1:208191261.21
University of California at Santa Cruz, CA:0.3659:0.1067:0.2917:194.89:126.57:0.6495:0.00:9:591:15:1:1:213122932.83
Babson College, MA:0.3456:0.0825:0.2387:193.65:61.15:0.3158:0.00:21:412:51:1:1:218030503.26
Hanover College, IN:0.3380:0.0654:0.1934:200.13:38.93:0.1945:0.00:19:388:98:1:1:221431774.81
Lafayette College, PA:0.3716:0.0793:0.2135:144.25:67.75:0.4697:0.00:10:520:49:1:2:225560432.75
Linfield College, OR:0.3680:0.0872:0.2369:151.45:58.81:0.3883:0.00:12:473:62:1:1:226954012.22
Centenary College of Louisiana, LA:0.3506:0.0758:0.2161:173.97:61.11:0.3513:0.00:16:475:51:1:2:229905251.24
Washington and Jefferson College, PA:0.3618:0.0828:0.2290:159.60:63.23:0.3962:0.00:13:471:56:1:1:234541235.92
Pace University, NY:0.3592:0.0845:0.2352:172.06:82.28:0.4782:0.00:13:493:37:1:1:238844765.96
University of Louisville, KY:0.3380:0.0706:0.2089:207.98:106.52:0.5122:0.00:12:566:20:1:1:241920896.42
Furman University, SC:0.3793:0.0923:0.2433:135.94:79.07:0.5816:0.00:9:520:49:1:3:248065059.48
University of Oklahoma, OK:0.3363:0.0733:0.2179:214.61:93.67:0.4365:0.00:19:503:26:1:1:249309633.58
Gordon College, MA:0.3255:0.0719:0.2208:237.65:62.57:0.2633:0.00:26:437:43:1:1:251937859.31
University of North Texas, TX:0.2986:0.0819:0.2743:319.88:127.18:0.3976:0.00:33:583:11:1:1:255984409.80
Erskine College, SC:0.3556:0.0788:0.2215:180.27:81.42:0.4517:0.00:12:510:37:1:1:256871458.82
Franklin College, IN:0.3403:0.0591:0.1736:194.11:54.53:0.2809:0.00:19:446:65:1:1:262112154.20
Coe College, IA:0.3364:0.0680:0.2021:206.13:42.42:0.2058:0.00:20:397:102:1:1:263092274.92
Bethel College, KS:0.2993:0.0654:0.2185:306.43:102.38:0.3341:0.00:32:544:16:2:2:265047103.99
Rensselaer Polytechnic Institute, NY:0.3587:0.0868:0.2421:177.51:80.01:0.4507:0.00:12:569:35:1:1:265442895.76
University of Central Florida, FL:0.3257:0.0838:0.2572:251.41:114.19:0.4542:0.00:26:563:17:1:1:266466319.34
North Dakota State University, ND:0.2913:0.0699:0.2401:331.89:97.12:0.2926:0.00:38:533:16:3:1:266636597.97
University of California at Santa Barbara, CA:0.3498:0.1107:0.3164:230.35:144.95:0.6292:0.00:8:587:14:1:1:267848146.70
The Citadel, SC:0.3112:0.0864:0.2777:280.39:109.84:0.3917:0.00:35:506:18:1:1:270529363.57
Allegheny College, PA:0.3623:0.0711:0.1963:159.24:65.40:0.4107:0.00:13:507:58:1:2:271223015.16
Miami University at Oxford, OH:0.3399:0.0787:0.2315:204.91:55.86:0.2726:0.00:19:480:58:1:1:280140159.05
Gettysburg College, PA:0.3651:0.0784:0.2148:154.06:59.89:0.3888:0.00:12:529:67:1:1:285624907.66
Creighton University, NE:0.3327:0.0831:0.2499:236.29:141.68:0.5996:0.00:9:584:15:1:2:285737145.18
Hardin-Simmons University, TX:0.2613:0.0710:0.2718:421.47:101.15:0.2400:0.00:49:574:12:1:1:287494345.43
Hope College, MI:0.3478:0.0741:0.2131:184.91:67.37:0.3644:0.00:15:483:54:1:2:288595504.49
Catholic University of America, DC:0.3166:0.0702:0.2218:258.94:53.72:0.2074:0.00:27:422:58:1:1:293642336.59
University of Maine at Farmington, ME:0.3257:0.0671:0.2061:232.70:67.09:0.2883:0.00:24:415:52:1:1:294713723.03
Trenton State College, NJ:0.3770:0.0948:0.2514:154.09:105.57:0.6851:0.00:8:561:35:1:1:299485312.73
Saint Mary-of-the-Woods College, IN:0.3012:0.0591:0.1962:301.40:99.37:0.3297:0.00:32:547:19:1:1:300463265.00
Barat College, IL:0.3125:0.0631:0.2020:262.39:86.06:0.3280:0.00:29:474:30:1:1:300770564.61
St. Martin's College, WA:0.1699:0.0482:0.2837:578.93:8.85:0.0153:0.00:59:590:463:1:1:301171416.69
Siena College, NY:0.3378:0.0762:0.2257:209.61:72.33:0.3451:0.00:18:464:48:1:1:302736763.64
Denison University, OH:0.3495:0.0783:0.2241:184.58:71.55:0.3876:0.00:16:528:48:1:1:304279171.25
University of California at Riverside, CA:0.3704:0.0991:0.2676:175.49:117.51:0.6696:0.00:9:584:27:3:1:310133153.93
Hendrix College, AR:0.3592:0.0809:0.2252:166.77:67.18:0.4028:0.00:13:482:67:2:1:311490356.30
Westminster College, PA:0.3344:0.0730:0.2182:217.75:78.97:0.3627:0.00:20:491:43:1:2:331238280.00
Whittier College, CA:0.3490:0.0717:0.2053:183.61:58.88:0.3207:0.00:15:505:71:1:1:333134506.82
Oklahoma Baptist University, OK:0.2862:0.0667:0.2330:358.71:98.48:0.2745:0.00:35:547:18:1:1:336367634.56
Worcester Polytechnic Institute, MA:0.3578:0.0861:0.2406:174.20:68.75:0.3946:0.00:12:493:69:1:1:350366419.66
Westmont College, CA:0.3406:0.0813:0.2387:208.87:79.41:0.3802:0.00:15:535:43:1:1:350906078.03
Michigan State University, MI:0.3274:0.0829:0.2532:239.45:98.94:0.4132:0.00:21:515:31:1:1:355463763.36
Alfred University, NY:0.3444:0.0733:0.2129:190.94:53.27:0.2790:0.00:16:441:104:1:1:356469772.54
East Carolina University, NC:0.2994:0.0658:0.2197:308.91:100.30:0.3247:0.00:39:486:25:1:1:357094216.06
Hobart and William Smith Colleges, NY:0.3397:0.0792:0.2333:205.54:70.88:0.3448:0.00:20:519:53:1:1:359790971.90
Susquehanna University, PA:0.3322:0.0746:0.2247:222.13:60.00:0.2701:0.00:22:466:70:1:1:369480407.17
Albright College, PA:0.3326:0.0703:0.2114:219.69:54.15:0.2465:0.00:22:488:76:1:1:372509454.62
Saint John's University, MN:0.3102:0.0710:0.2289:276.02:77.36:0.2803:0.00:32:473:41:1:2:378232899.87
Appalachian State University, NC:0.3343:0.0797:0.2384:219.35:81.63:0.3722:0.00:18:477:51:1:1:389035542.84
University of Cincinnati, OH:0.3236:0.0792:0.2447:249.33:116.09:0.4656:0.00:22:565:25:1:2:390756645.92
Houghton College, NY:0.3226:0.0726:0.2249:249.08:38.14:0.1531:0.00:24:424:155:1:2:396053998.63
Clark University, MA:0.3495:0.0748:0.2140:181.08:66.32:0.3662:0.00:16:538:71:1:1:398188958.40
University of Massachusetts at Dartmouth, MA:0.2853:0.0737:0.2583:350.77:102.28:0.2916:0.00:44:536:22:1:1:405710307.18
University of North Carolina at Asheville, NC:0.3328:0.0665:0.1998:227.39:102.13:0.4492:0.00:15:549:34:1:1:406649539.82
Murray State University, KY:0.3198:0.0702:0.2195:259.45:87.82:0.3385:0.00:26:547:35:1:2:408321464.12
Kalamazoo College, MI:0.3603:0.0825:0.2289:171.50:87.28:0.5089:0.00:10:522:59:1:1:408901214.61
Baldwin-Wallace College, OH:0.3192:0.0755:0.2365:262.63:70.88:0.2699:0.00:27:510:48:1:1:412807251.17
Bellarmine College, KY:0.3401:0.0775:0.2278:205.44:72.64:0.3536:0.00:16:498:64:1:1:414535552.81
Elms College, MA:0.2925:0.0680:0.2323:333.34:75.89:0.2277:0.00:34:525:34:1:1:422287309.91
Bridgewater College, VA:0.3042:0.0656:0.2156:296.31:40.23:0.1358:0.00:31:418:119:1:1:424143977.89
Columbia College, MO:0.2210:0.0793:0.3586:501.92:105.80:0.2108:0.00:59:594:14:2:1:431174076.19
University of Northern Iowa, IA:0.3078:0.0718:0.2333:284.78:68.12:0.2392:0.00:31:440:59:2:1:436086194.10
Oglethorpe University, GA:0.3585:0.0874:0.2439:178.87:87.38:0.4885:0.00:11:547:57:1:1:436533259.22
SUNY College at Geneseo, NY:0.3645:0.0832:0.2281:172.33:88.06:0.5110:0.00:10:558:58:1:1:440092939.90
Indiana University at Bloomington, IN:0.3341:0.0758:0.2269:218.87:66.11:0.3021:0.00:21:541:64:1:1:441742103.77
Washington State University, WA:0.3334:0.0745:0.2236:225.63:86.61:0.3839:0.00:20:525:49:2:1:455799239.12
Chatham College, PA:0.3340:0.0766:0.2293:220.62:108.13:0.4901:0.00:16:559:37:1:2:460736968.45
Rutgers at New Brunswick, NJ:0.3581:0.0841:0.2349:180.66:93.65:0.5184:0.00:13:592:51:1:1:466799586.90
Wilson College, PA:0.3040:0.0589:0.1936:290.42:84.97:0.2926:0.00:32:458:46:1:1:467660529.55
Rutgers State University at Newark, NJ:0.3343:0.0771:0.2307:230.75:103.55:0.4488:0.00:16:588:36:1:1:474839756.00
Millersville University of Penn., PA:0.3278:0.0680:0.2074:234.88:75.59:0.3218:0.00:27:479:66:1:1:483939199.18
University of Scranton, PA:0.3351:0.0763:0.2276:218.70:77.74:0.3555:0.00:21:530:61:1:1:486428961.39
Southeast Missouri State University, MO:0.2701:0.0687:0.2545:398.49:90.04:0.2260:0.00:42:552:26:2:1:490696617.72
Tabor College, KS:0.2916:0.0559:0.1917:325.30:73.97:0.2274:0.00:38:500:45:1:1:492679875.61
Messiah College, PA:0.3185:0.0699:0.2194:258.52:58.51:0.2263:0.00:25:480:82:2:1:493628488.33
Muskingum College, OH:0.3018:0.0665:0.2204:307.63:37.74:0.1227:0.00:31:427:168:1:1:505141148.30
University of Southern California, CA:0.3529:0.0793:0.2246:181.49:78.81:0.4342:0.00:12:506:84:1:2:506998602.27
Niagara University, NY:0.3469:0.0827:0.2384:208.73:90.59:0.4340:0.00:13:545:55:1:1:509569840.58
Michigan Technological University, MI:0.3396:0.0756:0.2225:209.68:72.73:0.3469:0.00:17:508:78:1:1:511518313.70
Villanova University, PA:0.3235:0.0768:0.2373:249.97:69.47:0.2779:0.00:24:534:63:1:1:515310796.49
Fairfield University, CT:0.3331:0.0776:0.2330:225.37:70.78:0.3140:0.00:20:560:66:1:1:520070501.60
Capital University, OH:0.3248:0.0631:0.1942:239.76:49.68:0.2072:0.00:23:468:129:1:1:520886768.86
University of Delaware, DE:0.3192:0.0737:0.2310:259.80:76.85:0.2958:0.00:28:513:58:1:2:526859015.65
Syracuse University, NY:0.3219:0.0656:0.2038:245.20:58.20:0.2374:0.00:22:452:109:1:1:533555809.56
Oklahoma State University, OK:0.3151:0.0737:0.2339:270.23:80.16:0.2966:0.00:25:505:55:1:2:536126335.44
Alma College, MI:0.3391:0.0758:0.2236:211.86:64.86:0.3061:0.00:15:472:107:1:3:536633690.98
Christian Brothers University, TN:0.3086:0.0656:0.2125:276.73:73.85:0.2669:0.00:33:434:73:1:1:538522540.27
Colorado State University, CO:0.3313:0.0785:0.2369:232.42:89.24:0.3840:0.00:16:527:56:1:1:547056287.94
College of Notre Dame of Maryland, MD:0.3223:0.0647:0.2006:247.10:78.65:0.3183:0.00:19:530:60:1:1:548058487.58
University of the Pacific, CA:0.3306:0.0730:0.2207:228.63:65.49:0.2865:0.00:18:504:88:1:1:548136162.51
Butler University, IN:0.3358:0.0730:0.2173:215.55:68.52:0.3179:0.00:17:480:97:1:1:548672189.57
Iowa State University, IA:0.3240:0.0766:0.2364:249.47:84.01:0.3367:0.00:26:540:54:1:1:549985749.53
Franklin Pierce College, NH:0.1476:0.0487:0.3300:584.86:12.61:0.0216:0.00:59:594:412:1132:1:552904472.60
Randolph-Macon Woman's College, VA:0.3314:0.0706:0.2131:226.64:82.11:0.3623:0.00:17:531:64:1:1:556171046.06
Winona State University, MN:0.3077:0.0643:0.2088:286.39:94.47:0.3299:0.00:33:569:39:1:1:559266402.50
Chestnut Hill College, PA:0.3060:0.0623:0.2034:287.44:93.57:0.3255:0.00:26:553:41:1:2:564605520.73
Missouri Southern State College, MO:0.2475:0.0684:0.2764:461.54:88.13:0.1909:0.00:53:582:25:2:1:566393375.24
Milligan College, TN:0.3093:0.0581:0.1877:277.91:45.00:0.1619:0.00:29:451:151:1:1:566506655.44
Point Loma Nazarene College, CA:0.2868:0.0669:0.2331:352.56:72.02:0.2043:0.00:38:505:49:1:1:567327894.66
University of Montevallo, AL:0.2999:0.0738:0.2461:310.29:111.04:0.3579:0.00:39:550:32:1:2:571141342.58
Le Moyne College, NY:0.3056:0.0756:0.2473:297.60:60.09:0.2019:0.00:30:479:81:1:1:576539122.76
University of Denver, CO:0.3258:0.0714:0.2190:241.35:50.26:0.2083:0.00:24:489:134:1:1:577047623.54
Livingstone College, NC:0.3165:0.0739:0.2335:264.19:122.27:0.4628:0.00:28:581:33:1:1:584152004.55
Virginia Commonwealth University, VA:0.3042:0.0623:0.2049:288.82:93.98:0.3254:0.00:32:507:47:1:1:586814264.82
Louisiana State University at Baton Rouge, LA:0.3084:0.0714:0.2315:288.67:95.23:0.3299:0.00:26:545:43:1:1:593366315.66
Missouri Valley College, MO:0.1485:0.0417:0.2808:584.65:13.19:0.0226:0.00:59:594:402:547:1:595184897.17
Salem College, NC:0.3080:0.0615:0.1997:288.30:84.98:0.2948:0.00:29:509:54:1:1:601987391.99
Albion College, MI:0.3382:0.0828:0.2448:218.28:92.31:0.4229:0.00:15:536:64:1:1:608660872.40
University of Missouri at Rolla, MO:0.3314:0.0944:0.2850:246.88:153.04:0.6199:0.00:13:585:29:15:1:609226217.26
University of Utah, UT:0.3044:0.0742:0.2439:300.01:109.79:0.3660:0.00:27:564:35:1:1:609868891.41
Queens College, NC:0.3174:0.0626:0.1971:261.64:60.99:0.2331:0.00:26:475:103:2:1:611421371.92
University of San Diego, CA:0.3357:0.0801:0.2385:222.54:71.89:0.3230:0.00:16:491:98:1:1:616127546.14
Quinnipiac College, CT:0.3153:0.0695:0.2206:264.35:88.82:0.3360:0.00:29:511:58:1:1:616873407.25
Adrian College, MI:0.2977:0.0551:0.1852:317.45:75.58:0.2381:0.00:32:528:55:2:1:624214050.62
Seattle University, WA:0.3124:0.0709:0.2271:275.75:58.40:0.2118:0.00:27:486:101:1:2:626151035.32
University of Puget Sound, WA:0.3437:0.0775:0.2254:209.91:83.08:0.3958:0.00:14:555:76:1:1:634884333.38
Lebanon Valley College, PA:0.3274:0.0749:0.2287:237.12:70.28:0.2964:0.00:21:532:87:1:1:645207035.57
Baylor University, TX:0.3275:0.0743:0.2269:241.72:80.01:0.3310:0.00:21:542:71:1:1:646737374.72
University of New Hampshire, NH:0.3086:0.0722:0.2339:289.30:47.24:0.1633:0.00:28:478:140:1:1:646776041.07
Mississippi State University, MS:0.2957:0.0649:0.2194:320.12:52.60:0.1643:0.00:36:450:116:2:1:652390289.39
Fordham University, NY:0.3200:0.0770:0.2405:259.29:65.87:0.2540:0.00:25:494:96:1:1:652564445.92
Nazareth College of Rochester, NY:0.3200:0.0697:0.2179:260.54:53.95:0.2071:0.00:23:458:157:2:2:664228807.05
Fayetteville State University, NC:0.1638:0.0696:0.4248:561.51:69.93:0.1245:0.00:60:594:30:991:1:664341414.90
University of Dayton, OH:0.3052:0.0722:0.2365:303.68:55.09:0.1814:0.00:30:509:98:1:1:673904538.62
South Dakota State University, SD:0.2708:0.0689:0.2544:393.57:100.86:0.2563:0.00:46:563:32:1:1:674482837.88
Drury College, MO:0.3287:0.0789:0.2399:236.30:100.89:0.4270:0.00:18:558:57:2:1:680842708.37
Montclair State University, NJ:0.3035:0.0785:0.2586:307.23:107.06:0.3485:0.00:36:561:40:1:2:685435332.06
Lincoln University, PA:0.2709:0.0613:0.2262:391.71:112.16:0.2863:0.00:49:569:29:1:1:688005377.45
University of Illinois at Chicago, IL:0.3041:0.0685:0.2254:294.90:122.58:0.4157:0.00:28:570:36:1:1:694937215.64
North Carolina A. & T. State University, NC:0.2631:0.0664:0.2525:414.24:115.82:0.2796:0.00:52:567:27:2:1:699525622.15
Loyola Marymount University, CA:0.3365:0.0810:0.2407:222.27:85.28:0.3837:0.00:15:526:85:1:1:710517742.35
Shorter College, GA:0.2747:0.0528:0.1921:391.38:29.77:0.0761:0.00:39:509:311:1:1:717430044.83
Ouachita Baptist University, AR:0.2958:0.0662:0.2238:324.70:82.28:0.2534:0.00:28:529:57:2:1:718788956.09
College of Saint Benedict, MN:0.2869:0.0736:0.2566:355.42:101.88:0.2867:0.00:31:576:37:1:1:722160897.06
University of Vermont, VT:0.3028:0.0712:0.2353:299.41:92.95:0.3105:0.00:35:527:55:1:1:722515354.98
Stockton College of New Jersey, NJ:0.3019:0.0802:0.2658:313.39:111.40:0.3555:0.00:34:560:40:1:1:726147763.10
University of Evansville, IN:0.3211:0.0699:0.2177:255.65:62.44:0.2442:0.00:22:515:114:1:1:729679975.64
Skidmore College, NY:0.3259:0.0716:0.2196:239.50:75.21:0.3140:0.00:25:558:87:1:2:738138623.19
Bloomsburg Univ. of Pennsylvania, PA:0.2978:0.0680:0.2284:318.25:98.72:0.3102:0.00:39:531:49:1:1:742042926.61
Wittenberg University, OH:0.3358:0.0795:0.2366:221.64:77.86:0.3513:0.00:16:520:107:1:1:762588164.05
Rhode Island School of Design, RI:0.2910:0.0636:0.2185:331.52:119.36:0.3600:0.00:33:588:35:1:1:765855178.70
Moravian College, PA:0.3121:0.0739:0.2368:280.51:57.68:0.2056:0.00:27:495:130:1:1:767682106.34
Freed-Hardeman University, TN:0.2879:0.0666:0.2312:346.83:77.42:0.2232:0.00:38:501:66:1:1:770864509.63
Rosary College, IL:0.3182:0.0704:0.2214:256.13:77.40:0.3022:0.00:23:547:84:1:1:771016317.26
Manhattan College, NY:0.3042:0.0728:0.2394:300.34:59.67:0.1987:0.00:32:497:112:1:1:772726099.18
Seattle Pacific University, WA:0.3255:0.0758:0.2330:249.52:66.91:0.2682:0.00:24:502:122:1:1:774053508.26
University of Dallas, TX:0.3241:0.0762:0.2350:252.81:83.03:0.3284:0.00:22:518:86:1:1:779834459.79
Dordt College, IA:0.2809:0.0707:0.2517:369.73:98.46:0.2663:0.00:36:568:41:1:1:786607750.67
Transylvania University, KY:0.3371:0.0919:0.2727:234.22:139.70:0.5964:0.00:11:581:45:1:1:789218505.36
Augustana College, IL:0.3211:0.0719:0.2238:260.63:84.42:0.3239:0.00:25:535:79:1:1:792600048.41
Saint Vincent College, PA:0.2853:0.0625:0.2191:355.61:68.19:0.1918:0.00:40:508:76:1:2:796160888.64
University of Mobile, AL:0.2347:0.0656:0.2796:488.41:82.32:0.1685:0.00:54:587:36:1:1:797511298.29
Quincy University, IL:0.3091:0.0687:0.2223:285.93:68.53:0.2397:0.00:33:520:96:1:1:797599713.91
Hood College, MD:0.3254:0.0711:0.2185:243.86:69.58:0.2853:0.00:21:516:120:1:2:806255098.56
University of Massachusetts at Amherst, MA:0.2811:0.0770:0.2738:369.06:100.89:0.2734:0.00:47:544:44:1:1:819171913.48
St. Mary's College of California, CA:0.3258:0.0777:0.2386:250.06:79.57:0.3182:0.00:24:533:94:1:1:821115465.96
Southwest State University, MN:0.2802:0.0676:0.2413:366.95:105.70:0.2880:0.00:46:549:43:1:1:843894261.65
Saint Michael's College, VT:0.3007:0.0718:0.2388:309.02:70.06:0.2267:0.00:33:470:108:1:2:846457990.02
Walsh University, OH:0.2937:0.0575:0.1957:329.11:94.46:0.2870:0.00:30:577:52:1:1:848698041.59
College of Saint Catherine, MN:0.2939:0.0668:0.2271:331.56:76.84:0.2318:0.00:33:558:68:1:1:848896978.00
Randolph-Macon College, VA:0.3113:0.0629:0.2020:275.60:74.62:0.2708:0.00:30:552:90:1:2:855063283.08
University of Maryland at College Park, MD:0.3115:0.0741:0.2380:280.49:75.48:0.2691:0.00:28:512:98:1:1:858999145.89
Christopher Newport University, VA:0.1863:0.0673:0.3611:563.66:32.07:0.0569:0.00:59:592:96:3:1:860719343.07
Maryville College, TN:0.3158:0.0648:0.2052:270.64:100.79:0.3724:0.00:27:582:62:2:2:879463654.66
University of Arkansas at Fayetteville, AR:0.2707:0.0774:0.2859:391.21:123.75:0.3163:0.00:56:585:33:1:4:881902269.06
Illinois Benedictine College, IL:0.3058:0.0771:0.2521:296.18:93.96:0.3172:0.00:30:549:66:1:1:887153084.30
Dickinson College, PA:0.3225:0.0747:0.2315:255.34:92.81:0.3635:0.00:22:583:74:1:1:892588851.21
Belmont University, TN:0.2953:0.0507:0.1715:319.79:57.31:0.1792:0.00:32:524:123:1:1:903905469.13
Louisiana College, LA:0.3215:0.0622:0.1935:255.93:103.77:0.4055:0.00:17:589:65:1:1:904570059.27
Central College, IA:0.3094:0.0684:0.2210:289.68:58.01:0.2003:0.00:26:487:170:1:1:905632347.05
Beaver College, PA:0.3056:0.0683:0.2236:293.37:67.63:0.2305:0.00:31:521:112:1:1:908921442.77
Pembroke State University, NC:0.2628:0.0713:0.2712:413.27:108.21:0.2618:0.00:49:576:38:4:1:914290546.54
East Texas Baptist University, TX:0.2152:0.0606:0.2814:528.57:58.73:0.1111:0.00:56:582:56:3:1:914396995.77
Cedarville College, OH:0.2852:0.0557:0.1953:357.33:80.33:0.2248:0.00:36:560:65:1:1:923545601.66
Dickinson State University, ND:0.2152:0.0611:0.2840:519.88:74.47:0.1433:0.00:57:589:44:5:1:928455617.88
Concordia University, IL:0.2867:0.0598:0.2086:348.08:59.96:0.1723:0.00:36:514:111:1:1:933575726.12
Whitworth College, WA:0.3172:0.0776:0.2447:276.81:81.73:0.2953:0.00:25:541:92:1:1:934561094.62
Shippensburg University of Penn., PA:0.2983:0.0763:0.2557:317.19:98.15:0.3094:0.00:37:537:64:1:1:942491683.20
University of Minnesota at Duluth, MN:0.2733:0.0699:0.2555:392.30:68.40:0.1744:0.00:45:533:79:1:1:962469066.84
Cornell College, IA:0.3131:0.0647:0.2066:280.50:72.52:0.2585:0.00:26:531:117:1:1:985296068.29
La Roche College, PA:0.2213:0.0576:0.2603:526.01:34.63:0.0658:0.00:55:563:123:1:1:985832651.56
Mount Saint Mary College, NY:0.2875:0.0700:0.2433:349.98:81.19:0.2320:0.00:41:503:83:2:1:990589251.71
Millsaps College, MS:0.3160:0.0727:0.2302:271.68:95.22:0.3505:0.00:22:551:82:1:1:994921753.91
Manchester College, IN:0.2811:0.0553:0.1968:371.48:41.86:0.1127:0.00:36:511:220:1:1:995597183.46
Rider University, NJ:0.2939:0.0680:0.2314:327.93:64.49:0.1967:0.00:35:497:128:1:1:998903423.36
College of Saint Elizabeth, NJ:0.3055:0.0612:0.2005:297.90:64.41:0.2162:0.00:27:520:136:1:1:1002119515.28
Wartburg College, IA:0.3126:0.0684:0.2187:282.84:79.49:0.2810:0.00:27:521:108:1:1:1002788046.14
Virginia State University, VA:0.1619:0.0546:0.3375:578.59:19.76:0.0341:0.00:59:593:307:49:1:1003669593.95
St. John Fisher College, NY:0.2879:0.0660:0.2291:353.22:49.60:0.1404:0.00:36:500:178:1:1:1004138624.78
Husson College, ME:0.1741:0.0542:0.3110:574.96:20.02:0.0348:0.00:59:594:270:11:1:1006760846.16
University of Missouri at Saint Louis, MO:0.2757:0.0564:0.2047:382.94:46.30:0.1209:0.00:41:501:181:1:1:1026826399.82
Mesa State College, CO:0.1826:0.0569:0.3116:569.43:25.25:0.0443:0.00:58:594:168:12:1:1029013317.98
Westminster College, MO:0.2703:0.0564:0.2087:406.82:37.93:0.0932:0.00:40:518:262:1:1:1035001187.37
Gonzaga University, WA:0.3075:0.0694:0.2258:297.33:65.74:0.2211:0.00:27:523:140:1:1:1048036650.20
University of North Carolina at Greensboro, NC:0.2813:0.0652:0.2318:367.08:78.55:0.2140:0.00:43:509:86:1:1:1048853371.20
Center for Creative Studies, MI:0.1487:0.0637:0.4279:566.50:67.21:0.1186:0.00:60:594:51:2485:1:1054326896.62
SUNY at Albany, NY:0.3042:0.0771:0.2535:303.20:101.12:0.3335:0.00:34:585:67:1:3:1064010653.70
Virginia Union University, VA:0.1946:0.0418:0.2146:558.11:25.72:0.0461:0.00:58:592:412:5:1:1064671675.00
Clarke College, IA:0.2810:0.0621:0.2210:362.98:72.47:0.1996:0.00:41:507:101:2:1:1078647469.80
Judson College, IL:0.2545:0.0537:0.2111:432.95:96.92:0.2239:0.00:52:584:48:1:1:1079628466.27
Clarkson University, NY:0.3193:0.0812:0.2543:270.93:90.00:0.3322:0.00:22:552:99:1:1:1093570979.19
University of Mississippi, MS:0.2967:0.0721:0.2431:327.78:87.68:0.2675:0.00:34:566:78:1:1:1093987538.81
Texas Wesleyan University, TX:0.2777:0.0673:0.2423:376.20:78.14:0.2077:0.00:41:536:82:1:1:1094369410.13
Trinity College, VT:0.2729:0.0612:0.2242:390.09:73.41:0.1882:0.00:42:554:81:1:1:1097185097.03
Hartwick College, NY:0.3027:0.0672:0.2220:307.24:68.35:0.2225:0.00:31:541:126:1:1:1098106636.06
Central Wesleyan College, SC:0.2206:0.0691:0.3135:513.53:74.80:0.1457:0.00:56:593:53:3:1:1099363538.74
York College of Pennsylvania, PA:0.3012:0.0764:0.2537:317.56:106.47:0.3353:0.00:29:580:63:1:1:1101280310.97
Stonehill College, MA:0.3052:0.0733:0.2403:303.76:97.87:0.3222:0.00:29:580:74:1:1:1113184034.05
Montana State University, MT:0.2577:0.0661:0.2564:434.69:81.46:0.1874:0.00:49:564:63:2:1:1117635976.09
SUNY College at New Paltz, NY:0.2829:0.0721:0.2550:364.47:115.67:0.3174:0.00:41:591:49:2:1:1119654510.27
Thiel College, PA:0.2674:0.0615:0.2300:410.87:72.49:0.1764:0.00:46:561:79:1:1:1134072919.10
Ohio University, OH:0.2991:0.0708:0.2366:316.35:67.43:0.2132:0.00:34:544:128:1:2:1135893278.22
North Central College, IL:0.3084:0.0714:0.2315:296.39:69.32:0.2339:0.00:28:539:139:1:1:1142367761.54
Southwest Missouri State University, MO:0.2607:0.0673:0.2583:431.30:69.74:0.1617:0.00:47:572:77:1:1:1146399797.29
Northeast Missouri State University, MO:0.3080:0.0669:0.2172:293.77:89.94:0.3062:0.00:27:548:96:1:1:1146546402.54
King's College, PA:0.2918:0.0676:0.2318:341.52:79.72:0.2334:0.00:36:552:92:1:1:1152216807.92
Spalding University, KY:0.2743:0.0630:0.2298:378.38:109.70:0.2899:0.00:48:560:55:1:2:1152904687.81
Bentley College, MA:0.2933:0.0714:0.2434:338.04:64.73:0.1915:0.00:34:549:124:1:1:1153113643.45
Saint Ambrose University, IA:0.2375:0.0539:0.2267:495.96:31.09:0.0627:0.00:52:565:351:1:1:1158291709.70
Moorhead State University, MN:0.2668:0.0704:0.2640:410.92:79.52:0.1935:0.00:48:550:75:1:1:1164062100.52
Albertson College, ID:0.2970:0.0584:0.1966:322.58:83.54:0.2590:0.00:29:529:101:1:2:1165003919.54
Western Carolina University, NC:0.2550:0.0646:0.2533:438.45:96.01:0.2190:0.00:52:554:56:2:1:1173969498.18
Saint Joseph's College, ME:0.1789:0.0615:0.3440:570.71:23.34:0.0409:0.00:59:594:298:197:1:1174917195.45
Viterbo College, WI:0.2723:0.0567:0.2081:390.44:81.83:0.2096:0.00:40:564:76:1:1:1185014474.10
Canisius College, NY:0.2855:0.0698:0.2445:359.55:56.56:0.1573:0.00:36:515:168:1:1:1185515138.81
Seton Hall University, NJ:0.2627:0.0627:0.2386:431.55:37.79:0.0876:0.00:44:544:296:1:1:1197077793.23
Centenary College, NJ:0.1818:0.0457:0.2516:559.83:36.69:0.0655:0.00:59:594:124:431:1:1197098455.53
Bemidji State University, MN:0.2559:0.0623:0.2433:441.19:81.33:0.1843:0.00:51:569:68:1:2:1222393418.60
Regis College, MA:0.2910:0.0706:0.2426:338.07:92.81:0.2745:0.00:34:541:86:1:1:1227718026.27
College Misericordia, PA:0.2912:0.0650:0.2231:340.43:105.52:0.3100:0.00:32:581:67:2:1:1237055377.87
Saint Xavier University, IL:0.2556:0.0666:0.2604:447.98:55.60:0.1241:0.00:46:568:109:1:1:1246105038.38
St. Norbert College, WI:0.2839:0.0765:0.2695:367.88:110.06:0.2992:0.00:34:581:59:1:1:1246931452.13
University of Sci. and Arts of Oklahoma, OK:0.1994:0.0740:0.3710:536.56:70.93:0.1322:0.00:59:593:62:222:1:1252975764.70
Prairie View A. and M. University, TX:0.1674:0.0613:0.3663:573.63:30.20:0.0526:0.00:59:594:172:657:1:1257460071.02
Doane College, NE:0.2741:0.0623:0.2272:396.55:78.31:0.1975:0.00:43:544:89:1:1:1257590181.32
Carson-Newman College, TN:0.2791:0.0586:0.2100:378.21:56.81:0.1502:0.00:37:530:157:1:1:1258188341.02
Virginia Wesleyan College, VA:0.2881:0.0670:0.2326:350.50:72.47:0.2068:0.00:38:522:125:1:1:1260520103.48
Salisbury State University, MD:0.2808:0.0621:0.2211:374.35:76.38:0.2040:0.00:40:555:98:1:1:1280525586.33
SUNY College  at Oswego, NY:0.2897:0.0691:0.2384:347.24:80.75:0.2326:0.00:36:580:94:1:1:1280940543.11
Millikin University, IL:0.2923:0.0620:0.2120:339.97:65.33:0.1922:0.00:31:518:163:1:1:1285270607.50
Kentucky Wesleyan College, KY:0.2798:0.0537:0.1919:372.88:60.50:0.1623:0.00:37:514:162:1:1:1286465972.95
University of Southern Indiana, IN:0.2055:0.0552:0.2688:545.98:38.08:0.0698:0.00:57:590:137:2:2:1290463222.29
Fisk University, TN:0.2928:0.0536:0.1830:330.64:61.11:0.1848:0.00:33:558:161:1:2:1291515824.75
University of Maine at Presque Isle, ME:0.2309:0.0569:0.2463:500.33:61.73:0.1234:0.00:54:577:85:2:1:1291555156.79
Rutgers State University at Camden, NJ:0.3019:0.0750:0.2484:316.14:119.22:0.3771:0.00:30:593:65:15:2:1293513902.70
Eastern College, PA:0.2609:0.0533:0.2044:432.50:41.57:0.0961:0.00:45:544:236:1:1:1306954847.95
Arkansas Tech University, AR:0.1620:0.0678:0.4184:571.24:37.04:0.0648:0.00:60:594:135:2068:1:1311246826.90
Anderson University, IN:0.2678:0.0510:0.1905:406.19:51.60:0.1270:0.00:42:544:166:1:1:1315111203.26
Hastings College, NE:0.2541:0.0502:0.1976:454.25:39.67:0.0873:0.00:48:548:319:1:1:1316304098.68
Texas Lutheran College, TX:0.2833:0.0526:0.1858:362.86:65.19:0.1796:0.00:34:554:134:1:1:1331191133.11
University of South Carolina at Aiken, SC:0.2403:0.0666:0.2771:467.51:96.31:0.2060:0.00:57:590:56:3:1:1346440551.97
Marshall University, WV:0.2618:0.0684:0.2611:424.64:75.26:0.1772:0.00:48:539:95:1:1:1348004063.51
Marquette University, WI:0.3102:0.0760:0.2450:291.77:84.07:0.2881:0.00:23:533:141:1:1:1355756962.16
SUNY College at Potsdam, NY:0.2788:0.0593:0.2128:374.19:58.21:0.1555:0.00:41:533:174:1:1:1360490909.76
Elizabethtown College, PA:0.3098:0.0622:0.2009:290.03:75.77:0.2613:0.00:26:578:144:1:1:1373351249.07
Saint Peter's College, NJ:0.2841:0.0623:0.2192:362.93:59.59:0.1642:0.00:34:524:192:1:1:1378669529.40
Saint Joseph's University, PA:0.3037:0.0801:0.2636:316.66:90.31:0.2852:0.00:29:566:105:1:1:1384227726.67
Wingate College, NC:0.2390:0.0682:0.2854:488.81:53.98:0.1104:0.00:53:564:118:1:1:1388697098.66
Simpson College, IA:0.2941:0.0669:0.2273:339.91:79.26:0.2332:0.00:33:555:119:1:1:1397826569.01
University of Wisconsin-Stout, WI:0.2746:0.0753:0.2743:383.54:103.71:0.2704:0.00:49:564:72:4:2:1409082607.11
Westminster College of Salt Lake City, UT:0.2787:0.0552:0.1982:377.62:71.81:0.1902:0.00:38:568:115:1:1:1412590489.86
SUNY College at Cortland, NY:0.2492:0.0744:0.2984:450.59:108.81:0.2415:0.00:56:579:55:1:1:1412986560.34
Baker University, KS:0.2785:0.0574:0.2060:377.17:58.68:0.1556:0.00:37:558:162:2:1:1419737226.38
University of St. Thomas, MN:0.2650:0.0716:0.2702:421.03:83.92:0.1993:0.00:45:586:80:1:1:1430276567.01
Saint Cloud State University, MN:0.2487:0.0692:0.2784:461.12:74.33:0.1612:0.00:53:559:89:3:1:1433690986.64
West Chester University of Penn., PA:0.2725:0.0656:0.2408:390.17:90.26:0.2313:0.00:44:532:93:1:1:1437733176.14
Assumption College, MA:0.2931:0.0757:0.2583:343.01:83.18:0.2425:0.00:33:575:108:1:1:1439031157.48
Philadelphia Coll. of Textiles and Sci., PA:0.2479:0.0551:0.2223:471.73:38.44:0.0815:0.00:48:567:310:1:1:1444634074.10
University of Hartford, CT:0.2262:0.0556:0.2458:517.43:36.55:0.0706:0.00:54:577:208:1:1:1451636465.27
Valley City State University, ND:0.1853:0.0506:0.2731:559.21:44.98:0.0804:0.00:58:593:123:5:1:1454125901.43
St. Paul's College, VA:0.1938:0.0459:0.2368:557.70:32.29:0.0579:0.00:57:589:224:1:1:1472391662.59
Averett College, VA:0.2157:0.0547:0.2536:537.95:31.38:0.0583:0.00:56:591:303:4:1:1473101347.63
Marian College of Fond du Lac, WI:0.2196:0.0415:0.1890:515.86:61.92:0.1200:0.00:57:593:93:2:1:1485398118.09
Keuka College, NY:0.2675:0.0665:0.2487:405.60:95.42:0.2352:0.00:50:546:83:1:1:1487219185.35
Barry University, FL:0.2553:0.0616:0.2412:451.03:43.45:0.0963:0.00:47:557:238:1:1:1487907694.06
University of North Carolina at Wilmington, NC:0.2831:0.0676:0.2387:362.11:77.42:0.2138:0.00:43:543:128:1:1:1489193789.94
Marywood College, PA:0.2678:0.0589:0.2201:408.12:60.67:0.1487:0.00:47:521:173:1:1:1490672110.89
Loyola College, MD:0.2946:0.0698:0.2368:337.37:69.57:0.2062:0.00:30:576:151:1:1:1506308064.37
Mankato State University, MN:0.2418:0.0676:0.2796:475.03:78.37:0.1650:0.00:54:566:84:3:1:1507353307.52
Loyola University, LA:0.2759:0.0645:0.2336:387.13:63.53:0.1641:0.00:36:546:158:1:1:1507604198.47
Eastern Connecticut State University, CT:0.2700:0.0613:0.2270:401.70:63.45:0.1580:0.00:45:515:173:1:1:1508034160.17
Providence College, RI:0.2811:0.0714:0.2541:378.35:98.97:0.2616:0.00:38:584:80:1:1:1509807809.07
Saint Joseph College, CT:0.2869:0.0703:0.2451:353.05:84.79:0.2402:0.00:35:569:110:1:2:1511368048.83
Augsburg College, MN:0.2641:0.0598:0.2264:418.17:70.23:0.1680:0.00:48:542:123:1:1:1513627431.90
McPherson College, KS:0.2599:0.0490:0.1885:419.87:103.47:0.2464:0.00:50:574:69:1:1:1513840188.93
University of Portland, OR:0.2862:0.0699:0.2443:363.30:64.01:0.1762:0.00:34:546:177:1:1:1518765239.86
Marymount College Tarrytown, NY:0.2831:0.0717:0.2533:353.62:102.79:0.2907:0.00:36:555:90:1:1:1521199209.44
Jersey City State College, NJ:0.2519:0.0610:0.2421:438.11:111.95:0.2555:0.00:53:589:59:1:1:1533660831.20
Saint Francis College, IN:0.1995:0.0546:0.2738:549.16:38.50:0.0701:0.00:58:593:175:1:1:1546786482.36
SUNY College at Fredonia, NY:0.2800:0.0731:0.2611:370.64:96.32:0.2599:0.00:45:555:94:1:1:1547062082.01
Oakland University, MI:0.2750:0.0707:0.2569:389.30:71.15:0.1828:0.00:45:554:133:1:1:1550999189.23
Pacific University, OR:0.2975:0.0611:0.2055:325.68:93.96:0.2885:0.00:28:557:117:1:1:1575410932.64
Lamar University, TX:0.2338:0.0574:0.2457:487.43:82.19:0.1686:0.00:54:589:77:1:1:1579361371.62
Fort Lewis College, CO:0.2520:0.0718:0.2847:456.76:71.84:0.1573:0.00:49:574:102:5:1:1579724755.00
Point Park College, PA:0.2099:0.0608:0.2897:540.71:40.08:0.0741:0.00:57:587:179:1:1:1582737190.75
Eureka College, IL:0.2993:0.0580:0.1938:317.23:97.85:0.3084:0.00:29:575:110:2:1:1587688733.18
Merrimack College, MA:0.2635:0.0638:0.2419:432.26:49.15:0.1137:0.00:45:557:226:1:1:1589213584.71
Graceland College, IA:0.2498:0.0595:0.2380:461.85:72.09:0.1561:0.00:51:589:98:1:1:1602034566.74
University of New England, ME:0.2676:0.0601:0.2245:408.74:77.44:0.1895:0.00:43:565:112:1:1:1605995013.34
North Carolina Wesleyan College, NC:0.2138:0.0578:0.2705:535.20:36.29:0.0678:0.00:56:581:254:2:1:1613167793.51
Schreiner College, TX:0.2681:0.0447:0.1667:406.41:59.12:0.1455:0.00:41:557:177:1:1:1615988930.76
Geneva College, PA:0.2771:0.0657:0.2372:389.17:59.25:0.1522:0.00:40:565:186:1:1:1625328543.90
Georgian Court College, NJ:0.2601:0.0575:0.2211:430.26:60.79:0.1413:0.00:48:543:164:1:1:1625759783.31
Waynesburg College, PA:0.2387:0.0535:0.2240:493.80:41.17:0.0834:0.00:52:567:282:2:1:1633977628.58
University of North Carolina at Charlotte, NC:0.2783:0.0706:0.2539:376.29:85.17:0.2263:0.00:38:559:115:1:1:1636345031.48
Georgia State University, GA:0.2589:0.0725:0.2799:424.87:109.13:0.2569:0.00:53:575:70:1:1:1639042697.76
Lander University, SC:0.2315:0.0622:0.2688:503.78:50.49:0.1002:0.00:54:557:164:3:1:1639517367.81
Webster University, MO:0.2551:0.0590:0.2314:451.98:54.16:0.1198:0.00:47:570:166:1:1:1641548974.84
Angelo State University, TX:0.2557:0.0645:0.2522:437.17:104.94:0.2400:0.00:57:591:69:1:1:1652386688.08
College of St. Scholastica, MN:0.2830:0.0632:0.2233:364.24:97.24:0.2670:0.00:33:576:98:1:1:1659084718.50
Wesley College, DE:0.2243:0.0583:0.2600:520.90:39.18:0.0752:0.00:54:582:233:8:1:1659612324.53
Bowling Green State University, OH:0.2749:0.0714:0.2597:390.59:65.33:0.1673:0.00:44:567:162:1:1:1674103991.65
McKendree College, IL:0.2698:0.0603:0.2234:405.90:85.13:0.2097:0.00:43:589:99:2:1:1676195499.14
University of San Francisco, CA:0.2810:0.0710:0.2525:372.60:81.16:0.2178:0.00:35:570:125:1:1:1682035630.19
Benedictine College, KS:0.2018:0.0639:0.3164:545.87:37.23:0.0682:0.00:59:593:368:4:1:1682616325.08
D'Youville College, NY:0.2647:0.0545:0.2058:421.72:84.14:0.1995:0.00:48:582:98:1:1:1682970416.32
Western New England College, MA:0.2188:0.0664:0.3035:527.35:45.29:0.0859:0.00:56:584:172:2:1:1692615593.09
University of Rhode Island, RI:0.2564:0.0721:0.2814:439.07:89.98:0.2049:0.00:51:581:87:2:1:1698036099.73
Wilkes University, PA:0.2552:0.0641:0.2514:452.87:49.91:0.1102:0.00:48:554:253:1:1:1721180452.35
Guilford College, NC:0.2735:0.0672:0.2456:400.64:64.48:0.1610:0.00:42:548:183:2:1:1725630552.71
College of Mount St. Vincent, NY:0.2906:0.0674:0.2318:340.12:106.68:0.3137:0.00:31:588:97:1:2:1728141453.24
Florida Southern College, FL:0.2584:0.0623:0.2410:444.76:48.67:0.1094:0.00:47:566:268:1:1:1728722014.04
Saint Joseph's College, IN:0.2705:0.0539:0.1993:406.86:54.84:0.1348:0.00:39:560:256:1:1:1736368348.84
Notre Dame College, NH:0.1997:0.0386:0.1935:550.13:36.00:0.0654:0.00:58:594:314:1:2:1741427215.08
Malone College, OH:0.2249:0.0521:0.2315:514.47:52.84:0.1027:0.00:56:591:143:4:1:1741458300.92
Belmont Abbey College, NC:0.2348:0.0572:0.2438:502.96:40.81:0.0811:0.00:52:587:327:1:1:1745310283.66
William Woods University, MO:0.2230:0.0526:0.2357:518.22:45.06:0.0870:0.00:56:586:188:1:1:1747351120.10
LeTourneau University, TX:0.2746:0.0626:0.2281:398.82:71.87:0.1802:0.00:39:570:143:3:1:1750238895.01
Tiffin University, OH:0.1931:0.0576:0.2982:555.64:44.70:0.0805:0.00:58:590:167:13:1:1754582615.58
Iona College, NY:0.2366:0.0594:0.2510:500.15:42.40:0.0848:0.00:52:583:248:3:1:1761804709.36
College of Mount St. Joseph, OH:0.2436:0.0567:0.2329:467.49:87.66:0.1875:0.00:53:591:85:1:1:1762545747.56
University of Texas at San Antonio, TX:0.2361:0.0770:0.3263:488.38:80.20:0.1642:0.00:58:593:90:1:1:1773157605.74
SUNY College  at Brockport, NY:0.2448:0.0694:0.2836:463.32:101.67:0.2194:0.00:56:584:74:4:1:1777694732.14
Hampton University, VA:0.2711:0.0624:0.2300:398.72:98.41:0.2468:0.00:47:572:95:1:1:1778163006.02
Southern Illinois University at Edwardsville, IL:0.2518:0.0658:0.2613:450.40:82.06:0.1822:0.00:52:560:106:3:2:1778599766.61
Kansas Wesleyan University, KS:0.2045:0.0579:0.2830:541.78:39.49:0.0729:0.00:59:593:365:1:1:1780306977.71
St. Bonaventure University, NY:0.2740:0.0751:0.2740:396.52:83.22:0.2099:0.00:44:566:122:1:1:1787407810.65
Phillips University, OK:0.2579:0.0458:0.1778:437.91:51.80:0.1183:0.00:45:574:231:1:1:1797147636.85
Xavier University, OH:0.2840:0.0692:0.2438:365.54:81.61:0.2233:0.00:33:559:146:1:1:1798814953.08
Spring Arbor College, MI:0.2087:0.0577:0.2765:529.74:60.17:0.1136:0.00:59:592:120:4:1:1805453886.56
Monmouth College, NJ:0.2549:0.0595:0.2335:450.86:55.01:0.1220:0.00:47:570:194:1:1:1809031886.24
Longwood College, VA:0.2611:0.0646:0.2475:433.25:61.92:0.1429:0.00:49:555:180:1:2:1810870314.72
La Salle University, PA:0.2670:0.0745:0.2791:415.71:91.15:0.2193:0.00:49:582:99:1:1:1811966720.56
Elmira College, NY:0.2786:0.0723:0.2596:390.12:82.51:0.2115:0.00:34:584:122:1:1:1814236468.28
Allentown Coll. of St. Francis de Sales, PA:0.3017:0.0696:0.2308:311.73:110.71:0.3551:0.00:25:584:112:2:1:1824401806.75
Northeastern University, MA:0.2592:0.0577:0.2228:438.02:55.39:0.1265:0.00:44:575:203:1:1:1832118142.14
Dowling College, NY:0.2331:0.0623:0.2671:493.20:67.53:0.1369:0.00:55:571:123:1:1:1835160883.45
Tusculum College, TN:0.2501:0.0633:0.2530:462.61:80.10:0.1732:0.00:52:584:103:1:1:1835869322.70
Rivier College, NH:0.2093:0.0583:0.2787:539.96:40.18:0.0744:0.00:57:585:263:1:1:1837276517.97
Lambuth University, TN:0.2574:0.0591:0.2297:439.73:66.24:0.1506:0.00:48:556:160:1:1:1845647192.41
Embry Riddle Aeronautical University, FL:0.2008:0.0448:0.2229:546.91:43.07:0.0788:0.00:58:593:199:2:1:1846827581.65
Alverno College, WI:0.2683:0.0539:0.2010:395.02:108.96:0.2758:0.00:35:591:85:1:1:1851219140.37
Seton Hill College, PA:0.2769:0.0592:0.2139:383.95:89.51:0.2331:0.00:34:585:117:1:1:1881848852.07
Lyndon State College, VT:0.2022:0.0565:0.2793:544.56:43.58:0.0800:0.00:57:585:214:1:1:1884321993.24
Franciscan University of Steubenville, OH:0.2469:0.0638:0.2584:471.17:62.64:0.1329:0.00:51:582:147:3:1:1887191483.23
Ursuline College, OH:0.2419:0.0482:0.1993:479.21:56.56:0.1180:0.00:52:585:167:1:1:1892017467.12
Capitol College, MD:0.1930:0.0411:0.2129:549.82:39.65:0.0721:0.00:59:594:330:28:2:1899420478.25
Saint Francis College, PA:0.2658:0.0602:0.2265:425.90:54.36:0.1276:0.00:43:574:284:1:2:1906909181.34
Gardner Webb University, NC:0.2293:0.0500:0.2182:508.26:49.04:0.0965:0.00:54:590:193:4:1:1909825183.84
St. Thomas Aquinas College, NY:0.2340:0.0623:0.2660:503.25:46.80:0.0930:0.00:53:580:246:1:1:1935033734.47
Sacred Heart University, CT:0.2445:0.0606:0.2479:482.59:47.90:0.0993:0.00:49:585:250:1:1:1936086727.27
Rockhurst College, MO:0.2606:0.0624:0.2393:431.46:70.90:0.1643:0.00:44:569:152:2:1:1938894983.31
Saint Anselm College, NH:0.2580:0.0705:0.2732:441.67:84.11:0.1904:0.00:50:587:110:5:1:1949112157.67
Northern Illinois University, IL:0.2578:0.0633:0.2456:438.39:67.55:0.1541:0.00:50:546:180:1:1:1951004635.01
Oklahoma Christian University, OK:0.2128:0.0688:0.3235:518.01:73.75:0.1424:0.00:59:593:105:15:1:1957571892.71
Briar Cliff College, IA:0.2445:0.0507:0.2072:473.54:51.65:0.1091:0.00:53:570:259:2:1:1970142093.56
Northwest Missouri State University, MO:0.2142:0.0605:0.2824:530.48:50.53:0.0952:0.00:57:589:180:1:1:1973234849.74
Alderson-Broaddus College, WV:0.2235:0.0366:0.1638:516.42:43.98:0.0852:0.00:56:590:290:3:1:1975874115.79
Grand Valley State University, MI:0.2587:0.0592:0.2287:440.31:55.92:0.1270:0.00:44:574:244:1:1:1982694294.42
Western State College of Colorado, CO:0.2235:0.0729:0.3261:507.48:84.97:0.1674:0.00:57:589:93:1:1:1989014379.16
George Mason University, VA:0.2621:0.0705:0.2689:428.26:72.11:0.1684:0.00:44:565:159:1:1:1993585838.54
Bradley University, IL:0.2776:0.0708:0.2550:391.49:80.44:0.2055:0.00:35:576:148:1:1:1994832394.44
Our Lady of the Lake University, TX:0.2628:0.0474:0.1805:423.06:87.00:0.2056:0.00:44:590:114:1:1:1997205893.95
Worcester State College, MA:0.1984:0.0610:0.3074:547.88:50.62:0.0924:0.00:58:590:174:6:1:2007486862.31
Castleton State College, VT:0.2525:0.0745:0.2950:449.32:78.78:0.1753:0.00:52:563:132:1:1:2013807481.94
Western Michigan University, MI:0.2820:0.0698:0.2476:373.68:69.41:0.1857:0.00:35:586:203:1:1:2016552338.22
Delta State University, MS:0.2251:0.0653:0.2899:498.22:77.77:0.1561:0.00:59:590:108:9:1:2017106982.84
Tri-State University, IN:0.2374:0.0495:0.2086:492.09:48.06:0.0977:0.00:53:589:261:1:1:2024520467.70
Morningside College, IA:0.2540:0.0554:0.2181:447.31:66.43:0.1485:0.00:48:558:182:1:1:2033339053.26
Lock Haven University of Pennsylvania, PA:0.2613:0.0506:0.1936:424.30:82.81:0.1952:0.00:48:580:129:1:1:2044297034.94
SUNY College at Buffalo, NY:0.2395:0.0628:0.2621:478.70:83.06:0.1735:0.00:54:581:109:1:1:2045605246.23
Illinois State University, IL:0.2491:0.0665:0.2668:466.49:56.60:0.1213:0.00:52:573:220:1:1:2050333489.18
Morris College, SC:0.1788:0.0644:0.3600:559.83:51.01:0.0911:0.00:59:594:169:7:1:2051217387.04
St. Mary's University of San Antonio, TX:0.2907:0.0754:0.2592:347.56:86.26:0.2482:0.00:28:563:178:1:1:2054526610.37
Dana College, NE:0.2095:0.0517:0.2470:534.79:44.86:0.0839:0.00:57:588:294:1:1:2073433363.64
Gannon University, PA:0.2540:0.0469:0.1845:452.06:55.20:0.1221:0.00:47:578:300:1:1:2081076380.64
Johnson State College, VT:0.1980:0.0660:0.3336:545.78:48.97:0.0897:0.00:58:589:201:7:1:2084194731.89
Augustana College, SD:0.2635:0.0666:0.2528:416.44:92.39:0.2219:0.00:36:583:117:1:1:2097838199.44
Greensboro College, NC:0.2444:0.0550:0.2251:472.66:60.01:0.1270:0.00:52:570:200:1:1:2099031487.27
Central Connecticut State University, CT:0.2043:0.0642:0.3142:541.58:56.75:0.1048:0.00:58:590:163:2:1:2138986585.16
University of Dubuque, IA:0.2105:0.0661:0.3141:534.73:46.79:0.0875:0.00:57:593:252:1:1:2150035091.73
Mercyhurst College, PA:0.2516:0.0566:0.2250:457.14:72.19:0.1579:0.00:49:580:153:1:1:2155918190.30
Elon College, NC:0.2424:0.0620:0.2556:484.76:62.18:0.1283:0.00:53:580:179:1:1:2163721589.97
Hofstra University, NY:0.2721:0.0647:0.2379:402.60:65.86:0.1636:0.00:38:580:250:2:1:2187381223.81
University of Maine at Machias, ME:0.2192:0.0534:0.2435:519.36:56.61:0.1090:0.00:58:590:183:1:1:2189842769.60
Mount Mercy College, IA:0.2395:0.0505:0.2109:480.21:72.59:0.1512:0.00:54:588:141:3:1:2197113533.63
Saint Mary's College of Minnesota, MN:0.2332:0.0685:0.2937:502.31:55.05:0.1096:0.00:55:587:212:1:1:2198187561.68
Chapman University, CA:0.2642:0.0635:0.2404:417.65:72.46:0.1735:0.00:37:572:191:3:1:2202418550.03
Cabrini College, PA:0.2463:0.0689:0.2797:466.43:82.15:0.1761:0.00:54:574:131:1:1:2223654434.99
Marymount Manhattan College, NY:0.2673:0.0606:0.2266:405.89:80.44:0.1982:0.00:35:588:160:4:1:2235871925.79
Georgetown College, KY:0.2889:0.0713:0.2469:347.53:106.21:0.3056:0.00:26:578:138:1:1:2241161264.35
College of Saint Rose, NY:0.2698:0.0625:0.2315:407.00:87.37:0.2147:0.00:37:585:143:1:1:2247705810.41
Lynchburg College, VA:0.1959:0.0644:0.3288:548.07:48.46:0.0884:0.00:59:592:248:4:1:2265969828.99
Arizona State University Main campus, AZ:0.2611:0.0729:0.2793:431.83:83.27:0.1928:0.00:51:582:148:1:1:2309583715.68
University of Northern Colorado, CO:0.2405:0.0620:0.2580:484.13:62.91:0.1299:0.00:53:578:205:4:1:2328779495.06
Bradford College, MA:0.2309:0.0616:0.2667:487.02:82.97:0.1704:0.00:57:579:128:4:1:2332564047.72
Green Mountain College, VT:0.2322:0.0674:0.2904:501.63:56.89:0.1134:0.00:56:579:244:1:1:2332889243.41
SUNY College at Plattsburgh, NY:0.2620:0.0715:0.2730:422.93:92.92:0.2197:0.00:50:577:134:1:1:2332907956.81
Xavier University of Louisiana, LA:0.2743:0.0600:0.2189:394.46:85.37:0.2164:0.00:35:568:178:2:1:2337719754.56
Marist College, NY:0.2457:0.0653:0.2656:470.59:82.66:0.1757:0.00:53:590:132:2:1:2351746724.31
Huntingdon College, AL:0.2402:0.0497:0.2069:483.62:59.52:0.1231:0.00:53:587:228:1:1:2356058934.21
Newberry College, SC:0.2438:0.0563:0.2309:475.70:68.17:0.1433:0.00:51:591:178:1:1:2384041725.40
Eastern Illinois University, IL:0.2434:0.0662:0.2718:471.71:72.99:0.1547:0.00:52:579:169:1:1:2385764048.33
Bethany College, KS:0.2397:0.0527:0.2200:481.95:61.76:0.1282:0.00:55:585:219:3:1:2385927160.66
Lakeland College, WI:0.2313:0.0620:0.2681:498.70:69.91:0.1402:0.00:59:594:159:3:1:2411467339.36
Northern Arizona University, AZ:0.2554:0.0644:0.2523:448.03:71.77:0.1602:0.00:49:585:192:1:1:2426206134.90
SUNY College at Purchase, NY:0.2257:0.0714:0.3165:499.94:90.07:0.1802:0.00:57:586:115:2:1:2439014419.45
Albertus Magnus College, CT:0.2517:0.0743:0.2953:447.85:90.59:0.2023:0.00:56:586:135:3:1:2470218953.66
Alaska Pacific University, AK:0.2046:0.0576:0.2815:529.06:67.45:0.1275:0.00:59:594:160:76:1:2477870961.26
Keene State College, NH:0.2247:0.0672:0.2991:508.96:64.06:0.1259:0.00:57:581:202:2:2:2495957614.68
Immaculata College, PA:0.2508:0.0623:0.2483:451.16:82.19:0.1822:0.00:55:581:163:1:1:2526393159.26
University of Indianapolis, IN:0.2468:0.0514:0.2081:468.18:69.72:0.1489:0.00:53:586:202:1:1:2531795043.03
George Fox College, OR:0.2495:0.0509:0.2042:462.96:65.27:0.1410:0.00:54:582:274:1:2:2549964028.28
North Adams State College, MA:0.1805:0.0742:0.4109:548.77:69.74:0.1271:0.00:59:594:151:62:1:2560024189.44
Westfield State College, MA:0.2227:0.0770:0.3457:500.25:89.30:0.1785:0.00:58:587:133:1:1:2697322150.43
Huntington College, IN:0.2497:0.0611:0.2448:453.00:76.80:0.1695:0.00:56:585:205:2:1:2710058668.31
Cumberland College, KY:0.2414:0.0550:0.2277:465.23:90.55:0.1946:0.00:58:590:155:1:1:2840385828.10
Pikeville College, KY:0.2062:0.0650:0.3153:525.58:67.89:0.1292:0.00:59:593:272:597:1:3115410707.45
