Harvard University, MA:0.7295:0.0804:0.1103:1.81:0.96:0.5285:1.00:1:16:1:1:4161:25.93
Princeton University, NJ:0.6984:0.0818:0.1171:4.15:2.40:0.5776:1.00:1:24:1:3:51:229.31
California Institute of Technology, CA:0.7397:0.0872:0.1179:2.63:3.23:1.2260:1.00:1:49:1:1:5466:407.99
Dartmouth College, NH:0.6761:0.0794:0.1175:6.99:2.99:0.4275:1.00:1:40:1:1:65:814.45
Massachusetts Institute of Technology, MA:0.6820:0.0892:0.1308:6.28:3.33:0.5313:0.99:1:46:1:2:2:941.96
Duke University, NC:0.6696:0.0819:0.1223:8.33:3.11:0.3739:0.99:1:74:1:1:2:1893.35
Stanford University, CA:0.6812:0.0882:0.1295:6.93:5.32:0.7679:0.97:1:81:1:1:3:2946.54
Amherst College, MA:0.6691:0.0852:0.1273:9.02:5.26:0.5824:0.97:1:81:1:1:192:3794.09
Rice University, TX:0.6666:0.0825:0.1238:9.46:3.88:0.4101:0.99:1:73:2:1:1:5211.42
Brown University, RI:0.6576:0.0907:0.1379:11.03:4.55:0.4120:0.96:1:65:2:1:1:6319.36
Williams College, MA:0.6433:0.0877:0.1364:14.58:7.35:0.5041:0.85:2:110:1:1:16:11672.99
University of Pennsylvania, PA:0.6378:0.0819:0.1284:15.02:3.27:0.2177:0.94:2:54:6:1:1:14149.59
Harvey Mudd College, CA:0.6531:0.0969:0.1484:12.16:7.75:0.6371:0.93:2:175:1:1:27:16404.57
Wellesley College, MA:0.6190:0.0834:0.1348:20.02:4.76:0.2377:0.54:2:72:6:1:7:37711.73
Columbia University, NY:0.6376:0.0859:0.1347:15.89:7.64:0.4806:0.83:2:136:3:1:1:48438.46
University of Chicago, IL:0.6127:0.0778:0.1269:22.61:9.68:0.4282:0.45:2:163:2:1:2:70511.96
University of North Carolina at Chapel Hill, NC:0.6345:0.0789:0.1243:19.34:12.78:0.6608:0.57:2:149:2:1:517:72704.97
Davidson College, NC:0.6123:0.0854:0.1395:22.45:5.21:0.2323:0.41:3:88:9:1:1:83236.39
Swarthmore College, PA:0.6223:0.0853:0.1371:19.76:8.27:0.4185:0.59:2:174:3:1:3:83799.27
University of Virginia, VA:0.6138:0.0803:0.1308:23.33:10.08:0.4320:0.45:2:158:5:1:2:179919.64
University of Notre Dame, IN:0.6026:0.0888:0.1474:26.55:9.19:0.3463:0.24:3:142:6:1:3:199191.29
Washington and Lee University, VA:0.5933:0.0768:0.1295:29.81:10.17:0.3413:0.17:3:157:5:1:1:230492.43
Bowdoin College, ME:0.6079:0.0874:0.1438:25.18:10.45:0.4149:0.35:3:164:6:1:2:249458.41
Bryn Mawr College, PA:0.5856:0.0884:0.1509:31.66:8.66:0.2736:0.07:4:141:9:1:2:325709.44
Claremont McKenna College, CA:0.5986:0.0848:0.1417:27.64:10.70:0.3872:0.21:3:227:5:1:1:328230.61
Georgia Institute of Technology, GA:0.5925:0.0844:0.1424:31.61:15.66:0.4954:0.24:3:162:5:1:1:388622.12
Emory University, GA:0.5934:0.0867:0.1461:29.86:12.30:0.4119:0.15:3:225:5:1:1:404033.90
Cornell University, NY:0.5981:0.0853:0.1426:28.35:10.07:0.3552:0.15:3:152:13:1:1:515814.95
Georgetown University, DC:0.5860:0.0858:0.1464:33.64:12.53:0.3724:0.11:4:129:11:2:9:546844.75
Pomona College, CA:0.6034:0.0873:0.1447:26.52:9.00:0.3395:0.18:3:178:14:1:4:548326.13
University of California at Los Angeles, CA:0.6087:0.0973:0.1599:27.25:22.36:0.8208:0.45:2:332:3:1:1:601458.44
University of California at Berkeley, CA:0.6035:0.1000:0.1657:29.40:22.51:0.7655:0.38:2:320:3:1:7:629273.36
Washington University, MO:0.5711:0.0803:0.1406:39.17:22.44:0.5730:0.17:4:368:2:1:11:643584.05
Haverford College, PA:0.5929:0.0901:0.1520:30.59:11.94:0.3903:0.10:3:261:10:1:2:916687.56
Carleton College, MN:0.5701:0.0821:0.1440:39.95:17.30:0.4331:0.06:4:314:5:1:1:1067811.99
College of William and Mary, VA:0.5631:0.0814:0.1446:41.18:9.22:0.2239:0.00:4:144:24:2:1:1093877.54
University of Michigan at Ann Arbor, MI:0.5496:0.0833:0.1515:46.58:13.16:0.2826:0.01:5:152:15:1:2:1259848.58
Case Western Reserve University, OH:0.5238:0.0821:0.1567:70.41:45.22:0.6422:0.02:5:482:1:1:5:1531400.88
Vanderbilt University, TN:0.5528:0.0830:0.1502:45.34:12.93:0.2852:0.00:5:228:14:1:1:1756622.27
Smith College, MA:0.5362:0.0777:0.1450:50.38:10.68:0.2120:0.00:5:156:25:1:3:1762234.29
Wesleyan University, CT:0.5523:0.0835:0.1512:44.95:13.31:0.2962:0.00:4:219:22:1:1:2593673.13
University of the South, TN:0.5198:0.0761:0.1464:61.50:18.25:0.2967:0.00:7:246:11:1:1:2900620.80
University of California at San Diego, CA:0.5688:0.1064:0.1871:49.92:49.68:0.9953:0.16:4:546:3:1:2:4040126.92
College of the Holy Cross, MA:0.5523:0.0929:0.1681:49.54:27.61:0.5573:0.01:4:392:8:1:2:4201453.21
Tufts University, MA:0.5360:0.0927:0.1729:54.63:19.92:0.3646:0.00:5:253:19:1:1:4838822.03
Colorado College, CO:0.5350:0.0790:0.1476:53.65:18.20:0.3393:0.00:6:327:18:1:1:5431935.54
Grinnell College, IA:0.5170:0.0776:0.1501:66.47:23.35:0.3513:0.00:7:294:14:1:1:6085180.17
Centre College, KY:0.5042:0.0890:0.1765:80.25:41.05:0.5116:0.01:7:366:6:1:3:7115980.27
Vassar College, NY:0.5186:0.0845:0.1629:64.10:18.31:0.2857:0.00:6:264:28:1:1:7757554.51
Bard College, NY:0.5165:0.0865:0.1674:66.34:21.97:0.3312:0.00:7:252:24:1:2:7976808.93
Rose-Hulman Institute of Technology, IN:0.5596:0.0898:0.1606:45.81:26.94:0.5880:0.00:4:512:14:1:1:8603321.74
Texas A&M Univ. at College Station, TX:0.5028:0.0760:0.1511:76.00:26.58:0.3498:0.00:9:273:17:1:1:8791727.14
Pepperdine University, CA:0.5542:0.0966:0.1742:52.44:35.30:0.6731:0.03:4:368:14:1:1:9174828.16
California Lutheran University, CA:0.4378:0.0878:0.2006:191.13:110.63:0.5788:0.04:11:474:1:1:7:10001369.93
California Polytechnic-San Luis, CA:0.4783:0.0704:0.1471:117.95:68.02:0.5767:0.01:7:420:3:1:3:10036793.43
Sarah Lawrence College, NY:0.5141:0.0827:0.1608:70.08:27.34:0.3901:0.00:6:282:20:1:1:10039562.74
Mount Holyoke College, MA:0.4899:0.0754:0.1538:88.89:25.27:0.2843:0.00:9:202:26:2:1:10280056.13
Union College, NY:0.5178:0.0855:0.1651:65.85:24.94:0.3787:0.00:7:326:24:1:1:11902344.34
Trinity University, TX:0.5168:0.0918:0.1777:68.06:24.99:0.3671:0.00:6:292:27:1:1:12168135.03
Colgate University, NY:0.5176:0.0885:0.1710:65.36:25.07:0.3835:0.00:7:341:25:1:1:12944414.22
Harding University, AR:0.4634:0.0715:0.1543:128.87:60.44:0.4690:0.01:12:358:5:2:5:13747655.16
Colby College, ME:0.5217:0.0821:0.1573:64.94:25.32:0.3899:0.00:6:315:31:1:2:14473112.47
University of Rochester, NY:0.5193:0.0822:0.1582:65.83:30.55:0.4642:0.00:6:440:18:1:1:15277453.45
New York University, NY:0.5248:0.0828:0.1577:65.30:27.56:0.4221:0.00:5:282:35:1:1:15559835.16
University of Hawaii at Manoa, HI:0.4763:0.0834:0.1750:123.84:81.51:0.6582:0.05:5:523:3:1:14:15746863.83
Lawrence University, WI:0.4827:0.0756:0.1566:101.47:37.70:0.3715:0.00:10:322:14:1:2:16492895.34
Trinity College, CT:0.5076:0.0849:0.1673:73.97:27.84:0.3764:0.00:7:386:27:1:1:19961450.87
University of Alabama at Birmingham, AL:0.4517:0.0905:0.2002:161.40:112.82:0.6990:0.04:5:572:2:2:1:20758642.12
Wabash College, IN:0.4696:0.0687:0.1462:114.89:36.77:0.3200:0.00:12:268:21:2:2:21910455.62
Scripps College, CA:0.5144:0.0859:0.1671:71.09:35.79:0.5034:0.00:6:468:20:1:1:22794804.02
Pitzer College, CA:0.4748:0.0931:0.1960:111.00:50.16:0.4518:0.00:9:434:10:1:1:23606134.99
Lehigh University, PA:0.4956:0.0927:0.1870:85.45:37.15:0.4347:0.00:8:434:18:1:1:23770993.02
Boston College, MA:0.5227:0.0944:0.1806:68.23:33.98:0.4981:0.00:5:383:31:1:1:25302736.71
University of Minnesota Twin Cities, MN:0.4798:0.0726:0.1513:109.42:69.62:0.6362:0.02:8:486:7:1:1:25542230.34
University of Texas at Austin, TX:0.4889:0.0842:0.1723:91.73:39.75:0.4333:0.00:9:397:19:1:1:26187289.36
Peru State College, NE:0.3826:0.0922:0.2410:310.36:148.49:0.4784:0.01:41:582:1:1:3:26774709.37
Whitman College, WA:0.4783:0.0676:0.1413:107.23:37.30:0.3479:0.00:9:284:27:2:1:27754618.36
Gustavus Adolphus College, MN:0.4582:0.0805:0.1756:132.91:47.50:0.3574:0.00:15:334:15:1:2:30210736.53
Virginia Military Institute, VA:0.4554:0.0782:0.1717:138.87:70.07:0.5046:0.00:9:411:8:2:1:31372567.39
University of Kansas, KS:0.4596:0.0820:0.1784:130.67:63.95:0.4894:0.00:11:394:10:1:1:32087814.34
Macalester College, MN:0.5000:0.0762:0.1523:82.92:26.46:0.3191:0.00:8:368:47:1:3:33093783.54
Connecticut College, CT:0.4965:0.0841:0.1695:85.23:31.54:0.3700:0.00:8:403:35:1:1:34617216.94
SUNY at Binghamton, NY:0.5084:0.0861:0.1694:80.04:39.74:0.4965:0.00:6:419:29:1:1:35971387.06
University of California at Irvine, CA:0.5308:0.0981:0.1848:72.17:55.01:0.7623:0.00:5:541:18:1:2:37373762.14
Carnegie Mellon University, PA:0.5122:0.0755:0.1474:73.06:32.38:0.4432:0.00:6:481:36:1:1:37904903.53
University of North Dakota, ND:0.4376:0.0959:0.2192:182.28:104.69:0.5744:0.02:16:505:4:1:2:38242856.24
Oberlin College, OH:0.5005:0.0779:0.1556:83.29:37.14:0.4459:0.00:7:494:27:1:2:39003482.15
Barnard College, NY:0.4933:0.0843:0.1709:89.72:32.00:0.3566:0.00:8:366:44:1:1:40673710.86
Earlham College, IN:0.4739:0.0831:0.1753:108.62:40.25:0.3706:0.00:9:436:23:1:1:41531466.68
Kenyon College, OH:0.4856:0.0886:0.1825:96.56:36.58:0.3788:0.00:9:430:32:1:1:44988003.77
University of Illinois - Urbana, IL:0.4822:0.0846:0.1754:99.66:37.19:0.3732:0.00:9:395:35:1:1:46702598.86
Drew University, NJ:0.4957:0.0908:0.1831:90.28:47.24:0.5232:0.00:7:524:22:1:2:47102684.77
University of California at Santa Cruz, CA:0.5132:0.1105:0.2153:101.60:89.37:0.8796:0.02:5:588:9:1:1:47314743.59
North Carolina State University at Raleigh, NC:0.4631:0.0806:0.1740:120.72:35.30:0.2924:0.00:11:324:43:1:1:51491767.62
Sweet Briar College, VA:0.4646:0.0804:0.1731:121.99:51.16:0.4194:0.00:12:439:20:1:2:52305223.19
University of California at Santa Barbara, CA:0.5142:0.1127:0.2193:97.66:85.97:0.8803:0.02:5:580:11:1:1:52554121.85
Occidental College, CA:0.4882:0.0810:0.1659:94.21:29.17:0.3096:0.00:8:392:61:1:1:55483676.63
Brandeis University, MA:0.4826:0.0864:0.1790:99.46:33.04:0.3322:0.00:9:409:48:1:1:56950423.89
Agnes Scott College, GA:0.4897:0.0804:0.1642:96.18:47.15:0.4903:0.00:7:394:35:1:1:56983761.15
University of Georgia, GA:0.4621:0.0767:0.1660:122.87:30.88:0.2513:0.00:12:306:62:1:2:57398521.73
Knox College, IL:0.4710:0.0844:0.1792:111.79:29.10:0.2603:0.00:10:343:71:1:3:62829372.83
Juniata College, PA:0.4623:0.0918:0.1986:123.22:41.88:0.3399:0.00:11:414:32:1:1:63084742.39
University of Charleston, WV:0.2968:0.0483:0.1628:507.28:104.65:0.2063:0.00:59:607:2:10:1:64232553.48
Birmingham-Southern College, AL:0.4814:0.0738:0.1533:111.03:52.57:0.4735:0.00:8:362:34:1:2:65095571.53
Hampden - Sydney College, VA:0.4424:0.0910:0.2056:159.16:63.11:0.3965:0.00:13:363:19:1:1:65650519.68
Illinois Wesleyan University, IL:0.4864:0.0808:0.1661:103.17:47.36:0.4590:0.00:8:434:34:1:1:66452721.55
Antioch University, OH:0.3994:0.0787:0.1971:281.67:138.26:0.4909:0.01:36:576:3:1:1:66941977.89
Trinity College, DC:0.4435:0.0959:0.2163:155.98:65.80:0.4219:0.00:14:430:16:1:1:67990055.99
Bucknell University, PA:0.4932:0.0927:0.1880:92.26:44.07:0.4776:0.00:8:517:36:1:2:70406012.00
University of Wyoming, WY:0.4332:0.0874:0.2017:185.07:95.67:0.5169:0.01:14:506:8:1:2:70538704.19
Arkansas College (Lyon College), AR:0.4736:0.0651:0.1375:115.08:53.40:0.4640:0.00:9:393:34:1:1:75006086.98
University of Missouri at Columbia, MO:0.4457:0.0766:0.1718:153.65:61.76:0.4019:0.00:15:382:22:1:1:75151700.32
Stevens Institute of Technology, NJ:0.4744:0.0824:0.1736:110.65:33.90:0.3064:0.00:10:409:57:1:1:75256034.50
Marietta College, OH:0.4517:0.0909:0.2013:142.16:49.36:0.3472:0.00:12:359:35:1:1:79575377.88
Saint Louis University, MO:0.4378:0.0781:0.1785:172.50:58.86:0.3412:0.00:14:506:17:1:1:84400013.01
Linfield College, OR:0.4625:0.0853:0.1845:125.85:33.81:0.2687:0.00:11:347:74:1:1:85958981.23
Lake Forest College, IL:0.4412:0.0852:0.1931:156.12:31.78:0.2036:0.00:15:317:71:1:1:86655289.13
University of Minnesota at Morris, MN:0.4512:0.0698:0.1547:161.32:88.78:0.5503:0.00:11:479:13:1:1:86761086.08
New Jersey Institute of Technology, NJ:0.4444:0.0859:0.1932:151.47:42.24:0.2789:0.00:13:330:53:1:1:93920156.77
Dominican College of Blauvelt, NY:0.1995:0.0558:0.2797:606.17:4.29:0.0071:0.00:61:609:542:2788:1:94379277.87
Furman University, SC:0.4825:0.0909:0.1885:101.83:44.60:0.4380:0.00:8:478:52:1:1:100606218.44
Saint Mary's College, IN:0.4250:0.0947:0.2228:198.49:80.24:0.4043:0.00:17:502:13:1:1:101243231.29
Kansas State University, KS:0.4159:0.0753:0.1810:216.91:76.17:0.3512:0.00:25:429:15:1:1:102602960.23
Trenton State College, NJ:0.4810:0.0815:0.1694:109.85:54.29:0.4942:0.00:8:485:39:1:5:103729043.20
John Brown University, AR:0.4108:0.0715:0.1740:229.00:85.91:0.3752:0.00:22:473:12:2:1:108837182.99
Florida International University, FL:0.4522:0.0777:0.1718:141.75:46.00:0.3245:0.00:12:398:49:1:1:111496207.42
University of California at Riverside, CA:0.4973:0.1020:0.2050:109.79:84.41:0.7688:0.00:5:591:22:1:1:116011784.55
Hardin-Simmons University, TX:0.3613:0.0878:0.2430:366.34:135.46:0.3698:0.00:47:591:4:3:3:116519082.47
Santa Clara University, CA:0.4465:0.0955:0.2140:158.99:62.54:0.3934:0.00:15:448:28:1:1:116937470.16
St. Mary's College of Maryland, MD:0.4537:0.0717:0.1580:142.33:48.17:0.3384:0.00:13:374:55:2:2:120284479.52
University of North Texas, TX:0.4061:0.0892:0.2197:248.85:121.21:0.4871:0.00:25:580:7:1:1:120980317.18
SUNY at Stony Brook, NY:0.4411:0.0855:0.1938:176.82:96.12:0.5436:0.00:10:570:13:1:2:123071045.14
University of Nebraska at Lincoln, NE:0.4402:0.0819:0.1860:169.94:84.79:0.4990:0.00:13:555:16:1:1:124274930.95
SUNY at Buffalo, NY:0.4475:0.0796:0.1780:155.12:64.54:0.4160:0.00:13:487:27:1:1:124342112.42
Lindenwood College, MO:0.3692:0.1089:0.2950:349.61:151.37:0.4330:0.00:41:608:4:1:1:127858820.78
Columbia College, MO:0.3677:0.1000:0.2720:350.45:153.53:0.4381:0.01:41:608:4:1:3:129995585.68
University of Central Florida, FL:0.4267:0.0857:0.2008:202.55:101.79:0.5025:0.00:10:538:12:1:1:130140728.13
Christendom College, VA:0.4135:0.0926:0.2239:232.53:109.86:0.4725:0.00:19:583:9:1:1:131975850.10
Pace University, NY:0.4528:0.0843:0.1861:147.16:62.05:0.4216:0.00:13:464:34:1:1:133486097.22
Willamette University, OR:0.4629:0.0835:0.1804:128.71:45.87:0.3564:0.00:10:452:58:1:2:134916813.05
Tulane University, LA:0.4604:0.0896:0.1946:133.52:52.64:0.3942:0.00:11:521:41:1:1:138329424.90
Austin College, TX:0.4466:0.0797:0.1785:150.57:35.68:0.2370:0.00:13:383:87:1:1:138363737.57
George Washington University, DC:0.4493:0.0837:0.1864:148.52:50.53:0.3402:0.00:13:465:46:1:1:144650571.34
New Mexico Institute of Mining and Tech., NM:0.4404:0.0884:0.2007:180.52:109.00:0.6038:0.00:14:582:13:1:1:145548625.17
Babson College, MA:0.4447:0.0952:0.2140:158.52:59.50:0.3753:0.00:16:419:41:1:2:146169273.93
University of Tennessee at Knoxville, TN:0.4351:0.0778:0.1789:171.95:62.88:0.3657:0.00:18:427:35:1:1:148341041.98
Ripon College, WI:0.4312:0.0798:0.1850:182.03:56.67:0.3113:0.00:19:408:39:1:1:148445060.79
Rollins College, FL:0.4386:0.0843:0.1921:168.46:53.89:0.3199:0.00:17:404:46:1:1:149509288.42
Beloit College, WI:0.4289:0.0837:0.1951:186.45:51.09:0.2740:0.00:19:437:41:1:1:154654915.14
University of Pittsburgh-Main Campus, PA:0.4275:0.0850:0.1989:192.46:70.60:0.3668:0.00:20:483:25:1:1:155580911.83
Stetson University, FL:0.4228:0.0813:0.1922:199.71:28.12:0.1408:0.00:19:337:149:2:2:157305999.51
Ursinus College, PA:0.4480:0.0761:0.1699:151.91:43.49:0.2863:0.00:13:432:65:1:1:157600948.47
Pennsylvania State Univ. Main Campus, PA:0.4526:0.0754:0.1666:148.85:53.48:0.3593:0.00:12:393:60:1:1:159057409.89
Rhodes College, TN:0.4714:0.0897:0.1903:127.35:72.38:0.5683:0.00:8:575:32:1:1:160162089.17
Hamline University, MN:0.4333:0.0819:0.1891:175.42:39.65:0.2260:0.00:17:372:80:1:1:162459116.54
Rensselaer Polytechnic Institute, NY:0.4598:0.0920:0.2001:142.22:70.69:0.4970:0.00:10:555:31:1:1:163296783.80
Valparaiso University, IN:0.4527:0.0919:0.2030:149.80:59.50:0.3972:0.00:12:456:45:1:2:164856615.96
Mary Washington College, VA:0.4456:0.0744:0.1670:159.45:56.04:0.3515:0.00:13:396:54:1:2:165035349.67
Coker College, SC:0.3946:0.0766:0.1940:269.36:90.72:0.3368:0.00:34:471:15:1:1:167145215.50
Presbyterian College, SC:0.4320:0.0810:0.1874:181.29:49.59:0.2735:0.00:18:383:61:1:2:176571518.68
Washington and Jefferson College, PA:0.4535:0.0891:0.1966:143.03:52.24:0.3652:0.00:11:486:58:1:1:185489466.83
St. Lawrence University, NY:0.4462:0.0874:0.1958:151.80:49.16:0.3238:0.00:14:466:62:1:1:186915542.55
Wheaton College, MA:0.4377:0.0874:0.1998:169.03:63.08:0.3732:0.00:14:476:41:1:1:190167207.93
Reed College, OR:0.4591:0.0792:0.1726:137.02:54.63:0.3987:0.00:11:525:54:1:1:190383831.47
Goucher College, MD:0.4389:0.0747:0.1702:166.87:41.71:0.2499:0.00:14:409:85:2:1:191665194.51
Hiram College, OH:0.4324:0.0799:0.1847:179.08:40.12:0.2240:0.00:16:376:95:1:1:191801132.73
University of Miami, FL:0.4265:0.0750:0.1759:197.95:60.82:0.3073:0.00:17:488:36:1:1:195896016.29
Michigan State University, MI:0.4304:0.0920:0.2136:187.05:77.03:0.4118:0.00:17:501:29:2:2:197215780.56
Lafayette College, PA:0.4591:0.0928:0.2022:137.01:65.50:0.4780:0.00:11:546:45:1:1:202311765.85
Emory & Henry College, VA:0.4246:0.0835:0.1967:202.15:65.68:0.3249:0.00:23:454:37:1:1:204855917.18
Miami University at Oxford, OH:0.4271:0.0847:0.1983:190.34:43.90:0.2307:0.00:18:426:69:1:1:205849114.02
The Citadel, SC:0.4305:0.0994:0.2309:186.15:87.42:0.4696:0.00:13:500:27:1:2:207817895.88
Hollins College, VA:0.4179:0.0797:0.1908:212.64:59.16:0.2782:0.00:22:432:48:1:2:231884518.64
University of Cincinnati, OH:0.4170:0.0853:0.2046:221.23:90.25:0.4080:0.00:19:537:23:1:1:236045538.17
Worcester Polytechnic Institute, MA:0.4566:0.0906:0.1985:141.13:53.38:0.3782:0.00:11:508:72:1:1:236495368.38
Texas Christian University, TX:0.4077:0.0786:0.1928:239.78:30.80:0.1284:0.00:23:359:168:1:1:236972243.65
Hobart and William Smith Colleges, NY:0.4351:0.0966:0.2220:179.08:73.13:0.4084:0.00:16:558:35:1:2:239734429.14
Westmont College, CA:0.4311:0.0807:0.1871:186.94:65.37:0.3497:0.00:15:481:45:1:1:239762968.59
Creighton University, NE:0.4297:0.0880:0.2048:195.96:93.34:0.4763:0.00:16:575:24:1:4:241877454.98
Centenary College of Louisiana, LA:0.4297:0.0818:0.1903:182.64:46.55:0.2549:0.00:17:439:80:1:2:244161139.24
Hendrix College, AR:0.4452:0.0838:0.1882:162.46:59.70:0.3675:0.00:12:489:59:1:1:246064747.59
Siena College, NY:0.4225:0.0860:0.2035:208.47:82.04:0.3936:0.00:19:474:35:1:1:262788628.75
Appalachian State University, NC:0.4253:0.0849:0.1997:194.25:62.50:0.3217:0.00:18:433:58:1:1:264059229.63
Monmouth College, IL:0.4257:0.0807:0.1896:195.87:64.03:0.3269:0.00:19:463:52:1:1:268047775.92
DePauw University, IN:0.4488:0.0838:0.1868:154.76:53.53:0.3459:0.00:11:472:84:1:2:270014998.34
Oglethorpe University, GA:0.4586:0.0886:0.1932:143.80:65.92:0.4584:0.00:10:549:59:1:1:274050483.50
Indiana University at Bloomington, IN:0.4131:0.0766:0.1855:222.15:44.90:0.2021:0.00:25:418:83:1:1:277319884.56
Lenoir-Rhyne College, NC:0.4107:0.0849:0.2066:233.13:56.00:0.2402:0.00:23:432:57:1:1:279033306.83
Gettysburg College, PA:0.4506:0.0897:0.1991:150.44:60.54:0.4024:0.00:12:535:68:1:2:289230105.78
Missouri Southern State College, MO:0.3462:0.0882:0.2547:403.32:139.14:0.3450:0.00:56:594:9:4:1:295453508.40
University of Mobile, AL:0.3270:0.0767:0.2344:454.12:121.37:0.2673:0.00:54:605:9:2:1:295647936.85
Erskine College, SC:0.4340:0.0728:0.1676:190.75:79.14:0.4149:0.00:14:529:41:1:1:302046294.40
Southeast Missouri State University, MO:0.3585:0.0803:0.2239:374.00:112.42:0.3006:0.00:43:568:13:1:1:303348521.55
Denison University, OH:0.4374:0.0901:0.2060:174.93:69.34:0.3964:0.00:15:555:50:1:1:306286494.63
Rutgers at New Brunswick, NJ:0.4513:0.0864:0.1913:151.68:72.79:0.4799:0.00:13:578:54:1:1:312413927.96
Albion College, MI:0.4354:0.0907:0.2082:179.73:68.44:0.3808:0.00:14:548:52:1:1:317272400.52
North Dakota State University, ND:0.3750:0.0803:0.2142:324.98:107.67:0.3313:0.00:34:564:17:1:2:325380616.10
University of Massachusetts at Dartmouth, MA:0.3792:0.0838:0.2211:320.10:99.31:0.3102:0.00:38:536:20:2:1:328062340.46
Kalamazoo College, MI:0.4466:0.0797:0.1785:165.17:70.17:0.4248:0.00:11:503:67:1:1:338585697.21
Transylvania University, KY:0.4464:0.0847:0.1897:169.40:83.98:0.4957:0.00:11:561:47:1:1:343680692.64
University of Oklahoma, OK:0.4139:0.0792:0.1912:226.84:93.82:0.4136:0.00:20:544:32:1:1:348680612.50
Taylor University, IN:0.4285:0.0708:0.1653:199.90:97.01:0.4853:0.00:13:539:36:1:1:351171881.53
Gordon College, MA:0.4008:0.0747:0.1863:256.50:62.09:0.2421:0.00:30:453:56:1:1:354039220.49
Coe College, IA:0.4026:0.0723:0.1795:252.58:40.90:0.1619:0.00:26:405:123:1:1:358347835.90
SUNY College at Geneseo, NY:0.4515:0.0784:0.1736:161.85:78.85:0.4872:0.00:10:553:57:1:1:360807831.42
University of Missouri at Rolla, MO:0.4415:0.0798:0.1807:174.64:92.13:0.5275:0.00:12:580:42:1:1:363546969.53
Hope College, MI:0.4203:0.0721:0.1715:210.20:61.62:0.2932:0.00:19:478:69:1:1:365554159.62
Simmons College, MA:0.3950:0.0754:0.1910:271.82:45.01:0.1656:0.00:30:380:113:1:1:369133803.64
Baldwin-Wallace College, OH:0.4031:0.0778:0.1930:253.08:76.04:0.3005:0.00:24:476:45:1:1:373254496.18
Saint Mary-of-the-Woods College, IN:0.3586:0.0659:0.1837:366.65:121.44:0.3312:0.00:38:576:15:1:1:374688704.29
Colorado State University, CO:0.4182:0.0798:0.1909:216.20:70.29:0.3251:0.00:20:505:56:1:2:382090380.27
University of San Diego, CA:0.4291:0.0878:0.2047:193.42:61.15:0.3162:0.00:15:494:81:1:1:395675009.61
William Jewell College, MO:0.4020:0.0728:0.1810:254.17:72.42:0.2849:0.00:28:466:53:1:2:402897156.82
Bellarmine College, KY:0.4230:0.0794:0.1876:203.66:60.99:0.2995:0.00:17:479:82:1:1:404337395.68
Allegheny College, PA:0.4312:0.0767:0.1778:192.34:71.62:0.3724:0.00:14:544:61:1:1:405887014.37
Hanover College, IN:0.4017:0.0747:0.1859:257.49:38.76:0.1505:0.00:24:413:163:1:1:406679847.72
University of Southern California, CA:0.4397:0.0846:0.1924:172.17:61.78:0.3588:0.00:13:509:92:1:1:408056215.98
Chatham College, PA:0.4195:0.0874:0.2085:212.60:85.03:0.3999:0.00:17:547:45:1:2:408361731.48
University of Louisville, KY:0.4117:0.0796:0.1933:231.00:116.34:0.5036:0.00:19:590:27:1:1:408526073.60
Susquehanna University, PA:0.4168:0.0867:0.2081:219.23:65.00:0.2965:0.00:21:475:72:1:1:413492966.48
University of Arkansas at Fayetteville, AR:0.3740:0.0832:0.2225:331.23:120.55:0.3639:0.00:30:598:18:1:1:416863361.83
Houghton College, NY:0.4032:0.0820:0.2035:254.15:37.70:0.1483:0.00:24:429:167:1:1:419185989.25
University of Scranton, PA:0.4220:0.0863:0.2046:209.10:76.81:0.3673:0.00:19:545:54:1:1:425822451.00
Iowa State University, IA:0.4084:0.0791:0.1937:237.76:60.85:0.2559:0.00:25:505:68:1:1:429933976.48
Clark University, MA:0.4323:0.0898:0.2076:183.94:66.09:0.3593:0.00:16:558:73:1:1:430383504.65
Montclair State University, NJ:0.4004:0.0818:0.2044:263.78:92.30:0.3499:0.00:27:518:37:1:1:433317946.14
Alfred University, NY:0.4203:0.0794:0.1890:210.24:46.93:0.2232:0.00:19:474:129:1:1:439134976.08
Roger Williams University, RI:0.2211:0.0613:0.2771:600.14:10.84:0.0181:0.00:61:609:463:466:1:439709366.19
Stockton College of New Jersey, NJ:0.4045:0.0851:0.2103:254.68:92.33:0.3625:0.00:29:544:37:1:3:441116842.73
Villanova University, PA:0.4188:0.0953:0.2275:219.37:79.03:0.3603:0.00:20:540:53:1:2:447498155.15
Fairfield University, CT:0.4248:0.0917:0.2159:203.55:74.67:0.3668:0.00:19:559:59:1:2:448365106.35
Drury College, MO:0.4169:0.0820:0.1967:216.31:63.28:0.2926:0.00:20:526:73:1:1:452682683.07
Saint John's University, MN:0.3918:0.0810:0.2069:279.50:70.88:0.2536:0.00:32:492:52:1:1:453248570.57
University of Northern Iowa, IA:0.3916:0.0822:0.2098:279.19:64.17:0.2298:0.00:31:457:65:1:1:456480903.95
Niagara University, NY:0.4415:0.0869:0.1968:189.22:98.53:0.5207:0.00:11:570:47:1:1:458299835.40
Missouri Valley College, MO:0.2112:0.0557:0.2640:602.59:10.05:0.0167:0.00:61:609:432:1167:1:462884953.38
Rutgers State University at Newark, NJ:0.4218:0.0846:0.2005:216.94:99.06:0.4566:0.00:16:592:39:1:1:463468722.74
Fordham University, NY:0.4141:0.0909:0.2195:226.28:60.08:0.2655:0.00:21:508:80:1:1:465526369.44
Westminster College, PA:0.4084:0.0736:0.1801:239.77:82.37:0.3435:0.00:20:516:51:1:1:468348678.54
East Carolina University, NC:0.3712:0.0718:0.1935:340.57:94.71:0.2781:0.00:40:520:30:1:1:474134024.35
Washington State University, WA:0.4100:0.0754:0.1839:236.19:69.04:0.2923:0.00:21:508:66:1:1:475660561.86
University of Delaware, DE:0.4026:0.0816:0.2027:255.45:66.12:0.2588:0.00:27:515:63:1:1:480987821.23
Le Moyne College, NY:0.4054:0.0980:0.2417:250.68:78.51:0.3132:0.00:26:502:55:1:1:483888074.84
Loyola University Chicago, IL:0.3941:0.0885:0.2245:282.23:74.32:0.2633:0.00:27:554:46:1:1:490172856.41
University of Maine at Farmington, ME:0.3900:0.0658:0.1689:280.51:72.75:0.2593:0.00:33:434:70:1:1:519947265.04
Lebanon Valley College, PA:0.4124:0.0850:0.2061:231.14:62.19:0.2690:0.00:21:515:84:1:1:520417177.68
Loyola Marymount University, CA:0.4310:0.0863:0.2003:191.38:68.46:0.3577:0.00:14:533:90:1:2:522397456.06
Wittenberg University, OH:0.4270:0.0869:0.2035:198.19:61.16:0.3086:0.00:16:507:110:1:2:529343394.46
Alma College, MI:0.4185:0.0770:0.1840:219.40:58.78:0.2679:0.00:19:466:118:1:1:529550206.01
Eckerd College, FL:0.4058:0.0740:0.1824:246.75:44.46:0.1802:0.00:22:453:172:1:2:530254800.43
Bethel College, KS:0.3693:0.0726:0.1966:341.13:96.83:0.2839:0.00:38:550:31:1:1:531452382.28
Catholic University of America, DC:0.4006:0.0912:0.2276:261.64:57.11:0.2183:0.00:25:471:95:1:1:533766887.50
Michigan Technological University, MI:0.4170:0.0745:0.1787:219.70:58.75:0.2674:0.00:18:490:110:1:1:539561016.18
Murray State University, KY:0.3895:0.0680:0.1747:286.61:87.18:0.3042:0.00:31:518:46:1:2:542540608.16
University of Montevallo, AL:0.3837:0.0711:0.1853:299.49:103.66:0.3461:0.00:37:550:34:1:3:544640356.69
Elms College, MA:0.3751:0.0825:0.2200:329.90:91.62:0.2777:0.00:33:550:35:1:1:544787730.51
Oklahoma State University, OK:0.3994:0.0823:0.2062:262.36:83.71:0.3190:0.00:23:534:52:1:1:550443411.01
Messiah College, PA:0.3939:0.0777:0.1972:278.03:71.27:0.2563:0.00:29:484:70:1:1:574251055.20
Albright College, PA:0.4076:0.0809:0.1985:245.83:65.68:0.2672:0.00:23:530:79:1:1:575317238.47
Illinois Institute of Technology, IL:0.4124:0.0718:0.1741:232.77:57.24:0.2459:0.00:21:466:129:1:1:579223911.37
Livingstone College, NC:0.4043:0.0867:0.2145:252.43:115.92:0.4592:0.00:20:586:36:1:1:579350566.94
Whittier College, CA:0.4195:0.0755:0.1800:214.13:68.35:0.3192:0.00:17:527:93:1:1:590778804.54
St. Martin's College, WA:0.2436:0.0664:0.2727:592.83:14.74:0.0249:0.00:60:608:458:3:2:600132748.28
Clarkson University, NY:0.4212:0.0935:0.2219:213.91:74.14:0.3466:0.00:18:562:79:1:1:605182210.28
East Texas Baptist University, TX:0.3046:0.0765:0.2512:501.13:109.28:0.2181:0.00:58:604:19:1:1:608720883.00
Baylor University, TX:0.4031:0.0705:0.1749:253.59:65.15:0.2569:0.00:22:515:87:1:1:615135316.88
St. Mary's College of California, CA:0.4174:0.0861:0.2063:222.50:69.08:0.3105:0.00:20:515:96:1:1:618298111.71
Dickinson State University, ND:0.3029:0.0741:0.2445:500.75:111.74:0.2232:0.00:58:605:19:2:1:623007870.17
Northwest Nazarene College, ID:0.3320:0.0736:0.2216:438.54:121.29:0.2766:0.00:53:606:20:6:1:623391687.70
Virginia Union University, VA:0.2434:0.0553:0.2272:591.48:15.31:0.0259:0.00:61:609:458:14:1:626220649.70
Muskingum College, OH:0.3763:0.0783:0.2081:331.74:35.85:0.1081:0.00:33:463:226:1:1:637048967.56
Louisiana State University at Baton Rouge, LA:0.3893:0.0794:0.2040:289.14:104.08:0.3600:0.00:25:577:40:1:2:646405647.06
University of the Pacific, CA:0.4122:0.0847:0.2054:235.46:67.67:0.2874:0.00:20:533:92:1:1:646417236.94
Butler University, IN:0.4133:0.0793:0.1918:232.23:65.13:0.2805:0.00:18:493:113:1:1:649480804.55
University of Puget Sound, WA:0.4258:0.0768:0.1805:211.83:84.07:0.3969:0.00:13:567:74:1:1:649673444.70
Dordt College, IA:0.3670:0.0778:0.2119:351.09:108.40:0.3088:0.00:34:583:31:1:1:651288817.21
Oklahoma Baptist University, OK:0.3612:0.0708:0.1961:368.12:113.20:0.3075:0.00:47:568:29:2:1:651382829.48
York College of Pennsylvania, PA:0.3981:0.0877:0.2203:272.42:101.87:0.3739:0.00:29:579:44:1:1:653235073.19
University of Denver, CO:0.4034:0.0807:0.2000:254.96:51.98:0.2039:0.00:24:485:145:1:1:653327449.72
University of Massachusetts at Amherst, MA:0.3884:0.0929:0.2393:298.66:100.78:0.3375:0.00:28:584:40:1:1:654971003.50
Illinois Benedictine College, IL:0.4014:0.0879:0.2188:256.28:68.55:0.2675:0.00:25:546:81:1:1:661733906.37
Barat College, IL:0.3760:0.0700:0.1863:319.21:84.40:0.2644:0.00:38:509:54:1:2:661977945.62
Seattle Pacific University, WA:0.4093:0.0789:0.1928:242.72:58.13:0.2395:0.00:23:496:129:1:1:668031000.72
Ohio University, OH:0.3807:0.0786:0.2064:315.08:45.77:0.1453:0.00:31:476:138:1:1:672725490.02
Millersville University of Penn., PA:0.3944:0.0686:0.1738:276.49:79.07:0.2860:0.00:30:514:70:1:1:679494000.76
University of Sci. and Arts of Oklahoma, OK:0.3271:0.0831:0.2541:454.96:113.23:0.2489:0.00:56:607:23:2:1:691927515.47
Shippensburg University of Penn., PA:0.3935:0.0828:0.2103:279.37:85.02:0.3043:0.00:30:536:62:1:1:698067813.71
University of New Hampshire, NH:0.3944:0.0860:0.2180:279.68:49.11:0.1756:0.00:28:500:143:1:1:701200245.36
University of Texas at San Antonio, TX:0.3651:0.0989:0.2708:362.92:109.82:0.3026:0.00:35:599:31:1:1:701770092.96
Christian Brothers University, TN:0.3804:0.0761:0.2000:312.02:62.43:0.2001:0.00:35:467:98:1:1:704421520.00
Moravian College, PA:0.4003:0.0871:0.2176:263.02:55.29:0.2102:0.00:25:498:137:1:2:719179319.70
University of North Carolina at Asheville, NC:0.3960:0.0672:0.1697:274.61:108.62:0.3955:0.00:25:579:46:1:1:731301007.88
Whitworth College, WA:0.4081:0.0816:0.1998:247.67:69.70:0.2814:0.00:21:504:109:1:2:743196768.54
College of Saint Benedict, MN:0.3810:0.0844:0.2214:315.64:90.39:0.2864:0.00:29:582:49:1:1:745123454.77
Seattle University, WA:0.3981:0.0890:0.2236:271.43:71.65:0.2640:0.00:28:517:90:1:2:747350916.92
University of Maryland at College Park, MD:0.3991:0.0848:0.2125:264.80:65.38:0.2469:0.00:24:512:107:1:1:750200560.09
University of Utah, UT:0.3942:0.0855:0.2169:277.84:109.89:0.3955:0.00:22:589:46:1:1:762622484.00
University of Dayton, OH:0.3942:0.0902:0.2289:285.67:78.11:0.2734:0.00:30:538:74:1:1:766182213.00
Bridgewater College, VA:0.3750:0.0749:0.1999:331.08:55.50:0.1676:0.00:37:462:124:1:1:770170017.75
Syracuse University, NY:0.3886:0.0729:0.1876:293.71:51.08:0.1739:0.00:31:482:159:1:1:770440816.00
North Carolina A. & T. State University, NC:0.3456:0.0711:0.2058:409.12:117.01:0.2860:0.00:47:587:29:1:1:774661220.61
Manhattan College, NY:0.3967:0.0923:0.2327:272.90:66.93:0.2452:0.00:27:518:102:1:1:775016100.59
Point Loma Nazarene College, CA:0.3629:0.0725:0.1997:361.87:87.42:0.2416:0.00:41:533:52:1:1:791222322.98
Dickinson College, PA:0.4135:0.0930:0.2249:235.76:92.86:0.3939:0.00:18:598:69:1:1:799133964.62
Randolph-Macon Woman's College, VA:0.4096:0.0863:0.2106:242.26:73.42:0.3030:0.00:19:553:99:1:1:799402577.06
Quinnipiac College, CT:0.3900:0.0750:0.1923:286.67:90.83:0.3168:0.00:32:515:69:1:1:801312618.23
University of Dallas, TX:0.4123:0.0842:0.2042:236.61:74.74:0.3159:0.00:19:531:107:1:1:802326115.45
Salem College, NC:0.3675:0.0639:0.1739:352.26:86.88:0.2466:0.00:39:540:54:1:1:803168156.78
Winona State University, MN:0.3675:0.0582:0.1583:341.07:109.12:0.3199:0.00:38:554:43:1:1:817737157.86
Bloomsburg Univ. of Pennsylvania, PA:0.3726:0.0711:0.1907:337.93:102.95:0.3046:0.00:41:546:48:1:1:831613476.33
Millsaps College, MS:0.3956:0.0782:0.1977:278.22:72.46:0.2604:0.00:24:541:92:1:1:832714692.32
Franklin Pierce College, NH:0.2296:0.0616:0.2684:595.79:16.69:0.0280:0.00:61:609:395:1089:1:840314609.81
Augustana College, IL:0.3986:0.0769:0.1930:273.60:75.19:0.2748:0.00:26:557:87:1:1:841159539.95
Rosary College, IL:0.3976:0.0811:0.2039:265.98:64.80:0.2436:0.00:25:545:114:1:1:846806097.12
University of Minnesota at Duluth, MN:0.3643:0.0837:0.2296:360.79:70.63:0.1958:0.00:38:535:72:1:1:849513446.97
Wilson College, PA:0.3627:0.0686:0.1892:366.34:71.62:0.1955:0.00:42:510:75:1:1:855990680.40
Stonehill College, MA:0.3963:0.0889:0.2244:279.61:100.52:0.3595:0.00:30:585:58:1:1:859100798.64
South Dakota State University, SD:0.3546:0.0733:0.2066:382.41:102.24:0.2674:0.00:45:577:41:1:1:859240149.76
SUNY at Albany, NY:0.4050:0.0938:0.2317:253.29:96.68:0.3817:0.00:19:592:67:1:1:861336673.10
Skidmore College, NY:0.4086:0.0879:0.2152:242.38:78.60:0.3243:0.00:21:575:94:1:1:861364628.47
Fayetteville State University, NC:0.3012:0.0806:0.2677:500.14:113.75:0.2274:0.00:60:609:26:25:1:862342352.50
Lincoln University, PA:0.3399:0.0668:0.1965:427.46:108.77:0.2545:0.00:50:596:33:1:1:863824730.52
Saint Michael's College, VT:0.3892:0.0873:0.2242:292.50:70.36:0.2406:0.00:31:509:104:1:1:866893979.19
Franklin College, IN:0.3873:0.0579:0.1495:291.22:75.75:0.2601:0.00:27:516:93:1:1:867850354.18
University of Vermont, VT:0.3918:0.0896:0.2286:287.18:82.70:0.2880:0.00:28:575:75:1:1:890602388.49
Notre Dame College, NH:0.2361:0.0408:0.1726:594.00:17.04:0.0287:0.00:61:608:369:41:1:892823468.68
Quincy University, IL:0.3821:0.0722:0.1889:308.78:64.26:0.2081:0.00:32:493:121:1:1:893091799.36
Hood College, MD:0.4030:0.0803:0.1993:258.85:66.33:0.2562:0.00:23:533:132:1:2:908732439.16
Saint Joseph's University, PA:0.4081:0.0904:0.2215:247.33:73.68:0.2979:0.00:22:558:112:1:1:910320802.15
Mississippi State University, MS:0.3659:0.0719:0.1964:354.05:54.70:0.1545:0.00:38:477:141:1:2:917564991.99
North Central College, IL:0.3892:0.0793:0.2037:295.94:57.26:0.1935:0.00:28:523:143:1:1:920872385.81
University of Illinois at Chicago, IL:0.3791:0.0741:0.1955:315.04:110.60:0.3511:0.00:28:588:50:1:1:937286168.23
Virginia State University, VA:0.2484:0.0615:0.2476:588.63:18.75:0.0318:0.00:60:609:390:17:1:942488320.69
Pembroke State University, NC:0.3569:0.0774:0.2169:378.90:102.38:0.2702:0.00:40:585:45:1:1:942659756.71
Nazareth College of Rochester, NY:0.3948:0.0785:0.1988:283.02:59.94:0.2118:0.00:28:515:154:1:2:943167396.84
Southwest State University, MN:0.3559:0.0683:0.1918:378.64:101.14:0.2671:0.00:42:565:48:1:1:950332085.70
SUNY College at New Paltz, NY:0.3781:0.0868:0.2297:329.49:119.43:0.3625:0.00:35:606:43:1:1:952632423.72
University of Evansville, IN:0.3923:0.0714:0.1819:282.95:64.30:0.2273:0.00:25:513:142:1:1:958528206.85
Central College, IA:0.3850:0.0789:0.2050:309.56:52.99:0.1712:0.00:30:501:186:1:1:961148672.21
Assumption College, MA:0.3975:0.0984:0.2476:276.99:90.96:0.3284:0.00:25:578:76:1:1:961237432.89
Beaver College, PA:0.3850:0.0821:0.2133:303.83:54.86:0.1806:0.00:28:531:158:1:1:982398229.00
Freed-Hardeman University, TN:0.3643:0.0727:0.1994:357.35:78.00:0.2183:0.00:40:530:78:1:1:982665383.53
Central Wesleyan College, SC:0.3262:0.0765:0.2345:459.65:104.67:0.2277:0.00:53:606:36:1:1:987226979.36
Rhode Island School of Design, RI:0.3633:0.0795:0.2187:354.96:142.86:0.4025:0.00:38:607:34:1:2:987917897.55
Barber Scotia College, NC:0.2276:0.0592:0.2599:597.85:18.66:0.0312:0.00:61:609:254:456:1:1006175550.98
University of Mississippi, MS:0.3806:0.0781:0.2052:315.45:74.59:0.2365:0.00:29:539:97:1:2:1008848572.00
Queens College, NC:0.3766:0.0648:0.1721:327.97:63.25:0.1928:0.00:34:509:128:1:1:1011593538.06
Marquette University, WI:0.4047:0.0900:0.2223:255.64:72.91:0.2852:0.00:19:549:132:1:1:1025950743.70
College of Notre Dame of Maryland, MD:0.3836:0.0646:0.1684:304.64:84.10:0.2761:0.00:28:535:92:2:1:1044236533.21
Mount Saint Mary College, NY:0.3747:0.0831:0.2219:334.65:87.63:0.2618:0.00:36:537:78:1:1:1049867571.62
St. Norbert College, WI:0.3851:0.0860:0.2232:307.45:97.27:0.3164:0.00:29:588:68:1:2:1057434862.19
Southwest Missouri State University, MO:0.3470:0.0762:0.2196:409.97:79.12:0.1930:0.00:45:563:66:1:1:1064052876.54
Tabor College, KS:0.3454:0.0616:0.1784:408.10:79.63:0.1951:0.00:46:540:70:1:1:1069209525.75
University of Wisconsin-Stout, WI:0.3734:0.0802:0.2147:330.48:80.85:0.2447:0.00:36:556:85:1:2:1069755800.92
University of St. Thomas, MN:0.3684:0.0919:0.2494:357.05:94.18:0.2638:0.00:35:593:60:1:1:1075428470.61
Wartburg College, IA:0.3857:0.0758:0.1966:308.18:76.11:0.2470:0.00:29:536:107:1:1:1076685583.46
Maryville College, TN:0.3844:0.0759:0.1976:310.22:102.55:0.3306:0.00:28:597:64:1:1:1085180656.74
Rutgers State University at Camden, NJ:0.3960:0.0870:0.2197:282.23:112.31:0.3979:0.00:24:607:63:6:1:1086291478.80
Mayville State University, ND:0.3115:0.0813:0.2611:488.85:102.85:0.2104:0.00:56:608:38:3:1:1088988542.18
Ouachita Baptist University, AR:0.3664:0.0674:0.1840:352.86:84.47:0.2394:0.00:39:557:76:1:1:1089577687.08
Gonzaga University, WA:0.3866:0.0805:0.2083:305.16:60.33:0.1977:0.00:29:541:153:1:1:1092818932.90
SUNY College  at Oswego, NY:0.3689:0.0745:0.2020:349.85:71.18:0.2035:0.00:37:543:100:1:1:1103217236.22
Milligan College, TN:0.3623:0.0611:0.1686:365.87:52.15:0.1425:0.00:37:495:193:1:1:1112131620.38
Alderson-Broaddus College, WV:0.2539:0.0410:0.1615:582.54:23.38:0.0401:0.00:60:607:400:14:1:1127669300.04
Shorter College, GA:0.3253:0.0588:0.1808:476.08:33.45:0.0703:0.00:50:552:349:1:1:1128141946.18
Montana State University, MT:0.3442:0.0794:0.2307:414.39:99.03:0.2390:0.00:44:587:52:1:1:1141611264.26
Moorhead State University, MN:0.3592:0.0809:0.2252:375.26:73.74:0.1965:0.00:39:562:87:1:1:1143509730.86
Adrian College, MI:0.3461:0.0564:0.1631:410.69:94.58:0.2303:0.00:49:578:57:1:1:1153529733.95
King's College, PA:0.3699:0.0772:0.2088:348.63:84.72:0.2430:0.00:38:547:86:1:1:1170943181.93
Bowling Green State University, OH:0.3687:0.0853:0.2314:351.98:53.08:0.1508:0.00:34:526:183:1:1:1172773434.24
Central Washington University, WA:0.3518:0.0840:0.2388:393.36:106.48:0.2707:0.00:45:606:51:2:1:1185509045.77
Saint Vincent College, PA:0.3559:0.0754:0.2119:386.05:87.96:0.2278:0.00:48:546:74:1:1:1186065749.12
Providence College, RI:0.3724:0.0844:0.2267:344.93:108.13:0.3135:0.00:39:591:60:1:1:1188304203.44
St. John Fisher College, NY:0.3664:0.0805:0.2198:363.54:51.83:0.1426:0.00:37:528:184:1:1:1192592647.74
Regis College, MA:0.3810:0.0886:0.2326:318.64:84.36:0.2648:0.00:31:566:94:1:1:1192598861.36
Virginia Commonwealth University, VA:0.3711:0.0754:0.2032:337.96:82.21:0.2433:0.00:34:542:98:1:1:1208910613.86
College of Saint Catherine, MN:0.3716:0.0794:0.2137:342.91:69.17:0.2017:0.00:33:568:114:1:1:1227525315.56
Canisius College, NY:0.3753:0.0886:0.2361:336.49:63.19:0.1878:0.00:35:527:157:1:2:1235085945.85
University of South Carolina at Aiken, SC:0.3272:0.0684:0.2090:454.58:103.24:0.2271:0.00:52:599:48:2:1:1241194702.05
Capitol College, MD:0.2375:0.0489:0.2061:588.51:24.36:0.0414:0.00:61:609:382:593:1:1243131124.08
Texas Wesleyan University, TX:0.3606:0.0794:0.2201:370.05:89.08:0.2407:0.00:38:564:78:1:1:1249585191.61
Randolph-Macon College, VA:0.3777:0.0760:0.2012:327.76:74.36:0.2269:0.00:32:581:109:1:1:1253890985.17
Hastings College, NE:0.3036:0.0561:0.1847:525.81:30.53:0.0581:0.00:55:581:369:1:1:1255834073.70
SUNY College at Cortland, NY:0.3590:0.0849:0.2366:379.36:114.02:0.3005:0.00:40:592:54:2:1:1256584919.66
Rider University, NJ:0.3778:0.0864:0.2287:327.89:64.74:0.1974:0.00:31:540:155:1:1:1266713690.30
Chestnut Hill College, PA:0.3712:0.0711:0.1916:339.35:72.57:0.2139:0.00:32:563:115:1:1:1268804795.78
Bentley College, MA:0.3846:0.0895:0.2328:310.82:75.83:0.2440:0.00:30:555:126:2:1:1273998877.36
University of North Carolina at Greensboro, NC:0.3596:0.0805:0.2239:378.36:79.84:0.2110:0.00:39:543:94:1:2:1274932662.16
St. Paul's College, VA:0.2475:0.0495:0.2001:588.08:23.54:0.0400:0.00:60:608:298:4:1:1279096918.00
Westminster College, MO:0.3302:0.0659:0.1994:465.42:36.17:0.0777:0.00:48:559:320:1:1:1287583708.45
Thiel College, PA:0.3407:0.0745:0.2186:433.07:86.22:0.1991:0.00:47:590:66:1:1:1291400290.52
Marshall University, WV:0.3528:0.0819:0.2321:394.65:80.63:0.2043:0.00:40:570:85:1:1:1311779422.01
University of North Carolina at Charlotte, NC:0.3684:0.0828:0.2246:352.82:65.65:0.1861:0.00:36:566:130:1:1:1312928799.30
University of North Carolina at Wilmington, NC:0.3643:0.0783:0.2149:362.86:67.32:0.1855:0.00:38:528:138:2:1:1314688334.93
Clarke College, IA:0.3521:0.0733:0.2082:396.16:62.81:0.1585:0.00:42:535:131:1:1:1316906434.92
Oakland University, MI:0.3678:0.0862:0.2345:353.94:74.55:0.2106:0.00:37:544:117:1:1:1318265587.53
SUNY College at Fredonia, NY:0.3772:0.0860:0.2281:327.65:88.87:0.2712:0.00:32:580:93:1:1:1318823168.08
Elmira College, NY:0.3725:0.0858:0.2304:347.53:71.49:0.2057:0.00:35:581:114:2:1:1322611778.06
Saint Cloud State University, MN:0.3449:0.0788:0.2285:415.73:84.76:0.2039:0.00:47:574:76:2:2:1333724370.33
Western Michigan University, MI:0.3653:0.0768:0.2103:363.50:51.98:0.1430:0.00:35:541:220:1:1:1334324706.89
Simpson College, IA:0.3657:0.0691:0.1890:362.95:69.65:0.1919:0.00:34:544:127:3:1:1338716940.21
St. Mary's University of San Antonio, TX:0.3860:0.0827:0.2142:306.48:62.15:0.2028:0.00:27:566:184:1:1:1338872470.03
Western Carolina University, NC:0.3373:0.0733:0.2174:437.54:91.53:0.2092:0.00:48:583:65:1:3:1348362469.52
College Misericordia, PA:0.3648:0.0763:0.2090:361.44:118.69:0.3284:0.00:41:593:59:1:1:1351539747.66
Center for Creative Studies, MI:0.2726:0.0685:0.2512:529.91:105.01:0.1982:0.00:61:609:43:414:1:1354322997.57
Capital University, OH:0.3846:0.0685:0.1781:307.12:76.30:0.2484:0.00:29:544:145:1:1:1355742683.07
Hartwick College, NY:0.3790:0.0805:0.2123:326.98:70.09:0.2144:0.00:32:570:137:1:1:1359519679.46
Doane College, NE:0.3427:0.0677:0.1976:427.58:72.64:0.1699:0.00:46:573:91:1:1:1362426230.10
College of Mount St. Joseph, OH:0.3158:0.0782:0.2477:475.98:118.50:0.2490:0.00:59:605:43:3:1:1363077747.93
Northeast Missouri State University, MO:0.3783:0.0702:0.1856:325.22:83.20:0.2558:0.00:32:565:112:1:1:1372797527.14
Virginia Wesleyan College, VA:0.3657:0.0749:0.2048:360.90:67.23:0.1863:0.00:38:558:134:1:1:1378535483.82
Marymount College Tarrytown, NY:0.3758:0.0863:0.2296:329.04:78.69:0.2391:0.00:31:557:123:1:1:1382154556.48
MidAmerica Nazarene College, KS:0.2513:0.0593:0.2359:568.84:67.35:0.1184:0.00:61:609:67:259:1:1391197131.41
University of Maine at Presque Isle, ME:0.3040:0.0696:0.2288:511.05:77.81:0.1523:0.00:56:597:66:2:1:1393575495.35
Saint Xavier University, IL:0.3531:0.0942:0.2669:400.87:88.15:0.2199:0.00:43:586:78:1:1:1400202536.33
University of Missouri at Saint Louis, MO:0.3347:0.0652:0.1947:449.21:42.19:0.0939:0.00:45:549:243:1:1:1409139988.90
Bemidji State University, MN:0.3288:0.0651:0.1978:451.35:98.66:0.2186:0.00:53:583:61:2:1:1417949421.74
Spalding University, KY:0.3469:0.0727:0.2095:402.22:117.62:0.2924:0.00:53:584:57:1:1:1421113420.81
Keuka College, NY:0.3498:0.0779:0.2226:400.85:99.02:0.2470:0.00:48:572:72:1:1:1428905694.66
West Chester University of Penn., PA:0.3519:0.0741:0.2106:397.24:82.86:0.2086:0.00:46:551:96:1:1:1437741452.61
Grand Valley State University, MI:0.3237:0.0623:0.1923:480.34:36.49:0.0760:0.00:49:575:310:1:1:1439770185.83
Saint Anselm College, NH:0.3609:0.0927:0.2569:380.13:105.31:0.2770:0.00:41:598:68:1:2:1442713047.17
Dana College, NE:0.2693:0.0536:0.1990:571.11:28.52:0.0499:0.00:59:605:353:7:1:1448809240.60
Embry Riddle Aeronautical University, FL:0.2467:0.0421:0.1705:586.01:27.89:0.0476:0.00:60:609:244:6:1:1455664251.45
Cornell College, IA:0.3771:0.0681:0.1805:331.98:72.44:0.2182:0.00:33:569:142:1:1:1458224356.57
Salisbury State University, MD:0.3494:0.0692:0.1979:407.40:78.15:0.1918:0.00:44:565:99:1:1:1468744008.86
Louisiana College, LA:0.3794:0.0622:0.1640:322.17:105.24:0.3267:0.00:35:600:84:1:3:1469631191.28
Xavier University, OH:0.3680:0.0802:0.2180:357.40:72.77:0.2036:0.00:37:565:130:1:1:1470764430.10
University of San Francisco, CA:0.3723:0.0841:0.2260:346.12:73.73:0.2130:0.00:33:583:128:1:1:1486268563.29
Geneva College, PA:0.3523:0.0710:0.2014:398.90:53.54:0.1342:0.00:42:551:198:1:1:1492793978.69
Eastern College, PA:0.3147:0.0579:0.1841:499.96:37.31:0.0746:0.00:52:570:271:1:1:1511297816.96
Manchester College, IN:0.3366:0.0644:0.1915:446.48:43.75:0.0980:0.00:45:563:322:1:1:1515711916.33
Saint Joseph College, CT:0.3799:0.0907:0.2387:322.61:78.54:0.2434:0.00:30:581:134:1:3:1517630085.32
La Roche College, PA:0.3002:0.0722:0.2405:528.13:53.99:0.1022:0.00:56:594:111:1:1:1528684467.71
St. Bonaventure University, NY:0.3810:0.0954:0.2504:322.46:90.47:0.2806:0.00:28:584:111:1:1:1531627853.54
Marywood College, PA:0.3353:0.0710:0.2117:450.23:45.68:0.1015:0.00:47:558:228:1:1:1547509218.45
Concordia University, IL:0.3486:0.0659:0.1891:404.60:69.65:0.1721:0.00:43:550:132:1:1:1554946118.67
La Salle University, PA:0.3794:0.0973:0.2564:326.97:100.40:0.3071:0.00:32:595:95:1:3:1559391008.51
Fort Lewis College, CO:0.3585:0.0924:0.2576:384.37:96.09:0.2500:0.00:37:594:83:1:1:1566512516.07
Centenary College, NJ:0.2439:0.0659:0.2704:585.57:29.36:0.0501:0.00:61:609:318:25:1:1591163100.31
Baker University, KS:0.3369:0.0632:0.1875:441.90:45.51:0.1030:0.00:47:564:269:1:1:1596005498.28
Longwood College, VA:0.3427:0.0763:0.2228:429.44:49.98:0.1164:0.00:44:568:205:1:1:1597098469.99
Augsburg College, MN:0.3313:0.0655:0.1976:455.24:58.78:0.1291:0.00:50:564:143:1:1:1610827516.81
Saint Peter's College, NJ:0.3529:0.0726:0.2058:399.71:55.64:0.1392:0.00:40:550:219:2:1:1612279396.57
Mankato State University, MN:0.3347:0.0751:0.2243:440.05:90.33:0.2053:0.00:50:589:80:1:1:1618608598.98
Georgia State University, GA:0.3617:0.0861:0.2381:363.41:117.19:0.3225:0.00:33:594:73:4:1:1619757335.86
University of Hartford, CT:0.3004:0.0736:0.2450:535.17:35.71:0.0667:0.00:55:601:374:1:1:1622588958.29
College of Mount St. Vincent, NY:0.3719:0.0804:0.2161:344.74:93.85:0.2722:0.00:32:599:101:1:1:1627308532.67
Loyola College, MD:0.3822:0.0885:0.2315:321.33:78.26:0.2435:0.00:29:582:150:1:1:1629515624.60
Florida Southern College, FL:0.3339:0.0716:0.2146:456.19:42.17:0.0924:0.00:47:586:323:1:2:1634305823.25
Wingate College, NC:0.3438:0.0914:0.2659:428.03:88.79:0.2074:0.00:47:588:86:1:1:1640727148.44
Mount Saint Clare College, IA:0.2092:0.0394:0.1885:594.93:37.62:0.0632:0.00:61:609:166:2539:1:1646019426.56
University of Portland, OR:0.3797:0.0941:0.2477:330.70:83.57:0.2527:0.00:28:585:133:1:2:1661402394.44
SUNY College at Potsdam, NY:0.3426:0.0683:0.1993:427.84:50.76:0.1187:0.00:43:566:224:1:1:1663864415.69
Trinity College, VT:0.3459:0.0768:0.2222:415.34:72.39:0.1743:0.00:42:571:125:1:1:1676262049.33
Castleton State College, VT:0.3693:0.0971:0.2629:353.19:87.76:0.2485:0.00:35:581:117:2:1:1682722479.34
Averett College, VA:0.2852:0.0637:0.2233:556.37:33.80:0.0608:0.00:57:604:267:5:1:1692077278.08
Christopher Newport University, VA:0.3113:0.0879:0.2824:503.78:72.91:0.1447:0.00:57:607:89:3:1:1693280877.13
University of Southern Indiana, IN:0.2812:0.0666:0.2370:552.56:57.38:0.1038:0.00:59:603:108:1:1:1695023256.02
Graceland College, IA:0.3157:0.0593:0.1880:486.82:77.92:0.1601:0.00:55:593:89:1:1:1701482929.44
Lyndon State College, VT:0.2790:0.0629:0.2256:560.88:34.12:0.0608:0.00:58:604:255:2:1:1703194277.29
Waynesburg College, PA:0.2984:0.0604:0.2023:535.18:36.11:0.0675:0.00:55:594:304:1:1:1703776199.04
Mesa State College, CO:0.2717:0.0675:0.2485:560.76:56.99:0.1016:0.00:60:609:106:2:1:1703800315.82
Saint John's College, NM:0.3436:0.0849:0.2470:420.47:83.59:0.1988:0.00:39:606:95:1:1:1706164878.17
Cedarville College, OH:0.3362:0.0558:0.1658:431.36:93.36:0.2164:0.00:53:585:85:1:1:1711607706.59
Judson College, IL:0.3093:0.0565:0.1829:489.19:94.04:0.1922:0.00:57:602:70:2:1:1713076792.71
Eastern Connecticut State University, CT:0.3391:0.0685:0.2020:436.39:54.07:0.1239:0.00:47:551:219:1:1:1715483974.21
Lamar University, TX:0.3059:0.0700:0.2289:496.39:95.72:0.1928:0.00:58:606:67:2:1:1715918955.43
College of Saint Elizabeth, NJ:0.3680:0.0701:0.1904:357.50:73.14:0.2046:0.00:36:543:184:1:1:1727277830.78
Evergreen State College, WA:0.3506:0.0816:0.2326:397.70:104.12:0.2618:0.00:42:608:79:2:1:1730516269.33
Walsh University, OH:0.3459:0.0568:0.1643:403.80:99.32:0.2460:0.00:53:590:86:1:1:1738256347.66
Viterbo College, WI:0.3332:0.0666:0.1998:444.94:79.78:0.1793:0.00:52:577:104:1:1:1746187329.82
University of Rhode Island, RI:0.3612:0.0892:0.2468:376.75:96.96:0.2574:0.00:39:600:95:2:1:1752558835.59
Loyola University, LA:0.3537:0.0791:0.2236:398.40:58.13:0.1459:0.00:39:567:215:1:1:1752730873.25
SUNY College  at Brockport, NY:0.3434:0.0806:0.2347:421.45:108.84:0.2582:0.00:49:601:73:2:1:1767996184.24
Millikin University, IL:0.3580:0.0709:0.1980:385.97:62.75:0.1626:0.00:41:550:224:1:1:1768512220.02
Georgetown College, KY:0.3676:0.0694:0.1887:355.27:72.55:0.2042:0.00:36:578:167:1:1:1769029440.06
George Mason University, VA:0.3615:0.0912:0.2523:375.06:90.25:0.2406:0.00:38:577:114:1:2:1786689126.21
Lander University, SC:0.3170:0.0746:0.2355:493.93:53.80:0.1089:0.00:54:582:160:1:1:1794109322.22
Webster University, MO:0.3227:0.0650:0.2015:480.70:50.98:0.1061:0.00:51:575:191:2:1:1797544464.72
Malone College, OH:0.2824:0.0543:0.1922:546.21:57.04:0.1044:0.00:59:606:119:1:1:1805447775.06
Saint Ambrose University, IA:0.3002:0.0638:0.2126:531.13:39.53:0.0744:0.00:56:590:327:1:1:1805733190.32
Kentucky Wesleyan College, KY:0.3305:0.0587:0.1776:458.68:55.45:0.1209:0.00:50:561:194:1:1:1810840840.66
Saint Francis College, PA:0.3318:0.0652:0.1966:459.75:47.95:0.1043:0.00:49:576:305:1:1:1822267822.38
Guilford College, NC:0.3577:0.0815:0.2278:390.04:61.87:0.1586:0.00:37:580:198:1:1:1825111935.37
University of New England, ME:0.3392:0.0729:0.2150:438.02:67.08:0.1531:0.00:45:586:139:1:1:1825525151.01
St. John's College, MD:0.3480:0.0676:0.1943:405.19:89.42:0.2207:0.00:39:605:100:1:1:1829621167.51
Anderson University, IN:0.3158:0.0552:0.1748:492.27:48.86:0.0992:0.00:54:575:208:1:1:1835971610.21
Allentown Coll. of St. Francis de Sales, PA:0.3800:0.0741:0.1951:321.01:93.80:0.2922:0.00:31:587:135:1:1:1837356605.85
William Woods University, MO:0.2848:0.0609:0.2138:550.22:43.09:0.0783:0.00:58:604:185:2:1:1837896393.54
Bradley University, IL:0.3693:0.0852:0.2308:359.09:81.39:0.2266:0.00:35:590:142:1:1:1859141451.43
Valley City State University, ND:0.2514:0.0548:0.2180:574.50:55.95:0.0974:0.00:60:609:118:6:1:1862385565.55
Tiffin University, OH:0.2793:0.0688:0.2464:556.38:52.66:0.0946:0.00:60:607:135:1:1:1866945808.26
Arkansas Tech University, AR:0.2800:0.0675:0.2412:554.14:52.52:0.0948:0.00:59:608:137:8:1:1877922935.41
Kansas Wesleyan University, KS:0.2830:0.0671:0.2370:555.93:37.87:0.0681:0.00:59:608:359:4:1:1882018690.91
D'Youville College, NY:0.3213:0.0613:0.1909:479.91:80.03:0.1668:0.00:54:599:98:2:1:1885752571.14
Carson-Newman College, TN:0.3396:0.0635:0.1869:432.63:61.50:0.1422:0.00:47:565:188:1:1:1885826528.69
Belmont University, TN:0.3377:0.0530:0.1568:433.27:66.11:0.1526:0.00:48:559:170:1:1:1894204585.43
LeTourneau University, TX:0.3405:0.0623:0.1829:430.43:63.85:0.1483:0.00:49:563:184:1:1:1916662106.76
Northern Illinois University, IL:0.3363:0.0732:0.2176:446.57:57.21:0.1281:0.00:47:568:209:1:2:1916949485.39
Franciscan University of Steubenville, OH:0.3324:0.0782:0.2351:453.20:81.00:0.1787:0.00:52:599:106:1:1:1918342356.02
Benedictine College, KS:0.3006:0.0790:0.2627:532.32:40.24:0.0756:0.00:55:607:354:1:1:1918519269.86
Saint Francis College, IN:0.2778:0.0694:0.2499:559.00:41.87:0.0749:0.00:59:608:202:1:1:1919691676.45
Northwest Missouri State University, MO:0.2982:0.0685:0.2295:530.97:46.93:0.0884:0.00:56:600:187:1:1:1924335270.56
Southern Illinois University at Edwardsville, IL:0.3383:0.0770:0.2275:435.20:82.91:0.1905:0.00:47:585:113:1:1:1924365406.09
Marian College of Fond du Lac, WI:0.2607:0.0497:0.1906:571.18:40.46:0.0708:0.00:60:608:213:3:2:1944306477.85
Philadelphia Coll. of Textiles and Sci., PA:0.3130:0.0707:0.2260:505.51:45.41:0.0898:0.00:54:589:337:1:1:1949641885.06
Seton Hall University, NJ:0.3432:0.0818:0.2383:432.88:54.31:0.1255:0.00:42:576:285:1:1:1949758456.17
Tusculum College, TN:0.3282:0.0681:0.2074:465.63:72.54:0.1558:0.00:50:592:124:2:2:1960200286.79
Hampton University, VA:0.3421:0.0668:0.1953:423.76:97.44:0.2299:0.00:49:596:95:1:1:1965141105.70
Albertson College, ID:0.3540:0.0632:0.1785:396.55:78.53:0.1980:0.00:45:568:152:1:1:1969125244.94
Arizona State University Main campus, AZ:0.3632:0.0876:0.2411:372.36:86.38:0.2320:0.00:34:594:133:1:1:1972084147.92
McPherson College, KS:0.3050:0.0503:0.1650:506.37:85.67:0.1692:0.00:58:600:89:1:1:1972874385.63
Briar Cliff College, IA:0.2966:0.0578:0.1948:532.11:41.63:0.0782:0.00:56:597:303:1:1:1973309453.42
Cabrini College, PA:0.3404:0.0767:0.2254:430.76:78.20:0.1815:0.00:48:584:129:1:1:1977114702.56
Chapman University, CA:0.3401:0.0721:0.2119:434.21:58.33:0.1343:0.00:44:582:213:2:1:1990765352.18
Barry University, FL:0.3362:0.0806:0.2397:451.73:52.53:0.1163:0.00:45:580:286:1:1:1995142332.00
Husson College, ME:0.2648:0.0755:0.2851:561.34:66.23:0.1180:0.00:60:609:107:10:1:1997057532.07
Western State College of Colorado, CO:0.3404:0.0818:0.2402:429.65:100.00:0.2328:0.00:49:602:91:2:1:1997978939.37
Dowling College, NY:0.3199:0.0772:0.2414:484.03:69.05:0.1427:0.00:55:593:130:1:1:2011651181.13
McKendree College, IL:0.3371:0.0675:0.2003:440.17:85.70:0.1947:0.00:46:603:108:1:1:2016549210.37
Jersey City State College, NJ:0.3243:0.0647:0.1994:454.75:116.38:0.2559:0.00:58:604:72:3:1:2027184084.33
Merrimack College, MA:0.3448:0.0801:0.2324:427.37:62.13:0.1454:0.00:44:581:201:1:1:2028142653.03
Illinois State University, IL:0.3389:0.0798:0.2355:441.49:58.40:0.1323:0.00:45:578:221:1:1:2034263846.62
St. Thomas Aquinas College, NY:0.3199:0.0757:0.2367:493.50:47.68:0.0966:0.00:51:596:259:1:1:2053914380.29
Morningside College, IA:0.3125:0.0602:0.1926:499.58:54.71:0.1095:0.00:54:582:195:2:1:2062499723.23
SUNY College at Plattsburgh, NY:0.3614:0.0862:0.2385:374.42:88.85:0.2373:0.00:35:599:134:1:1:2072879932.48
Phillips University, OK:0.2991:0.0526:0.1759:529.29:44.46:0.0840:0.00:56:599:261:1:1:2076092884.96
Fresno Pacific College, CA:0.3521:0.0665:0.1890:391.59:133.25:0.3403:0.00:48:607:75:1:1:2081939585.12
College of Saint Rose, NY:0.3408:0.0672:0.1973:432.54:65.16:0.1506:0.00:45:593:179:2:1:2088579518.42
Marymount Manhattan College, NY:0.3384:0.0717:0.2120:437.93:56.50:0.1290:0.00:42:592:243:2:1:2098382873.08
Fisk University, TN:0.3431:0.0623:0.1816:423.76:66.33:0.1565:0.00:39:584:190:1:1:2104084737.40
Oklahoma Christian University, OK:0.3089:0.0656:0.2125:501.70:77.76:0.1550:0.00:56:608:108:1:1:2106716702.65
Lambuth University, TN:0.3238:0.0623:0.1923:475.02:61.11:0.1287:0.00:51:579:185:2:1:2115949601.53
College of St. Scholastica, MN:0.3529:0.0702:0.1989:394.50:85.33:0.2163:0.00:38:590:140:1:1:2120647666.18
Elon College, NC:0.3231:0.0735:0.2274:483.96:57.81:0.1194:0.00:52:599:184:1:1:2136281368.31
Westminster College of Salt Lake City, UT:0.3367:0.0687:0.2040:445.08:64.90:0.1458:0.00:45:591:180:1:1:2137105927.39
Bethany College, KS:0.2975:0.0612:0.2058:533.30:44.34:0.0832:0.00:55:606:266:2:1:2138796159.05
Elizabethtown College, PA:0.3719:0.0689:0.1854:347.08:90.59:0.2610:0.00:32:595:155:1:1:2144327484.65
Augustana College, SD:0.3430:0.0712:0.2076:425.36:62.69:0.1474:0.00:43:589:217:1:1:2152636744.11
North Carolina Wesleyan College, NC:0.2983:0.0776:0.2602:536.61:44.35:0.0826:0.00:57:605:289:2:1:2173316088.75
Spring Arbor College, MI:0.2803:0.0554:0.1976:549.54:55.53:0.1011:0.00:59:606:160:3:1:2177715406.34
Schreiner College, TX:0.3045:0.0467:0.1534:517.93:48.60:0.0938:0.00:56:594:256:1:1:2177954158.42
Monmouth College, NJ:0.3284:0.0752:0.2289:470.06:58.43:0.1243:0.00:48:592:206:1:1:2183831896.02
Georgian Court College, NJ:0.3246:0.0670:0.2065:471.84:64.64:0.1370:0.00:52:570:187:3:1:2184470311.93
Texas Lutheran College, TX:0.3289:0.0516:0.1570:455.29:72.30:0.1588:0.00:52:580:157:1:1:2185924671.92
Ursuline College, OH:0.2936:0.0621:0.2115:537.67:45.89:0.0854:0.00:59:602:343:3:1:2192042694.97
SUNY College at Purchase, NY:0.3422:0.0911:0.2663:424.84:109.76:0.2584:0.00:56:604:92:1:2:2196494047.84
Albertus Magnus College, CT:0.3618:0.0930:0.2571:379.00:89.33:0.2357:0.00:35:602:141:2:1:2200726838.76
Delta State University, MS:0.3083:0.0628:0.2038:503.33:66.51:0.1321:0.00:56:601:144:1:1:2202846648.84
University of Southern Colorado, CO:0.2890:0.0809:0.2799:543.30:53.68:0.0988:0.00:59:609:174:4:1:2207382629.69
Greensboro College, NC:0.3084:0.0675:0.2190:512.54:51.58:0.1006:0.00:53:594:232:2:1:2220407356.29
Westfield State College, MA:0.3470:0.0831:0.2394:413.10:83.92:0.2032:0.00:41:597:141:2:2:2229104354.74
Tri-State University, IN:0.2898:0.0579:0.1998:544.30:44.67:0.0821:0.00:57:606:300:3:1:2231934977.23
Northeastern University, MA:0.3269:0.0721:0.2206:473.39:55.12:0.1164:0.00:48:595:246:1:1:2240369510.98
Saint Mary's College of Minnesota, MN:0.3351:0.0830:0.2477:450.43:67.99:0.1509:0.00:49:602:170:1:1:2248900013.35
Saint Joseph's College, IN:0.3228:0.0578:0.1790:478.73:54.96:0.1148:0.00:53:585:301:1:1:2249183781.43
Rockhurst College, MO:0.3386:0.0783:0.2313:440.49:67.71:0.1537:0.00:44:592:186:1:1:2252162845.62
Huntingdon College, AL:0.2946:0.0618:0.2098:538.06:45.65:0.0848:0.00:57:606:305:1:1:2254762649.87
University of Maine at Machias, ME:0.2816:0.0567:0.2012:550.00:48.40:0.0880:0.00:59:606:225:1:1:2282099210.67
Gannon University, PA:0.2972:0.0519:0.1746:530.13:49.58:0.0935:0.00:58:597:342:3:1:2292008842.58
Wayne State College, NE:0.3084:0.0726:0.2355:502.84:72.98:0.1451:0.00:57:608:131:5:1:2293103855.22
Bradford College, MA:0.3105:0.0689:0.2219:505.00:56.30:0.1115:0.00:53:594:211:3:1:2297550666.75
Seton Hill College, PA:0.3435:0.0716:0.2086:426.37:81.10:0.1902:0.00:43:602:148:1:1:2323357245.52
Keene State College, NH:0.3233:0.0768:0.2375:480.52:60.71:0.1264:0.00:51:594:205:1:1:2326524147.89
Pacific University, OR:0.3592:0.0671:0.1867:381.60:95.52:0.2503:0.00:41:589:144:1:1:2335729548.34
Iona College, NY:0.3170:0.0781:0.2463:500.15:52.05:0.1041:0.00:50:603:269:1:1:2338734614.67
Gardner Webb University, NC:0.2848:0.0581:0.2041:547.12:52.65:0.0962:0.00:59:607:201:2:2:2350798371.45
Worcester State College, MA:0.2867:0.0635:0.2214:544.06:62.13:0.1142:0.00:59:606:154:6:1:2352830141.63
Wilkes University, PA:0.3433:0.0872:0.2541:433.36:66.18:0.1527:0.00:42:586:238:1:1:2375273740.70
Eastern Illinois University, IL:0.3324:0.0751:0.2260:455.22:66.93:0.1470:0.00:50:594:196:1:1:2376770191.06
Central Connecticut State University, CT:0.3047:0.0735:0.2412:519.65:64.26:0.1237:0.00:56:605:160:1:1:2377687404.93
Lakeland College, WI:0.3079:0.0627:0.2036:508.30:60.36:0.1188:0.00:55:606:186:1:1:2396987908.93
Western New England College, MA:0.3269:0.0915:0.2799:472.08:81.03:0.1716:0.00:56:602:134:2:1:2398857326.86
Angelo State University, TX:0.3286:0.0585:0.1779:449.27:102.90:0.2290:0.00:53:604:104:3:3:2403886998.10
George Fox College, OR:0.2986:0.0510:0.1709:527.48:51.23:0.0971:0.00:57:597:291:1:1:2406328240.02
SUNY College at Buffalo, NY:0.3210:0.0711:0.2215:480.60:77.97:0.1622:0.00:56:599:140:1:2:2407844919.61
Immaculata College, PA:0.3246:0.0670:0.2064:471.31:68.05:0.1444:0.00:53:596:183:1:1:2424000789.83
Wesley College, DE:0.3038:0.0742:0.2442:517.87:69.45:0.1341:0.00:57:599:152:2:1:2443818307.44
Marist College, NY:0.3373:0.0812:0.2407:443.41:83.56:0.1884:0.00:44:603:144:1:1:2448812828.63
Mount Mercy College, IA:0.2934:0.0569:0.1941:529.52:63.05:0.1191:0.00:59:602:170:2:1:2451843049.54
Morris College, SC:0.2853:0.0670:0.2348:546.14:54.71:0.1002:0.00:59:609:202:1:1:2456681001.99
University of Northern Colorado, CO:0.3206:0.0716:0.2233:485.05:60.33:0.1244:0.00:53:589:244:2:2:2463539739.42
Alverno College, WI:0.3210:0.0569:0.1772:465.87:91.68:0.1968:0.00:56:603:122:3:1:2506340592.70
Eureka College, IL:0.3570:0.0679:0.1903:387.67:92.99:0.2399:0.00:36:595:161:1:2:2518933508.21
Hofstra University, NY:0.3538:0.0827:0.2338:402.26:71.61:0.1780:0.00:36:599:252:1:1:2518978521.59
Prairie View A. and M. University, TX:0.2804:0.0821:0.2930:549.36:62.08:0.1130:0.00:60:609:168:12:1:2526721154.06
Belmont Abbey College, NC:0.3131:0.0800:0.2555:508.12:55.56:0.1093:0.00:54:602:330:10:1:2533963227.22
Northern Arizona University, AZ:0.3360:0.0751:0.2235:445.98:67.77:0.1520:0.00:41:595:233:1:1:2549202832.57
Huntington College, IN:0.3226:0.0709:0.2199:480.68:58.64:0.1220:0.00:51:604:293:1:1:2568470327.83
Lock Haven University of Pennsylvania, PA:0.3085:0.0524:0.1698:502.25:75.45:0.1502:0.00:57:603:150:1:1:2575021908.46
Xavier University of Louisiana, LA:0.3379:0.0648:0.1918:439.94:74.58:0.1695:0.00:46:592:201:1:1:2578766190.62
Rivier College, NH:0.2949:0.0753:0.2552:536.46:58.85:0.1097:0.00:58:604:205:1:1:2582501757.01
Our Lady of the Lake University, TX:0.3050:0.0506:0.1658:508.92:78.65:0.1545:0.00:57:608:142:1:1:2648724248.76
Pikeville College, KY:0.2910:0.0595:0.2043:537.58:53.52:0.0996:0.00:58:608:288:1:1:2651529976.83
Mercyhurst College, PA:0.3161:0.0663:0.2099:488.93:77.07:0.1576:0.00:57:594:164:2:1:2657315233.81
Green Mountain College, VT:0.3357:0.0879:0.2620:452.47:70.13:0.1550:0.00:46:598:224:1:1:2658197962.91
Sacred Heart University, CT:0.3267:0.0814:0.2493:475.41:70.36:0.1480:0.00:51:602:198:1:1:2675559810.26
Warren Wilson College, NC:0.3352:0.0698:0.2082:443.86:72.24:0.1628:0.00:42:605:216:2:1:2694138469.89
Lynchburg College, VA:0.2978:0.0747:0.2508:530.60:56.78:0.1070:0.00:58:607:275:6:2:2750606865.73
University of Indianapolis, IN:0.3018:0.0602:0.1994:521.59:58.50:0.1122:0.00:57:602:283:3:1:2754690723.10
Saint Joseph's College, ME:0.2970:0.0928:0.3126:528.12:74.68:0.1414:0.00:60:608:156:3:1:2780851811.78
Alaska Pacific University, AK:0.2852:0.0706:0.2475:538.87:60.47:0.1122:0.00:60:609:222:105:1:2799490872.87
Newberry College, SC:0.3131:0.0730:0.2331:497.86:78.47:0.1576:0.00:55:607:163:3:1:2827506477.88
Cumberland College, KY:0.2986:0.0528:0.1768:513.10:76.00:0.1481:0.00:59:606:165:1:1:2837421110.83
North Adams State College, MA:0.3093:0.0722:0.2333:505.38:72.19:0.1428:0.00:56:608:185:1:1:2855021234.24
University of Dubuque, IA:0.3201:0.0932:0.2912:484.41:86.47:0.1785:0.00:58:609:149:2:1:2871097771.04
Point Park College, PA:0.3035:0.0822:0.2708:516.86:72.05:0.1394:0.00:58:606:184:1:1:2891727808.50
Johnson State College, VT:0.3101:0.0864:0.2788:504.40:73.21:0.1451:0.00:59:606:198:1:1:2983117863.09
