1:0.7013:California Institute of Technology, CA:1.00:0.74:0.41:0.98:0.98:1.00:1.00:0.15:0.83:0.36:0.67
2:0.6626:Harvard University, MA:0.51:0.84:0.74:0.90:0.90:0.97:0.97:0.10:1.00:0.52:0.56
3:0.6445:Princeton University, NJ:0.37:0.85:0.56:0.90:0.90:0.96:0.91:0.12:0.99:0.54:0.57
4:0.6418:Dartmouth College, NH:0.41:0.74:0.48:0.87:0.87:0.99:0.95:0.21:0.98:0.49:0.44
5:0.6388:Duke University, NC:0.38:0.72:0.41:0.90:0.90:0.96:0.95:0.20:0.97:0.44:0.53
6:0.6245:Stanford University, CA:0.46:0.78:0.55:0.88:0.88:0.99:0.98:0.10:0.96:0.25:0.64
7:0.6241:Rice University, TX:0.50:0.81:0.42:0.87:0.87:1.00:0.91:0.12:0.91:0.39:0.53
8:0.6179:Massachusetts Institute of Technology, MA:0.44:0.67:0.50:0.96:0.96:0.99:0.99:0.10:0.94:0.35:0.59
9:0.6023:Amherst College, MA:0.27:0.77:0.42:0.83:0.83:0.98:0.93:0.12:1.00:0.63:0.57
10:0.5985:Columbia University, NY:0.44:0.71:0.45:0.78:0.78:0.98:0.97:0.17:0.99:0.21:0.52
11:0.5975:Brown University, RI:0.25:0.74:0.45:0.87:0.87:1.00:0.99:0.13:0.97:0.39:0.56
12:0.5865:University of Pennsylvania, PA:0.33:0.58:0.47:0.85:0.85:0.96:0.95:0.16:0.93:0.38:0.54
13:0.5823:Harvey Mudd College, CA:0.29:0.58:0.31:0.95:0.95:1.00:1.00:0.12:1.00:0.46:0.50
14:0.5733:University of North Carolina at Chapel Hill, NC:0.89:0.59:0.56:0.75:0.75:0.93:0.88:0.11:0.83:0.23:0.45
15:0.5677:University of Chicago, IL:0.52:0.53:0.31:0.68:0.68:0.99:0.99:0.19:0.90:0.36:0.58
16:0.5662:Williams College, MA:0.28:0.70:0.42:0.81:0.81:0.99:0.94:0.11:0.99:0.64:0.36
17:0.5598:University of Virginia, VA:0.55:0.66:0.50:0.74:0.74:0.92:0.90:0.11:0.95:0.22:0.46
18:0.5537:Swarthmore College, PA:0.31:0.61:0.33:0.81:0.81:0.97:0.93:0.11:0.95:0.58:0.42
19:0.5503:Cornell University, NY:0.30:0.63:0.46:0.81:0.81:0.91:0.91:0.14:0.93:0.22:0.45
20:0.5465:Emory University, GA:0.43:0.51:0.30:0.76:0.76:0.98:0.97:0.20:0.96:0.28:0.37
21:0.5392:Wellesley College, MA:0.29:0.57:0.46:0.80:0.80:0.98:0.94:0.09:0.91:0.51:0.44
22:0.5360:Pomona College, CA:0.27:0.63:0.35:0.80:0.80:0.98:0.94:0.11:0.91:0.47:0.37
23:0.5323:Washington and Lee University, VA:0.27:0.67:0.39:0.68:0.68:0.96:0.81:0.10:0.90:0.45:0.61
24:0.5319:Georgetown University, DC:0.24:0.74:0.48:0.71:0.71:0.92:0.91:0.14:0.95:0.27:0.36
25:0.5306:University of California at Los Angeles, CA:0.50:0.53:0.34:0.93:0.93:0.99:0.97:0.08:0.77:0.09:0.55
26:0.5283:Bowdoin College, ME:0.25:0.70:0.41:0.76:0.76:0.96:0.93:0.09:0.96:0.52:0.33
27:0.5274:Davidson College, NC:0.25:0.60:0.47:0.77:0.77:0.97:0.95:0.08:0.94:0.46:0.46
28:0.5249:Claremont McKenna College, CA:0.26:0.59:0.30:0.71:0.71:0.99:0.99:0.10:0.87:0.52:0.54
29:0.5138:University of California at Berkeley, CA:0.29:0.58:0.39:0.95:0.95:0.97:0.93:0.06:0.78:0.10:0.62
30:0.5068:Haverford College, PA:0.20:0.56:0.31:0.76:0.76:0.99:0.94:0.09:0.95:0.51:0.42
31:0.5055:Washington University, MO:0.70:0.31:0.24:0.62:0.62:0.98:0.91:0.26:0.90:0.31:0.43
32:0.5012:University of Notre Dame, IN:0.19:0.52:0.52:0.79:0.79:0.92:0.96:0.08:0.97:0.46:0.43
33:0.4952:Georgia Institute of Technology, GA:0.50:0.42:0.50:0.89:0.89:0.92:0.92:0.05:0.70:0.33:0.38
34:0.4947:College of William and Mary, VA:0.34:0.56:0.39:0.68:0.68:0.92:0.89:0.08:0.93:0.31:0.39
35:0.4943:Vanderbilt University, TN:0.32:0.40:0.32:0.71:0.71:0.98:0.93:0.17:0.83:0.26:0.44
36:0.4844:Bryn Mawr College, PA:0.21:0.45:0.39:0.71:0.71:1.00:1.00:0.08:0.89:0.49:0.50
37:0.4835:Carleton College, MN:0.25:0.41:0.31:0.75:0.75:0.93:0.81:0.10:0.91:0.60:0.44
38:0.4709:Rose-Hulman Institute of Technology, IN:0.24:0.45:0.21:0.73:0.73:0.91:0.91:0.07:0.97:0.42:0.50
39:0.4707:Pepperdine University, CA:0.20:0.47:0.33:0.86:0.86:0.98:0.95:0.09:0.66:0.13:0.56
40:0.4696:Wesleyan University, CT:0.18:0.59:0.36:0.60:0.60:0.94:0.90:0.08:0.92:0.39:0.50
41:0.4682:University of California at San Diego, CA:0.38:0.41:0.22:0.95:0.95:1.00:1.00:0.07:0.66:0.06:0.55
42:0.4677:New York University, NY:0.27:0.47:0.35:0.70:0.70:0.98:0.87:0.13:0.71:0.16:0.43
43:0.4602:University of Michigan at Ann Arbor, MI:0.48:0.32:0.38:0.66:0.66:0.98:0.90:0.09:0.87:0.26:0.43
44:0.4586:University of Rochester, NY:0.37:0.37:0.23:0.56:0.56:0.99:0.93:0.17:0.80:0.23:0.50
45:0.4562:Tufts University, MA:0.23:0.53:0.33:0.60:0.60:1.00:0.99:0.10:0.92:0.22:0.37
46:0.4531:Smith College, MA:0.28:0.45:0.40:0.51:0.51:0.97:0.85:0.10:0.90:0.44:0.48
47:0.4523:Colorado College, CO:0.21:0.51:0.31:0.56:0.56:0.97:0.85:0.09:0.84:0.51:0.47
48:0.4521:Carnegie Mellon University, PA:0.35:0.40:0.23:0.60:0.60:0.93:0.86:0.11:0.74:0.31:0.49
49:0.4475:Sarah Lawrence College, NY:0.16:0.44:0.34:0.57:0.57:0.93:0.89:0.16:0.83:0.18:0.57
50:0.4437:Colby College, ME:0.19:0.54:0.35:0.58:0.58:0.94:0.83:0.10:0.91:0.41:0.31
51:0.4430:Case Western Reserve University, OH:0.32:0.19:0.23:0.71:0.71:0.95:0.95:0.34:0.67:0.29:0.40
52:0.4354:College of the Holy Cross, MA:0.13:0.44:0.39:0.70:0.70:0.96:0.92:0.09:0.95:0.55:0.24
53:0.4348:Vassar College, NY:0.21:0.47:0.35:0.53:0.53:0.98:0.90:0.10:0.90:0.39:0.33
54:0.4326:Bard College, NY:0.15:0.56:0.34:0.50:0.50:0.98:0.98:0.10:0.79:0.30:0.48
55:0.4312:University of California at Irvine, CA:0.36:0.31:0.23:0.85:0.85:0.96:0.96:0.06:0.66:0.11:0.47
56:0.4312:SUNY at Binghamton, NY:0.31:0.57:0.28:0.60:0.60:1.00:0.83:0.06:0.80:0.15:0.37
57:0.4292:Macalester College, MN:0.21:0.49:0.30:0.56:0.56:0.91:0.85:0.08:0.77:0.37:0.38
58:0.4274:Grinnell College, IA:0.32:0.32:0.31:0.56:0.56:0.92:0.88:0.11:0.83:0.54:0.33
59:0.4252:University of the South, TN:0.33:0.33:0.34:0.46:0.46:0.93:0.89:0.10:0.82:0.52:0.54
60:0.4246:Union College, NY:0.18:0.51:0.31:0.49:0.49:0.96:0.94:0.09:0.88:0.49:0.35
61:0.4230:Colgate University, NY:0.18:0.49:0.29:0.46:0.46:0.98:0.95:0.10:0.93:0.45:0.39
62:0.4196:Scripps College, CA:0.24:0.26:0.22:0.60:0.60:1.00:0.95:0.12:0.73:0.41:0.52
63:0.4194:Oberlin College, OH:0.19:0.42:0.25:0.50:0.50:0.96:0.77:0.10:0.83:0.47:0.51
64:0.4162:Trinity University, TX:0.28:0.25:0.33:0.62:0.62:0.96:0.94:0.10:0.93:0.20:0.44
65:0.4153:Trinity College, CT:0.23:0.41:0.27:0.46:0.46:0.96:0.91:0.10:0.91:0.48:0.39
66:0.4153:Boston College, MA:0.11:0.53:0.35:0.66:0.66:0.95:0.95:0.06:0.90:0.27:0.30
67:0.4149:Occidental College, CA:0.23:0.43:0.28:0.52:0.52:0.93:0.91:0.10:0.79:0.30:0.35
68:0.4134:Arkansas College (Lyon College), AR:0.39:0.53:0.50:0.46:0.46:0.88:0.79:0.08:0.54:0.24:0.33
69:0.4079:Connecticut College, CT:0.17:0.49:0.28:0.42:0.42:0.95:0.86:0.09:0.91:0.40:0.45
70:0.4041:Illinois Wesleyan University, IL:0.14:0.56:0.35:0.55:0.55:0.92:0.77:0.08:0.83:0.34:0.25
71:0.4040:California Polytechnic-San Luis, CA:0.32:0.51:0.43:0.47:0.47:0.81:0.72:0.05:0.59:0.13:0.76
72:0.4039:Trenton State College, NJ:0.26:0.54:0.41:0.55:0.55:0.87:0.81:0.07:0.81:0.06:0.35
73:0.4035:Whitman College, WA:0.18:0.46:0.36:0.45:0.45:0.83:0.80:0.10:0.72:0.51:0.40
74:0.4012:Barnard College, NY:0.12:0.44:0.38:0.53:0.53:0.93:0.83:0.10:0.91:0.33:0.32
75:0.3961:Brandeis University, MA:0.20:0.34:0.27:0.48:0.48:0.97:0.90:0.10:0.84:0.24:0.47
76:0.3945:Drew University, NJ:0.18:0.27:0.20:0.56:0.56:0.97:0.93:0.10:0.83:0.28:0.56
77:0.3913:Mount Holyoke College, MA:0.22:0.27:0.40:0.47:0.47:0.91:0.79:0.11:0.84:0.51:0.38
78:0.3905:Bucknell University, PA:0.16:0.42:0.23:0.49:0.49:0.97:0.95:0.07:0.93:0.36:0.35
79:0.3871:St. Mary's College of Maryland, MD:0.32:0.48:0.41:0.42:0.42:0.89:0.84:0.09:0.63:0.23:0.25
80:0.3853:University of California at Riverside, CA:0.28:0.23:0.19:0.80:0.80:0.99:0.98:0.07:0.62:0.08:0.41
81:0.3839:Birmingham-Southern College, AL:0.14:0.27:0.49:0.67:0.67:0.79:0.74:0.07:0.72:0.34:0.38
82:0.3835:Texas A&M Univ. at College Station, TX:0.41:0.27:0.61:0.49:0.49:0.91:0.89:0.04:0.69:0.29:0.42
83:0.3815:Agnes Scott College, GA:0.35:0.16:0.39:0.60:0.60:0.97:0.92:0.13:0.59:0.37:0.29
84:0.3806:University of Texas at Austin, TX:0.31:0.35:0.56:0.48:0.48:0.99:0.91:0.05:0.65:0.11:0.47
85:0.3785:Pennsylvania State Univ. Main Campus, PA:0.26:0.46:0.33:0.48:0.48:0.96:0.77:0.06:0.63:0.19:0.35
86:0.3782:Lehigh University, PA:0.17:0.33:0.25:0.40:0.40:0.99:0.96:0.08:0.91:0.43:0.52
87:0.3778:Lawrence University, WI:0.20:0.24:0.34:0.50:0.50:0.92:0.76:0.10:0.77:0.57:0.40
88:0.3771:Pitzer College, CA:0.17:0.44:0.35:0.37:0.37:1.00:1.00:0.10:0.73:0.11:0.57
89:0.3768:Kenyon College, OH:0.18:0.30:0.27:0.44:0.44:0.95:0.95:0.09:0.88:0.46:0.37
90:0.3764:University of Minnesota at Morris, MN:0.26:0.40:0.67:0.56:0.56:0.78:0.74:0.07:0.51:0.16:0.24
91:0.3758:University of Minnesota Twin Cities, MN:0.59:0.42:0.55:0.26:0.26:0.90:0.88:0.08:0.45:0.37:0.51
92:0.3756:University of California at Santa Cruz, CA:0.22:0.20:0.20:0.94:0.94:1.00:0.94:0.05:0.59:0.10:0.45
93:0.3741:SUNY College at Geneseo, NY:0.22:0.47:0.25:0.56:0.56:0.84:0.79:0.05:0.76:0.25:0.20
94:0.3704:University of Georgia, GA:0.35:0.30:0.42:0.43:0.43:0.95:0.88:0.07:0.63:0.22:0.39
95:0.3696:George Washington University, DC:0.17:0.36:0.29:0.38:0.38:0.93:0.92:0.13:0.72:0.15:0.50
96:0.3690:Tulane University, LA:0.21:0.27:0.24:0.47:0.47:0.98:0.98:0.11:0.74:0.21:0.38
97:0.3673:Wabash College, IN:0.28:0.22:0.41:0.41:0.41:0.85:0.78:0.10:0.72:0.55:0.42
98:0.3668:Reed College, OR:0.19:0.27:0.23:0.47:0.47:0.90:0.90:0.08:0.68:0.37:0.48
99:0.3660:Stevens Institute of Technology, NJ:0.16:0.29:0.30:0.51:0.51:0.89:0.89:0.05:0.79:0.33:0.48
100:0.3655:Pace University, NY:0.17:0.55:0.41:0.37:0.37:0.95:0.90:0.07:0.62:0.10:0.47
101:0.3647:University of Illinois - Urbana, IL:0.28:0.22:0.49:0.52:0.52:0.90:0.87:0.06:0.81:0.13:0.50
102:0.3636:SUNY at Buffalo, NY:0.45:0.36:0.32:0.36:0.36:0.97:0.90:0.07:0.56:0.15:0.41
103:0.3635:North Carolina State University at Raleigh, NC:0.36:0.34:0.45:0.39:0.39:0.98:0.92:0.06:0.62:0.21:0.37
104:0.3634:Earlham College, IN:0.24:0.26:0.27:0.35:0.35:0.94:0.90:0.09:0.78:0.46:0.56
105:0.3628:Florida International University, FL:0.29:0.37:0.52:0.42:0.42:0.96:0.81:0.07:0.66:0.20:0.24
106:0.3609:Rutgers at New Brunswick, NJ:0.31:0.45:0.17:0.36:0.36:0.95:0.90:0.05:0.77:0.19:0.44
107:0.3609:Mary Washington College, VA:0.14:0.50:0.35:0.39:0.39:0.80:0.75:0.06:0.84:0.30:0.38
108:0.3600:University of Hawaii at Manoa, HI:0.80:0.27:0.63:0.36:0.36:0.87:0.85:0.08:0.54:0.06:0.40
109:0.3577:Goucher College, MD:0.24:0.29:0.31:0.40:0.40:0.90:0.78:0.11:0.77:0.34:0.28
110:0.3557:Lafayette College, PA:0.18:0.40:0.24:0.36:0.36:0.96:0.93:0.10:0.92:0.38:0.21
111:0.3554:University of Miami, FL:0.23:0.24:0.31:0.42:0.42:0.94:0.82:0.17:0.59:0.17:0.38
112:0.3542:Ursinus College, PA:0.17:0.27:0.30:0.44:0.44:0.85:0.82:0.09:0.79:0.40:0.35
113:0.3541:Rhodes College, TN:0.19:0.20:0.21:0.58:0.58:0.96:0.90:0.09:0.77:0.47:0.21
114:0.3537:University of Southern California, CA:0.21:0.31:0.29:0.45:0.45:0.94:0.90:0.09:0.68:0.10:0.42
115:0.3533:Harding University, AR:0.17:0.38:0.75:0.35:0.35:0.77:0.71:0.06:0.73:0.37:0.45
116:0.3532:Knox College, IL:0.20:0.19:0.34:0.48:0.48:0.95:0.88:0.08:0.79:0.33:0.45
117:0.3531:Centre College, KY:0.25:0.12:0.32:0.55:0.55:0.99:0.95:0.09:0.74:0.60:0.37
118:0.3528:Taylor University, IN:0.14:0.38:0.40:0.41:0.41:0.61:0.60:0.07:0.98:0.32:0.38
119:0.3524:University of California at Santa Barbara, CA:0.17:0.15:0.23:0.90:0.90:1.00:0.96:0.05:0.69:0.06:0.53
120:0.3521:SUNY at Stony Brook, NY:0.57:0.44:0.25:0.27:0.27:0.96:0.91:0.10:0.57:0.07:0.43
121:0.3501:Gettysburg College, PA:0.18:0.31:0.23:0.42:0.42:0.95:0.94:0.08:0.83:0.32:0.25
122:0.3469:Willamette University, OR:0.15:0.20:0.30:0.49:0.49:0.94:0.91:0.08:0.68:0.37:0.48
123:0.3452:University of Missouri at Columbia, MO:0.40:0.29:0.63:0.32:0.32:0.87:0.87:0.08:0.58:0.15:0.37
124:0.3442:University of Puget Sound, WA:0.14:0.30:0.24:0.51:0.51:0.86:0.79:0.07:0.63:0.17:0.46
125:0.3439:Lake Forest College, IL:0.22:0.35:0.42:0.31:0.31:0.94:0.91:0.09:0.77:0.19:0.32
126:0.3436:University of Kansas, KS:0.42:0.35:0.66:0.25:0.25:0.94:0.88:0.07:0.57:0.17:0.48
127:0.3427:Allegheny College, PA:0.15:0.28:0.25:0.44:0.44:0.91:0.73:0.10:0.76:0.41:0.25
128:0.3402:St. Lawrence University, NY:0.18:0.34:0.28:0.31:0.31:0.94:0.90:0.09:0.85:0.38:0.33
129:0.3395:Saint Louis University, MO:0.26:0.13:0.33:0.44:0.44:0.94:0.84:0.22:0.67:0.19:0.34
130:0.3395:New Jersey Institute of Technology, NJ:0.36:0.35:0.40:0.27:0.27:0.98:0.92:0.07:0.72:0.19:0.34
131:0.3385:Linfield College, OR:0.12:0.24:0.39:0.48:0.48:0.91:0.89:0.06:0.81:0.34:0.36
132:0.3376:Sweet Briar College, VA:0.31:0.13:0.36:0.36:0.36:0.99:0.91:0.15:0.61:0.48:0.43
133:0.3373:Marietta College, OH:0.16:0.40:0.36:0.27:0.27:0.97:0.80:0.08:0.96:0.30:0.39
134:0.3371:Louisiana College, LA:0.24:0.48:0.20:0.33:0.33:0.74:0.64:0.10:0.59:0.11:0.42
135:0.3366:Rensselaer Polytechnic Institute, NY:0.19:0.17:0.22:0.53:0.53:0.98:0.94:0.06:0.70:0.21:0.51
136:0.3364:Rollins College, FL:0.14:0.35:0.33:0.31:0.31:0.85:0.81:0.08:0.90:0.23:0.51
137:0.3359:DePauw University, IN:0.17:0.17:0.30:0.50:0.50:0.94:0.78:0.09:0.82:0.31:0.35
138:0.3355:New Mexico Institute of Mining and Tech., NM:0.54:0.24:0.39:0.40:0.40:1.00:0.99:0.07:0.34:0.11:0.36
139:0.3353:Rutgers State University at Newark, NJ:0.36:0.54:0.19:0.26:0.26:0.95:0.90:0.06:0.58:0.16:0.38
140:0.3350:Santa Clara University, CA:0.14:0.31:0.32:0.40:0.40:0.92:0.88:0.07:1.00:0.19:0.26
141:0.3349:Loyola Marymount University, CA:0.16:0.29:0.28:0.42:0.42:0.88:0.84:0.07:0.84:0.10:0.42
142:0.3343:Niagara University, NY:0.13:0.19:0.26:0.65:0.65:1.00:0.68:0.07:0.65:0.20:0.36
143:0.3335:Oglethorpe University, GA:0.10:0.18:0.29:0.56:0.56:0.95:0.91:0.08:0.67:0.27:0.48
144:0.3326:University of North Carolina at Asheville, NC:0.43:0.44:0.40:0.32:0.32:0.83:0.77:0.08:0.37:0.11:0.27
145:0.3325:University of Alabama at Birmingham, AL:0.61:0.30:0.74:0.24:0.24:0.96:0.96:0.15:0.33:0.16:0.26
146:0.3322:Whittier College, CA:0.13:0.36:0.32:0.35:0.35:0.92:0.84:0.07:0.52:0.29:0.44
147:0.3322:Babson College, MA:0.19:0.43:0.36:0.30:0.30:0.93:0.93:0.06:0.94:0.18:0.26
148:0.3299:Furman University, SC:0.22:0.10:0.35:0.56:0.56:0.95:0.92:0.07:0.82:0.28:0.46
149:0.3292:Valparaiso University, IN:0.18:0.17:0.30:0.49:0.49:0.89:0.87:0.07:0.95:0.23:0.33
150:0.3277:Hiram College, OH:0.19:0.21:0.33:0.37:0.37:0.95:0.75:0.09:0.79:0.34:0.35
151:0.3275:Austin College, TX:0.22:0.16:0.37:0.42:0.42:0.95:0.81:0.08:0.71:0.33:0.44
152:0.3270:University of San Diego, CA:0.14:0.30:0.32:0.40:0.40:0.96:0.93:0.06:0.66:0.13:0.40
153:0.3265:Illinois Institute of Technology, IL:0.20:0.23:0.35:0.42:0.42:0.88:0.80:0.08:0.56:0.26:0.32
154:0.3250:Beloit College, WI:0.20:0.30:0.31:0.26:0.26:0.95:0.87:0.09:0.69:0.26:0.53
155:0.3240:University of Pittsburgh-Main Campus, PA:0.47:0.26:0.39:0.25:0.25:0.93:0.93:0.13:0.66:0.10:0.32
156:0.3240:Gustavus Adolphus College, MN:0.16:0.19:0.46:0.36:0.36:0.89:0.79:0.08:0.80:0.58:0.36
157:0.3233:Clark University, MA:0.15:0.29:0.22:0.30:0.30:0.95:0.94:0.10:0.79:0.35:0.36
158:0.3231:University of Tennessee at Knoxville, TN:0.34:0.28:0.56:0.27:0.27:0.92:0.86:0.06:0.53:0.22:0.47
159:0.3228:Worcester Polytechnic Institute, MA:0.13:0.16:0.29:0.49:0.49:0.94:0.92:0.07:0.82:0.34:0.35
160:0.3206:Westmont College, CA:0.10:0.25:0.49:0.42:0.42:0.77:0.77:0.07:0.87:0.17:0.41
161:0.3206:St. Mary's College of California, CA:0.12:0.39:0.29:0.36:0.36:0.89:0.88:0.06:0.78:0.17:0.28
162:0.3205:California Lutheran University, CA:0.13:0.56:1.00:0.23:0.23:0.74:0.72:0.08:0.60:0.17:0.35
163:0.3201:Colorado State University, CO:0.31:0.33:0.35:0.29:0.29:0.89:0.87:0.05:0.59:0.10:0.52
164:0.3195:Washington and Jefferson College, PA:0.13:0.16:0.30:0.42:0.42:0.91:0.91:0.08:0.86:0.40:0.38
165:0.3187:Juniata College, PA:0.19:0.15:0.35:0.36:0.36:0.97:0.97:0.08:0.80:0.37:0.49
166:0.3185:Hendrix College, AR:0.20:0.12:0.38:0.52:0.52:0.99:0.82:0.08:0.63:0.26:0.37
167:0.3171:Erskine College, SC:0.12:0.15:0.30:0.47:0.47:0.80:0.76:0.07:0.67:0.47:0.47
168:0.3163:Millersville University of Penn., PA:0.29:0.49:0.31:0.22:0.22:0.74:0.72:0.06:0.71:0.20:0.37
169:0.3156:University of Central Florida, FL:0.28:0.58:0.65:0.25:0.25:0.98:0.80:0.05:0.46:0.09:0.30
170:0.3156:Stetson University, FL:0.16:0.21:0.40:0.37:0.37:0.90:0.85:0.08:0.73:0.24:0.33
171:0.3148:Kalamazoo College, MI:0.18:0.10:0.31:0.55:0.55:0.89:0.75:0.08:0.74:0.36:0.39
172:0.3145:Fresno Pacific College, CA:0.15:0.21:0.53:0.51:0.51:0.59:0.59:0.10:0.54:0.14:0.00
173:0.3143:Presbyterian College, SC:0.12:0.23:0.36:0.34:0.34:0.85:0.80:0.07:0.85:0.42:0.35
174:0.3132:Eckerd College, FL:0.24:0.22:0.33:0.33:0.33:0.89:0.82:0.08:0.59:0.26:0.37
175:0.3127:John Brown University, AR:0.23:0.33:0.70:0.24:0.24:0.68:0.68:0.08:0.75:0.19:0.40
176:0.3119:Hamline University, MN:0.17:0.18:0.40:0.34:0.34:0.93:0.89:0.08:0.65:0.33:0.45
177:0.3106:Fairfield University, CT:0.14:0.30:0.23:0.30:0.30:0.90:0.86:0.07:0.94:0.30:0.32
178:0.3093:Rutgers State University at Camden, NJ:0.30:0.48:0.13:0.27:0.27:0.95:0.90:0.05:0.57:0.12:0.30
179:0.3087:Virginia Military Institute, VA:0.41:0.24:0.51:0.16:0.16:0.84:0.84:0.09:0.68:0.51:0.55
180:0.3086:Syracuse University, NY:0.19:0.31:0.34:0.28:0.28:0.84:0.73:0.09:0.67:0.13:0.42
181:0.3085:Alfred University, NY:0.13:0.18:0.33:0.37:0.37:0.88:0.82:0.09:0.73:0.31:0.41
182:0.3084:University of the Pacific, CA:0.18:0.19:0.29:0.36:0.36:0.94:0.87:0.09:0.65:0.14:0.46
183:0.3083:University of Scranton, PA:0.13:0.34:0.31:0.29:0.29:0.83:0.83:0.07:0.92:0.41:0.21
184:0.3081:University of Denver, CO:0.16:0.33:0.29:0.29:0.29:0.91:0.84:0.06:0.67:0.21:0.38
185:0.3074:Texas Christian University, TX:0.18:0.25:0.39:0.33:0.33:0.93:0.81:0.07:0.64:0.23:0.32
186:0.3070:Appalachian State University, NC:0.35:0.36:0.41:0.20:0.20:0.96:0.83:0.05:0.70:0.14:0.46
187:0.3067:Skidmore College, NY:0.18:0.36:0.22:0.25:0.25:0.92:0.87:0.08:0.81:0.29:0.26
188:0.3063:Denison University, OH:0.16:0.17:0.23:0.32:0.32:0.97:0.88:0.09:0.81:0.45:0.40
189:0.3054:Siena College, NY:0.13:0.35:0.33:0.24:0.24:0.82:0.71:0.07:1.00:0.42:0.34
190:0.3046:Coe College, IA:0.14:0.26:0.37:0.29:0.29:0.86:0.73:0.08:0.67:0.32:0.41
191:0.3044:Kansas State University, KS:0.27:0.31:0.70:0.25:0.25:0.86:0.76:0.05:0.54:0.22:0.36
192:0.3043:Fordham University, NY:0.13:0.32:0.33:0.30:0.30:0.97:0.86:0.07:0.80:0.14:0.33
193:0.3031:University of Wyoming, WY:0.43:0.25:0.71:0.23:0.23:0.94:0.91:0.07:0.45:0.13:0.41
194:0.3024:Albright College, PA:0.17:0.19:0.27:0.30:0.30:0.84:0.79:0.09:0.80:0.23:0.49
195:0.3022:Wheaton College, MA:0.31:0.21:0.30:0.21:0.21:0.96:0.92:0.08:0.71:0.41:0.48
196:0.3015:University of Oklahoma, OK:0.41:0.16:0.56:0.32:0.32:0.90:0.86:0.09:0.44:0.11:0.37
197:0.3015:Alma College, MI:0.15:0.15:0.36:0.44:0.44:0.87:0.79:0.07:0.68:0.32:0.33
198:0.3013:Villanova University, PA:0.12:0.28:0.26:0.30:0.30:0.90:0.89:0.07:0.96:0.24:0.26
199:0.3010:Hanover College, IN:0.22:0.17:0.38:0.33:0.33:0.84:0.84:0.09:0.64:0.26:0.30
200:0.3010:Franklin College, IN:0.24:0.21:0.44:0.29:0.29:0.78:0.54:0.08:0.60:0.37:0.40
201:0.3009:Stockton College of New Jersey, NJ:0.19:0.61:0.45:0.23:0.23:0.92:0.78:0.05:0.64:0.07:0.26
202:0.3008:Miami University at Oxford, OH:0.26:0.16:0.42:0.35:0.35:0.89:0.81:0.06:0.85:0.20:0.34
203:0.2999:Capital University, OH:0.15:0.21:0.32:0.34:0.34:0.69:0.64:0.08:0.83:0.27:0.34
204:0.2998:Hobart and William Smith Colleges, NY:0.14:0.23:0.24:0.25:0.25:0.99:0.99:0.08:0.79:0.37:0.45
205:0.2997:Susquehanna University, PA:0.13:0.28:0.31:0.27:0.27:0.86:0.83:0.07:0.90:0.37:0.28
206:0.2996:Centenary College of Louisiana, LA:0.21:0.12:0.48:0.35:0.35:0.92:0.86:0.09:0.66:0.25:0.42
207:0.2994:Ripon College, WI:0.19:0.15:0.42:0.28:0.28:0.90:0.87:0.11:0.64:0.49:0.41
208:0.2986:Lenoir-Rhyne College, NC:0.16:0.24:0.35:0.25:0.25:0.92:0.88:0.08:0.66:0.20:0.52
209:0.2983:Hope College, MI:0.15:0.13:0.42:0.37:0.37:0.81:0.72:0.08:0.72:0.40:0.44
210:0.2982:Monmouth College, IL:0.20:0.16:0.41:0.28:0.28:0.91:0.91:0.09:0.56:0.43:0.45
211:0.2981:Livingstone College, NC:0.33:0.47:0.46:0.22:0.22:0.93:0.53:0.10:0.92:0.16:0.09
212:0.2978:Maryville College, TN:0.13:0.39:0.20:0.26:0.26:0.90:0.80:0.09:0.51:0.43:0.24
213:0.2977:University of Cincinnati, OH:0.50:0.19:0.43:0.26:0.26:0.95:0.89:0.09:0.54:0.06:0.40
214:0.2977:Butler University, IN:0.13:0.14:0.34:0.40:0.40:0.81:0.77:0.09:0.83:0.29:0.33
215:0.2974:Michigan Technological University, MI:0.27:0.13:0.45:0.42:0.42:0.82:0.82:0.06:0.65:0.25:0.29
216:0.2965:Elizabethtown College, PA:0.14:0.24:0.23:0.36:0.36:0.68:0.65:0.08:0.81:0.25:0.29
217:0.2963:Montclair State University, NJ:0.24:0.59:0.41:0.19:0.19:0.87:0.82:0.05:0.58:0.09:0.37
218:0.2961:Northeast Missouri State University, MO:0.30:0.24:0.35:0.36:0.36:0.72:0.69:0.06:0.76:0.13:0.16
219:0.2958:Trinity College, DC:0.19:0.23:0.53:0.19:0.19:0.93:0.89:0.12:0.96:0.37:0.26
220:0.2953:Lebanon Valley College, PA:0.10:0.24:0.30:0.28:0.28:0.84:0.84:0.08:0.85:0.30:0.42
221:0.2951:University of Louisville, KY:0.43:0.36:0.60:0.16:0.16:0.92:0.84:0.09:0.31:0.24:0.41
222:0.2935:William Jewell College, MO:0.14:0.17:0.58:0.32:0.32:0.80:0.74:0.09:0.59:0.19:0.48
223:0.2933:University of Delaware, DE:0.39:0.27:0.31:0.22:0.22:0.87:0.82:0.05:0.75:0.15:0.36
224:0.2931:Bellarmine College, KY:0.14:0.12:0.44:0.39:0.39:0.82:0.74:0.08:0.84:0.31:0.38
225:0.2930:Seattle University, WA:0.16:0.27:0.32:0.28:0.28:0.85:0.85:0.08:0.89:0.16:0.22
226:0.2928:Wittenberg University, OH:0.13:0.12:0.33:0.42:0.42:0.95:0.82:0.08:0.78:0.29:0.35
227:0.2927:College of Notre Dame of Maryland, MD:0.10:0.22:0.50:0.35:0.35:0.64:0.64:0.09:0.75:0.32:0.25
228:0.2925:University of Evansville, IN:0.11:0.22:0.43:0.35:0.35:0.81:0.60:0.06:0.77:0.26:0.34
229:0.2925:Hood College, MD:0.18:0.19:0.31:0.36:0.36:0.88:0.82:0.07:0.72:0.34:0.18
230:0.2916:Seattle Pacific University, WA:0.16:0.14:0.40:0.42:0.42:0.85:0.83:0.06:0.66:0.20:0.35
231:0.2912:University of Maine at Farmington, ME:0.20:0.34:0.55:0.20:0.20:0.75:0.67:0.06:0.59:0.26:0.47
232:0.2911:Indiana University at Bloomington, IN:0.31:0.20:0.44:0.25:0.25:0.88:0.77:0.05:0.68:0.24:0.46
233:0.2909:University of Illinois at Chicago, IL:0.42:0.32:0.47:0.22:0.22:0.84:0.82:0.10:0.34:0.06:0.35
234:0.2909:Simmons College, MA:0.17:0.22:0.38:0.23:0.23:0.81:0.74:0.11:0.79:0.33:0.32
235:0.2905:Allentown Coll. of St. Francis de Sales, PA:0.14:0.34:0.37:0.38:0.38:0.84:0.60:0.08:0.74:0.21:0.09
236:0.2904:Whitworth College, WA:0.10:0.17:0.40:0.43:0.43:0.80:0.80:0.06:0.80:0.20:0.28
237:0.2901:Hollins College, VA:0.23:0.17:0.43:0.26:0.26:0.91:0.78:0.09:0.72:0.48:0.25
238:0.2900:Warren Wilson College, NC:0.20:0.29:0.36:0.25:0.25:0.75:0.65:0.09:0.63:0.20:0.00
239:0.2897:Michigan State University, MI:0.42:0.17:0.41:0.23:0.23:0.95:0.93:0.07:0.71:0.09:0.52
240:0.2894:Randolph-Macon Woman's College, VA:0.26:0.11:0.27:0.35:0.35:0.97:0.88:0.11:0.68:0.24:0.26
241:0.2884:Hampden - Sydney College, VA:0.20:0.21:0.48:0.20:0.20:0.97:0.95:0.08:0.69:0.53:0.35
242:0.2881:University of Maryland at College Park, MD:0.30:0.28:0.33:0.22:0.22:0.92:0.89:0.06:0.63:0.12:0.42
243:0.2881:St. John's College, MD:0.23:0.14:0.44:0.31:0.31:0.72:0.63:0.14:0.64:0.26:0.00
244:0.2879:Queens College, NC:0.15:0.24:0.39:0.32:0.32:0.75:0.73:0.07:0.58:0.36:0.22
245:0.2876:Emory & Henry College, VA:0.15:0.16:0.35:0.30:0.30:0.88:0.79:0.07:0.82:0.51:0.33
246:0.2875:Milligan College, TN:0.20:0.24:0.41:0.26:0.26:0.69:0.63:0.08:0.64:0.16:0.40
247:0.2874:SUNY College at New Paltz, NY:0.24:0.57:0.18:0.19:0.19:0.93:0.85:0.07:0.53:0.08:0.32
248:0.2874:Loyola University Chicago, IL:0.22:0.17:0.29:0.25:0.25:0.95:0.94:0.16:0.65:0.15:0.29
249:0.2864:Stonehill College, MA:0.09:0.37:0.25:0.25:0.25:0.79:0.79:0.08:0.97:0.30:0.21
250:0.2859:University of Dallas, TX:0.13:0.14:0.42:0.44:0.44:0.93:0.85:0.07:0.63:0.26:0.21
251:0.2859:Nazareth College of Rochester, NY:0.15:0.16:0.33:0.36:0.36:0.93:0.77:0.07:0.61:0.24:0.35
252:0.2856:Rosary College, IL:0.16:0.26:0.44:0.28:0.28:0.82:0.79:0.08:0.81:0.30:0.14
253:0.2852:Quinnipiac College, CT:0.12:0.42:0.37:0.17:0.17:0.73:0.63:0.08:0.86:0.33:0.40
254:0.2850:Albertson College, ID:0.16:0.18:0.33:0.38:0.38:0.73:0.67:0.11:0.55:0.11:0.29
255:0.2848:Baldwin-Wallace College, OH:0.12:0.19:0.48:0.30:0.30:0.74:0.68:0.06:0.85:0.20:0.50
256:0.2845:Dickinson College, PA:0.16:0.16:0.19:0.31:0.31:0.94:0.87:0.09:0.87:0.39:0.24
257:0.2841:Winona State University, MN:0.27:0.38:0.64:0.20:0.20:0.60:0.53:0.05:0.58:0.18:0.40
258:0.2841:Houghton College, NY:0.15:0.17:0.38:0.30:0.30:0.90:0.85:0.07:0.67:0.24:0.39
259:0.2832:Saint Joseph's University, PA:0.09:0.20:0.39:0.39:0.39:0.90:0.84:0.06:0.83:0.13:0.25
260:0.2832:Messiah College, PA:0.12:0.21:0.44:0.30:0.30:0.75:0.68:0.07:0.89:0.30:0.26
261:0.2830:Albion College, MI:0.17:0.09:0.28:0.37:0.37:1.00:0.89:0.07:0.73:0.37:0.43
262:0.2817:York College of Pennsylvania, PA:0.11:0.38:0.37:0.28:0.28:0.75:0.75:0.06:0.99:0.28:0.12
263:0.2816:College of Saint Elizabeth, NJ:0.16:0.19:0.34:0.34:0.34:0.70:0.68:0.09:0.78:0.23:0.19
264:0.2816:Bloomsburg Univ. of Pennsylvania, PA:0.28:0.55:0.34:0.15:0.15:0.68:0.66:0.06:0.75:0.19:0.28
265:0.2815:Saint Mary's College, IN:0.17:0.17:0.54:0.26:0.26:0.95:0.74:0.10:0.98:0.31:0.18
266:0.2809:College Misericordia, PA:0.13:0.38:0.36:0.29:0.29:0.62:0.56:0.08:0.96:0.23:0.11
267:0.2807:University of North Texas, TX:0.28:0.38:0.75:0.23:0.23:0.94:0.86:0.04:0.35:0.06:0.33
268:0.2802:Westminster College, PA:0.14:0.13:0.44:0.29:0.29:0.78:0.62:0.08:0.80:0.41:0.51
269:0.2801:University of North Dakota, ND:0.55:0.19:0.73:0.20:0.20:0.97:0.97:0.06:0.49:0.16:0.28
270:0.2789:University of New Hampshire, NH:0.23:0.22:0.33:0.24:0.24:0.87:0.89:0.06:0.75:0.16:0.34
271:0.2787:Randolph-Macon College, VA:0.18:0.25:0.23:0.21:0.21:0.80:0.77:0.09:0.74:0.38:0.28
272:0.2787:Christian Brothers University, TN:0.18:0.41:0.43:0.16:0.16:0.81:0.81:0.09:0.63:0.24:0.26
273:0.2786:Washington State University, WA:0.38:0.11:0.42:0.31:0.31:0.87:0.84:0.06:0.56:0.30:0.35
274:0.2786:SUNY at Albany, NY:0.35:0.32:0.20:0.16:0.16:0.96:0.93:0.06:0.74:0.16:0.41
275:0.2785:Virginia Commonwealth University, VA:0.33:0.30:0.45:0.18:0.18:0.87:0.81:0.11:0.45:0.11:0.28
276:0.2777:Quincy University, IL:0.11:0.31:0.42:0.22:0.22:0.71:0.69:0.06:0.80:0.32:0.33
277:0.2772:Catholic University of America, DC:0.18:0.16:0.34:0.24:0.24:0.96:0.90:0.11:0.75:0.18:0.33
278:0.2770:Fisk University, TN:0.17:0.33:0.31:0.24:0.24:0.74:0.74:0.08:0.43:0.22:0.26
279:0.2769:University of Montevallo, AL:0.34:0.34:0.64:0.18:0.18:0.72:0.72:0.05:0.51:0.08:0.45
280:0.2765:Baylor University, TX:0.18:0.12:0.44:0.34:0.34:0.76:0.71:0.05:0.72:0.38:0.38
281:0.2763:Cornell College, IA:0.14:0.14:0.29:0.33:0.33:0.76:0.71:0.08:0.64:0.31:0.41
282:0.2758:Augustana College, IL:0.14:0.12:0.30:0.36:0.36:0.83:0.78:0.08:0.71:0.40:0.30
283:0.2753:Gordon College, MA:0.15:0.16:0.50:0.25:0.25:0.82:0.73:0.07:0.66:0.32:0.49
284:0.2752:Shippensburg University of Penn., PA:0.24:0.44:0.34:0.14:0.14:0.83:0.80:0.05:0.72:0.13:0.49
285:0.2750:Eureka College, IL:0.20:0.19:0.25:0.36:0.36:0.87:0.62:0.09:0.53:0.31:0.14
286:0.2749:Moravian College, PA:0.12:0.22:0.32:0.23:0.23:0.92:0.86:0.07:0.74:0.28:0.41
287:0.2746:North Central College, IL:0.11:0.22:0.35:0.30:0.30:0.87:0.73:0.06:0.76:0.33:0.25
288:0.2742:Louisiana State University at Baton Rouge, LA:0.28:0.17:0.62:0.29:0.29:0.87:0.83:0.06:0.37:0.11:0.39
289:0.2740:University of Vermont, VT:0.36:0.22:0.29:0.18:0.18:0.90:0.87:0.10:0.79:0.10:0.32
290:0.2740:Chestnut Hill College, PA:0.12:0.26:0.50:0.25:0.25:0.71:0.71:0.12:0.73:0.29:0.14
291:0.2736:Hampton University, VA:0.14:0.48:0.38:0.25:0.25:0.64:0.60:0.07:0.70:0.09:0.15
292:0.2735:Virginia Wesleyan College, VA:0.12:0.39:0.32:0.20:0.20:0.81:0.70:0.06:0.68:0.14:0.39
293:0.2735:Rhode Island School of Design, RI:0.12:0.54:0.45:0.17:0.17:0.69:0.27:0.10:0.96:0.22:0.30
294:0.2726:St. Mary's University of San Antonio, TX:0.15:0.18:0.41:0.33:0.33:0.83:0.82:0.06:0.72:0.07:0.34
295:0.2724:Gonzaga University, WA:0.13:0.19:0.35:0.31:0.31:0.90:0.78:0.07:0.69:0.32:0.20
296:0.2723:Oklahoma State University, OK:0.24:0.13:0.56:0.29:0.29:0.92:0.84:0.07:0.48:0.14:0.43
297:0.2717:Manhattan College, NY:0.12:0.29:0.33:0.20:0.20:0.92:0.92:0.07:0.79:0.25:0.26
298:0.2710:Ohio University, OH:0.29:0.25:0.38:0.21:0.21:0.87:0.79:0.05:0.64:0.13:0.36
299:0.2710:Iowa State University, IA:0.37:0.12:0.46:0.26:0.26:0.88:0.81:0.05:0.65:0.22:0.39
300:0.2709:Murray State University, KY:0.33:0.14:0.62:0.29:0.29:0.76:0.72:0.05:0.52:0.27:0.28
301:0.2708:Beaver College, PA:0.12:0.27:0.41:0.23:0.23:0.89:0.78:0.08:0.73:0.30:0.18
302:0.2702:Belmont University, TN:0.18:0.20:0.49:0.28:0.28:0.61:0.61:0.09:0.49:0.19:0.28
303:0.2701:Bentley College, MA:0.16:0.33:0.27:0.20:0.20:0.87:0.87:0.06:0.82:0.20:0.24
304:0.2700:Clarkson University, NY:0.14:0.10:0.29:0.35:0.35:0.95:0.95:0.06:0.77:0.32:0.34
305:0.2690:Salisbury State University, MD:0.15:0.46:0.32:0.20:0.20:0.75:0.73:0.06:0.56:0.18:0.23
306:0.2687:Wartburg College, IA:0.13:0.13:0.32:0.34:0.34:0.91:0.66:0.08:0.67:0.37:0.28
307:0.2687:Adrian College, MI:0.16:0.23:0.31:0.22:0.22:0.66:0.53:0.08:0.54:0.30:0.56
308:0.2686:University of Dayton, OH:0.15:0.17:0.28:0.26:0.26:0.85:0.81:0.07:0.93:0.25:0.29
309:0.2679:Freed-Hardeman University, TN:0.15:0.39:0.57:0.20:0.20:0.76:0.68:0.06:0.62:0.13:0.23
310:0.2678:Ouachita Baptist University, AR:0.17:0.15:0.58:0.31:0.31:0.67:0.63:0.08:0.65:0.10:0.37
311:0.2674:SUNY College  at Oswego, NY:0.16:0.43:0.32:0.17:0.17:0.85:0.69:0.05:0.63:0.21:0.37
312:0.2671:Transylvania University, KY:0.19:0.04:0.33:0.57:0.57:0.91:0.81:0.08:0.70:0.41:0.29
313:0.2670:Loyola College, MD:0.12:0.23:0.24:0.25:0.25:0.88:0.86:0.07:0.80:0.27:0.23
314:0.2663:Central College, IA:0.16:0.13:0.36:0.31:0.31:0.90:0.76:0.07:0.67:0.29:0.26
315:0.2662:Bridgewater College, VA:0.14:0.20:0.43:0.22:0.22:0.73:0.68:0.08:0.82:0.24:0.35
316:0.2661:East Carolina University, NC:0.50:0.31:0.38:0.14:0.14:0.78:0.74:0.08:0.58:0.18:0.24
317:0.2657:Evergreen State College, WA:0.37:0.39:0.40:0.14:0.14:0.78:0.75:0.06:0.68:0.14:0.00
318:0.2655:College of Mount St. Vincent, NY:0.16:0.32:0.27:0.23:0.23:0.77:0.75:0.08:0.83:0.35:0.09
319:0.2654:University of San Francisco, CA:0.12:0.25:0.31:0.23:0.23:0.86:0.86:0.07:0.62:0.08:0.45
320:0.2651:Marquette University, WI:0.16:0.11:0.37:0.36:0.36:0.94:0.86:0.07:0.77:0.25:0.19
321:0.2643:Tabor College, KS:0.16:0.29:0.60:0.19:0.19:0.70:0.55:0.10:0.53:0.15:0.33
322:0.2638:University of Utah, UT:0.33:0.12:0.53:0.27:0.27:0.93:0.89:0.08:0.37:0.09:0.45
323:0.2637:Concordia University, IL:0.14:0.24:0.46:0.22:0.22:0.64:0.56:0.08:0.75:0.13:0.38
324:0.2633:Barat College, IL:0.20:0.26:0.58:0.15:0.15:0.77:0.57:0.10:0.71:0.35:0.28
325:0.2631:Pacific University, OR:0.17:0.10:0.34:0.41:0.41:0.76:0.76:0.09:0.42:0.22:0.26
326:0.2629:Rider University, NJ:0.14:0.32:0.30:0.16:0.16:0.92:0.84:0.08:0.70:0.23:0.28
327:0.2627:Hartwick College, NY:0.14:0.17:0.25:0.22:0.22:0.87:0.75:0.08:0.73:0.32:0.41
328:0.2621:Salem College, NC:0.14:0.15:0.46:0.28:0.28:0.68:0.68:0.09:0.60:0.46:0.20
329:0.2619:Coker College, SC:0.17:0.25:0.65:0.15:0.15:0.77:0.64:0.08:0.75:0.39:0.33
330:0.2618:Chatham College, PA:0.28:0.07:0.46:0.28:0.28:0.98:0.95:0.11:0.52:0.37:0.30
331:0.2617:Drury College, MO:0.22:0.07:0.48:0.33:0.33:0.92:0.82:0.08:0.67:0.35:0.30
332:0.2608:Le Moyne College, NY:0.13:0.18:0.35:0.21:0.21:0.92:0.89:0.08:0.94:0.28:0.25
333:0.2604:SUNY College at Fredonia, NY:0.22:0.43:0.29:0.13:0.13:0.90:0.82:0.06:0.66:0.10:0.40
334:0.2599:Muskingum College, OH:0.14:0.17:0.41:0.24:0.24:0.85:0.73:0.07:0.73:0.27:0.28
335:0.2594:Mount Saint Mary College, NY:0.14:0.41:0.34:0.14:0.14:0.75:0.74:0.07:0.88:0.23:0.27
336:0.2594:Christendom College, VA:0.28:0.11:0.71:0.33:0.33:0.92:0.92:0.11:0.58:0.17:0.08
337:0.2592:Saint Michael's College, VT:0.15:0.28:0.34:0.16:0.16:0.88:0.79:0.07:0.84:0.34:0.27
338:0.2581:Walsh University, OH:0.09:0.18:0.54:0.27:0.27:0.58:0.42:0.09:0.68:0.33:0.35
339:0.2579:Wilson College, PA:0.18:0.22:0.35:0.16:0.16:0.76:0.67:0.12:0.67:0.43:0.25
340:0.2579:Angelo State University, TX:0.16:0.43:0.51:0.24:0.24:0.62:0.60:0.04:0.34:0.05:0.38
341:0.2578:Western Michigan University, MI:0.20:0.22:0.38:0.24:0.24:0.84:0.80:0.04:0.55:0.11:0.39
342:0.2578:Mississippi State University, MS:0.19:0.23:0.49:0.18:0.18:0.77:0.77:0.06:0.53:0.20:0.42
343:0.2575:King's College, PA:0.10:0.28:0.36:0.20:0.20:0.72:0.66:0.06:0.87:0.37:0.23
344:0.2573:Lincoln University, PA:0.50:0.34:0.30:0.15:0.15:0.72:0.71:0.08:0.45:0.08:0.25
345:0.2573:Creighton University, NE:0.49:0.04:0.31:0.30:0.30:0.90:0.85:0.15:0.85:0.32:0.19
346:0.2572:University of North Carolina at Wilmington, NC:0.26:0.36:0.38:0.15:0.15:0.85:0.82:0.05:0.55:0.15:0.27
347:0.2572:Our Lady of the Lake University, TX:0.14:0.42:0.22:0.22:0.22:0.64:0.56:0.07:0.37:0.25:0.24
348:0.2569:University of Northern Iowa, IA:0.26:0.18:0.55:0.18:0.18:0.82:0.78:0.06:0.77:0.26:0.25
349:0.2564:McKendree College, IL:0.15:0.45:0.21:0.16:0.16:0.74:0.70:0.06:0.52:0.21:0.34
350:0.2564:Hofstra University, NY:0.15:0.21:0.23:0.25:0.25:0.90:0.81:0.07:0.60:0.10:0.31
351:0.2562:Millsaps College, MS:0.20:0.08:0.38:0.32:0.32:0.89:0.82:0.08:0.58:0.38:0.29
352:0.2555:Manchester College, IN:0.14:0.20:0.30:0.23:0.23:0.72:0.63:0.08:0.64:0.20:0.32
353:0.2555:Assumption College, MA:0.09:0.20:0.29:0.23:0.23:0.93:0.93:0.07:0.88:0.30:0.21
354:0.2554:Elmira College, NY:0.08:0.28:0.33:0.27:0.27:0.98:0.77:0.05:0.64:0.21:0.21
355:0.2549:Providence College, RI:0.08:0.35:0.29:0.20:0.20:0.74:0.66:0.05:0.96:0.35:0.20
356:0.2548:University of North Carolina at Charlotte, NC:0.32:0.23:0.39:0.19:0.19:0.91:0.79:0.06:0.62:0.07:0.27
357:0.2544:University of Portland, OR:0.15:0.16:0.28:0.27:0.27:0.96:0.92:0.08:0.72:0.17:0.19
358:0.2542:University of New England, ME:0.13:0.38:0.35:0.19:0.19:0.75:0.72:0.09:0.64:0.13:0.14
359:0.2537:Millikin University, IL:0.13:0.13:0.36:0.29:0.29:0.77:0.60:0.09:0.75:0.25:0.27
360:0.2537:La Salle University, PA:0.11:0.37:0.34:0.20:0.20:0.90:0.90:0.07:0.84:0.09:0.14
361:0.2536:Saint Joseph's College, IN:0.11:0.26:0.33:0.24:0.24:0.60:0.55:0.07:0.67:0.19:0.29
362:0.2534:University of Mississippi, MS:0.34:0.12:0.49:0.26:0.26:0.86:0.81:0.05:0.53:0.14:0.31
363:0.2533:SUNY College at Potsdam, NY:0.24:0.27:0.28:0.16:0.16:0.75:0.71:0.07:0.59:0.17:0.36
364:0.2532:University of Missouri at Rolla, MO:0.39:0.03:0.45:0.49:0.49:0.88:0.88:0.07:0.49:0.23:0.45
365:0.2530:Northwest Nazarene College, ID:0.12:0.17:0.75:0.29:0.29:0.59:0.59:0.07:0.58:0.20:0.00
366:0.2526:University of Missouri at Saint Louis, MO:0.17:0.29:0.42:0.18:0.18:0.73:0.71:0.07:0.48:0.15:0.28
367:0.2522:Simpson College, IA:0.10:0.14:0.34:0.27:0.27:0.73:0.66:0.06:0.70:0.36:0.37
368:0.2521:College of Saint Catherine, MN:0.10:0.20:0.45:0.23:0.23:0.87:0.63:0.09:0.77:0.32:0.19
369:0.2520:Lock Haven University of Pennsylvania, PA:0.29:0.38:0.29:0.17:0.17:0.55:0.47:0.06:0.63:0.14:0.23
370:0.2509:The Citadel, SC:0.42:0.17:0.49:0.12:0.12:0.94:0.95:0.06:0.84:0.17:0.44
371:0.2509:St. John Fisher College, NY:0.12:0.22:0.33:0.19:0.19:0.81:0.86:0.07:0.66:0.29:0.27
372:0.2504:University of Nebraska at Lincoln, NE:0.30:0.04:0.59:0.33:0.33:0.92:0.86:0.07:0.53:0.48:0.39
373:0.2504:Antioch University, OH:0.81:0.07:0.38:0.25:0.25:0.82:0.69:0.09:0.48:0.35:0.19
374:0.2499:Schreiner College, TX:0.15:0.29:0.32:0.19:0.19:0.56:0.51:0.08:0.52:0.23:0.30
375:0.2497:Saint Mary-of-the-Woods College, IN:0.18:0.13:0.68:0.23:0.23:0.58:0.44:0.10:0.75:0.37:0.25
376:0.2491:Texas Lutheran College, TX:0.15:0.15:0.51:0.27:0.27:0.58:0.54:0.07:0.50:0.24:0.33
377:0.2489:Saint John's University, MN:0.17:0.14:0.56:0.18:0.18:0.85:0.76:0.08:0.70:0.38:0.29
378:0.2488:Elms College, MA:0.13:0.15:0.60:0.23:0.23:0.71:0.71:0.09:0.86:0.21:0.19
379:0.2485:Alverno College, WI:0.16:0.37:0.50:0.23:0.23:0.69:0.36:0.09:0.55:0.26:0.08
380:0.2478:College of Saint Rose, NY:0.07:0.32:0.38:0.23:0.23:0.71:0.66:0.07:0.64:0.28:0.15
381:0.2473:University of Charleston, WV:0.16:0.22:0.38:0.22:0.22:0.58:0.26:0.40:0.57:0.10:0.15
382:0.2471:Cedarville College, OH:0.15:0.17:0.57:0.25:0.25:0.52:0.50:0.07:0.64:0.34:0.24
383:0.2470:Shorter College, GA:0.17:0.18:0.37:0.23:0.23:0.65:0.62:0.08:0.58:0.18:0.29
384:0.2466:Baker University, KS:0.10:0.20:0.43:0.21:0.21:0.68:0.58:0.09:0.65:0.21:0.35
385:0.2460:Carson-Newman College, TN:0.16:0.13:0.49:0.27:0.27:0.62:0.61:0.07:0.67:0.16:0.27
386:0.2458:West Chester University of Penn., PA:0.22:0.46:0.39:0.11:0.11:0.79:0.76:0.07:0.52:0.16:0.28
387:0.2457:Anderson University, IN:0.15:0.25:0.47:0.19:0.19:0.61:0.48:0.08:0.59:0.14:0.31
388:0.2455:Westminster College of Salt Lake City, UT:0.13:0.21:0.30:0.21:0.21:0.83:0.68:0.10:0.50:0.34:0.19
389:0.2450:Chapman University, CA:0.15:0.20:0.46:0.23:0.23:0.80:0.72:0.08:0.47:0.06:0.34
390:0.2448:Canisius College, NY:0.12:0.23:0.34:0.16:0.16:0.92:0.90:0.07:0.64:0.26:0.31
391:0.2444:Saint John's College, NM:0.18:0.14:0.51:0.20:0.20:0.89:0.73:0.10:0.61:0.20:0.00
392:0.2437:Oklahoma Baptist University, OK:0.15:0.10:0.71:0.35:0.35:0.71:0.63:0.07:0.50:0.18:0.22
393:0.2437:Eastern Connecticut State University, CT:0.21:0.31:0.38:0.14:0.14:0.76:0.71:0.06:0.50:0.14:0.37
394:0.2434:Arizona State University Main campus, AZ:0.14:0.20:0.36:0.24:0.24:0.93:0.88:0.05:0.48:0.05:0.42
395:0.2418:Point Loma Nazarene College, CA:0.14:0.15:0.62:0.20:0.20:0.71:0.71:0.06:0.54:0.19:0.46
396:0.2415:Saint Peter's College, NJ:0.13:0.12:0.38:0.23:0.23:0.78:0.78:0.08:0.53:0.22:0.39
397:0.2415:Grand Valley State University, MI:0.21:0.25:0.40:0.20:0.20:0.66:0.64:0.05:0.57:0.09:0.28
398:0.2414:University of North Carolina at Greensboro, NC:0.38:0.20:0.36:0.15:0.15:0.94:0.75:0.06:0.53:0.17:0.24
399:0.2413:Lambuth University, TN:0.15:0.35:0.42:0.15:0.15:0.61:0.61:0.06:0.60:0.10:0.36
400:0.2412:Seton Hill College, PA:0.17:0.15:0.25:0.24:0.24:0.71:0.71:0.09:0.71:0.37:0.12
401:0.2410:Saint Joseph College, CT:0.13:0.17:0.40:0.20:0.20:0.90:0.87:0.09:0.76:0.32:0.12
402:0.2406:Clarke College, IA:0.15:0.26:0.49:0.14:0.14:0.71:0.67:0.09:0.74:0.27:0.20
403:0.2401:Illinois Benedictine College, IL:0.14:0.08:0.48:0.22:0.22:0.91:0.81:0.09:0.75:0.29:0.42
404:0.2397:Florida Southern College, FL:0.12:0.25:0.36:0.20:0.20:0.74:0.65:0.06:0.68:0.10:0.31
405:0.2396:Texas Wesleyan University, TX:0.20:0.15:0.56:0.19:0.19:0.83:0.80:0.07:0.43:0.10:0.44
406:0.2394:Kentucky Wesleyan College, KY:0.14:0.15:0.35:0.20:0.20:0.65:0.57:0.09:0.62:0.32:0.33
407:0.2392:Geneva College, PA:0.11:0.20:0.44:0.19:0.19:0.67:0.67:0.05:0.74:0.26:0.34
408:0.2391:University of Minnesota at Duluth, MN:0.20:0.25:0.53:0.15:0.15:0.91:0.79:0.05:0.53:0.11:0.32
409:0.2391:Saint Vincent College, PA:0.16:0.15:0.47:0.19:0.19:0.64:0.62:0.08:0.88:0.31:0.22
410:0.2390:North Dakota State University, ND:0.28:0.23:0.70:0.13:0.13:0.83:0.79:0.06:0.42:0.24:0.31
411:0.2388:North Carolina A. & T. State University, NC:0.51:0.36:0.46:0.12:0.12:0.72:0.72:0.06:0.44:0.09:0.19
412:0.2382:Gannon University, PA:0.12:0.23:0.36:0.24:0.24:0.51:0.47:0.08:0.65:0.18:0.19
413:0.2377:Marymount Manhattan College, NY:0.17:0.23:0.45:0.21:0.21:0.76:0.63:0.09:0.68:0.20:0.08
414:0.2376:Cumberland College, KY:0.26:0.21:0.50:0.26:0.26:0.44:0.42:0.08:0.63:0.04:0.18
415:0.2375:Westminster College, MO:0.13:0.16:0.33:0.20:0.20:0.70:0.66:0.08:0.62:0.20:0.34
416:0.2375:Saint Francis College, PA:0.10:0.21:0.34:0.21:0.21:0.64:0.64:0.05:0.69:0.24:0.30
417:0.2373:D'Youville College, NY:0.12:0.29:0.25:0.18:0.18:0.68:0.68:0.07:0.46:0.42:0.20
418:0.2373:College of St. Scholastica, MN:0.16:0.11:0.47:0.29:0.29:0.76:0.54:0.09:0.72:0.33:0.12
419:0.2368:George Mason University, VA:0.21:0.23:0.40:0.17:0.17:0.96:0.93:0.05:0.46:0.07:0.31
420:0.2365:Bradley University, IL:0.10:0.09:0.31:0.30:0.30:0.81:0.75:0.07:0.85:0.21:0.25
421:0.2364:LeTourneau University, TX:0.12:0.13:0.49:0.29:0.29:0.70:0.58:0.05:0.56:0.23:0.30
422:0.2361:Xavier University of Louisiana, LA:0.22:0.09:0.36:0.34:0.34:0.75:0.67:0.07:0.49:0.20:0.18
423:0.2355:Northeastern University, MA:0.10:0.29:0.30:0.16:0.16:0.82:0.73:0.08:0.46:0.17:0.32
424:0.2351:University of Massachusetts at Dartmouth, MA:0.25:0.22:0.39:0.10:0.10:0.90:0.74:0.07:0.56:0.20:0.63
425:0.2348:Marymount College Tarrytown, NY:0.16:0.32:0.36:0.09:0.09:0.93:0.71:0.10:0.77:0.30:0.30
426:0.2347:Southeast Missouri State University, MO:0.23:0.18:0.75:0.18:0.18:0.76:0.75:0.06:0.45:0.08:0.31
427:0.2346:Bowling Green State University, OH:0.25:0.21:0.42:0.14:0.14:0.89:0.81:0.05:0.67:0.14:0.33
428:0.2340:Seton Hall University, NJ:0.14:0.22:0.28:0.16:0.16:0.84:0.81:0.07:0.64:0.15:0.30
429:0.2337:Loyola University, LA:0.15:0.10:0.42:0.24:0.24:0.88:0.77:0.09:0.53:0.14:0.32
430:0.2335:Thiel College, PA:0.14:0.18:0.27:0.15:0.15:0.76:0.68:0.09:0.60:0.16:0.57
431:0.2334:Northern Illinois University, IL:0.22:0.33:0.33:0.12:0.12:0.78:0.73:0.06:0.56:0.11:0.33
432:0.2331:Bethel College, KS:0.18:0.09:0.66:0.19:0.19:0.80:0.61:0.11:0.56:0.32:0.33
433:0.2328:Jersey City State College, NJ:0.29:0.52:0.49:0.10:0.10:0.67:0.63:0.07:0.26:0.10:0.34
434:0.2324:Webster University, MO:0.14:0.31:0.49:0.17:0.17:0.68:0.68:0.05:0.48:0.14:0.24
435:0.2322:Monmouth College, NJ:0.13:0.31:0.25:0.14:0.14:0.85:0.70:0.07:0.54:0.15:0.33
436:0.2322:Merrimack College, MA:0.11:0.22:0.33:0.18:0.18:0.75:0.73:0.06:0.80:0.22:0.19
437:0.2319:Northern Arizona University, AZ:0.24:0.16:0.40:0.23:0.23:0.83:0.78:0.05:0.41:0.07:0.28
438:0.2313:Viterbo College, WI:0.16:0.20:0.52:0.17:0.17:0.65:0.51:0.09:0.73:0.31:0.14
439:0.2311:Oakland University, MI:0.28:0.15:0.45:0.16:0.16:0.90:0.88:0.05:0.53:0.13:0.34
440:0.2303:Regis College, MA:0.19:0.10:0.37:0.18:0.18:0.85:0.81:0.10:0.84:0.37:0.20
441:0.2302:University of Massachusetts at Amherst, MA:0.33:0.14:0.31:0.12:0.12:0.92:0.88:0.06:0.68:0.15:0.55
442:0.2302:Phillips University, OK:0.17:0.17:0.30:0.19:0.19:0.64:0.58:0.09:0.39:0.19:0.38
443:0.2301:Barry University, FL:0.13:0.21:0.36:0.18:0.18:0.78:0.76:0.08:0.72:0.11:0.18
444:0.2299:Pembroke State University, NC:0.41:0.18:0.57:0.14:0.14:0.77:0.77:0.07:0.48:0.05:0.34
445:0.2297:College of Saint Benedict, MN:0.15:0.08:0.59:0.29:0.29:0.88:0.70:0.08:0.72:0.26:0.14
446:0.2295:SUNY College at Plattsburgh, NY:0.23:0.35:0.24:0.09:0.09:0.90:0.80:0.06:0.65:0.16:0.40
447:0.2287:Xavier University, OH:0.15:0.08:0.39:0.24:0.24:0.75:0.73:0.08:0.83:0.31:0.25
448:0.2286:Spalding University, KY:0.16:0.29:0.48:0.10:0.10:0.56:0.50:0.09:0.89:0.40:0.23
449:0.2285:University of St. Thomas, MN:0.15:0.12:0.46:0.26:0.26:0.80:0.80:0.07:0.89:0.13:0.10
450:0.2284:Dordt College, IA:0.13:0.07:0.58:0.25:0.25:0.60:0.61:0.08:0.87:0.17:0.42
451:0.2278:University of South Carolina at Aiken, SC:0.22:0.34:0.67:0.14:0.14:0.62:0.62:0.07:0.48:0.03:0.26
452:0.2269:Trinity College, VT:0.17:0.17:0.49:0.16:0.16:0.78:0.58:0.10:0.78:0.26:0.15
453:0.2265:Longwood College, VA:0.15:0.32:0.39:0.12:0.12:0.80:0.74:0.05:0.62:0.23:0.22
454:0.2263:Marywood College, PA:0.16:0.22:0.38:0.13:0.13:0.76:0.65:0.08:0.66:0.30:0.21
455:0.2263:Georgetown College, KY:0.18:0.05:0.41:0.30:0.30:0.76:0.73:0.08:0.55:0.28:0.40
456:0.2263:Eastern College, PA:0.13:0.19:0.45:0.16:0.16:0.60:0.60:0.07:0.54:0.22:0.33
457:0.2261:University of Rhode Island, RI:0.28:0.20:0.25:0.12:0.12:0.89:0.84:0.06:0.63:0.07:0.51
458:0.2250:St. Norbert College, WI:0.13:0.07:0.46:0.30:0.30:0.78:0.74:0.07:0.88:0.36:0.14
459:0.2250:Huntingdon College, AL:0.17:0.14:0.24:0.26:0.26:0.72:0.63:0.09:0.44:0.09:0.18
460:0.2249:Guilford College, NC:0.12:0.12:0.31:0.18:0.18:0.86:0.78:0.06:0.65:0.30:0.36
461:0.2248:University of Wisconsin-Stout, WI:0.32:0.24:0.52:0.09:0.09:0.78:0.78:0.05:0.65:0.17:0.40
462:0.2248:McPherson College, KS:0.21:0.30:0.32:0.11:0.11:0.54:0.54:0.10:0.48:0.45:0.19
463:0.2248:Georgia State University, GA:0.30:0.38:0.53:0.09:0.09:0.89:0.87:0.05:0.34:0.10:0.33
464:0.2246:Central Washington University, WA:0.29:0.28:0.50:0.08:0.08:0.89:0.67:0.06:0.51:0.00:0.51
465:0.2243:Peru State College, NE:0.30:0.29:0.91:0.10:0.10:1.00:0.48:0.05:0.44:0.24:0.28
466:0.2240:Franciscan University of Steubenville, OH:0.10:0.18:0.50:0.22:0.22:0.69:0.57:0.07:0.83:0.08:0.18
467:0.2238:Mercyhurst College, PA:0.13:0.31:0.37:0.15:0.15:0.63:0.45:0.06:0.78:0.29:0.15
468:0.2237:Hastings College, NE:0.13:0.13:0.37:0.22:0.22:0.63:0.57:0.08:0.52:0.17:0.29
469:0.2227:Montana State University, MT:0.24:0.19:0.63:0.15:0.15:0.83:0.75:0.06:0.37:0.08:0.33
470:0.2227:Doane College, NE:0.14:0.11:0.34:0.20:0.20:0.72:0.67:0.07:0.60:0.42:0.30
471:0.2223:Fort Lewis College, CO:0.16:0.18:0.40:0.16:0.16:0.97:0.89:0.05:0.46:0.06:0.44
472:0.2218:Saint Anselm College, NH:0.07:0.26:0.33:0.15:0.15:0.82:0.70:0.07:0.97:0.29:0.15
473:0.2215:University of Indianapolis, IN:0.10:0.14:0.30:0.26:0.26:0.56:0.55:0.09:0.69:0.23:0.13
474:0.2214:Ursuline College, OH:0.13:0.20:0.33:0.21:0.21:0.69:0.39:0.10:0.68:0.15:0.13
475:0.2210:Eastern Illinois University, IL:0.26:0.24:0.37:0.12:0.12:0.71:0.62:0.06:0.76:0.05:0.34
476:0.2208:Tusculum College, TN:0.10:0.41:0.39:0.12:0.12:0.70:0.70:0.05:0.52:0.28:0.22
477:0.2208:Bemidji State University, MN:0.14:0.27:0.62:0.12:0.12:0.62:0.57:0.05:0.46:0.16:0.47
478:0.2206:Western Carolina University, NC:0.46:0.22:0.42:0.11:0.11:0.78:0.67:0.07:0.55:0.09:0.22
479:0.2199:Augsburg College, MN:0.12:0.23:0.50:0.12:0.12:0.65:0.65:0.08:0.58:0.31:0.28
480:0.2193:Philadelphia Coll. of Textiles and Sci., PA:0.11:0.18:0.37:0.19:0.19:0.80:0.48:0.08:0.68:0.15:0.20
481:0.2182:Sacred Heart University, CT:0.10:0.18:0.27:0.19:0.19:0.73:0.71:0.07:0.82:0.16:0.17
482:0.2179:SUNY College  at Brockport, NY:0.27:0.51:0.25:0.07:0.07:0.83:0.79:0.05:0.49:0.14:0.29
483:0.2175:Southwest Missouri State University, MO:0.22:0.14:0.61:0.15:0.15:0.75:0.70:0.05:0.56:0.11:0.37
484:0.2174:University of Texas at San Antonio, TX:0.15:0.26:0.54:0.17:0.17:1.00:0.94:0.04:0.50:0.03:0.19
485:0.2173:University of Mobile, AL:0.13:0.27:0.81:0.17:0.17:0.63:0.59:0.06:0.52:0.04:0.20
486:0.2172:Georgian Court College, NJ:0.15:0.19:0.45:0.12:0.12:0.59:0.56:0.08:0.76:0.27:0.27
487:0.2166:George Fox College, OR:0.10:0.10:0.40:0.27:0.27:0.53:0.53:0.07:0.52:0.22:0.26
488:0.2165:Marshall University, WV:0.26:0.13:0.55:0.14:0.14:0.86:0.77:0.06:0.50:0.10:0.36
489:0.2164:St. Bonaventure University, NY:0.18:0.12:0.29:0.13:0.13:0.91:0.91:0.06:0.78:0.32:0.36
490:0.2161:Southwest State University, MN:0.30:0.10:0.54:0.13:0.13:0.75:0.58:0.06:0.51:0.31:0.49
491:0.2159:SUNY College at Cortland, NY:0.18:0.55:0.29:0.06:0.06:0.85:0.82:0.06:0.53:0.17:0.36
492:0.2158:Castleton State College, VT:0.20:0.25:0.39:0.09:0.09:0.91:0.89:0.07:0.79:0.08:0.29
493:0.2156:University of Northern Colorado, CO:0.23:0.28:0.42:0.12:0.12:0.75:0.75:0.05:0.40:0.08:0.32
494:0.2151:Belmont Abbey College, NC:0.11:0.22:0.26:0.17:0.17:0.85:0.78:0.08:0.52:0.10:0.17
495:0.2147:Saint Xavier University, IL:0.16:0.18:0.46:0.15:0.15:1.00:0.87:0.07:0.55:0.15:0.14
496:0.2143:Graceland College, IA:0.10:0.25:0.58:0.14:0.14:0.61:0.51:0.04:0.47:0.24:0.37
497:0.2132:Judson College, IL:0.13:0.27:0.60:0.10:0.10:0.55:0.34:0.09:0.56:0.30:0.34
498:0.2131:Marist College, NY:0.12:0.33:0.26:0.12:0.12:0.81:0.74:0.06:0.69:0.34:0.11
499:0.2130:Iona College, NY:0.11:0.28:0.26:0.13:0.13:0.83:0.66:0.06:0.66:0.14:0.22
500:0.2129:Rockhurst College, MO:0.13:0.08:0.40:0.22:0.22:0.79:0.60:0.09:0.79:0.21:0.17
501:0.2120:Southern Illinois University at Edwardsville, IL:0.33:0.14:0.45:0.13:0.13:0.81:0.76:0.06:0.43:0.08:0.40
502:0.2103:SUNY College at Buffalo, NY:0.31:0.34:0.29:0.08:0.08:0.78:0.71:0.05:0.42:0.12:0.34
503:0.2103:College of Mount St. Joseph, OH:0.12:0.22:0.38:0.14:0.14:0.46:0.46:0.09:1.00:0.35:0.10
504:0.2096:Illinois State University, IL:0.17:0.23:0.36:0.10:0.10:0.84:0.77:0.05:0.54:0.16:0.40
505:0.2093:Newberry College, SC:0.09:0.17:0.21:0.14:0.14:0.63:0.57:0.09:0.83:0.32:0.24
506:0.2093:Missouri Southern State College, MO:0.26:0.16:0.69:0.13:0.13:0.54:0.52:0.05:1.00:0.09:0.22
507:0.2090:Moorhead State University, MN:0.24:0.11:0.55:0.12:0.12:0.81:0.76:0.06:0.60:0.19:0.38
508:0.2085:Wilkes University, PA:0.13:0.12:0.30:0.15:0.15:0.92:0.78:0.08:0.67:0.24:0.22
509:0.2085:Hardin-Simmons University, TX:0.17:0.09:0.83:0.16:0.16:0.79:0.75:0.07:0.38:0.10:0.46
510:0.2076:Keuka College, NY:0.14:0.17:0.46:0.10:0.10:0.94:0.55:0.08:0.51:0.43:0.36
511:0.2074:University of Arkansas at Fayetteville, AR:0.31:0.04:0.69:0.25:0.25:0.89:0.73:0.07:0.39:0.10:0.39
512:0.2062:Gardner Webb University, NC:0.10:0.16:0.36:0.18:0.18:0.58:0.65:0.07:0.29:0.12:0.45
513:0.2061:Saint Ambrose University, IA:0.12:0.20:0.38:0.12:0.12:0.56:0.56:0.07:0.70:0.16:0.30
514:0.2052:St. Thomas Aquinas College, NY:0.10:0.29:0.35:0.10:0.10:0.73:0.69:0.06:0.67:0.13:0.29
515:0.2049:Columbia College, MO:0.09:0.50:0.84:0.10:0.10:0.87:0.87:0.07:0.37:0.02:0.22
516:0.2049:Alderson-Broaddus College, WV:0.17:0.14:0.35:0.21:0.21:0.41:0.40:0.09:0.52:0.15:0.14
517:0.2042:University of Maine at Machias, ME:0.27:0.16:0.47:0.17:0.17:0.46:0.46:0.07:0.64:0.04:0.18
518:0.2040:Saint Cloud State University, MN:0.20:0.17:0.58:0.10:0.10:0.75:0.70:0.05:0.58:0.10:0.45
519:0.2038:Mount Mercy College, IA:0.10:0.14:0.50:0.20:0.20:0.50:0.44:0.09:0.64:0.30:0.11
520:0.2035:South Dakota State University, SD:0.24:0.08:0.66:0.13:0.13:0.65:0.62:0.07:0.67:0.29:0.36
521:0.2025:Wingate College, NC:0.16:0.18:0.38:0.10:0.10:0.81:0.69:0.07:0.91:0.08:0.29
522:0.2025:Elon College, NC:0.10:0.23:0.31:0.11:0.11:0.74:0.70:0.05:0.63:0.34:0.22
523:0.2023:Tri-State University, IN:0.14:0.13:0.25:0.14:0.14:0.53:0.53:0.08:0.65:0.24:0.36
524:0.2018:Waynesburg College, PA:0.13:0.18:0.33:0.12:0.12:0.58:0.57:0.06:0.63:0.26:0.30
525:0.2013:Morningside College, IA:0.15:0.09:0.45:0.16:0.16:0.68:0.48:0.08:0.56:0.32:0.30
526:0.2011:Western State College of Colorado, CO:0.16:0.40:0.37:0.07:0.07:0.79:0.76:0.05:0.52:0.04:0.50
527:0.2009:Augustana College, SD:0.11:0.05:0.42:0.21:0.21:0.70:0.66:0.10:0.69:0.30:0.31
528:0.1996:University of Hartford, CT:0.13:0.20:0.30:0.11:0.11:0.76:0.61:0.09:0.66:0.09:0.23
529:0.1992:Briar Cliff College, IA:0.15:0.10:0.44:0.16:0.16:0.66:0.39:0.08:0.58:0.26:0.27
530:0.1991:Greensboro College, NC:0.17:0.19:0.36:0.10:0.10:0.80:0.64:0.08:0.39:0.31:0.25
531:0.1990:Alaska Pacific University, AK:0.27:0.24:0.38:0.16:0.16:0.72:0.76:0.08:0.15:0.02:0.19
532:0.1988:Lamar University, TX:0.32:0.26:0.60:0.10:0.10:0.82:0.48:0.05:0.26:0.12:0.24
533:0.1964:Malone College, OH:0.06:0.13:0.56:0.21:0.21:0.45:0.42:0.06:0.55:0.16:0.29
534:0.1959:Dowling College, NY:0.27:0.18:0.49:0.09:0.09:0.78:0.77:0.08:0.42:0.07:0.27
535:0.1947:Lindenwood College, MO:0.00:0.40:0.74:0.06:0.06:0.85:0.65:0.04:1.00:0.09:0.15
536:0.1943:Marian College of Fond du Lac, WI:0.09:0.19:0.50:0.15:0.15:0.37:0.37:0.12:0.59:0.21:0.13
537:0.1934:Huntington College, IN:0.19:0.04:0.29:0.20:0.20:0.76:0.76:0.08:0.47:0.25:0.29
538:0.1926:Mankato State University, MN:0.26:0.13:0.58:0.09:0.09:0.68:0.57:0.05:0.68:0.11:0.43
539:0.1922:Bethany College, KS:0.16:0.07:0.25:0.16:0.16:0.68:0.62:0.09:0.48:0.29:0.31
540:0.1918:University of Maine at Presque Isle, ME:0.26:0.17:0.62:0.10:0.10:0.67:0.67:0.07:0.35:0.11:0.22
541:0.1916:SUNY College at Purchase, NY:0.28:0.40:0.31:0.05:0.05:1.00:0.80:0.07:0.46:0.08:0.25
542:0.1910:MidAmerica Nazarene College, KS:0.07:0.00:0.68:0.15:0.15:0.33:0.33:0.06:0.49:0.20:0.30
543:0.1905:Immaculata College, PA:0.11:0.06:0.41:0.16:0.16:0.64:0.56:0.09:0.69:0.33:0.36
544:0.1901:Cabrini College, PA:0.10:0.18:0.45:0.08:0.08:0.76:0.59:0.06:0.71:0.36:0.37
545:0.1896:Embry Riddle Aeronautical University, FL:0.30:0.18:0.37:0.14:0.14:0.43:0.37:0.06:0.44:0.04:0.23
546:0.1895:Lakeland College, WI:0.04:0.09:0.51:0.24:0.24:0.65:0.49:0.06:0.57:0.25:0.24
547:0.1881:Wesley College, DE:0.09:0.18:0.43:0.10:0.10:0.57:0.52:0.07:0.84:0.15:0.29
548:0.1859:Lander University, SC:0.24:0.13:0.51:0.09:0.09:0.77:0.67:0.06:0.51:0.11:0.30
549:0.1856:Averett College, VA:0.10:0.11:0.31:0.16:0.16:0.67:0.59:0.04:0.48:0.11:0.40
550:0.1844:Albertus Magnus College, CT:0.11:0.04:0.30:0.17:0.17:0.93:0.90:0.09:0.63:0.26:0.38
551:0.1843:Green Mountain College, VT:0.10:0.19:0.32:0.07:0.07:0.83:0.77:0.07:0.76:0.24:0.26
552:0.1834:Central Connecticut State University, CT:0.16:0.39:0.36:0.06:0.06:0.73:0.69:0.06:0.49:0.04:0.30
553:0.1823:Saint Mary's College of Minnesota, MN:0.07:0.08:0.46:0.14:0.14:0.74:0.68:0.05:0.78:0.19:0.35
554:0.1815:Bradford College, MA:0.24:0.26:0.46:0.05:0.05:0.80:0.57:0.10:0.46:0.21:0.22
555:0.1814:Wayne State College, NE:0.23:0.00:0.53:0.06:0.06:0.68:0.60:0.05:0.52:0.29:0.37
556:0.1809:Saint Francis College, IN:0.16:0.22:0.51:0.13:0.13:0.78:0.43:0.08:0.48:0.04:0.08
557:0.1796:Keene State College, NH:0.23:0.22:0.34:0.05:0.05:0.73:0.73:0.06:0.61:0.13:0.41
558:0.1791:William Woods University, MO:0.09:0.07:0.52:0.17:0.17:0.66:0.39:0.08:0.52:0.16:0.29
559:0.1772:Virginia Union University, VA:0.14:0.13:0.28:0.19:0.19:0.67:0.51:0.07:0.30:0.08:0.10
560:0.1750:University of Southern Colorado, CO:0.17:0.12:0.49:0.10:0.10:0.88:0.63:0.05:0.36:0.00:0.28
561:0.1747:North Carolina Wesleyan College, NC:0.23:0.15:0.28:0.07:0.07:0.77:0.77:0.08:0.52:0.11:0.22
562:0.1747:La Roche College, PA:0.12:0.11:0.58:0.10:0.10:0.73:0.57:0.07:0.52:0.14:0.25
563:0.1730:Notre Dame College, NH:0.06:0.15:0.33:0.15:0.15:0.47:0.44:0.08:0.33:0.26:0.18
564:0.1729:Central Wesleyan College, SC:0.04:0.16:0.60:0.08:0.08:0.62:0.62:0.07:0.58:0.18:0.56
565:0.1723:Mayville State University, ND:0.37:0.00:0.66:0.05:0.05:0.68:0.68:0.06:0.51:0.11:0.24
566:0.1719:East Texas Baptist University, TX:0.17:0.10:0.78:0.10:0.10:0.62:0.62:0.06:0.38:0.07:0.35
567:0.1704:Point Park College, PA:0.13:0.15:0.28:0.07:0.07:0.90:0.45:0.07:0.66:0.10:0.45
568:0.1699:Mount Saint Clare College, IA:0.11:0.13:0.33:0.16:0.16:0.37:0.32:0.07:0.21:0.43:0.00
569:0.1688:Rivier College, NH:0.10:0.20:0.37:0.06:0.06:0.59:0.59:0.08:0.81:0.19:0.18
570:0.1682:Western New England College, MA:0.13:0.11:0.28:0.07:0.07:0.97:0.74:0.06:0.59:0.15:0.41
571:0.1681:Westfield State College, MA:0.14:0.31:0.38:0.03:0.03:0.79:0.75:0.06:0.65:0.20:0.47
572:0.1613:Worcester State College, MA:0.13:0.31:0.36:0.04:0.04:0.60:0.60:0.05:0.40:0.14:0.48
573:0.1605:St. Paul's College, VA:0.29:0.11:0.42:0.08:0.08:0.45:0.45:0.07:0.45:0.08:0.24
574:0.1597:Delta State University, MS:0.31:0.02:0.49:0.15:0.15:0.63:0.49:0.06:0.58:0.16:0.34
575:0.1574:Roger Williams University, RI:0.10:0.15:0.24:0.10:0.10:0.54:0.44:0.06:0.61:0.08:0.00
576:0.1570:Spring Arbor College, MI:0.29:0.03:0.50:0.15:0.15:0.48:0.48:0.06:0.49:0.09:0.35
577:0.1570:Northwest Missouri State University, MO:0.25:0.07:0.50:0.08:0.08:0.65:0.62:0.05:0.54:0.23:0.21
578:0.1558:University of Southern Indiana, IN:0.18:0.10:0.61:0.08:0.08:0.65:0.56:0.05:0.38:0.21:0.19
579:0.1551:Capitol College, MD:0.18:0.10:0.39:0.10:0.10:0.50:0.10:0.08:0.52:0.24:0.29
580:0.1544:Dana College, NE:0.18:0.04:0.38:0.10:0.10:0.51:0.46:0.08:0.54:0.25:0.31
581:0.1538:Saint Joseph's College, ME:0.04:0.18:0.32:0.12:0.12:0.89:0.53:0.04:0.85:0.08:0.09
582:0.1536:Kansas Wesleyan University, KS:0.14:0.02:0.26:0.16:0.16:0.55:0.63:0.08:0.68:0.14:0.29
583:0.1534:Oklahoma Christian University, OK:0.16:0.01:0.46:0.22:0.22:0.64:0.58:0.06:0.45:0.08:0.51
584:0.1525:Centenary College, NJ:0.15:0.15:0.29:0.12:0.12:0.85:0.41:0.11:0.24:0.20:0.03
585:0.1519:Dickinson State University, ND:0.23:0.05:0.77:0.10:0.10:0.64:0.50:0.06:0.46:0.28:0.13
586:0.1502:University of Dubuque, IA:0.17:0.03:0.25:0.11:0.11:0.98:0.85:0.06:0.45:0.18:0.33
587:0.1468:Lyndon State College, VT:0.25:0.06:0.44:0.06:0.06:0.65:0.48:0.08:0.51:0.15:0.32
588:0.1467:Husson College, ME:0.08:0.10:0.55:0.10:0.10:0.44:0.36:0.05:0.84:0.04:0.24
589:0.1462:Barber Scotia College, NC:0.12:0.00:0.51:0.06:0.06:0.50:0.50:0.07:0.34:0.08:0.25
590:0.1460:University of Sci. and Arts of Oklahoma, OK:0.22:0.02:0.74:0.21:0.21:0.77:0.67:0.04:0.43:0.03:0.25
591:0.1456:Johnson State College, VT:0.22:0.20:0.42:0.03:0.03:0.91:0.80:0.07:0.36:0.15:0.21
592:0.1450:Pikeville College, KY:0.17:0.01:0.42:0.28:0.28:0.57:0.48:0.07:0.61:0.14:0.16
593:0.1431:Lynchburg College, VA:0.13:0.15:0.24:0.03:0.03:0.66:0.62:0.08:0.70:0.24:0.39
594:0.1415:Tiffin University, OH:0.09:0.13:0.35:0.05:0.05:0.74:0.59:0.05:0.39:0.40:0.22
595:0.1393:Benedictine College, KS:0.11:0.02:0.36:0.14:0.14:0.84:0.64:0.07:0.58:0.18:0.22
596:0.1391:Prairie View A. and M. University, TX:0.29:0.07:0.47:0.10:0.10:0.93:0.55:0.05:0.35:0.01:0.15
597:0.1364:Mesa State College, CO:0.13:0.08:0.61:0.06:0.06:0.48:0.48:0.03:0.59:0.12:0.34
598:0.1345:St. Martin's College, WA:0.16:0.14:0.38:0.05:0.05:0.77:0.43:0.07:0.40:0.08:0.14
599:0.1316:Valley City State University, ND:0.24:0.07:0.62:0.05:0.05:0.41:0.39:0.07:0.40:0.25:0.22
600:0.1302:Christopher Newport University, VA:0.12:0.13:0.56:0.03:0.03:0.82:0.80:0.05:0.48:0.16:0.23
601:0.1271:North Adams State College, MA:0.24:0.36:0.24:0.01:0.01:0.71:0.65:0.07:0.57:0.17:0.37
602:0.1227:Missouri Valley College, MO:0.05:0.25:0.32:0.05:0.05:0.67:0.35:0.06:0.27:0.16:0.09
603:0.1220:Morris College, SC:0.23:0.17:0.45:0.02:0.02:0.60:0.53:0.05:0.60:0.34:0.11
604:0.1204:Virginia State University, VA:0.20:0.19:0.29:0.02:0.02:0.63:0.61:0.06:0.31:0.11:0.29
605:0.1160:Franklin Pierce College, NH:0.07:0.14:0.10:0.03:0.03:0.56:0.50:0.06:0.51:0.16:0.37
606:0.1121:Fayetteville State University, NC:0.54:0.27:0.42:0.01:0.01:0.75:0.75:0.07:0.24:0.10:0.14
607:0.1090:Center for Creative Studies, MI:0.20:0.34:0.51:0.01:0.01:0.58:0.08:0.15:0.47:0.04:0.60
608:0.1036:Dominican College of Blauvelt, NY:0.07:0.09:0.33:0.04:0.04:0.43:0.43:0.08:0.54:0.05:0.10
609:0.0951:Arkansas Tech University, AR:0.28:0.00:0.55:0.12:0.12:0.60:0.57:0.05:0.48:0.05:0.24
