1:0.7388:California Institute of Technology, CA:1.00:0.74:0.41:0.98:0.98:1.00:1.00:0.15:0.83:0.36:0.67
2:0.7283:Harvard University, MA:0.51:0.84:0.74:0.90:0.90:0.97:0.97:0.10:1.00:0.52:0.56
3:0.6974:Princeton University, NJ:0.37:0.85:0.56:0.90:0.90:0.96:0.91:0.12:0.99:0.54:0.57
4:0.6810:Massachusetts Institute of Technology, MA:0.44:0.67:0.50:0.96:0.96:0.99:0.99:0.10:0.94:0.35:0.59
5:0.6802:Stanford University, CA:0.46:0.78:0.55:0.88:0.88:0.99:0.98:0.10:0.96:0.25:0.64
6:0.6749:Dartmouth College, NH:0.41:0.74:0.48:0.87:0.87:0.99:0.95:0.21:0.98:0.49:0.44
7:0.6686:Duke University, NC:0.38:0.72:0.41:0.90:0.90:0.96:0.95:0.20:0.97:0.44:0.53
8:0.6681:Amherst College, MA:0.27:0.77:0.42:0.83:0.83:0.98:0.93:0.12:1.00:0.63:0.57
9:0.6655:Rice University, TX:0.50:0.81:0.42:0.87:0.87:1.00:0.91:0.12:0.91:0.39:0.53
10:0.6566:Brown University, RI:0.25:0.74:0.45:0.87:0.87:1.00:0.99:0.13:0.97:0.39:0.56
11:0.6520:Harvey Mudd College, CA:0.29:0.58:0.31:0.95:0.95:1.00:1.00:0.12:1.00:0.46:0.50
12:0.6420:Williams College, MA:0.28:0.70:0.42:0.81:0.81:0.99:0.94:0.11:0.99:0.64:0.36
13:0.6368:University of Pennsylvania, PA:0.33:0.58:0.47:0.85:0.85:0.96:0.95:0.16:0.93:0.38:0.54
14:0.6365:Columbia University, NY:0.44:0.71:0.45:0.78:0.78:0.98:0.97:0.17:0.99:0.21:0.52
15:0.6334:University of North Carolina at Chapel Hill, NC:0.89:0.59:0.56:0.75:0.75:0.93:0.88:0.11:0.83:0.23:0.45
16:0.6212:Swarthmore College, PA:0.31:0.61:0.33:0.81:0.81:0.97:0.93:0.11:0.95:0.58:0.42
17:0.6179:Wellesley College, MA:0.29:0.57:0.46:0.80:0.80:0.98:0.94:0.09:0.91:0.51:0.44
18:0.6126:University of Virginia, VA:0.55:0.66:0.50:0.74:0.74:0.92:0.90:0.11:0.95:0.22:0.46
19:0.6119:University of Chicago, IL:0.52:0.53:0.31:0.68:0.68:0.99:0.99:0.19:0.90:0.36:0.58
20:0.6112:Davidson College, NC:0.25:0.60:0.47:0.77:0.77:0.97:0.95:0.08:0.94:0.46:0.46
21:0.6078:University of California at Los Angeles, CA:0.50:0.53:0.34:0.93:0.93:0.99:0.97:0.08:0.77:0.09:0.55
22:0.6067:Bowdoin College, ME:0.25:0.70:0.41:0.76:0.76:0.96:0.93:0.09:0.96:0.52:0.33
23:0.6026:University of California at Berkeley, CA:0.29:0.58:0.39:0.95:0.95:0.97:0.93:0.06:0.78:0.10:0.62
24:0.6022:Pomona College, CA:0.27:0.63:0.35:0.80:0.80:0.98:0.94:0.11:0.91:0.47:0.37
25:0.6014:University of Notre Dame, IN:0.19:0.52:0.52:0.79:0.79:0.92:0.96:0.08:0.97:0.46:0.43
26:0.5977:Claremont McKenna College, CA:0.26:0.59:0.30:0.71:0.71:0.99:0.99:0.10:0.87:0.52:0.54
27:0.5970:Cornell University, NY:0.30:0.63:0.46:0.81:0.81:0.91:0.91:0.14:0.93:0.22:0.45
28:0.5924:Washington and Lee University, VA:0.27:0.67:0.39:0.68:0.68:0.96:0.81:0.10:0.90:0.45:0.61
29:0.5922:Emory University, GA:0.43:0.51:0.30:0.76:0.76:0.98:0.97:0.20:0.96:0.28:0.37
30:0.5917:Haverford College, PA:0.20:0.56:0.31:0.76:0.76:0.99:0.94:0.09:0.95:0.51:0.42
31:0.5914:Georgia Institute of Technology, GA:0.50:0.42:0.50:0.89:0.89:0.92:0.92:0.05:0.70:0.33:0.38
32:0.5848:Georgetown University, DC:0.24:0.74:0.48:0.71:0.71:0.92:0.91:0.14:0.95:0.27:0.36
33:0.5846:Bryn Mawr College, PA:0.21:0.45:0.39:0.71:0.71:1.00:1.00:0.08:0.89:0.49:0.50
34:0.5700:Washington University, MO:0.70:0.31:0.24:0.62:0.62:0.98:0.91:0.26:0.90:0.31:0.43
35:0.5690:Carleton College, MN:0.25:0.41:0.31:0.75:0.75:0.93:0.81:0.10:0.91:0.60:0.44
36:0.5680:University of California at San Diego, CA:0.38:0.41:0.22:0.95:0.95:1.00:1.00:0.07:0.66:0.06:0.55
37:0.5619:College of William and Mary, VA:0.34:0.56:0.39:0.68:0.68:0.92:0.89:0.08:0.93:0.31:0.39
38:0.5586:Rose-Hulman Institute of Technology, IN:0.24:0.45:0.21:0.73:0.73:0.91:0.91:0.07:0.97:0.42:0.50
39:0.5534:Pepperdine University, CA:0.20:0.47:0.33:0.86:0.86:0.98:0.95:0.09:0.66:0.13:0.56
40:0.5518:Vanderbilt University, TN:0.32:0.40:0.32:0.71:0.71:0.98:0.93:0.17:0.83:0.26:0.44
41:0.5513:Wesleyan University, CT:0.18:0.59:0.36:0.60:0.60:0.94:0.90:0.08:0.92:0.39:0.50
42:0.5510:College of the Holy Cross, MA:0.13:0.44:0.39:0.70:0.70:0.96:0.92:0.09:0.95:0.55:0.24
43:0.5484:University of Michigan at Ann Arbor, MI:0.48:0.32:0.38:0.66:0.66:0.98:0.90:0.09:0.87:0.26:0.43
44:0.5351:Smith College, MA:0.28:0.45:0.40:0.51:0.51:0.97:0.85:0.10:0.90:0.44:0.48
45:0.5348:Tufts University, MA:0.23:0.53:0.33:0.60:0.60:1.00:0.99:0.10:0.92:0.22:0.37
46:0.5340:Colorado College, CO:0.21:0.51:0.31:0.56:0.56:0.97:0.85:0.09:0.84:0.51:0.47
47:0.5299:University of California at Irvine, CA:0.36:0.31:0.23:0.85:0.85:0.96:0.96:0.06:0.66:0.11:0.47
48:0.5238:New York University, NY:0.27:0.47:0.35:0.70:0.70:0.98:0.87:0.13:0.71:0.16:0.43
49:0.5231:Case Western Reserve University, OH:0.32:0.19:0.23:0.71:0.71:0.95:0.95:0.34:0.67:0.29:0.40
50:0.5214:Boston College, MA:0.11:0.53:0.35:0.66:0.66:0.95:0.95:0.06:0.90:0.27:0.30
51:0.5204:Colby College, ME:0.19:0.54:0.35:0.58:0.58:0.94:0.83:0.10:0.91:0.41:0.31
52:0.5189:University of the South, TN:0.33:0.33:0.34:0.46:0.46:0.93:0.89:0.10:0.82:0.52:0.54
53:0.5184:University of Rochester, NY:0.37:0.37:0.23:0.56:0.56:0.99:0.93:0.17:0.80:0.23:0.50
54:0.5173:Vassar College, NY:0.21:0.47:0.35:0.53:0.53:0.98:0.90:0.10:0.90:0.39:0.33
55:0.5167:Union College, NY:0.18:0.51:0.31:0.49:0.49:0.96:0.94:0.09:0.88:0.49:0.35
56:0.5165:Colgate University, NY:0.18:0.49:0.29:0.46:0.46:0.98:0.95:0.10:0.93:0.45:0.39
57:0.5159:Grinnell College, IA:0.32:0.32:0.31:0.56:0.56:0.92:0.88:0.11:0.83:0.54:0.33
58:0.5157:Trinity University, TX:0.28:0.25:0.33:0.62:0.62:0.96:0.94:0.10:0.93:0.20:0.44
59:0.5156:Bard College, NY:0.15:0.56:0.34:0.50:0.50:0.98:0.98:0.10:0.79:0.30:0.48
60:0.5135:Scripps College, CA:0.24:0.26:0.22:0.60:0.60:1.00:0.95:0.12:0.73:0.41:0.52
61:0.5133:University of California at Santa Barbara, CA:0.17:0.15:0.23:0.90:0.90:1.00:0.96:0.05:0.69:0.06:0.53
62:0.5133:Sarah Lawrence College, NY:0.16:0.44:0.34:0.57:0.57:0.93:0.89:0.16:0.83:0.18:0.57
63:0.5123:University of California at Santa Cruz, CA:0.22:0.20:0.20:0.94:0.94:1.00:0.94:0.05:0.59:0.10:0.45
64:0.5114:Carnegie Mellon University, PA:0.35:0.40:0.23:0.60:0.60:0.93:0.86:0.11:0.74:0.31:0.49
65:0.5072:SUNY at Binghamton, NY:0.31:0.57:0.28:0.60:0.60:1.00:0.83:0.06:0.80:0.15:0.37
66:0.5065:Trinity College, CT:0.23:0.41:0.27:0.46:0.46:0.96:0.91:0.10:0.91:0.48:0.39
67:0.5031:Centre College, KY:0.25:0.12:0.32:0.55:0.55:0.99:0.95:0.09:0.74:0.60:0.37
68:0.5018:Texas A&M Univ. at College Station, TX:0.41:0.27:0.61:0.49:0.49:0.91:0.89:0.04:0.69:0.29:0.42
69:0.4996:Oberlin College, OH:0.19:0.42:0.25:0.50:0.50:0.96:0.77:0.10:0.83:0.47:0.51
70:0.4990:Macalester College, MN:0.21:0.49:0.30:0.56:0.56:0.91:0.85:0.08:0.77:0.37:0.38
71:0.4963:University of California at Riverside, CA:0.28:0.23:0.19:0.80:0.80:0.99:0.98:0.07:0.62:0.08:0.41
72:0.4955:Connecticut College, CT:0.17:0.49:0.28:0.42:0.42:0.95:0.86:0.09:0.91:0.40:0.45
73:0.4948:Drew University, NJ:0.18:0.27:0.20:0.56:0.56:0.97:0.93:0.10:0.83:0.28:0.56
74:0.4946:Lehigh University, PA:0.17:0.33:0.25:0.40:0.40:0.99:0.96:0.08:0.91:0.43:0.52
75:0.4921:Barnard College, NY:0.12:0.44:0.38:0.53:0.53:0.93:0.83:0.10:0.91:0.33:0.32
76:0.4920:Bucknell University, PA:0.16:0.42:0.23:0.49:0.49:0.97:0.95:0.07:0.93:0.36:0.35
77:0.4889:Mount Holyoke College, MA:0.22:0.27:0.40:0.47:0.47:0.91:0.79:0.11:0.84:0.51:0.38
78:0.4887:Agnes Scott College, GA:0.35:0.16:0.39:0.60:0.60:0.97:0.92:0.13:0.59:0.37:0.29
79:0.4878:University of Texas at Austin, TX:0.31:0.35:0.56:0.48:0.48:0.99:0.91:0.05:0.65:0.11:0.47
80:0.4871:Occidental College, CA:0.23:0.43:0.28:0.52:0.52:0.93:0.91:0.10:0.79:0.30:0.35
81:0.4852:Illinois Wesleyan University, IL:0.14:0.56:0.35:0.55:0.55:0.92:0.77:0.08:0.83:0.34:0.25
82:0.4845:Kenyon College, OH:0.18:0.30:0.27:0.44:0.44:0.95:0.95:0.09:0.88:0.46:0.37
83:0.4817:Lawrence University, WI:0.20:0.24:0.34:0.50:0.50:0.92:0.76:0.10:0.77:0.57:0.40
84:0.4816:Brandeis University, MA:0.20:0.34:0.27:0.48:0.48:0.97:0.90:0.10:0.84:0.24:0.47
85:0.4815:Furman University, SC:0.22:0.10:0.35:0.56:0.56:0.95:0.92:0.07:0.82:0.28:0.46
86:0.4812:University of Illinois - Urbana, IL:0.28:0.22:0.49:0.52:0.52:0.90:0.87:0.06:0.81:0.13:0.50
87:0.4804:Birmingham-Southern College, AL:0.14:0.27:0.49:0.67:0.67:0.79:0.74:0.07:0.72:0.34:0.38
88:0.4799:Trenton State College, NJ:0.26:0.54:0.41:0.55:0.55:0.87:0.81:0.07:0.81:0.06:0.35
89:0.4791:University of Minnesota Twin Cities, MN:0.59:0.42:0.55:0.26:0.26:0.90:0.88:0.08:0.45:0.37:0.51
90:0.4779:California Polytechnic-San Luis, CA:0.32:0.51:0.43:0.47:0.47:0.81:0.72:0.05:0.59:0.13:0.76
91:0.4775:Whitman College, WA:0.18:0.46:0.36:0.45:0.45:0.83:0.80:0.10:0.72:0.51:0.40
92:0.4754:University of Hawaii at Manoa, HI:0.80:0.27:0.63:0.36:0.36:0.87:0.85:0.08:0.54:0.06:0.40
93:0.4740:Pitzer College, CA:0.17:0.44:0.35:0.37:0.37:1.00:1.00:0.10:0.73:0.11:0.57
94:0.4735:Stevens Institute of Technology, NJ:0.16:0.29:0.30:0.51:0.51:0.89:0.89:0.05:0.79:0.33:0.48
95:0.4731:Earlham College, IN:0.24:0.26:0.27:0.35:0.35:0.94:0.90:0.09:0.78:0.46:0.56
96:0.4726:Arkansas College (Lyon College), AR:0.39:0.53:0.50:0.46:0.46:0.88:0.79:0.08:0.54:0.24:0.33
97:0.4702:Rhodes College, TN:0.19:0.20:0.21:0.58:0.58:0.96:0.90:0.09:0.77:0.47:0.21
98:0.4700:Knox College, IL:0.20:0.19:0.34:0.48:0.48:0.95:0.88:0.08:0.79:0.33:0.45
99:0.4687:Wabash College, IN:0.28:0.22:0.41:0.41:0.41:0.85:0.78:0.10:0.72:0.55:0.42
100:0.4638:Sweet Briar College, VA:0.31:0.13:0.36:0.36:0.36:0.99:0.91:0.15:0.61:0.48:0.43
101:0.4625:Harding University, AR:0.17:0.38:0.75:0.35:0.35:0.77:0.71:0.06:0.73:0.37:0.45
102:0.4621:Willamette University, OR:0.15:0.20:0.30:0.49:0.49:0.94:0.91:0.08:0.68:0.37:0.48
103:0.4621:North Carolina State University at Raleigh, NC:0.36:0.34:0.45:0.39:0.39:0.98:0.92:0.06:0.62:0.21:0.37
104:0.4614:Linfield College, OR:0.12:0.24:0.39:0.48:0.48:0.91:0.89:0.06:0.81:0.34:0.36
105:0.4614:Juniata College, PA:0.19:0.15:0.35:0.36:0.36:0.97:0.97:0.08:0.80:0.37:0.49
106:0.4611:University of Georgia, GA:0.35:0.30:0.42:0.43:0.43:0.95:0.88:0.07:0.63:0.22:0.39
107:0.4594:Tulane University, LA:0.21:0.27:0.24:0.47:0.47:0.98:0.98:0.11:0.74:0.21:0.38
108:0.4589:Rensselaer Polytechnic Institute, NY:0.19:0.17:0.22:0.53:0.53:0.98:0.94:0.06:0.70:0.21:0.51
109:0.4587:University of Kansas, KS:0.42:0.35:0.66:0.25:0.25:0.94:0.88:0.07:0.57:0.17:0.48
110:0.4583:Reed College, OR:0.19:0.27:0.23:0.47:0.47:0.90:0.90:0.08:0.68:0.37:0.48
111:0.4578:Oglethorpe University, GA:0.10:0.18:0.29:0.56:0.56:0.95:0.91:0.08:0.67:0.27:0.48
112:0.4578:Lafayette College, PA:0.18:0.40:0.24:0.36:0.36:0.96:0.93:0.10:0.92:0.38:0.21
113:0.4571:Gustavus Adolphus College, MN:0.16:0.19:0.46:0.36:0.36:0.89:0.79:0.08:0.80:0.58:0.36
114:0.4555:Worcester Polytechnic Institute, MA:0.13:0.16:0.29:0.49:0.49:0.94:0.92:0.07:0.82:0.34:0.35
115:0.4547:Virginia Military Institute, VA:0.41:0.24:0.51:0.16:0.16:0.84:0.84:0.09:0.68:0.51:0.55
116:0.4526:St. Mary's College of Maryland, MD:0.32:0.48:0.41:0.42:0.42:0.89:0.84:0.09:0.63:0.23:0.25
117:0.4525:Washington and Jefferson College, PA:0.13:0.16:0.30:0.42:0.42:0.91:0.91:0.08:0.86:0.40:0.38
118:0.4520:Pace University, NY:0.17:0.55:0.41:0.37:0.37:0.95:0.90:0.07:0.62:0.10:0.47
119:0.4516:Valparaiso University, IN:0.18:0.17:0.30:0.49:0.49:0.89:0.87:0.07:0.95:0.23:0.33
120:0.4515:Pennsylvania State Univ. Main Campus, PA:0.26:0.46:0.33:0.48:0.48:0.96:0.77:0.06:0.63:0.19:0.35
121:0.4509:Florida International University, FL:0.29:0.37:0.52:0.42:0.42:0.96:0.81:0.07:0.66:0.20:0.24
122:0.4508:University of Alabama at Birmingham, AL:0.61:0.30:0.74:0.24:0.24:0.96:0.96:0.15:0.33:0.16:0.26
123:0.4505:Marietta College, OH:0.16:0.40:0.36:0.27:0.27:0.97:0.80:0.08:0.96:0.30:0.39
124:0.4504:Rutgers at New Brunswick, NJ:0.31:0.45:0.17:0.36:0.36:0.95:0.90:0.05:0.77:0.19:0.44
125:0.4503:SUNY College at Geneseo, NY:0.22:0.47:0.25:0.56:0.56:0.84:0.79:0.05:0.76:0.25:0.20
126:0.4502:University of Minnesota at Morris, MN:0.26:0.40:0.67:0.56:0.56:0.78:0.74:0.07:0.51:0.16:0.24
127:0.4494:Gettysburg College, PA:0.18:0.31:0.23:0.42:0.42:0.95:0.94:0.08:0.83:0.32:0.25
128:0.4485:George Washington University, DC:0.17:0.36:0.29:0.38:0.38:0.93:0.92:0.13:0.72:0.15:0.50
129:0.4477:DePauw University, IN:0.17:0.17:0.30:0.50:0.50:0.94:0.78:0.09:0.82:0.31:0.35
130:0.4470:Ursinus College, PA:0.17:0.27:0.30:0.44:0.44:0.85:0.82:0.09:0.79:0.40:0.35
131:0.4466:SUNY at Buffalo, NY:0.45:0.36:0.32:0.36:0.36:0.97:0.90:0.07:0.56:0.15:0.41
132:0.4457:Kalamazoo College, MI:0.18:0.10:0.31:0.55:0.55:0.89:0.75:0.08:0.74:0.36:0.39
133:0.4456:Austin College, TX:0.22:0.16:0.37:0.42:0.42:0.95:0.81:0.08:0.71:0.33:0.44
134:0.4453:Transylvania University, KY:0.19:0.04:0.33:0.57:0.57:0.91:0.81:0.08:0.70:0.41:0.29
135:0.4452:Santa Clara University, CA:0.14:0.31:0.32:0.40:0.40:0.92:0.88:0.07:1.00:0.19:0.26
136:0.4451:St. Lawrence University, NY:0.18:0.34:0.28:0.31:0.31:0.94:0.90:0.09:0.85:0.38:0.33
137:0.4448:University of Missouri at Columbia, MO:0.40:0.29:0.63:0.32:0.32:0.87:0.87:0.08:0.58:0.15:0.37
138:0.4446:Mary Washington College, VA:0.14:0.50:0.35:0.39:0.39:0.80:0.75:0.06:0.84:0.30:0.38
139:0.4441:Hendrix College, AR:0.20:0.12:0.38:0.52:0.52:0.99:0.82:0.08:0.63:0.26:0.37
140:0.4434:Babson College, MA:0.19:0.43:0.36:0.30:0.30:0.93:0.93:0.06:0.94:0.18:0.26
141:0.4432:New Jersey Institute of Technology, NJ:0.36:0.35:0.40:0.27:0.27:0.98:0.92:0.07:0.72:0.19:0.34
142:0.4422:Trinity College, DC:0.19:0.23:0.53:0.19:0.19:0.93:0.89:0.12:0.96:0.37:0.26
143:0.4413:Hampden - Sydney College, VA:0.20:0.21:0.48:0.20:0.20:0.97:0.95:0.08:0.69:0.53:0.35
144:0.4407:University of Missouri at Rolla, MO:0.39:0.03:0.45:0.49:0.49:0.88:0.88:0.07:0.49:0.23:0.45
145:0.4403:Niagara University, NY:0.13:0.19:0.26:0.65:0.65:1.00:0.68:0.07:0.65:0.20:0.36
146:0.4402:SUNY at Stony Brook, NY:0.57:0.44:0.25:0.27:0.27:0.96:0.91:0.10:0.57:0.07:0.43
147:0.4401:Lake Forest College, IL:0.22:0.35:0.42:0.31:0.31:0.94:0.91:0.09:0.77:0.19:0.32
148:0.4395:New Mexico Institute of Mining and Tech., NM:0.54:0.24:0.39:0.40:0.40:1.00:0.99:0.07:0.34:0.11:0.36
149:0.4393:University of Nebraska at Lincoln, NE:0.30:0.04:0.59:0.33:0.33:0.92:0.86:0.07:0.53:0.48:0.39
150:0.4387:University of Southern California, CA:0.21:0.31:0.29:0.45:0.45:0.94:0.90:0.09:0.68:0.10:0.42
151:0.4378:Goucher College, MD:0.24:0.29:0.31:0.40:0.40:0.90:0.78:0.11:0.77:0.34:0.28
152:0.4377:Rollins College, FL:0.14:0.35:0.33:0.31:0.31:0.85:0.81:0.08:0.90:0.23:0.51
153:0.4369:Wheaton College, MA:0.31:0.21:0.30:0.21:0.21:0.96:0.92:0.08:0.71:0.41:0.48
154:0.4369:Saint Louis University, MO:0.26:0.13:0.33:0.44:0.44:0.94:0.84:0.22:0.67:0.19:0.34
155:0.4369:California Lutheran University, CA:0.13:0.56:1.00:0.23:0.23:0.74:0.72:0.08:0.60:0.17:0.35
156:0.4365:University of North Dakota, ND:0.55:0.19:0.73:0.20:0.20:0.97:0.97:0.06:0.49:0.16:0.28
157:0.4364:Denison University, OH:0.16:0.17:0.23:0.32:0.32:0.97:0.88:0.09:0.81:0.45:0.40
158:0.4344:Albion College, MI:0.17:0.09:0.28:0.37:0.37:1.00:0.89:0.07:0.73:0.37:0.43
159:0.4343:University of Tennessee at Knoxville, TN:0.34:0.28:0.56:0.27:0.27:0.92:0.86:0.06:0.53:0.22:0.47
160:0.4341:Hobart and William Smith Colleges, NY:0.14:0.23:0.24:0.25:0.25:0.99:0.99:0.08:0.79:0.37:0.45
161:0.4333:Erskine College, SC:0.12:0.15:0.30:0.47:0.47:0.80:0.76:0.07:0.67:0.47:0.47
162:0.4324:Hamline University, MN:0.17:0.18:0.40:0.34:0.34:0.93:0.89:0.08:0.65:0.33:0.45
163:0.4323:University of Wyoming, WY:0.43:0.25:0.71:0.23:0.23:0.94:0.91:0.07:0.45:0.13:0.41
164:0.4313:Hiram College, OH:0.19:0.21:0.33:0.37:0.37:0.95:0.75:0.09:0.79:0.34:0.35
165:0.4313:Clark University, MA:0.15:0.29:0.22:0.30:0.30:0.95:0.94:0.10:0.79:0.35:0.36
166:0.4309:Presbyterian College, SC:0.12:0.23:0.36:0.34:0.34:0.85:0.80:0.07:0.85:0.42:0.35
167:0.4304:Ripon College, WI:0.19:0.15:0.42:0.28:0.28:0.90:0.87:0.11:0.64:0.49:0.41
168:0.4302:Westmont College, CA:0.10:0.25:0.49:0.42:0.42:0.77:0.77:0.07:0.87:0.17:0.41
169:0.4301:Allegheny College, PA:0.15:0.28:0.25:0.44:0.44:0.91:0.73:0.10:0.76:0.41:0.25
170:0.4300:Loyola Marymount University, CA:0.16:0.29:0.28:0.42:0.42:0.88:0.84:0.07:0.84:0.10:0.42
171:0.4296:Michigan State University, MI:0.42:0.17:0.41:0.23:0.23:0.95:0.93:0.07:0.71:0.09:0.52
172:0.4295:The Citadel, SC:0.42:0.17:0.49:0.12:0.12:0.94:0.95:0.06:0.84:0.17:0.44
173:0.4287:Centenary College of Louisiana, LA:0.21:0.12:0.48:0.35:0.35:0.92:0.86:0.09:0.66:0.25:0.42
174:0.4285:Creighton University, NE:0.49:0.04:0.31:0.30:0.30:0.90:0.85:0.15:0.85:0.32:0.19
175:0.4281:University of San Diego, CA:0.14:0.30:0.32:0.40:0.40:0.96:0.93:0.06:0.66:0.13:0.40
176:0.4281:Beloit College, WI:0.20:0.30:0.31:0.26:0.26:0.95:0.87:0.09:0.69:0.26:0.53
177:0.4276:Taylor University, IN:0.14:0.38:0.40:0.41:0.41:0.61:0.60:0.07:0.98:0.32:0.38
178:0.4265:University of Pittsburgh-Main Campus, PA:0.47:0.26:0.39:0.25:0.25:0.93:0.93:0.13:0.66:0.10:0.32
179:0.4259:Wittenberg University, OH:0.13:0.12:0.33:0.42:0.42:0.95:0.82:0.08:0.78:0.29:0.35
180:0.4259:Miami University at Oxford, OH:0.26:0.16:0.42:0.35:0.35:0.89:0.81:0.06:0.85:0.20:0.34
181:0.4257:University of Miami, FL:0.23:0.24:0.31:0.42:0.42:0.94:0.82:0.17:0.59:0.17:0.38
182:0.4255:University of Central Florida, FL:0.28:0.58:0.65:0.25:0.25:0.98:0.80:0.05:0.46:0.09:0.30
183:0.4250:University of Puget Sound, WA:0.14:0.30:0.24:0.51:0.51:0.86:0.79:0.07:0.63:0.17:0.46
184:0.4250:Monmouth College, IL:0.20:0.16:0.41:0.28:0.28:0.91:0.91:0.09:0.56:0.43:0.45
185:0.4243:Appalachian State University, NC:0.35:0.36:0.41:0.20:0.20:0.96:0.83:0.05:0.70:0.14:0.46
186:0.4236:Fairfield University, CT:0.14:0.30:0.23:0.30:0.30:0.90:0.86:0.07:0.94:0.30:0.32
187:0.4235:Saint Mary's College, IN:0.17:0.17:0.54:0.26:0.26:0.95:0.74:0.10:0.98:0.31:0.18
188:0.4235:Emory & Henry College, VA:0.15:0.16:0.35:0.30:0.30:0.88:0.79:0.07:0.82:0.51:0.33
189:0.4220:Bellarmine College, KY:0.14:0.12:0.44:0.39:0.39:0.82:0.74:0.08:0.84:0.31:0.38
190:0.4218:Stetson University, FL:0.16:0.21:0.40:0.37:0.37:0.90:0.85:0.08:0.73:0.24:0.33
191:0.4214:Siena College, NY:0.13:0.35:0.33:0.24:0.24:0.82:0.71:0.07:1.00:0.42:0.34
192:0.4209:Rutgers State University at Newark, NJ:0.36:0.54:0.19:0.26:0.26:0.95:0.90:0.06:0.58:0.16:0.38
193:0.4208:University of Scranton, PA:0.13:0.34:0.31:0.29:0.29:0.83:0.83:0.07:0.92:0.41:0.21
194:0.4202:Clarkson University, NY:0.14:0.10:0.29:0.35:0.35:0.95:0.95:0.06:0.77:0.32:0.34
195:0.4194:Hope College, MI:0.15:0.13:0.42:0.37:0.37:0.81:0.72:0.08:0.72:0.40:0.44
196:0.4194:Alfred University, NY:0.13:0.18:0.33:0.37:0.37:0.88:0.82:0.09:0.73:0.31:0.41
197:0.4187:Whittier College, CA:0.13:0.36:0.32:0.35:0.35:0.92:0.84:0.07:0.52:0.29:0.44
198:0.4185:Chatham College, PA:0.28:0.07:0.46:0.28:0.28:0.98:0.95:0.11:0.52:0.37:0.30
199:0.4175:Villanova University, PA:0.12:0.28:0.26:0.30:0.30:0.90:0.89:0.07:0.96:0.24:0.26
200:0.4175:Colorado State University, CO:0.31:0.33:0.35:0.29:0.29:0.89:0.87:0.05:0.59:0.10:0.52
201:0.4175:Alma College, MI:0.15:0.15:0.36:0.44:0.44:0.87:0.79:0.07:0.68:0.32:0.33
202:0.4167:Hollins College, VA:0.23:0.17:0.43:0.26:0.26:0.91:0.78:0.09:0.72:0.48:0.25
203:0.4163:St. Mary's College of California, CA:0.12:0.39:0.29:0.36:0.36:0.89:0.88:0.06:0.78:0.17:0.28
204:0.4161:University of Cincinnati, OH:0.50:0.19:0.43:0.26:0.26:0.95:0.89:0.09:0.54:0.06:0.40
205:0.4160:Michigan Technological University, MI:0.27:0.13:0.45:0.42:0.42:0.82:0.82:0.06:0.65:0.25:0.29
206:0.4158:Drury College, MO:0.22:0.07:0.48:0.33:0.33:0.92:0.82:0.08:0.67:0.35:0.30
207:0.4156:Susquehanna University, PA:0.13:0.28:0.31:0.27:0.27:0.86:0.83:0.07:0.90:0.37:0.28
208:0.4149:Kansas State University, KS:0.27:0.31:0.70:0.25:0.25:0.86:0.76:0.05:0.54:0.22:0.36
209:0.4131:University of Oklahoma, OK:0.41:0.16:0.56:0.32:0.32:0.90:0.86:0.09:0.44:0.11:0.37
210:0.4130:Fordham University, NY:0.13:0.32:0.33:0.30:0.30:0.97:0.86:0.07:0.80:0.14:0.33
211:0.4123:Dickinson College, PA:0.16:0.16:0.19:0.31:0.31:0.94:0.87:0.09:0.87:0.39:0.24
212:0.4123:Butler University, IN:0.13:0.14:0.34:0.40:0.40:0.81:0.77:0.09:0.83:0.29:0.33
213:0.4122:Indiana University at Bloomington, IN:0.31:0.20:0.44:0.25:0.25:0.88:0.77:0.05:0.68:0.24:0.46
214:0.4122:Christendom College, VA:0.28:0.11:0.71:0.33:0.33:0.92:0.92:0.11:0.58:0.17:0.08
215:0.4115:Illinois Institute of Technology, IL:0.20:0.23:0.35:0.42:0.42:0.88:0.80:0.08:0.56:0.26:0.32
216:0.4114:Lebanon Valley College, PA:0.10:0.24:0.30:0.28:0.28:0.84:0.84:0.08:0.85:0.30:0.42
217:0.4113:University of the Pacific, CA:0.18:0.19:0.29:0.36:0.36:0.94:0.87:0.09:0.65:0.14:0.46
218:0.4111:University of Dallas, TX:0.13:0.14:0.42:0.44:0.44:0.93:0.85:0.07:0.63:0.26:0.21
219:0.4110:University of Louisville, KY:0.43:0.36:0.60:0.16:0.16:0.92:0.84:0.09:0.31:0.24:0.41
220:0.4100:Lenoir-Rhyne College, NC:0.16:0.24:0.35:0.25:0.25:0.92:0.88:0.08:0.66:0.20:0.52
221:0.4099:John Brown University, AR:0.23:0.33:0.70:0.24:0.24:0.68:0.68:0.08:0.75:0.19:0.40
222:0.4091:Washington State University, WA:0.38:0.11:0.42:0.31:0.31:0.87:0.84:0.06:0.56:0.30:0.35
223:0.4084:Seattle Pacific University, WA:0.16:0.14:0.40:0.42:0.42:0.85:0.83:0.06:0.66:0.20:0.35
224:0.4084:Randolph-Macon Woman's College, VA:0.26:0.11:0.27:0.35:0.35:0.97:0.88:0.11:0.68:0.24:0.26
225:0.4076:Westminster College, PA:0.14:0.13:0.44:0.29:0.29:0.78:0.62:0.08:0.80:0.41:0.51
226:0.4075:Skidmore College, NY:0.18:0.36:0.22:0.25:0.25:0.92:0.87:0.08:0.81:0.29:0.26
227:0.4074:Iowa State University, IA:0.37:0.12:0.46:0.26:0.26:0.88:0.81:0.05:0.65:0.22:0.39
228:0.4071:Whitworth College, WA:0.10:0.17:0.40:0.43:0.43:0.80:0.80:0.06:0.80:0.20:0.28
229:0.4069:Saint Joseph's University, PA:0.09:0.20:0.39:0.39:0.39:0.90:0.84:0.06:0.83:0.13:0.25
230:0.4068:Albright College, PA:0.17:0.19:0.27:0.30:0.30:0.84:0.79:0.09:0.80:0.23:0.49
231:0.4066:Texas Christian University, TX:0.18:0.25:0.39:0.33:0.33:0.93:0.81:0.07:0.64:0.23:0.32
232:0.4052:University of North Texas, TX:0.28:0.38:0.75:0.23:0.23:0.94:0.86:0.04:0.35:0.06:0.33
233:0.4049:Eckerd College, FL:0.24:0.22:0.33:0.33:0.33:0.89:0.82:0.08:0.59:0.26:0.37
234:0.4041:Le Moyne College, NY:0.13:0.18:0.35:0.21:0.21:0.92:0.89:0.08:0.94:0.28:0.25
235:0.4040:SUNY at Albany, NY:0.35:0.32:0.20:0.16:0.16:0.96:0.93:0.06:0.74:0.16:0.41
236:0.4034:Stockton College of New Jersey, NJ:0.19:0.61:0.45:0.23:0.23:0.92:0.78:0.05:0.64:0.07:0.26
237:0.4034:Marquette University, WI:0.16:0.11:0.37:0.36:0.36:0.94:0.86:0.07:0.77:0.25:0.19
238:0.4027:Livingstone College, NC:0.33:0.47:0.46:0.22:0.22:0.93:0.53:0.10:0.92:0.16:0.09
239:0.4024:University of Denver, CO:0.16:0.33:0.29:0.29:0.29:0.91:0.84:0.06:0.67:0.21:0.38
240:0.4023:Houghton College, NY:0.15:0.17:0.38:0.30:0.30:0.90:0.85:0.07:0.67:0.24:0.39
241:0.4023:Baldwin-Wallace College, OH:0.12:0.19:0.48:0.30:0.30:0.74:0.68:0.06:0.85:0.20:0.50
242:0.4022:Baylor University, TX:0.18:0.12:0.44:0.34:0.34:0.76:0.71:0.05:0.72:0.38:0.38
243:0.4018:Hood College, MD:0.18:0.19:0.31:0.36:0.36:0.88:0.82:0.07:0.72:0.34:0.18
244:0.4017:Coe College, IA:0.14:0.26:0.37:0.29:0.29:0.86:0.73:0.08:0.67:0.32:0.41
245:0.4016:University of Delaware, DE:0.39:0.27:0.31:0.22:0.22:0.87:0.82:0.05:0.75:0.15:0.36
246:0.4013:William Jewell College, MO:0.14:0.17:0.58:0.32:0.32:0.80:0.74:0.09:0.59:0.19:0.48
247:0.4008:Hanover College, IN:0.22:0.17:0.38:0.33:0.33:0.84:0.84:0.09:0.64:0.26:0.30
248:0.4005:Illinois Benedictine College, IL:0.14:0.08:0.48:0.22:0.22:0.91:0.81:0.09:0.75:0.29:0.42
249:0.4000:Gordon College, MA:0.15:0.16:0.50:0.25:0.25:0.82:0.73:0.07:0.66:0.32:0.49
250:0.3995:Montclair State University, NJ:0.24:0.59:0.41:0.19:0.19:0.87:0.82:0.05:0.58:0.09:0.37
251:0.3995:Catholic University of America, DC:0.18:0.16:0.34:0.24:0.24:0.96:0.90:0.11:0.75:0.18:0.33
252:0.3994:Moravian College, PA:0.12:0.22:0.32:0.23:0.23:0.92:0.86:0.07:0.74:0.28:0.41
253:0.3986:Oklahoma State University, OK:0.24:0.13:0.56:0.29:0.29:0.92:0.84:0.07:0.48:0.14:0.43
254:0.3983:Antioch University, OH:0.81:0.07:0.38:0.25:0.25:0.82:0.69:0.09:0.48:0.35:0.19
255:0.3982:University of Maryland at College Park, MD:0.30:0.28:0.33:0.22:0.22:0.92:0.89:0.06:0.63:0.12:0.42
256:0.3976:Augustana College, IL:0.14:0.12:0.30:0.36:0.36:0.83:0.78:0.08:0.71:0.40:0.30
257:0.3969:Seattle University, WA:0.16:0.27:0.32:0.28:0.28:0.85:0.85:0.08:0.89:0.16:0.22
258:0.3968:York College of Pennsylvania, PA:0.11:0.38:0.37:0.28:0.28:0.75:0.75:0.06:0.99:0.28:0.12
259:0.3963:Rosary College, IL:0.16:0.26:0.44:0.28:0.28:0.82:0.79:0.08:0.81:0.30:0.14
260:0.3962:Assumption College, MA:0.09:0.20:0.29:0.23:0.23:0.93:0.93:0.07:0.88:0.30:0.21
261:0.3955:Manhattan College, NY:0.12:0.29:0.33:0.20:0.20:0.92:0.92:0.07:0.79:0.25:0.26
262:0.3952:University of North Carolina at Asheville, NC:0.43:0.44:0.40:0.32:0.32:0.83:0.77:0.08:0.37:0.11:0.27
263:0.3952:Stonehill College, MA:0.09:0.37:0.25:0.25:0.25:0.79:0.79:0.08:0.97:0.30:0.21
264:0.3950:Rutgers State University at Camden, NJ:0.30:0.48:0.13:0.27:0.27:0.95:0.90:0.05:0.57:0.12:0.30
265:0.3947:Millsaps College, MS:0.20:0.08:0.38:0.32:0.32:0.89:0.82:0.08:0.58:0.38:0.29
266:0.3940:Simmons College, MA:0.17:0.22:0.38:0.23:0.23:0.81:0.74:0.11:0.79:0.33:0.32
267:0.3938:Nazareth College of Rochester, NY:0.15:0.16:0.33:0.36:0.36:0.93:0.77:0.07:0.61:0.24:0.35
268:0.3936:Millersville University of Penn., PA:0.29:0.49:0.31:0.22:0.22:0.74:0.72:0.06:0.71:0.20:0.37
269:0.3935:University of Utah, UT:0.33:0.12:0.53:0.27:0.27:0.93:0.89:0.08:0.37:0.09:0.45
270:0.3935:Coker College, SC:0.17:0.25:0.65:0.15:0.15:0.77:0.64:0.08:0.75:0.39:0.33
271:0.3934:University of New Hampshire, NH:0.23:0.22:0.33:0.24:0.24:0.87:0.89:0.06:0.75:0.16:0.34
272:0.3931:Loyola University Chicago, IL:0.22:0.17:0.29:0.25:0.25:0.95:0.94:0.16:0.65:0.15:0.29
273:0.3930:University of Dayton, OH:0.15:0.17:0.28:0.26:0.26:0.85:0.81:0.07:0.93:0.25:0.29
274:0.3927:Shippensburg University of Penn., PA:0.24:0.44:0.34:0.14:0.14:0.83:0.80:0.05:0.72:0.13:0.49
275:0.3927:Messiah College, PA:0.12:0.21:0.44:0.30:0.30:0.75:0.68:0.07:0.89:0.30:0.26
276:0.3913:University of Evansville, IN:0.11:0.22:0.43:0.35:0.35:0.81:0.60:0.06:0.77:0.26:0.34
277:0.3907:University of Vermont, VT:0.36:0.22:0.29:0.18:0.18:0.90:0.87:0.10:0.79:0.10:0.32
278:0.3907:Saint John's University, MN:0.17:0.14:0.56:0.18:0.18:0.85:0.76:0.08:0.70:0.38:0.29
279:0.3905:University of Northern Iowa, IA:0.26:0.18:0.55:0.18:0.18:0.82:0.78:0.06:0.77:0.26:0.25
280:0.3893:University of Maine at Farmington, ME:0.20:0.34:0.55:0.20:0.20:0.75:0.67:0.06:0.59:0.26:0.47
281:0.3891:Quinnipiac College, CT:0.12:0.42:0.37:0.17:0.17:0.73:0.63:0.08:0.86:0.33:0.40
282:0.3886:Murray State University, KY:0.33:0.14:0.62:0.29:0.29:0.76:0.72:0.05:0.52:0.27:0.28
283:0.3885:Louisiana State University at Baton Rouge, LA:0.28:0.17:0.62:0.29:0.29:0.87:0.83:0.06:0.37:0.11:0.39
284:0.3881:Saint Michael's College, VT:0.15:0.28:0.34:0.16:0.16:0.88:0.79:0.07:0.84:0.34:0.27
285:0.3880:North Central College, IL:0.11:0.22:0.35:0.30:0.30:0.87:0.73:0.06:0.76:0.33:0.25
286:0.3878:Syracuse University, NY:0.19:0.31:0.34:0.28:0.28:0.84:0.73:0.09:0.67:0.13:0.42
287:0.3876:University of Massachusetts at Amherst, MA:0.33:0.14:0.31:0.12:0.12:0.92:0.88:0.06:0.68:0.15:0.55
288:0.3865:Franklin College, IN:0.24:0.21:0.44:0.29:0.29:0.78:0.54:0.08:0.60:0.37:0.40
289:0.3854:Gonzaga University, WA:0.13:0.19:0.35:0.31:0.31:0.90:0.78:0.07:0.69:0.32:0.20
290:0.3850:St. Mary's University of San Antonio, TX:0.15:0.18:0.41:0.33:0.33:0.83:0.82:0.06:0.72:0.07:0.34
291:0.3846:Wartburg College, IA:0.13:0.13:0.32:0.34:0.34:0.91:0.66:0.08:0.67:0.37:0.28
292:0.3839:Central College, IA:0.16:0.13:0.36:0.31:0.31:0.90:0.76:0.07:0.67:0.29:0.26
293:0.3838:St. Norbert College, WI:0.13:0.07:0.46:0.30:0.30:0.78:0.74:0.07:0.88:0.36:0.14
294:0.3838:Beaver College, PA:0.12:0.27:0.41:0.23:0.23:0.89:0.78:0.08:0.73:0.30:0.18
295:0.3837:Capital University, OH:0.15:0.21:0.32:0.34:0.34:0.69:0.64:0.08:0.83:0.27:0.34
296:0.3835:Maryville College, TN:0.13:0.39:0.20:0.26:0.26:0.90:0.80:0.09:0.51:0.43:0.24
297:0.3835:Bentley College, MA:0.16:0.33:0.27:0.20:0.20:0.87:0.87:0.06:0.82:0.20:0.24
298:0.3831:University of Montevallo, AL:0.34:0.34:0.64:0.18:0.18:0.72:0.72:0.05:0.51:0.08:0.45
299:0.3827:College of Notre Dame of Maryland, MD:0.10:0.22:0.50:0.35:0.35:0.64:0.64:0.09:0.75:0.32:0.25
300:0.3813:Peru State College, NE:0.30:0.29:0.91:0.10:0.10:1.00:0.48:0.05:0.44:0.24:0.28
301:0.3812:Quincy University, IL:0.11:0.31:0.42:0.22:0.22:0.71:0.69:0.06:0.80:0.32:0.33
302:0.3810:Loyola College, MD:0.12:0.23:0.24:0.25:0.25:0.88:0.86:0.07:0.80:0.27:0.23
303:0.3800:St. Bonaventure University, NY:0.18:0.12:0.29:0.13:0.13:0.91:0.91:0.06:0.78:0.32:0.36
304:0.3799:Regis College, MA:0.19:0.10:0.37:0.18:0.18:0.85:0.81:0.10:0.84:0.37:0.20
305:0.3797:University of Mississippi, MS:0.34:0.12:0.49:0.26:0.26:0.86:0.81:0.05:0.53:0.14:0.31
306:0.3797:Ohio University, OH:0.29:0.25:0.38:0.21:0.21:0.87:0.79:0.05:0.64:0.13:0.36
307:0.3797:College of Saint Benedict, MN:0.15:0.08:0.59:0.29:0.29:0.88:0.70:0.08:0.72:0.26:0.14
308:0.3795:Christian Brothers University, TN:0.18:0.41:0.43:0.16:0.16:0.81:0.81:0.09:0.63:0.24:0.26
309:0.3788:Louisiana College, LA:0.24:0.48:0.20:0.33:0.33:0.74:0.64:0.10:0.59:0.11:0.42
310:0.3787:Saint Joseph College, CT:0.13:0.17:0.40:0.20:0.20:0.90:0.87:0.09:0.76:0.32:0.12
311:0.3787:Allentown Coll. of St. Francis de Sales, PA:0.14:0.34:0.37:0.38:0.38:0.84:0.60:0.08:0.74:0.21:0.09
312:0.3786:University of Massachusetts at Dartmouth, MA:0.25:0.22:0.39:0.10:0.10:0.90:0.74:0.07:0.56:0.20:0.63
313:0.3785:University of Portland, OR:0.15:0.16:0.28:0.27:0.27:0.96:0.92:0.08:0.72:0.17:0.19
314:0.3784:University of Illinois at Chicago, IL:0.42:0.32:0.47:0.22:0.22:0.84:0.82:0.10:0.34:0.06:0.35
315:0.3781:La Salle University, PA:0.11:0.37:0.34:0.20:0.20:0.90:0.90:0.07:0.84:0.09:0.14
316:0.3781:Hartwick College, NY:0.14:0.17:0.25:0.22:0.22:0.87:0.75:0.08:0.73:0.32:0.41
317:0.3772:SUNY College at New Paltz, NY:0.24:0.57:0.18:0.19:0.19:0.93:0.85:0.07:0.53:0.08:0.32
318:0.3772:Northeast Missouri State University, MO:0.30:0.24:0.35:0.36:0.36:0.72:0.69:0.06:0.76:0.13:0.16
319:0.3768:Rider University, NJ:0.14:0.32:0.30:0.16:0.16:0.92:0.84:0.08:0.70:0.23:0.28
320:0.3768:Randolph-Macon College, VA:0.18:0.25:0.23:0.21:0.21:0.80:0.77:0.09:0.74:0.38:0.28
321:0.3764:Cornell College, IA:0.14:0.14:0.29:0.33:0.33:0.76:0.71:0.08:0.64:0.31:0.41
322:0.3763:SUNY College at Fredonia, NY:0.22:0.43:0.29:0.13:0.13:0.90:0.82:0.06:0.66:0.10:0.40
323:0.3757:Queens College, NC:0.15:0.24:0.39:0.32:0.32:0.75:0.73:0.07:0.58:0.36:0.22
324:0.3752:Muskingum College, OH:0.14:0.17:0.41:0.24:0.24:0.85:0.73:0.07:0.73:0.27:0.28
325:0.3750:Barat College, IL:0.20:0.26:0.58:0.15:0.15:0.77:0.57:0.10:0.71:0.35:0.28
326:0.3746:Marymount College Tarrytown, NY:0.16:0.32:0.36:0.09:0.09:0.93:0.71:0.10:0.77:0.30:0.30
327:0.3744:Canisius College, NY:0.12:0.23:0.34:0.16:0.16:0.92:0.90:0.07:0.64:0.26:0.31
328:0.3742:North Dakota State University, ND:0.28:0.23:0.70:0.13:0.13:0.83:0.79:0.06:0.42:0.24:0.31
329:0.3741:Bridgewater College, VA:0.14:0.20:0.43:0.22:0.22:0.73:0.68:0.08:0.82:0.24:0.35
330:0.3740:Elms College, MA:0.13:0.15:0.60:0.23:0.23:0.71:0.71:0.09:0.86:0.21:0.19
331:0.3737:Mount Saint Mary College, NY:0.14:0.41:0.34:0.14:0.14:0.75:0.74:0.07:0.88:0.23:0.27
332:0.3731:University of Arkansas at Fayetteville, AR:0.31:0.04:0.69:0.25:0.25:0.89:0.73:0.07:0.39:0.10:0.39
333:0.3725:University of Wisconsin-Stout, WI:0.32:0.24:0.52:0.09:0.09:0.78:0.78:0.05:0.65:0.17:0.40
334:0.3717:Bloomsburg Univ. of Pennsylvania, PA:0.28:0.55:0.34:0.15:0.15:0.68:0.66:0.06:0.75:0.19:0.28
335:0.3715:University of San Francisco, CA:0.12:0.25:0.31:0.23:0.23:0.86:0.86:0.07:0.62:0.08:0.45
336:0.3713:Elmira College, NY:0.08:0.28:0.33:0.27:0.27:0.98:0.77:0.05:0.64:0.21:0.21
337:0.3712:Providence College, RI:0.08:0.35:0.29:0.20:0.20:0.74:0.66:0.05:0.96:0.35:0.20
338:0.3710:Elizabethtown College, PA:0.14:0.24:0.23:0.36:0.36:0.68:0.65:0.08:0.81:0.25:0.29
339:0.3707:College of Mount St. Vincent, NY:0.16:0.32:0.27:0.23:0.23:0.77:0.75:0.08:0.83:0.35:0.09
340:0.3703:College of Saint Catherine, MN:0.10:0.20:0.45:0.23:0.23:0.87:0.63:0.09:0.77:0.32:0.19
341:0.3702:Virginia Commonwealth University, VA:0.33:0.30:0.45:0.18:0.18:0.87:0.81:0.11:0.45:0.11:0.28
342:0.3702:East Carolina University, NC:0.50:0.31:0.38:0.14:0.14:0.78:0.74:0.08:0.58:0.18:0.24
343:0.3702:Chestnut Hill College, PA:0.12:0.26:0.50:0.25:0.25:0.71:0.71:0.12:0.73:0.29:0.14
344:0.3689:King's College, PA:0.10:0.28:0.36:0.20:0.20:0.72:0.66:0.06:0.87:0.37:0.23
345:0.3684:Bethel College, KS:0.18:0.09:0.66:0.19:0.19:0.80:0.61:0.11:0.56:0.32:0.33
346:0.3682:Bradley University, IL:0.10:0.09:0.31:0.30:0.30:0.81:0.75:0.07:0.85:0.21:0.25
347:0.3681:Castleton State College, VT:0.20:0.25:0.39:0.09:0.09:0.91:0.89:0.07:0.79:0.08:0.29
348:0.3680:SUNY College  at Oswego, NY:0.16:0.43:0.32:0.17:0.17:0.85:0.69:0.05:0.63:0.21:0.37
349:0.3677:Bowling Green State University, OH:0.25:0.21:0.42:0.14:0.14:0.89:0.81:0.05:0.67:0.14:0.33
350:0.3676:Lindenwood College, MO:0.00:0.40:0.74:0.06:0.06:0.85:0.65:0.04:1.00:0.09:0.15
351:0.3673:University of North Carolina at Charlotte, NC:0.32:0.23:0.39:0.19:0.19:0.91:0.79:0.06:0.62:0.07:0.27
352:0.3670:Xavier University, OH:0.15:0.08:0.39:0.24:0.24:0.75:0.73:0.08:0.83:0.31:0.25
353:0.3670:University of St. Thomas, MN:0.15:0.12:0.46:0.26:0.26:0.80:0.80:0.07:0.89:0.13:0.10
354:0.3670:College of Saint Elizabeth, NJ:0.16:0.19:0.34:0.34:0.34:0.70:0.68:0.09:0.78:0.23:0.19
355:0.3669:Georgetown College, KY:0.18:0.05:0.41:0.30:0.30:0.76:0.73:0.08:0.55:0.28:0.40
356:0.3668:Winona State University, MN:0.27:0.38:0.64:0.20:0.20:0.60:0.53:0.05:0.58:0.18:0.40
357:0.3668:Oakland University, MI:0.28:0.15:0.45:0.16:0.16:0.90:0.88:0.05:0.53:0.13:0.34
358:0.3667:Columbia College, MO:0.09:0.50:0.84:0.10:0.10:0.87:0.87:0.07:0.37:0.02:0.22
359:0.3666:Salem College, NC:0.14:0.15:0.46:0.28:0.28:0.68:0.68:0.09:0.60:0.46:0.20
360:0.3663:Dordt College, IA:0.13:0.07:0.58:0.25:0.25:0.60:0.61:0.08:0.87:0.17:0.42
361:0.3656:Ouachita Baptist University, AR:0.17:0.15:0.58:0.31:0.31:0.67:0.63:0.08:0.65:0.10:0.37
362:0.3655:St. John Fisher College, NY:0.12:0.22:0.33:0.19:0.19:0.81:0.86:0.07:0.66:0.29:0.27
363:0.3652:Mississippi State University, MS:0.19:0.23:0.49:0.18:0.18:0.77:0.77:0.06:0.53:0.20:0.42
364:0.3649:Virginia Wesleyan College, VA:0.12:0.39:0.32:0.20:0.20:0.81:0.70:0.06:0.68:0.14:0.39
365:0.3649:Simpson College, IA:0.10:0.14:0.34:0.27:0.27:0.73:0.66:0.06:0.70:0.36:0.37
366:0.3645:Western Michigan University, MI:0.20:0.22:0.38:0.24:0.24:0.84:0.80:0.04:0.55:0.11:0.39
367:0.3639:University of Texas at San Antonio, TX:0.15:0.26:0.54:0.17:0.17:1.00:0.94:0.04:0.50:0.03:0.19
368:0.3636:College Misericordia, PA:0.13:0.38:0.36:0.29:0.29:0.62:0.56:0.08:0.96:0.23:0.11
369:0.3633:University of North Carolina at Wilmington, NC:0.26:0.36:0.38:0.15:0.15:0.85:0.82:0.05:0.55:0.15:0.27
370:0.3633:University of Minnesota at Duluth, MN:0.20:0.25:0.53:0.15:0.15:0.91:0.79:0.05:0.53:0.11:0.32
371:0.3633:Freed-Hardeman University, TN:0.15:0.39:0.57:0.20:0.20:0.76:0.68:0.06:0.62:0.13:0.23
372:0.3624:Arizona State University Main campus, AZ:0.14:0.20:0.36:0.24:0.24:0.93:0.88:0.05:0.48:0.05:0.42
373:0.3623:Point Loma Nazarene College, CA:0.14:0.15:0.62:0.20:0.20:0.71:0.71:0.06:0.54:0.19:0.46
374:0.3621:Rhode Island School of Design, RI:0.12:0.54:0.45:0.17:0.17:0.69:0.27:0.10:0.96:0.22:0.30
375:0.3618:Wilson College, PA:0.18:0.22:0.35:0.16:0.16:0.76:0.67:0.12:0.67:0.43:0.25
376:0.3616:Milligan College, TN:0.20:0.24:0.41:0.26:0.26:0.69:0.63:0.08:0.64:0.16:0.40
377:0.3609:Albertus Magnus College, CT:0.11:0.04:0.30:0.17:0.17:0.93:0.90:0.09:0.63:0.26:0.38
378:0.3608:Georgia State University, GA:0.30:0.38:0.53:0.09:0.09:0.89:0.87:0.05:0.34:0.10:0.33
379:0.3606:Hardin-Simmons University, TX:0.17:0.09:0.83:0.16:0.16:0.79:0.75:0.07:0.38:0.10:0.46
380:0.3605:SUNY College at Plattsburgh, NY:0.23:0.35:0.24:0.09:0.09:0.90:0.80:0.06:0.65:0.16:0.40
381:0.3605:George Mason University, VA:0.21:0.23:0.40:0.17:0.17:0.96:0.93:0.05:0.46:0.07:0.31
382:0.3604:University of Rhode Island, RI:0.28:0.20:0.25:0.12:0.12:0.89:0.84:0.06:0.63:0.07:0.51
383:0.3602:Oklahoma Baptist University, OK:0.15:0.10:0.71:0.35:0.35:0.71:0.63:0.07:0.50:0.18:0.22
384:0.3599:Texas Wesleyan University, TX:0.20:0.15:0.56:0.19:0.19:0.83:0.80:0.07:0.43:0.10:0.44
385:0.3595:Saint Anselm College, NH:0.07:0.26:0.33:0.15:0.15:0.82:0.70:0.07:0.97:0.29:0.15
386:0.3585:University of North Carolina at Greensboro, NC:0.38:0.20:0.36:0.15:0.15:0.94:0.75:0.06:0.53:0.17:0.24
387:0.3584:Pacific University, OR:0.17:0.10:0.34:0.41:0.41:0.76:0.76:0.09:0.42:0.22:0.26
388:0.3584:Moorhead State University, MN:0.24:0.11:0.55:0.12:0.12:0.81:0.76:0.06:0.60:0.19:0.38
389:0.3582:SUNY College at Cortland, NY:0.18:0.55:0.29:0.06:0.06:0.85:0.82:0.06:0.53:0.17:0.36
390:0.3577:Southeast Missouri State University, MO:0.23:0.18:0.75:0.18:0.18:0.76:0.75:0.06:0.45:0.08:0.31
391:0.3577:Saint Mary-of-the-Woods College, IN:0.18:0.13:0.68:0.23:0.23:0.58:0.44:0.10:0.75:0.37:0.25
392:0.3577:Fort Lewis College, CO:0.16:0.18:0.40:0.16:0.16:0.97:0.89:0.05:0.46:0.06:0.44
393:0.3569:Millikin University, IL:0.13:0.13:0.36:0.29:0.29:0.77:0.60:0.09:0.75:0.25:0.27
394:0.3568:Guilford College, NC:0.12:0.12:0.31:0.18:0.18:0.86:0.78:0.06:0.65:0.30:0.36
395:0.3561:Pembroke State University, NC:0.41:0.18:0.57:0.14:0.14:0.77:0.77:0.07:0.48:0.05:0.34
396:0.3559:Eureka College, IL:0.20:0.19:0.25:0.36:0.36:0.87:0.62:0.09:0.53:0.31:0.14
397:0.3553:Southwest State University, MN:0.30:0.10:0.54:0.13:0.13:0.75:0.58:0.06:0.51:0.31:0.49
398:0.3549:Saint Vincent College, PA:0.16:0.15:0.47:0.19:0.19:0.64:0.62:0.08:0.88:0.31:0.22
399:0.3538:South Dakota State University, SD:0.24:0.08:0.66:0.13:0.13:0.65:0.62:0.07:0.67:0.29:0.36
400:0.3532:Albertson College, ID:0.16:0.18:0.33:0.38:0.38:0.73:0.67:0.11:0.55:0.11:0.29
401:0.3529:Hofstra University, NY:0.15:0.21:0.23:0.25:0.25:0.90:0.81:0.07:0.60:0.10:0.31
402:0.3528:Loyola University, LA:0.15:0.10:0.42:0.24:0.24:0.88:0.77:0.09:0.53:0.14:0.32
403:0.3522:Saint Peter's College, NJ:0.13:0.12:0.38:0.23:0.23:0.78:0.78:0.08:0.53:0.22:0.39
404:0.3520:Marshall University, WV:0.26:0.13:0.55:0.14:0.14:0.86:0.77:0.06:0.50:0.10:0.36
405:0.3519:Saint Xavier University, IL:0.16:0.18:0.46:0.15:0.15:1.00:0.87:0.07:0.55:0.15:0.14
406:0.3517:College of St. Scholastica, MN:0.16:0.11:0.47:0.29:0.29:0.76:0.54:0.09:0.72:0.33:0.12
407:0.3514:Geneva College, PA:0.11:0.20:0.44:0.19:0.19:0.67:0.67:0.05:0.74:0.26:0.34
408:0.3511:Clarke College, IA:0.15:0.26:0.49:0.14:0.14:0.71:0.67:0.09:0.74:0.27:0.20
409:0.3510:West Chester University of Penn., PA:0.22:0.46:0.39:0.11:0.11:0.79:0.76:0.07:0.52:0.16:0.28
410:0.3510:Fresno Pacific College, CA:0.15:0.21:0.53:0.51:0.51:0.59:0.59:0.10:0.54:0.14:0.00
411:0.3510:Central Washington University, WA:0.29:0.28:0.50:0.08:0.08:0.89:0.67:0.06:0.51:0.00:0.51
412:0.3493:Evergreen State College, WA:0.37:0.39:0.40:0.14:0.14:0.78:0.75:0.06:0.68:0.14:0.00
413:0.3488:Keuka College, NY:0.14:0.17:0.46:0.10:0.10:0.94:0.55:0.08:0.51:0.43:0.36
414:0.3485:Salisbury State University, MD:0.15:0.46:0.32:0.20:0.20:0.75:0.73:0.06:0.56:0.18:0.23
415:0.3479:Concordia University, IL:0.14:0.24:0.46:0.22:0.22:0.64:0.56:0.08:0.75:0.13:0.38
416:0.3468:St. John's College, MD:0.23:0.14:0.44:0.31:0.31:0.72:0.63:0.14:0.64:0.26:0.00
417:0.3463:Westfield State College, MA:0.14:0.31:0.38:0.03:0.03:0.79:0.75:0.06:0.65:0.20:0.47
418:0.3462:Southwest Missouri State University, MO:0.22:0.14:0.61:0.15:0.15:0.75:0.70:0.05:0.56:0.11:0.37
419:0.3459:Spalding University, KY:0.16:0.29:0.48:0.10:0.10:0.56:0.50:0.09:0.89:0.40:0.23
420:0.3457:Adrian College, MI:0.16:0.23:0.31:0.22:0.22:0.66:0.53:0.08:0.54:0.30:0.56
421:0.3452:Walsh University, OH:0.09:0.18:0.54:0.27:0.27:0.58:0.42:0.09:0.68:0.33:0.35
422:0.3451:Missouri Southern State College, MO:0.26:0.16:0.69:0.13:0.13:0.54:0.52:0.05:1.00:0.09:0.22
423:0.3447:North Carolina A. & T. State University, NC:0.51:0.36:0.46:0.12:0.12:0.72:0.72:0.06:0.44:0.09:0.19
424:0.3446:Trinity College, VT:0.17:0.17:0.49:0.16:0.16:0.78:0.58:0.10:0.78:0.26:0.15
425:0.3446:Tabor College, KS:0.16:0.29:0.60:0.19:0.19:0.70:0.55:0.10:0.53:0.15:0.33
426:0.3442:Saint Cloud State University, MN:0.20:0.17:0.58:0.10:0.10:0.75:0.70:0.05:0.58:0.10:0.45
427:0.3437:Merrimack College, MA:0.11:0.22:0.33:0.18:0.18:0.75:0.73:0.06:0.80:0.22:0.19
428:0.3434:Montana State University, MT:0.24:0.19:0.63:0.15:0.15:0.83:0.75:0.06:0.37:0.08:0.33
429:0.3426:Wingate College, NC:0.16:0.18:0.38:0.10:0.10:0.81:0.69:0.07:0.91:0.08:0.29
430:0.3426:SUNY College  at Brockport, NY:0.27:0.51:0.25:0.07:0.07:0.83:0.79:0.05:0.49:0.14:0.29
431:0.3425:Seton Hill College, PA:0.17:0.15:0.25:0.24:0.24:0.71:0.71:0.09:0.71:0.37:0.12
432:0.3424:Fisk University, TN:0.17:0.33:0.31:0.24:0.24:0.74:0.74:0.08:0.43:0.22:0.26
433:0.3423:Seton Hall University, NJ:0.14:0.22:0.28:0.16:0.16:0.84:0.81:0.07:0.64:0.15:0.30
434:0.3422:Saint John's College, NM:0.18:0.14:0.51:0.20:0.20:0.89:0.73:0.10:0.61:0.20:0.00
435:0.3422:Augustana College, SD:0.11:0.05:0.42:0.21:0.21:0.70:0.66:0.10:0.69:0.30:0.31
436:0.3421:Wilkes University, PA:0.13:0.12:0.30:0.15:0.15:0.92:0.78:0.08:0.67:0.24:0.22
437:0.3420:Doane College, NE:0.14:0.11:0.34:0.20:0.20:0.72:0.67:0.07:0.60:0.42:0.30
438:0.3419:SUNY College at Potsdam, NY:0.24:0.27:0.28:0.16:0.16:0.75:0.71:0.07:0.59:0.17:0.36
439:0.3417:Longwood College, VA:0.15:0.32:0.39:0.12:0.12:0.80:0.74:0.05:0.62:0.23:0.22
440:0.3412:SUNY College at Purchase, NY:0.28:0.40:0.31:0.05:0.05:1.00:0.80:0.07:0.46:0.08:0.25
441:0.3411:Hampton University, VA:0.14:0.48:0.38:0.25:0.25:0.64:0.60:0.07:0.70:0.09:0.15
442:0.3402:Thiel College, PA:0.14:0.18:0.27:0.15:0.15:0.76:0.68:0.09:0.60:0.16:0.57
443:0.3398:Western State College of Colorado, CO:0.16:0.40:0.37:0.07:0.07:0.79:0.76:0.05:0.52:0.04:0.50
444:0.3398:College of Saint Rose, NY:0.07:0.32:0.38:0.23:0.23:0.71:0.66:0.07:0.64:0.28:0.15
445:0.3397:LeTourneau University, TX:0.12:0.13:0.49:0.29:0.29:0.70:0.58:0.05:0.56:0.23:0.30
446:0.3395:Cabrini College, PA:0.10:0.18:0.45:0.08:0.08:0.76:0.59:0.06:0.71:0.36:0.37
447:0.3393:Chapman University, CA:0.15:0.20:0.46:0.23:0.23:0.80:0.72:0.08:0.47:0.06:0.34
448:0.3392:Lincoln University, PA:0.50:0.34:0.30:0.15:0.15:0.72:0.71:0.08:0.45:0.08:0.25
449:0.3388:Carson-Newman College, TN:0.16:0.13:0.49:0.27:0.27:0.62:0.61:0.07:0.67:0.16:0.27
450:0.3384:Eastern Connecticut State University, CT:0.21:0.31:0.38:0.14:0.14:0.76:0.71:0.06:0.50:0.14:0.37
451:0.3382:University of New England, ME:0.13:0.38:0.35:0.19:0.19:0.75:0.72:0.09:0.64:0.13:0.14
452:0.3381:Illinois State University, IL:0.17:0.23:0.36:0.10:0.10:0.84:0.77:0.05:0.54:0.16:0.40
453:0.3376:Southern Illinois University at Edwardsville, IL:0.33:0.14:0.45:0.13:0.13:0.81:0.76:0.06:0.43:0.08:0.40
454:0.3374:Rockhurst College, MO:0.13:0.08:0.40:0.22:0.22:0.79:0.60:0.09:0.79:0.21:0.17
455:0.3372:Marymount Manhattan College, NY:0.17:0.23:0.45:0.21:0.21:0.76:0.63:0.09:0.68:0.20:0.08
456:0.3371:Belmont University, TN:0.18:0.20:0.49:0.28:0.28:0.61:0.61:0.09:0.49:0.19:0.28
457:0.3370:Xavier University of Louisiana, LA:0.22:0.09:0.36:0.34:0.34:0.75:0.67:0.07:0.49:0.20:0.18
458:0.3364:Western Carolina University, NC:0.46:0.22:0.42:0.11:0.11:0.78:0.67:0.07:0.55:0.09:0.22
459:0.3364:McKendree College, IL:0.15:0.45:0.21:0.16:0.16:0.74:0.70:0.06:0.52:0.21:0.34
460:0.3361:Marist College, NY:0.12:0.33:0.26:0.12:0.12:0.81:0.74:0.06:0.69:0.34:0.11
461:0.3361:Baker University, KS:0.10:0.20:0.43:0.21:0.21:0.68:0.58:0.09:0.65:0.21:0.35
462:0.3358:Manchester College, IN:0.14:0.20:0.30:0.23:0.23:0.72:0.63:0.08:0.64:0.20:0.32
463:0.3357:Westminster College of Salt Lake City, UT:0.13:0.21:0.30:0.21:0.21:0.83:0.68:0.10:0.50:0.34:0.19
464:0.3355:Northern Illinois University, IL:0.22:0.33:0.33:0.12:0.12:0.78:0.73:0.06:0.56:0.11:0.33
465:0.3354:Cedarville College, OH:0.15:0.17:0.57:0.25:0.25:0.52:0.50:0.07:0.64:0.34:0.24
466:0.3352:Northern Arizona University, AZ:0.24:0.16:0.40:0.23:0.23:0.83:0.78:0.05:0.41:0.07:0.28
467:0.3352:Barry University, FL:0.13:0.21:0.36:0.18:0.18:0.78:0.76:0.08:0.72:0.11:0.18
468:0.3346:Green Mountain College, VT:0.10:0.19:0.32:0.07:0.07:0.83:0.77:0.07:0.76:0.24:0.26
469:0.3343:Marywood College, PA:0.16:0.22:0.38:0.13:0.13:0.76:0.65:0.08:0.66:0.30:0.21
470:0.3342:Saint Mary's College of Minnesota, MN:0.07:0.08:0.46:0.14:0.14:0.74:0.68:0.05:0.78:0.19:0.35
471:0.3340:University of Missouri at Saint Louis, MO:0.17:0.29:0.42:0.18:0.18:0.73:0.71:0.07:0.48:0.15:0.28
472:0.3340:Mankato State University, MN:0.26:0.13:0.58:0.09:0.09:0.68:0.57:0.05:0.68:0.11:0.43
473:0.3339:Warren Wilson College, NC:0.20:0.29:0.36:0.25:0.25:0.75:0.65:0.09:0.63:0.20:0.00
474:0.3330:Florida Southern College, FL:0.12:0.25:0.36:0.20:0.20:0.74:0.65:0.06:0.68:0.10:0.31
475:0.3321:Viterbo College, WI:0.16:0.20:0.52:0.17:0.17:0.65:0.51:0.09:0.73:0.31:0.14
476:0.3315:Eastern Illinois University, IL:0.26:0.24:0.37:0.12:0.12:0.71:0.62:0.06:0.76:0.05:0.34
477:0.3313:Franciscan University of Steubenville, OH:0.10:0.18:0.50:0.22:0.22:0.69:0.57:0.07:0.83:0.08:0.18
478:0.3310:Saint Francis College, PA:0.10:0.21:0.34:0.21:0.21:0.64:0.64:0.05:0.69:0.24:0.30
479:0.3309:Northwest Nazarene College, ID:0.12:0.17:0.75:0.29:0.29:0.59:0.59:0.07:0.58:0.20:0.00
480:0.3305:Augsburg College, MN:0.12:0.23:0.50:0.12:0.12:0.65:0.65:0.08:0.58:0.31:0.28
481:0.3298:Kentucky Wesleyan College, KY:0.14:0.15:0.35:0.20:0.20:0.65:0.57:0.09:0.62:0.32:0.33
482:0.3295:Westminster College, MO:0.13:0.16:0.33:0.20:0.20:0.70:0.66:0.08:0.62:0.20:0.34
483:0.3283:Texas Lutheran College, TX:0.15:0.15:0.51:0.27:0.27:0.58:0.54:0.07:0.50:0.24:0.33
484:0.3283:Bemidji State University, MN:0.14:0.27:0.62:0.12:0.12:0.62:0.57:0.05:0.46:0.16:0.47
485:0.3281:Angelo State University, TX:0.16:0.43:0.51:0.24:0.24:0.62:0.60:0.04:0.34:0.05:0.38
486:0.3276:Monmouth College, NJ:0.13:0.31:0.25:0.14:0.14:0.85:0.70:0.07:0.54:0.15:0.33
487:0.3274:Tusculum College, TN:0.10:0.41:0.39:0.12:0.12:0.70:0.70:0.05:0.52:0.28:0.22
488:0.3265:University of South Carolina at Aiken, SC:0.22:0.34:0.67:0.14:0.14:0.62:0.62:0.07:0.48:0.03:0.26
489:0.3262:University of Sci. and Arts of Oklahoma, OK:0.22:0.02:0.74:0.21:0.21:0.77:0.67:0.04:0.43:0.03:0.25
490:0.3262:Northeastern University, MA:0.10:0.29:0.30:0.16:0.16:0.82:0.73:0.08:0.46:0.17:0.32
491:0.3261:University of Mobile, AL:0.13:0.27:0.81:0.17:0.17:0.63:0.59:0.06:0.52:0.04:0.20
492:0.3260:Western New England College, MA:0.13:0.11:0.28:0.07:0.07:0.97:0.74:0.06:0.59:0.15:0.41
493:0.3257:Central Wesleyan College, SC:0.04:0.16:0.60:0.08:0.08:0.62:0.62:0.07:0.58:0.18:0.56
494:0.3256:Sacred Heart University, CT:0.10:0.18:0.27:0.19:0.19:0.73:0.71:0.07:0.82:0.16:0.17
495:0.3246:Shorter College, GA:0.17:0.18:0.37:0.23:0.23:0.65:0.62:0.08:0.58:0.18:0.29
496:0.3239:Immaculata College, PA:0.11:0.06:0.41:0.16:0.16:0.64:0.56:0.09:0.69:0.33:0.36
497:0.3238:Georgian Court College, NJ:0.15:0.19:0.45:0.12:0.12:0.59:0.56:0.08:0.76:0.27:0.27
498:0.3237:Jersey City State College, NJ:0.29:0.52:0.49:0.10:0.10:0.67:0.63:0.07:0.26:0.10:0.34
499:0.3231:Lambuth University, TN:0.15:0.35:0.42:0.15:0.15:0.61:0.61:0.06:0.60:0.10:0.36
500:0.3229:Grand Valley State University, MI:0.21:0.25:0.40:0.20:0.20:0.66:0.64:0.05:0.57:0.09:0.28
501:0.3226:Keene State College, NH:0.23:0.22:0.34:0.05:0.05:0.73:0.73:0.06:0.61:0.13:0.41
502:0.3222:Elon College, NC:0.10:0.23:0.31:0.11:0.11:0.74:0.70:0.05:0.63:0.34:0.22
503:0.3221:Saint Joseph's College, IN:0.11:0.26:0.33:0.24:0.24:0.60:0.55:0.07:0.67:0.19:0.29
504:0.3220:Webster University, MO:0.14:0.31:0.49:0.17:0.17:0.68:0.68:0.05:0.48:0.14:0.24
505:0.3219:Huntington College, IN:0.19:0.04:0.29:0.20:0.20:0.76:0.76:0.08:0.47:0.25:0.29
506:0.3206:D'Youville College, NY:0.12:0.29:0.25:0.18:0.18:0.68:0.68:0.07:0.46:0.42:0.20
507:0.3203:SUNY College at Buffalo, NY:0.31:0.34:0.29:0.08:0.08:0.78:0.71:0.05:0.42:0.12:0.34
508:0.3199:University of Northern Colorado, CO:0.23:0.28:0.42:0.12:0.12:0.75:0.75:0.05:0.40:0.08:0.32
509:0.3198:Alverno College, WI:0.16:0.37:0.50:0.23:0.23:0.69:0.36:0.09:0.55:0.26:0.08
510:0.3192:University of Dubuque, IA:0.17:0.03:0.25:0.11:0.11:0.98:0.85:0.06:0.45:0.18:0.33
511:0.3191:Dowling College, NY:0.27:0.18:0.49:0.09:0.09:0.78:0.77:0.08:0.42:0.07:0.27
512:0.3190:St. Thomas Aquinas College, NY:0.10:0.29:0.35:0.10:0.10:0.73:0.69:0.06:0.67:0.13:0.29
513:0.3162:Lander University, SC:0.24:0.13:0.51:0.09:0.09:0.77:0.67:0.06:0.51:0.11:0.30
514:0.3160:Iona College, NY:0.11:0.28:0.26:0.13:0.13:0.83:0.66:0.06:0.66:0.14:0.22
515:0.3151:Graceland College, IA:0.10:0.25:0.58:0.14:0.14:0.61:0.51:0.04:0.47:0.24:0.37
516:0.3151:Anderson University, IN:0.15:0.25:0.47:0.19:0.19:0.61:0.48:0.08:0.59:0.14:0.31
517:0.3150:Mercyhurst College, PA:0.13:0.31:0.37:0.15:0.15:0.63:0.45:0.06:0.78:0.29:0.15
518:0.3148:College of Mount St. Joseph, OH:0.12:0.22:0.38:0.14:0.14:0.46:0.46:0.09:1.00:0.35:0.10
519:0.3141:Eastern College, PA:0.13:0.19:0.45:0.16:0.16:0.60:0.60:0.07:0.54:0.22:0.33
520:0.3122:Newberry College, SC:0.09:0.17:0.21:0.14:0.14:0.63:0.57:0.09:0.83:0.32:0.24
521:0.3121:Belmont Abbey College, NC:0.11:0.22:0.26:0.17:0.17:0.85:0.78:0.08:0.52:0.10:0.17
522:0.3118:Philadelphia Coll. of Textiles and Sci., PA:0.11:0.18:0.37:0.19:0.19:0.80:0.48:0.08:0.68:0.15:0.20
523:0.3117:Morningside College, IA:0.15:0.09:0.45:0.16:0.16:0.68:0.48:0.08:0.56:0.32:0.30
524:0.3107:Mayville State University, ND:0.37:0.00:0.66:0.05:0.05:0.68:0.68:0.06:0.51:0.11:0.24
525:0.3104:Christopher Newport University, VA:0.12:0.13:0.56:0.03:0.03:0.82:0.80:0.05:0.48:0.16:0.23
526:0.3096:Bradford College, MA:0.24:0.26:0.46:0.05:0.05:0.80:0.57:0.10:0.46:0.21:0.22
527:0.3091:Johnson State College, VT:0.22:0.20:0.42:0.03:0.03:0.91:0.80:0.07:0.36:0.15:0.21
528:0.3087:North Adams State College, MA:0.24:0.36:0.24:0.01:0.01:0.71:0.65:0.07:0.57:0.17:0.37
529:0.3086:Judson College, IL:0.13:0.27:0.60:0.10:0.10:0.55:0.34:0.09:0.56:0.30:0.34
530:0.3085:Oklahoma Christian University, OK:0.16:0.01:0.46:0.22:0.22:0.64:0.58:0.06:0.45:0.08:0.51
531:0.3078:Lock Haven University of Pennsylvania, PA:0.29:0.38:0.29:0.17:0.17:0.55:0.47:0.06:0.63:0.14:0.23
532:0.3077:Wayne State College, NE:0.23:0.00:0.53:0.06:0.06:0.68:0.60:0.05:0.52:0.29:0.37
533:0.3076:Greensboro College, NC:0.17:0.19:0.36:0.10:0.10:0.80:0.64:0.08:0.39:0.31:0.25
534:0.3075:Delta State University, MS:0.31:0.02:0.49:0.15:0.15:0.63:0.49:0.06:0.58:0.16:0.34
535:0.3071:Lakeland College, WI:0.04:0.09:0.51:0.24:0.24:0.65:0.49:0.06:0.57:0.25:0.24
536:0.3050:Lamar University, TX:0.32:0.26:0.60:0.10:0.10:0.82:0.48:0.05:0.26:0.12:0.24
537:0.3044:McPherson College, KS:0.21:0.30:0.32:0.11:0.11:0.54:0.54:0.10:0.48:0.45:0.19
538:0.3043:Our Lady of the Lake University, TX:0.14:0.42:0.22:0.22:0.22:0.64:0.56:0.07:0.37:0.25:0.24
539:0.3040:East Texas Baptist University, TX:0.17:0.10:0.78:0.10:0.10:0.62:0.62:0.06:0.38:0.07:0.35
540:0.3039:Schreiner College, TX:0.15:0.29:0.32:0.19:0.19:0.56:0.51:0.08:0.52:0.23:0.30
541:0.3039:Central Connecticut State University, CT:0.16:0.39:0.36:0.06:0.06:0.73:0.69:0.06:0.49:0.04:0.30
542:0.3033:University of Maine at Presque Isle, ME:0.26:0.17:0.62:0.10:0.10:0.67:0.67:0.07:0.35:0.11:0.22
543:0.3029:Wesley College, DE:0.09:0.18:0.43:0.10:0.10:0.57:0.52:0.07:0.84:0.15:0.29
544:0.3029:Hastings College, NE:0.13:0.13:0.37:0.22:0.22:0.63:0.57:0.08:0.52:0.17:0.29
545:0.3025:Point Park College, PA:0.13:0.15:0.28:0.07:0.07:0.90:0.45:0.07:0.66:0.10:0.45
546:0.3019:Dickinson State University, ND:0.23:0.05:0.77:0.10:0.10:0.64:0.50:0.06:0.46:0.28:0.13
547:0.3010:University of Indianapolis, IN:0.10:0.14:0.30:0.26:0.26:0.56:0.55:0.09:0.69:0.23:0.13
548:0.3004:Fayetteville State University, NC:0.54:0.27:0.42:0.01:0.01:0.75:0.75:0.07:0.24:0.10:0.14
549:0.2996:Benedictine College, KS:0.11:0.02:0.36:0.14:0.14:0.84:0.64:0.07:0.58:0.18:0.22
550:0.2995:University of Hartford, CT:0.13:0.20:0.30:0.11:0.11:0.76:0.61:0.09:0.66:0.09:0.23
551:0.2995:Saint Ambrose University, IA:0.12:0.20:0.38:0.12:0.12:0.56:0.56:0.07:0.70:0.16:0.30
552:0.2993:La Roche College, PA:0.12:0.11:0.58:0.10:0.10:0.73:0.57:0.07:0.52:0.14:0.25
553:0.2986:Phillips University, OK:0.17:0.17:0.30:0.19:0.19:0.64:0.58:0.09:0.39:0.19:0.38
554:0.2980:George Fox College, OR:0.10:0.10:0.40:0.27:0.27:0.53:0.53:0.07:0.52:0.22:0.26
555:0.2978:Cumberland College, KY:0.26:0.21:0.50:0.26:0.26:0.44:0.42:0.08:0.63:0.04:0.18
556:0.2977:Waynesburg College, PA:0.13:0.18:0.33:0.12:0.12:0.58:0.57:0.06:0.63:0.26:0.30
557:0.2974:Northwest Missouri State University, MO:0.25:0.07:0.50:0.08:0.08:0.65:0.62:0.05:0.54:0.23:0.21
558:0.2974:North Carolina Wesleyan College, NC:0.23:0.15:0.28:0.07:0.07:0.77:0.77:0.08:0.52:0.11:0.22
559:0.2972:Lynchburg College, VA:0.13:0.15:0.24:0.03:0.03:0.66:0.62:0.08:0.70:0.24:0.39
560:0.2969:Bethany College, KS:0.16:0.07:0.25:0.16:0.16:0.68:0.62:0.09:0.48:0.29:0.31
561:0.2964:Gannon University, PA:0.12:0.23:0.36:0.24:0.24:0.51:0.47:0.08:0.65:0.18:0.19
562:0.2961:University of Charleston, WV:0.16:0.22:0.38:0.22:0.22:0.58:0.26:0.40:0.57:0.10:0.15
563:0.2957:Briar Cliff College, IA:0.15:0.10:0.44:0.16:0.16:0.66:0.39:0.08:0.58:0.26:0.27
564:0.2955:Saint Joseph's College, ME:0.04:0.18:0.32:0.12:0.12:0.89:0.53:0.04:0.85:0.08:0.09
565:0.2940:Rivier College, NH:0.10:0.20:0.37:0.06:0.06:0.59:0.59:0.08:0.81:0.19:0.18
566:0.2938:Huntingdon College, AL:0.17:0.14:0.24:0.26:0.26:0.72:0.63:0.09:0.44:0.09:0.18
567:0.2925:Ursuline College, OH:0.13:0.20:0.33:0.21:0.21:0.69:0.39:0.10:0.68:0.15:0.13
568:0.2925:Mount Mercy College, IA:0.10:0.14:0.50:0.20:0.20:0.50:0.44:0.09:0.64:0.30:0.11
569:0.2901:Pikeville College, KY:0.17:0.01:0.42:0.28:0.28:0.57:0.48:0.07:0.61:0.14:0.16
570:0.2892:Tri-State University, IN:0.14:0.13:0.25:0.14:0.14:0.53:0.53:0.08:0.65:0.24:0.36
571:0.2881:University of Southern Colorado, CO:0.17:0.12:0.49:0.10:0.10:0.88:0.63:0.05:0.36:0.00:0.28
572:0.2864:Worcester State College, MA:0.13:0.31:0.36:0.04:0.04:0.60:0.60:0.05:0.40:0.14:0.48
573:0.2846:Gardner Webb University, NC:0.10:0.16:0.36:0.18:0.18:0.58:0.65:0.07:0.29:0.12:0.45
574:0.2846:Averett College, VA:0.10:0.11:0.31:0.16:0.16:0.67:0.59:0.04:0.48:0.11:0.40
575:0.2846:Alaska Pacific University, AK:0.27:0.24:0.38:0.16:0.16:0.72:0.76:0.08:0.15:0.02:0.19
576:0.2844:Morris College, SC:0.23:0.17:0.45:0.02:0.02:0.60:0.53:0.05:0.60:0.34:0.11
577:0.2840:William Woods University, MO:0.09:0.07:0.52:0.17:0.17:0.66:0.39:0.08:0.52:0.16:0.29
578:0.2824:Kansas Wesleyan University, KS:0.14:0.02:0.26:0.16:0.16:0.55:0.63:0.08:0.68:0.14:0.29
579:0.2818:Malone College, OH:0.06:0.13:0.56:0.21:0.21:0.45:0.42:0.06:0.55:0.16:0.29
580:0.2809:University of Maine at Machias, ME:0.27:0.16:0.47:0.17:0.17:0.46:0.46:0.07:0.64:0.04:0.18
581:0.2804:University of Southern Indiana, IN:0.18:0.10:0.61:0.08:0.08:0.65:0.56:0.05:0.38:0.21:0.19
582:0.2798:Spring Arbor College, MI:0.29:0.03:0.50:0.15:0.15:0.48:0.48:0.06:0.49:0.09:0.35
583:0.2792:Prairie View A. and M. University, TX:0.29:0.07:0.47:0.10:0.10:0.93:0.55:0.05:0.35:0.01:0.15
584:0.2792:Arkansas Tech University, AR:0.28:0.00:0.55:0.12:0.12:0.60:0.57:0.05:0.48:0.05:0.24
585:0.2786:Tiffin University, OH:0.09:0.13:0.35:0.05:0.05:0.74:0.59:0.05:0.39:0.40:0.22
586:0.2782:Lyndon State College, VT:0.25:0.06:0.44:0.06:0.06:0.65:0.48:0.08:0.51:0.15:0.32
587:0.2766:Saint Francis College, IN:0.16:0.22:0.51:0.13:0.13:0.78:0.43:0.08:0.48:0.04:0.08
588:0.2723:Center for Creative Studies, MI:0.20:0.34:0.51:0.01:0.01:0.58:0.08:0.15:0.47:0.04:0.60
589:0.2711:Mesa State College, CO:0.13:0.08:0.61:0.06:0.06:0.48:0.48:0.03:0.59:0.12:0.34
590:0.2688:Dana College, NE:0.18:0.04:0.38:0.10:0.10:0.51:0.46:0.08:0.54:0.25:0.31
591:0.2639:Husson College, ME:0.08:0.10:0.55:0.10:0.10:0.44:0.36:0.05:0.84:0.04:0.24
592:0.2601:Marian College of Fond du Lac, WI:0.09:0.19:0.50:0.15:0.15:0.37:0.37:0.12:0.59:0.21:0.13
593:0.2533:Alderson-Broaddus College, WV:0.17:0.14:0.35:0.21:0.21:0.41:0.40:0.09:0.52:0.15:0.14
594:0.2509:MidAmerica Nazarene College, KS:0.07:0.00:0.68:0.15:0.15:0.33:0.33:0.06:0.49:0.20:0.30
595:0.2508:Valley City State University, ND:0.24:0.07:0.62:0.05:0.05:0.41:0.39:0.07:0.40:0.25:0.22
596:0.2479:Virginia State University, VA:0.20:0.19:0.29:0.02:0.02:0.63:0.61:0.06:0.31:0.11:0.29
597:0.2469:St. Paul's College, VA:0.29:0.11:0.42:0.08:0.08:0.45:0.45:0.07:0.45:0.08:0.24
598:0.2461:Embry Riddle Aeronautical University, FL:0.30:0.18:0.37:0.14:0.14:0.43:0.37:0.06:0.44:0.04:0.23
599:0.2428:Centenary College, NJ:0.15:0.15:0.29:0.12:0.12:0.85:0.41:0.11:0.24:0.20:0.03
600:0.2426:Virginia Union University, VA:0.14:0.13:0.28:0.19:0.19:0.67:0.51:0.07:0.30:0.08:0.10
601:0.2426:St. Martin's College, WA:0.16:0.14:0.38:0.05:0.05:0.77:0.43:0.07:0.40:0.08:0.14
602:0.2368:Capitol College, MD:0.18:0.10:0.39:0.10:0.10:0.50:0.10:0.08:0.52:0.24:0.29
603:0.2356:Notre Dame College, NH:0.06:0.15:0.33:0.15:0.15:0.47:0.44:0.08:0.33:0.26:0.18
604:0.2291:Franklin Pierce College, NH:0.07:0.14:0.10:0.03:0.03:0.56:0.50:0.06:0.51:0.16:0.37
605:0.2271:Barber Scotia College, NC:0.12:0.00:0.51:0.06:0.06:0.50:0.50:0.07:0.34:0.08:0.25
606:0.2201:Roger Williams University, RI:0.10:0.15:0.24:0.10:0.10:0.54:0.44:0.06:0.61:0.08:0.00
607:0.2103:Missouri Valley College, MO:0.05:0.25:0.32:0.05:0.05:0.67:0.35:0.06:0.27:0.16:0.09
608:0.2087:Mount Saint Clare College, IA:0.11:0.13:0.33:0.16:0.16:0.37:0.32:0.07:0.21:0.43:0.00
609:0.1988:Dominican College of Blauvelt, NY:0.07:0.09:0.33:0.04:0.04:0.43:0.43:0.08:0.54:0.05:0.10
