1:0.7787:California Institute of Technology, CA:1.00:0.74:0.41:0.98:0.98:1.00:1.00:0.15:0.83:0.36:0.67
2:0.7513:Harvard University, MA:0.51:0.84:0.74:0.90:0.90:0.97:0.97:0.10:1.00:0.52:0.56
3:0.7291:Princeton University, NJ:0.37:0.85:0.56:0.90:0.90:0.96:0.91:0.12:0.99:0.54:0.57
4:0.7175:Stanford University, CA:0.46:0.78:0.55:0.88:0.88:0.99:0.98:0.10:0.96:0.25:0.64
5:0.7126:Massachusetts Institute of Technology, MA:0.44:0.67:0.50:0.96:0.96:0.99:0.99:0.10:0.94:0.35:0.59
6:0.7040:Rice University, TX:0.50:0.81:0.42:0.87:0.87:1.00:0.91:0.12:0.91:0.39:0.53
7:0.7017:Duke University, NC:0.38:0.72:0.41:0.90:0.90:0.96:0.95:0.20:0.97:0.44:0.53
8:0.7000:Dartmouth College, NH:0.41:0.74:0.48:0.87:0.87:0.99:0.95:0.21:0.98:0.49:0.44
9:0.6898:Amherst College, MA:0.27:0.77:0.42:0.83:0.83:0.98:0.93:0.12:1.00:0.63:0.57
10:0.6882:Brown University, RI:0.25:0.74:0.45:0.87:0.87:1.00:0.99:0.13:0.97:0.39:0.56
11:0.6801:Harvey Mudd College, CA:0.29:0.58:0.31:0.95:0.95:1.00:1.00:0.12:1.00:0.46:0.50
12:0.6674:Columbia University, NY:0.44:0.71:0.45:0.78:0.78:0.98:0.97:0.17:0.99:0.21:0.52
13:0.6564:Williams College, MA:0.28:0.70:0.42:0.81:0.81:0.99:0.94:0.11:0.99:0.64:0.36
14:0.6546:University of Pennsylvania, PA:0.33:0.58:0.47:0.85:0.85:0.96:0.95:0.16:0.93:0.38:0.54
15:0.6477:University of North Carolina at Chapel Hill, NC:0.89:0.59:0.56:0.75:0.75:0.93:0.88:0.11:0.83:0.23:0.45
16:0.6464:University of California at Berkeley, CA:0.29:0.58:0.39:0.95:0.95:0.97:0.93:0.06:0.78:0.10:0.62
17:0.6463:University of California at Los Angeles, CA:0.50:0.53:0.34:0.93:0.93:0.99:0.97:0.08:0.77:0.09:0.55
18:0.6366:University of Virginia, VA:0.55:0.66:0.50:0.74:0.74:0.92:0.90:0.11:0.95:0.22:0.46
19:0.6358:Swarthmore College, PA:0.31:0.61:0.33:0.81:0.81:0.97:0.93:0.11:0.95:0.58:0.42
20:0.6270:Cornell University, NY:0.30:0.63:0.46:0.81:0.81:0.91:0.91:0.14:0.93:0.22:0.45
21:0.6251:Wellesley College, MA:0.29:0.57:0.46:0.80:0.80:0.98:0.94:0.09:0.91:0.51:0.44
22:0.6247:Bowdoin College, ME:0.25:0.70:0.41:0.76:0.76:0.96:0.93:0.09:0.96:0.52:0.33
23:0.6222:Pomona College, CA:0.27:0.63:0.35:0.80:0.80:0.98:0.94:0.11:0.91:0.47:0.37
24:0.6208:Davidson College, NC:0.25:0.60:0.47:0.77:0.77:0.97:0.95:0.08:0.94:0.46:0.46
25:0.6182:University of Chicago, IL:0.52:0.53:0.31:0.68:0.68:0.99:0.99:0.19:0.90:0.36:0.58
26:0.6128:Georgetown University, DC:0.24:0.74:0.48:0.71:0.71:0.92:0.91:0.14:0.95:0.27:0.36
27:0.6092:Emory University, GA:0.43:0.51:0.30:0.76:0.76:0.98:0.97:0.20:0.96:0.28:0.37
28:0.6067:University of Notre Dame, IN:0.19:0.52:0.52:0.79:0.79:0.92:0.96:0.08:0.97:0.46:0.43
29:0.6060:University of California at San Diego, CA:0.38:0.41:0.22:0.95:0.95:1.00:1.00:0.07:0.66:0.06:0.55
30:0.6060:Claremont McKenna College, CA:0.26:0.59:0.30:0.71:0.71:0.99:0.99:0.10:0.87:0.52:0.54
31:0.6058:Washington and Lee University, VA:0.27:0.67:0.39:0.68:0.68:0.96:0.81:0.10:0.90:0.45:0.61
32:0.6036:Georgia Institute of Technology, GA:0.50:0.42:0.50:0.89:0.89:0.92:0.92:0.05:0.70:0.33:0.38
33:0.6022:Haverford College, PA:0.20:0.56:0.31:0.76:0.76:0.99:0.94:0.09:0.95:0.51:0.42
34:0.5820:Pepperdine University, CA:0.20:0.47:0.33:0.86:0.86:0.98:0.95:0.09:0.66:0.13:0.56
35:0.5782:Bryn Mawr College, PA:0.21:0.45:0.39:0.71:0.71:1.00:1.00:0.08:0.89:0.49:0.50
36:0.5751:College of William and Mary, VA:0.34:0.56:0.39:0.68:0.68:0.92:0.89:0.08:0.93:0.31:0.39
37:0.5697:Rose-Hulman Institute of Technology, IN:0.24:0.45:0.21:0.73:0.73:0.91:0.91:0.07:0.97:0.42:0.50
38:0.5655:Carleton College, MN:0.25:0.41:0.31:0.75:0.75:0.93:0.81:0.10:0.91:0.60:0.44
39:0.5599:Washington University, MO:0.70:0.31:0.24:0.62:0.62:0.98:0.91:0.26:0.90:0.31:0.43
40:0.5570:Wesleyan University, CT:0.18:0.59:0.36:0.60:0.60:0.94:0.90:0.08:0.92:0.39:0.50
41:0.5563:Vanderbilt University, TN:0.32:0.40:0.32:0.71:0.71:0.98:0.93:0.17:0.83:0.26:0.44
42:0.5515:University of California at Irvine, CA:0.36:0.31:0.23:0.85:0.85:0.96:0.96:0.06:0.66:0.11:0.47
43:0.5431:College of the Holy Cross, MA:0.13:0.44:0.39:0.70:0.70:0.96:0.92:0.09:0.95:0.55:0.24
44:0.5419:Tufts University, MA:0.23:0.53:0.33:0.60:0.60:1.00:0.99:0.10:0.92:0.22:0.37
45:0.5398:University of Michigan at Ann Arbor, MI:0.48:0.32:0.38:0.66:0.66:0.98:0.90:0.09:0.87:0.26:0.43
46:0.5379:New York University, NY:0.27:0.47:0.35:0.70:0.70:0.98:0.87:0.13:0.71:0.16:0.43
47:0.5339:Boston College, MA:0.11:0.53:0.35:0.66:0.66:0.95:0.95:0.06:0.90:0.27:0.30
48:0.5330:University of California at Santa Cruz, CA:0.22:0.20:0.20:0.94:0.94:1.00:0.94:0.05:0.59:0.10:0.45
49:0.5264:University of California at Santa Barbara, CA:0.17:0.15:0.23:0.90:0.90:1.00:0.96:0.05:0.69:0.06:0.53
50:0.5258:Colorado College, CO:0.21:0.51:0.31:0.56:0.56:0.97:0.85:0.09:0.84:0.51:0.47
51:0.5248:SUNY at Binghamton, NY:0.31:0.57:0.28:0.60:0.60:1.00:0.83:0.06:0.80:0.15:0.37
52:0.5212:Colby College, ME:0.19:0.54:0.35:0.58:0.58:0.94:0.83:0.10:0.91:0.41:0.31
53:0.5171:Smith College, MA:0.28:0.45:0.40:0.51:0.51:0.97:0.85:0.10:0.90:0.44:0.48
54:0.5160:Sarah Lawrence College, NY:0.16:0.44:0.34:0.57:0.57:0.93:0.89:0.16:0.83:0.18:0.57
55:0.5150:Bard College, NY:0.15:0.56:0.34:0.50:0.50:0.98:0.98:0.10:0.79:0.30:0.48
56:0.5145:Case Western Reserve University, OH:0.32:0.19:0.23:0.71:0.71:0.95:0.95:0.34:0.67:0.29:0.40
57:0.5141:University of Rochester, NY:0.37:0.37:0.23:0.56:0.56:0.99:0.93:0.17:0.80:0.23:0.50
58:0.5126:Carnegie Mellon University, PA:0.35:0.40:0.23:0.60:0.60:0.93:0.86:0.11:0.74:0.31:0.49
59:0.5092:University of California at Riverside, CA:0.28:0.23:0.19:0.80:0.80:0.99:0.98:0.07:0.62:0.08:0.41
60:0.5072:Vassar College, NY:0.21:0.47:0.35:0.53:0.53:0.98:0.90:0.10:0.90:0.39:0.33
61:0.5047:Union College, NY:0.18:0.51:0.31:0.49:0.49:0.96:0.94:0.09:0.88:0.49:0.35
62:0.5042:Trinity University, TX:0.28:0.25:0.33:0.62:0.62:0.96:0.94:0.10:0.93:0.20:0.44
63:0.5015:Colgate University, NY:0.18:0.49:0.29:0.46:0.46:0.98:0.95:0.10:0.93:0.45:0.39
64:0.4999:Macalester College, MN:0.21:0.49:0.30:0.56:0.56:0.91:0.85:0.08:0.77:0.37:0.38
65:0.4958:Trenton State College, NJ:0.26:0.54:0.41:0.55:0.55:0.87:0.81:0.07:0.81:0.06:0.35
66:0.4952:Scripps College, CA:0.24:0.26:0.22:0.60:0.60:1.00:0.95:0.12:0.73:0.41:0.52
67:0.4929:Grinnell College, IA:0.32:0.32:0.31:0.56:0.56:0.92:0.88:0.11:0.83:0.54:0.33
68:0.4906:Illinois Wesleyan University, IL:0.14:0.56:0.35:0.55:0.55:0.92:0.77:0.08:0.83:0.34:0.25
69:0.4874:University of the South, TN:0.33:0.33:0.34:0.46:0.46:0.93:0.89:0.10:0.82:0.52:0.54
70:0.4862:Trinity College, CT:0.23:0.41:0.27:0.46:0.46:0.96:0.91:0.10:0.91:0.48:0.39
71:0.4851:Oberlin College, OH:0.19:0.42:0.25:0.50:0.50:0.96:0.77:0.10:0.83:0.47:0.51
72:0.4836:Barnard College, NY:0.12:0.44:0.38:0.53:0.53:0.93:0.83:0.10:0.91:0.33:0.32
73:0.4831:Occidental College, CA:0.23:0.43:0.28:0.52:0.52:0.93:0.91:0.10:0.79:0.30:0.35
74:0.4828:California Polytechnic-San Luis, CA:0.32:0.51:0.43:0.47:0.47:0.81:0.72:0.05:0.59:0.13:0.76
75:0.4821:Connecticut College, CT:0.17:0.49:0.28:0.42:0.42:0.95:0.86:0.09:0.91:0.40:0.45
76:0.4820:Drew University, NJ:0.18:0.27:0.20:0.56:0.56:0.97:0.93:0.10:0.83:0.28:0.56
77:0.4819:Bucknell University, PA:0.16:0.42:0.23:0.49:0.49:0.97:0.95:0.07:0.93:0.36:0.35
78:0.4709:Birmingham-Southern College, AL:0.14:0.27:0.49:0.67:0.67:0.79:0.74:0.07:0.72:0.34:0.38
79:0.4680:Brandeis University, MA:0.20:0.34:0.27:0.48:0.48:0.97:0.90:0.10:0.84:0.24:0.47
80:0.4678:Texas A&M Univ. at College Station, TX:0.41:0.27:0.61:0.49:0.49:0.91:0.89:0.04:0.69:0.29:0.42
81:0.4677:Arkansas College (Lyon College), AR:0.39:0.53:0.50:0.46:0.46:0.88:0.79:0.08:0.54:0.24:0.33
82:0.4669:University of Texas at Austin, TX:0.31:0.35:0.56:0.48:0.48:0.99:0.91:0.05:0.65:0.11:0.47
83:0.4635:Lehigh University, PA:0.17:0.33:0.25:0.40:0.40:0.99:0.96:0.08:0.91:0.43:0.52
84:0.4623:Whitman College, WA:0.18:0.46:0.36:0.45:0.45:0.83:0.80:0.10:0.72:0.51:0.40
85:0.4619:SUNY College at Geneseo, NY:0.22:0.47:0.25:0.56:0.56:0.84:0.79:0.05:0.76:0.25:0.20
86:0.4607:Pitzer College, CA:0.17:0.44:0.35:0.37:0.37:1.00:1.00:0.10:0.73:0.11:0.57
87:0.4585:University of Illinois - Urbana, IL:0.28:0.22:0.49:0.52:0.52:0.90:0.87:0.06:0.81:0.13:0.50
88:0.4585:Agnes Scott College, GA:0.35:0.16:0.39:0.60:0.60:0.97:0.92:0.13:0.59:0.37:0.29
89:0.4566:Stevens Institute of Technology, NJ:0.16:0.29:0.30:0.51:0.51:0.89:0.89:0.05:0.79:0.33:0.48
90:0.4566:Centre College, KY:0.25:0.12:0.32:0.55:0.55:0.99:0.95:0.09:0.74:0.60:0.37
91:0.4554:Kenyon College, OH:0.18:0.30:0.27:0.44:0.44:0.95:0.95:0.09:0.88:0.46:0.37
92:0.4528:Mount Holyoke College, MA:0.22:0.27:0.40:0.47:0.47:0.91:0.79:0.11:0.84:0.51:0.38
93:0.4495:Pennsylvania State Univ. Main Campus, PA:0.26:0.46:0.33:0.48:0.48:0.96:0.77:0.06:0.63:0.19:0.35
94:0.4490:Furman University, SC:0.22:0.10:0.35:0.56:0.56:0.95:0.92:0.07:0.82:0.28:0.46
95:0.4487:Pace University, NY:0.17:0.55:0.41:0.37:0.37:0.95:0.90:0.07:0.62:0.10:0.47
96:0.4465:Rhodes College, TN:0.19:0.20:0.21:0.58:0.58:0.96:0.90:0.09:0.77:0.47:0.21
97:0.4453:Lawrence University, WI:0.20:0.24:0.34:0.50:0.50:0.92:0.76:0.10:0.77:0.57:0.40
98:0.4448:St. Mary's College of Maryland, MD:0.32:0.48:0.41:0.42:0.42:0.89:0.84:0.09:0.63:0.23:0.25
99:0.4444:Rutgers at New Brunswick, NJ:0.31:0.45:0.17:0.36:0.36:0.95:0.90:0.05:0.77:0.19:0.44
100:0.4440:University of Minnesota at Morris, MN:0.26:0.40:0.67:0.56:0.56:0.78:0.74:0.07:0.51:0.16:0.24
101:0.4421:University of Hawaii at Manoa, HI:0.80:0.27:0.63:0.36:0.36:0.87:0.85:0.08:0.54:0.06:0.40
102:0.4418:Tulane University, LA:0.21:0.27:0.24:0.47:0.47:0.98:0.98:0.11:0.74:0.21:0.38
103:0.4397:Mary Washington College, VA:0.14:0.50:0.35:0.39:0.39:0.80:0.75:0.06:0.84:0.30:0.38
104:0.4383:University of Minnesota Twin Cities, MN:0.59:0.42:0.55:0.26:0.26:0.90:0.88:0.08:0.45:0.37:0.51
105:0.4380:Rensselaer Polytechnic Institute, NY:0.19:0.17:0.22:0.53:0.53:0.98:0.94:0.06:0.70:0.21:0.51
106:0.4376:Reed College, OR:0.19:0.27:0.23:0.47:0.47:0.90:0.90:0.08:0.68:0.37:0.48
107:0.4373:Knox College, IL:0.20:0.19:0.34:0.48:0.48:0.95:0.88:0.08:0.79:0.33:0.45
108:0.4368:Oglethorpe University, GA:0.10:0.18:0.29:0.56:0.56:0.95:0.91:0.08:0.67:0.27:0.48
109:0.4355:Lafayette College, PA:0.18:0.40:0.24:0.36:0.36:0.96:0.93:0.10:0.92:0.38:0.21
110:0.4352:University of Georgia, GA:0.35:0.30:0.42:0.43:0.43:0.95:0.88:0.07:0.63:0.22:0.39
111:0.4338:North Carolina State University at Raleigh, NC:0.36:0.34:0.45:0.39:0.39:0.98:0.92:0.06:0.62:0.21:0.37
112:0.4333:George Washington University, DC:0.17:0.36:0.29:0.38:0.38:0.93:0.92:0.13:0.72:0.15:0.50
113:0.4328:Linfield College, OR:0.12:0.24:0.39:0.48:0.48:0.91:0.89:0.06:0.81:0.34:0.36
114:0.4328:Earlham College, IN:0.24:0.26:0.27:0.35:0.35:0.94:0.90:0.09:0.78:0.46:0.56
115:0.4321:Willamette University, OR:0.15:0.20:0.30:0.49:0.49:0.94:0.91:0.08:0.68:0.37:0.48
116:0.4308:Niagara University, NY:0.13:0.19:0.26:0.65:0.65:1.00:0.68:0.07:0.65:0.20:0.36
117:0.4283:Gettysburg College, PA:0.18:0.31:0.23:0.42:0.42:0.95:0.94:0.08:0.83:0.32:0.25
118:0.4275:SUNY at Stony Brook, NY:0.57:0.44:0.25:0.27:0.27:0.96:0.91:0.10:0.57:0.07:0.43
119:0.4274:University of Southern California, CA:0.21:0.31:0.29:0.45:0.45:0.94:0.90:0.09:0.68:0.10:0.42
120:0.4273:Valparaiso University, IN:0.18:0.17:0.30:0.49:0.49:0.89:0.87:0.07:0.95:0.23:0.33
121:0.4273:Florida International University, FL:0.29:0.37:0.52:0.42:0.42:0.96:0.81:0.07:0.66:0.20:0.24
122:0.4270:SUNY at Buffalo, NY:0.45:0.36:0.32:0.36:0.36:0.97:0.90:0.07:0.56:0.15:0.41
123:0.4253:Santa Clara University, CA:0.14:0.31:0.32:0.40:0.40:0.92:0.88:0.07:1.00:0.19:0.26
124:0.4245:Wabash College, IN:0.28:0.22:0.41:0.41:0.41:0.85:0.78:0.10:0.72:0.55:0.42
125:0.4241:Worcester Polytechnic Institute, MA:0.13:0.16:0.29:0.49:0.49:0.94:0.92:0.07:0.82:0.34:0.35
126:0.4240:Babson College, MA:0.19:0.43:0.36:0.30:0.30:0.93:0.93:0.06:0.94:0.18:0.26
127:0.4234:Harding University, AR:0.17:0.38:0.75:0.35:0.35:0.77:0.71:0.06:0.73:0.37:0.45
128:0.4217:University of Puget Sound, WA:0.14:0.30:0.24:0.51:0.51:0.86:0.79:0.07:0.63:0.17:0.46
129:0.4216:Ursinus College, PA:0.17:0.27:0.30:0.44:0.44:0.85:0.82:0.09:0.79:0.40:0.35
130:0.4201:Taylor University, IN:0.14:0.38:0.40:0.41:0.41:0.61:0.60:0.07:0.98:0.32:0.38
131:0.4191:DePauw University, IN:0.17:0.17:0.30:0.50:0.50:0.94:0.78:0.09:0.82:0.31:0.35
132:0.4188:Marietta College, OH:0.16:0.40:0.36:0.27:0.27:0.97:0.80:0.08:0.96:0.30:0.39
133:0.4185:Loyola Marymount University, CA:0.16:0.29:0.28:0.42:0.42:0.88:0.84:0.07:0.84:0.10:0.42
134:0.4154:Rutgers State University at Newark, NJ:0.36:0.54:0.19:0.26:0.26:0.95:0.90:0.06:0.58:0.16:0.38
135:0.4152:Kalamazoo College, MI:0.18:0.10:0.31:0.55:0.55:0.89:0.75:0.08:0.74:0.36:0.39
136:0.4148:Rollins College, FL:0.14:0.35:0.33:0.31:0.31:0.85:0.81:0.08:0.90:0.23:0.51
137:0.4140:University of Kansas, KS:0.42:0.35:0.66:0.25:0.25:0.94:0.88:0.07:0.57:0.17:0.48
138:0.4128:Washington and Jefferson College, PA:0.13:0.16:0.30:0.42:0.42:0.91:0.91:0.08:0.86:0.40:0.38
139:0.4127:St. Lawrence University, NY:0.18:0.34:0.28:0.31:0.31:0.94:0.90:0.09:0.85:0.38:0.33
140:0.4119:Juniata College, PA:0.19:0.15:0.35:0.36:0.36:0.97:0.97:0.08:0.80:0.37:0.49
141:0.4119:Goucher College, MD:0.24:0.29:0.31:0.40:0.40:0.90:0.78:0.11:0.77:0.34:0.28
142:0.4106:New Mexico Institute of Mining and Tech., NM:0.54:0.24:0.39:0.40:0.40:1.00:0.99:0.07:0.34:0.11:0.36
143:0.4106:Lake Forest College, IL:0.22:0.35:0.42:0.31:0.31:0.94:0.91:0.09:0.77:0.19:0.32
144:0.4100:New Jersey Institute of Technology, NJ:0.36:0.35:0.40:0.27:0.27:0.98:0.92:0.07:0.72:0.19:0.34
145:0.4100:Hendrix College, AR:0.20:0.12:0.38:0.52:0.52:0.99:0.82:0.08:0.63:0.26:0.37
146:0.4093:University of San Diego, CA:0.14:0.30:0.32:0.40:0.40:0.96:0.93:0.06:0.66:0.13:0.40
147:0.4074:Westmont College, CA:0.10:0.25:0.49:0.42:0.42:0.77:0.77:0.07:0.87:0.17:0.41
148:0.4070:University of Missouri at Columbia, MO:0.40:0.29:0.63:0.32:0.32:0.87:0.87:0.08:0.58:0.15:0.37
149:0.4070:Transylvania University, KY:0.19:0.04:0.33:0.57:0.57:0.91:0.81:0.08:0.70:0.41:0.29
150:0.4065:Sweet Briar College, VA:0.31:0.13:0.36:0.36:0.36:0.99:0.91:0.15:0.61:0.48:0.43
151:0.4058:Allegheny College, PA:0.15:0.28:0.25:0.44:0.44:0.91:0.73:0.10:0.76:0.41:0.25
152:0.4048:St. Mary's College of California, CA:0.12:0.39:0.29:0.36:0.36:0.89:0.88:0.06:0.78:0.17:0.28
153:0.4048:Austin College, TX:0.22:0.16:0.37:0.42:0.42:0.95:0.81:0.08:0.71:0.33:0.44
154:0.4042:University of Central Florida, FL:0.28:0.58:0.65:0.25:0.25:0.98:0.80:0.05:0.46:0.09:0.30
155:0.4041:Saint Louis University, MO:0.26:0.13:0.33:0.44:0.44:0.94:0.84:0.22:0.67:0.19:0.34
156:0.4036:California Lutheran University, CA:0.13:0.56:1.00:0.23:0.23:0.74:0.72:0.08:0.60:0.17:0.35
157:0.4034:University of Miami, FL:0.23:0.24:0.31:0.42:0.42:0.94:0.82:0.17:0.59:0.17:0.38
158:0.4012:Gustavus Adolphus College, MN:0.16:0.19:0.46:0.36:0.36:0.89:0.79:0.08:0.80:0.58:0.36
159:0.4005:Erskine College, SC:0.12:0.15:0.30:0.47:0.47:0.80:0.76:0.07:0.67:0.47:0.47
160:0.3987:University of Missouri at Rolla, MO:0.39:0.03:0.45:0.49:0.49:0.88:0.88:0.07:0.49:0.23:0.45
161:0.3974:Clark University, MA:0.15:0.29:0.22:0.30:0.30:0.95:0.94:0.10:0.79:0.35:0.36
162:0.3970:University of Alabama at Birmingham, AL:0.61:0.30:0.74:0.24:0.24:0.96:0.96:0.15:0.33:0.16:0.26
163:0.3960:Whittier College, CA:0.13:0.36:0.32:0.35:0.35:0.92:0.84:0.07:0.52:0.29:0.44
164:0.3960:Stockton College of New Jersey, NJ:0.19:0.61:0.45:0.23:0.23:0.92:0.78:0.05:0.64:0.07:0.26
165:0.3954:Colorado State University, CO:0.31:0.33:0.35:0.29:0.29:0.89:0.87:0.05:0.59:0.10:0.52
166:0.3951:Fairfield University, CT:0.14:0.30:0.23:0.30:0.30:0.90:0.86:0.07:0.94:0.30:0.32
167:0.3923:Hiram College, OH:0.19:0.21:0.33:0.37:0.37:0.95:0.75:0.09:0.79:0.34:0.35
168:0.3923:Beloit College, WI:0.20:0.30:0.31:0.26:0.26:0.95:0.87:0.09:0.69:0.26:0.53
169:0.3908:Presbyterian College, SC:0.12:0.23:0.36:0.34:0.34:0.85:0.80:0.07:0.85:0.42:0.35
170:0.3908:Montclair State University, NJ:0.24:0.59:0.41:0.19:0.19:0.87:0.82:0.05:0.58:0.09:0.37
171:0.3907:Rutgers State University at Camden, NJ:0.30:0.48:0.13:0.27:0.27:0.95:0.90:0.05:0.57:0.12:0.30
172:0.3902:University of Pittsburgh-Main Campus, PA:0.47:0.26:0.39:0.25:0.25:0.93:0.93:0.13:0.66:0.10:0.32
173:0.3901:University of Scranton, PA:0.13:0.34:0.31:0.29:0.29:0.83:0.83:0.07:0.92:0.41:0.21
174:0.3894:University of Tennessee at Knoxville, TN:0.34:0.28:0.56:0.27:0.27:0.92:0.86:0.06:0.53:0.22:0.47
175:0.3892:Virginia Military Institute, VA:0.41:0.24:0.51:0.16:0.16:0.84:0.84:0.09:0.68:0.51:0.55
176:0.3891:Appalachian State University, NC:0.35:0.36:0.41:0.20:0.20:0.96:0.83:0.05:0.70:0.14:0.46
177:0.3887:Villanova University, PA:0.12:0.28:0.26:0.30:0.30:0.90:0.89:0.07:0.96:0.24:0.26
178:0.3885:Denison University, OH:0.16:0.17:0.23:0.32:0.32:0.97:0.88:0.09:0.81:0.45:0.40
179:0.3871:Stetson University, FL:0.16:0.21:0.40:0.37:0.37:0.90:0.85:0.08:0.73:0.24:0.33
180:0.3871:Hobart and William Smith Colleges, NY:0.14:0.23:0.24:0.25:0.25:0.99:0.99:0.08:0.79:0.37:0.45
181:0.3868:Louisiana College, LA:0.24:0.48:0.20:0.33:0.33:0.74:0.64:0.10:0.59:0.11:0.42
182:0.3868:Hamline University, MN:0.17:0.18:0.40:0.34:0.34:0.93:0.89:0.08:0.65:0.33:0.45
183:0.3861:Wittenberg University, OH:0.13:0.12:0.33:0.42:0.42:0.95:0.82:0.08:0.78:0.29:0.35
184:0.3861:Siena College, NY:0.13:0.35:0.33:0.24:0.24:0.82:0.71:0.07:1.00:0.42:0.34
185:0.3860:Fordham University, NY:0.13:0.32:0.33:0.30:0.30:0.97:0.86:0.07:0.80:0.14:0.33
186:0.3859:University of North Carolina at Asheville, NC:0.43:0.44:0.40:0.32:0.32:0.83:0.77:0.08:0.37:0.11:0.27
187:0.3858:Miami University at Oxford, OH:0.26:0.16:0.42:0.35:0.35:0.89:0.81:0.06:0.85:0.20:0.34
188:0.3849:Illinois Institute of Technology, IL:0.20:0.23:0.35:0.42:0.42:0.88:0.80:0.08:0.56:0.26:0.32
189:0.3840:Albion College, MI:0.17:0.09:0.28:0.37:0.37:1.00:0.89:0.07:0.73:0.37:0.43
190:0.3836:Millersville University of Penn., PA:0.29:0.49:0.31:0.22:0.22:0.74:0.72:0.06:0.71:0.20:0.37
191:0.3832:Alma College, MI:0.15:0.15:0.36:0.44:0.44:0.87:0.79:0.07:0.68:0.32:0.33
192:0.3826:Alfred University, NY:0.13:0.18:0.33:0.37:0.37:0.88:0.82:0.09:0.73:0.31:0.41
193:0.3824:Michigan State University, MI:0.42:0.17:0.41:0.23:0.23:0.95:0.93:0.07:0.71:0.09:0.52
194:0.3816:Wheaton College, MA:0.31:0.21:0.30:0.21:0.21:0.96:0.92:0.08:0.71:0.41:0.48
195:0.3814:University of the Pacific, CA:0.18:0.19:0.29:0.36:0.36:0.94:0.87:0.09:0.65:0.14:0.46
196:0.3812:Skidmore College, NY:0.18:0.36:0.22:0.25:0.25:0.92:0.87:0.08:0.81:0.29:0.26
197:0.3809:Whitworth College, WA:0.10:0.17:0.40:0.43:0.43:0.80:0.80:0.06:0.80:0.20:0.28
198:0.3804:Trinity College, DC:0.19:0.23:0.53:0.19:0.19:0.93:0.89:0.12:0.96:0.37:0.26
199:0.3803:Bellarmine College, KY:0.14:0.12:0.44:0.39:0.39:0.82:0.74:0.08:0.84:0.31:0.38
200:0.3793:Saint Joseph's University, PA:0.09:0.20:0.39:0.39:0.39:0.90:0.84:0.06:0.83:0.13:0.25
201:0.3793:Michigan Technological University, MI:0.27:0.13:0.45:0.42:0.42:0.82:0.82:0.06:0.65:0.25:0.29
202:0.3793:Centenary College of Louisiana, LA:0.21:0.12:0.48:0.35:0.35:0.92:0.86:0.09:0.66:0.25:0.42
203:0.3784:Susquehanna University, PA:0.13:0.28:0.31:0.27:0.27:0.86:0.83:0.07:0.90:0.37:0.28
204:0.3783:Livingstone College, NC:0.33:0.47:0.46:0.22:0.22:0.93:0.53:0.10:0.92:0.16:0.09
205:0.3783:Butler University, IN:0.13:0.14:0.34:0.40:0.40:0.81:0.77:0.09:0.83:0.29:0.33
206:0.3782:University of Wyoming, WY:0.43:0.25:0.71:0.23:0.23:0.94:0.91:0.07:0.45:0.13:0.41
207:0.3773:University of Denver, CO:0.16:0.33:0.29:0.29:0.29:0.91:0.84:0.06:0.67:0.21:0.38
208:0.3762:Seattle Pacific University, WA:0.16:0.14:0.40:0.42:0.42:0.85:0.83:0.06:0.66:0.20:0.35
209:0.3759:York College of Pennsylvania, PA:0.11:0.38:0.37:0.28:0.28:0.75:0.75:0.06:0.99:0.28:0.12
210:0.3757:Lebanon Valley College, PA:0.10:0.24:0.30:0.28:0.28:0.84:0.84:0.08:0.85:0.30:0.42
211:0.3751:SUNY College at New Paltz, NY:0.24:0.57:0.18:0.19:0.19:0.93:0.85:0.07:0.53:0.08:0.32
212:0.3743:University of Cincinnati, OH:0.50:0.19:0.43:0.26:0.26:0.95:0.89:0.09:0.54:0.06:0.40
213:0.3741:Hope College, MI:0.15:0.13:0.42:0.37:0.37:0.81:0.72:0.08:0.72:0.40:0.44
214:0.3735:Clarkson University, NY:0.14:0.10:0.29:0.35:0.35:0.95:0.95:0.06:0.77:0.32:0.34
215:0.3735:Albright College, PA:0.17:0.19:0.27:0.30:0.30:0.84:0.79:0.09:0.80:0.23:0.49
216:0.3734:University of Dallas, TX:0.13:0.14:0.42:0.44:0.44:0.93:0.85:0.07:0.63:0.26:0.21
217:0.3734:Stonehill College, MA:0.09:0.37:0.25:0.25:0.25:0.79:0.79:0.08:0.97:0.30:0.21
218:0.3734:John Brown University, AR:0.23:0.33:0.70:0.24:0.24:0.68:0.68:0.08:0.75:0.19:0.40
219:0.3733:Creighton University, NE:0.49:0.04:0.31:0.30:0.30:0.90:0.85:0.15:0.85:0.32:0.19
220:0.3720:Hampden - Sydney College, VA:0.20:0.21:0.48:0.20:0.20:0.97:0.95:0.08:0.69:0.53:0.35
221:0.3719:Texas Christian University, TX:0.18:0.25:0.39:0.33:0.33:0.93:0.81:0.07:0.64:0.23:0.32
222:0.3710:Lenoir-Rhyne College, NC:0.16:0.24:0.35:0.25:0.25:0.92:0.88:0.08:0.66:0.20:0.52
223:0.3708:SUNY at Albany, NY:0.35:0.32:0.20:0.16:0.16:0.96:0.93:0.06:0.74:0.16:0.41
224:0.3708:Eckerd College, FL:0.24:0.22:0.33:0.33:0.33:0.89:0.82:0.08:0.59:0.26:0.37
225:0.3703:University of North Dakota, ND:0.55:0.19:0.73:0.20:0.20:0.97:0.97:0.06:0.49:0.16:0.28
226:0.3700:Ripon College, WI:0.19:0.15:0.42:0.28:0.28:0.90:0.87:0.11:0.64:0.49:0.41
227:0.3698:Seattle University, WA:0.16:0.27:0.32:0.28:0.28:0.85:0.85:0.08:0.89:0.16:0.22
228:0.3692:Shippensburg University of Penn., PA:0.24:0.44:0.34:0.14:0.14:0.83:0.80:0.05:0.72:0.13:0.49
229:0.3691:University of Delaware, DE:0.39:0.27:0.31:0.22:0.22:0.87:0.82:0.05:0.75:0.15:0.36
230:0.3691:Monmouth College, IL:0.20:0.16:0.41:0.28:0.28:0.91:0.91:0.09:0.56:0.43:0.45
231:0.3691:Emory & Henry College, VA:0.15:0.16:0.35:0.30:0.30:0.88:0.79:0.07:0.82:0.51:0.33
232:0.3688:Dickinson College, PA:0.16:0.16:0.19:0.31:0.31:0.94:0.87:0.09:0.87:0.39:0.24
233:0.3687:University of Oklahoma, OK:0.41:0.16:0.56:0.32:0.32:0.90:0.86:0.09:0.44:0.11:0.37
234:0.3681:Kansas State University, KS:0.27:0.31:0.70:0.25:0.25:0.86:0.76:0.05:0.54:0.22:0.36
235:0.3666:Randolph-Macon Woman's College, VA:0.26:0.11:0.27:0.35:0.35:0.97:0.88:0.11:0.68:0.24:0.26
236:0.3665:The Citadel, SC:0.42:0.17:0.49:0.12:0.12:0.94:0.95:0.06:0.84:0.17:0.44
237:0.3663:University of Nebraska at Lincoln, NE:0.30:0.04:0.59:0.33:0.33:0.92:0.86:0.07:0.53:0.48:0.39
238:0.3657:Hood College, MD:0.18:0.19:0.31:0.36:0.36:0.88:0.82:0.07:0.72:0.34:0.18
239:0.3656:Indiana University at Bloomington, IN:0.31:0.20:0.44:0.25:0.25:0.88:0.77:0.05:0.68:0.24:0.46
240:0.3656:Baldwin-Wallace College, OH:0.12:0.19:0.48:0.30:0.30:0.74:0.68:0.06:0.85:0.20:0.50
241:0.3652:Syracuse University, NY:0.19:0.31:0.34:0.28:0.28:0.84:0.73:0.09:0.67:0.13:0.42
242:0.3649:Coe College, IA:0.14:0.26:0.37:0.29:0.29:0.86:0.73:0.08:0.67:0.32:0.41
243:0.3647:Saint Mary's College, IN:0.17:0.17:0.54:0.26:0.26:0.95:0.74:0.10:0.98:0.31:0.18
244:0.3646:University of North Texas, TX:0.28:0.38:0.75:0.23:0.23:0.94:0.86:0.04:0.35:0.06:0.33
245:0.3646:University of Maryland at College Park, MD:0.30:0.28:0.33:0.22:0.22:0.92:0.89:0.06:0.63:0.12:0.42
246:0.3641:Bloomsburg Univ. of Pennsylvania, PA:0.28:0.55:0.34:0.15:0.15:0.68:0.66:0.06:0.75:0.19:0.28
247:0.3628:Allentown Coll. of St. Francis de Sales, PA:0.14:0.34:0.37:0.38:0.38:0.84:0.60:0.08:0.74:0.21:0.09
248:0.3624:Hanover College, IN:0.22:0.17:0.38:0.33:0.33:0.84:0.84:0.09:0.64:0.26:0.30
249:0.3619:University of Louisville, KY:0.43:0.36:0.60:0.16:0.16:0.92:0.84:0.09:0.31:0.24:0.41
250:0.3611:Quinnipiac College, CT:0.12:0.42:0.37:0.17:0.17:0.73:0.63:0.08:0.86:0.33:0.40
251:0.3608:Northeast Missouri State University, MO:0.30:0.24:0.35:0.36:0.36:0.72:0.69:0.06:0.76:0.13:0.16
252:0.3595:Houghton College, NY:0.15:0.17:0.38:0.30:0.30:0.90:0.85:0.07:0.67:0.24:0.39
253:0.3591:University of Evansville, IN:0.11:0.22:0.43:0.35:0.35:0.81:0.60:0.06:0.77:0.26:0.34
254:0.3589:Marquette University, WI:0.16:0.11:0.37:0.36:0.36:0.94:0.86:0.07:0.77:0.25:0.19
255:0.3589:Capital University, OH:0.15:0.21:0.32:0.34:0.34:0.69:0.64:0.08:0.83:0.27:0.34
256:0.3588:William Jewell College, MO:0.14:0.17:0.58:0.32:0.32:0.80:0.74:0.09:0.59:0.19:0.48
257:0.3585:Washington State University, WA:0.38:0.11:0.42:0.31:0.31:0.87:0.84:0.06:0.56:0.30:0.35
258:0.3583:Rosary College, IL:0.16:0.26:0.44:0.28:0.28:0.82:0.79:0.08:0.81:0.30:0.14
259:0.3572:Maryville College, TN:0.13:0.39:0.20:0.26:0.26:0.90:0.80:0.09:0.51:0.43:0.24
260:0.3570:Hollins College, VA:0.23:0.17:0.43:0.26:0.26:0.91:0.78:0.09:0.72:0.48:0.25
261:0.3568:University of New Hampshire, NH:0.23:0.22:0.33:0.24:0.24:0.87:0.89:0.06:0.75:0.16:0.34
262:0.3564:Drury College, MO:0.22:0.07:0.48:0.33:0.33:0.92:0.82:0.08:0.67:0.35:0.30
263:0.3563:Nazareth College of Rochester, NY:0.15:0.16:0.33:0.36:0.36:0.93:0.77:0.07:0.61:0.24:0.35
264:0.3563:Elizabethtown College, PA:0.14:0.24:0.23:0.36:0.36:0.68:0.65:0.08:0.81:0.25:0.29
265:0.3559:Baylor University, TX:0.18:0.12:0.44:0.34:0.34:0.76:0.71:0.05:0.72:0.38:0.38
266:0.3558:Westminster College, PA:0.14:0.13:0.44:0.29:0.29:0.78:0.62:0.08:0.80:0.41:0.51
267:0.3558:St. Mary's University of San Antonio, TX:0.15:0.18:0.41:0.33:0.33:0.83:0.82:0.06:0.72:0.07:0.34
268:0.3558:Manhattan College, NY:0.12:0.29:0.33:0.20:0.20:0.92:0.92:0.07:0.79:0.25:0.26
269:0.3556:Moravian College, PA:0.12:0.22:0.32:0.23:0.23:0.92:0.86:0.07:0.74:0.28:0.41
270:0.3554:Augustana College, IL:0.14:0.12:0.30:0.36:0.36:0.83:0.78:0.08:0.71:0.40:0.30
271:0.3550:Messiah College, PA:0.12:0.21:0.44:0.30:0.30:0.75:0.68:0.07:0.89:0.30:0.26
272:0.3547:Iowa State University, IA:0.37:0.12:0.46:0.26:0.26:0.88:0.81:0.05:0.65:0.22:0.39
273:0.3544:Christendom College, VA:0.28:0.11:0.71:0.33:0.33:0.92:0.92:0.11:0.58:0.17:0.08
274:0.3542:Bentley College, MA:0.16:0.33:0.27:0.20:0.20:0.87:0.87:0.06:0.82:0.20:0.24
275:0.3537:La Salle University, PA:0.11:0.37:0.34:0.20:0.20:0.90:0.90:0.07:0.84:0.09:0.14
276:0.3536:College Misericordia, PA:0.13:0.38:0.36:0.29:0.29:0.62:0.56:0.08:0.96:0.23:0.11
277:0.3532:Le Moyne College, NY:0.13:0.18:0.35:0.21:0.21:0.92:0.89:0.08:0.94:0.28:0.25
278:0.3529:University of Dayton, OH:0.15:0.17:0.28:0.26:0.26:0.85:0.81:0.07:0.93:0.25:0.29
279:0.3528:Catholic University of America, DC:0.18:0.16:0.34:0.24:0.24:0.96:0.90:0.11:0.75:0.18:0.33
280:0.3524:College of Notre Dame of Maryland, MD:0.10:0.22:0.50:0.35:0.35:0.64:0.64:0.09:0.75:0.32:0.25
281:0.3522:SUNY College at Fredonia, NY:0.22:0.43:0.29:0.13:0.13:0.90:0.82:0.06:0.66:0.10:0.40
282:0.3522:Loyola University Chicago, IL:0.22:0.17:0.29:0.25:0.25:0.95:0.94:0.16:0.65:0.15:0.29
283:0.3521:University of Vermont, VT:0.36:0.22:0.29:0.18:0.18:0.90:0.87:0.10:0.79:0.10:0.32
284:0.3520:Chatham College, PA:0.28:0.07:0.46:0.28:0.28:0.98:0.95:0.11:0.52:0.37:0.30
285:0.3513:University of Maine at Farmington, ME:0.20:0.34:0.55:0.20:0.20:0.75:0.67:0.06:0.59:0.26:0.47
286:0.3507:Assumption College, MA:0.09:0.20:0.29:0.23:0.23:0.93:0.93:0.07:0.88:0.30:0.21
287:0.3501:Simmons College, MA:0.17:0.22:0.38:0.23:0.23:0.81:0.74:0.11:0.79:0.33:0.32
288:0.3490:University of Montevallo, AL:0.34:0.34:0.64:0.18:0.18:0.72:0.72:0.05:0.51:0.08:0.45
289:0.3490:Rhode Island School of Design, RI:0.12:0.54:0.45:0.17:0.17:0.69:0.27:0.10:0.96:0.22:0.30
290:0.3489:University of Illinois at Chicago, IL:0.42:0.32:0.47:0.22:0.22:0.84:0.82:0.10:0.34:0.06:0.35
291:0.3487:North Central College, IL:0.11:0.22:0.35:0.30:0.30:0.87:0.73:0.06:0.76:0.33:0.25
292:0.3481:Christian Brothers University, TN:0.18:0.41:0.43:0.16:0.16:0.81:0.81:0.09:0.63:0.24:0.26
293:0.3479:Oklahoma State University, OK:0.24:0.13:0.56:0.29:0.29:0.92:0.84:0.07:0.48:0.14:0.43
294:0.3476:Quincy University, IL:0.11:0.31:0.42:0.22:0.22:0.71:0.69:0.06:0.80:0.32:0.33
295:0.3474:Mount Saint Mary College, NY:0.14:0.41:0.34:0.14:0.14:0.75:0.74:0.07:0.88:0.23:0.27
296:0.3472:Gordon College, MA:0.15:0.16:0.50:0.25:0.25:0.82:0.73:0.07:0.66:0.32:0.49
297:0.3460:Loyola College, MD:0.12:0.23:0.24:0.25:0.25:0.88:0.86:0.07:0.80:0.27:0.23
298:0.3449:Virginia Wesleyan College, VA:0.12:0.39:0.32:0.20:0.20:0.81:0.70:0.06:0.68:0.14:0.39
299:0.3443:Gonzaga University, WA:0.13:0.19:0.35:0.31:0.31:0.90:0.78:0.07:0.69:0.32:0.20
300:0.3442:SUNY College  at Oswego, NY:0.16:0.43:0.32:0.17:0.17:0.85:0.69:0.05:0.63:0.21:0.37
301:0.3442:Franklin College, IN:0.24:0.21:0.44:0.29:0.29:0.78:0.54:0.08:0.60:0.37:0.40
302:0.3433:Fresno Pacific College, CA:0.15:0.21:0.53:0.51:0.51:0.59:0.59:0.10:0.54:0.14:0.00
303:0.3430:University of San Francisco, CA:0.12:0.25:0.31:0.23:0.23:0.86:0.86:0.07:0.62:0.08:0.45
304:0.3428:Queens College, NC:0.15:0.24:0.39:0.32:0.32:0.75:0.73:0.07:0.58:0.36:0.22
305:0.3428:Ohio University, OH:0.29:0.25:0.38:0.21:0.21:0.87:0.79:0.05:0.64:0.13:0.36
306:0.3427:Providence College, RI:0.08:0.35:0.29:0.20:0.20:0.74:0.66:0.05:0.96:0.35:0.20
307:0.3426:University of Utah, UT:0.33:0.12:0.53:0.27:0.27:0.93:0.89:0.08:0.37:0.09:0.45
308:0.3420:Louisiana State University at Baton Rouge, LA:0.28:0.17:0.62:0.29:0.29:0.87:0.83:0.06:0.37:0.11:0.39
309:0.3420:College of Saint Elizabeth, NJ:0.16:0.19:0.34:0.34:0.34:0.70:0.68:0.09:0.78:0.23:0.19
310:0.3416:Saint Michael's College, VT:0.15:0.28:0.34:0.16:0.16:0.88:0.79:0.07:0.84:0.34:0.27
311:0.3416:Antioch University, OH:0.81:0.07:0.38:0.25:0.25:0.82:0.69:0.09:0.48:0.35:0.19
312:0.3415:Cornell College, IA:0.14:0.14:0.29:0.33:0.33:0.76:0.71:0.08:0.64:0.31:0.41
313:0.3414:College of Mount St. Vincent, NY:0.16:0.32:0.27:0.23:0.23:0.77:0.75:0.08:0.83:0.35:0.09
314:0.3411:Hampton University, VA:0.14:0.48:0.38:0.25:0.25:0.64:0.60:0.07:0.70:0.09:0.15
315:0.3409:Beaver College, PA:0.12:0.27:0.41:0.23:0.23:0.89:0.78:0.08:0.73:0.30:0.18
316:0.3403:Millsaps College, MS:0.20:0.08:0.38:0.32:0.32:0.89:0.82:0.08:0.58:0.38:0.29
317:0.3401:Winona State University, MN:0.27:0.38:0.64:0.20:0.20:0.60:0.53:0.05:0.58:0.18:0.40
318:0.3394:Rider University, NJ:0.14:0.32:0.30:0.16:0.16:0.92:0.84:0.08:0.70:0.23:0.28
319:0.3392:Randolph-Macon College, VA:0.18:0.25:0.23:0.21:0.21:0.80:0.77:0.09:0.74:0.38:0.28
320:0.3389:Wartburg College, IA:0.13:0.13:0.32:0.34:0.34:0.91:0.66:0.08:0.67:0.37:0.28
321:0.3389:SUNY College at Cortland, NY:0.18:0.55:0.29:0.06:0.06:0.85:0.82:0.06:0.53:0.17:0.36
322:0.3383:Central College, IA:0.16:0.13:0.36:0.31:0.31:0.90:0.76:0.07:0.67:0.29:0.26
323:0.3376:University of Portland, OR:0.15:0.16:0.28:0.27:0.27:0.96:0.92:0.08:0.72:0.17:0.19
324:0.3374:Murray State University, KY:0.33:0.14:0.62:0.29:0.29:0.76:0.72:0.05:0.52:0.27:0.28
325:0.3371:Elmira College, NY:0.08:0.28:0.33:0.27:0.27:0.98:0.77:0.05:0.64:0.21:0.21
326:0.3361:Salisbury State University, MD:0.15:0.46:0.32:0.20:0.20:0.75:0.73:0.06:0.56:0.18:0.23
327:0.3361:Illinois Benedictine College, IL:0.14:0.08:0.48:0.22:0.22:0.91:0.81:0.09:0.75:0.29:0.42
328:0.3360:Albertson College, ID:0.16:0.18:0.33:0.38:0.38:0.73:0.67:0.11:0.55:0.11:0.29
329:0.3352:East Carolina University, NC:0.50:0.31:0.38:0.14:0.14:0.78:0.74:0.08:0.58:0.18:0.24
330:0.3350:Milligan College, TN:0.20:0.24:0.41:0.26:0.26:0.69:0.63:0.08:0.64:0.16:0.40
331:0.3350:Freed-Hardeman University, TN:0.15:0.39:0.57:0.20:0.20:0.76:0.68:0.06:0.62:0.13:0.23
332:0.3344:University of Northern Iowa, IA:0.26:0.18:0.55:0.18:0.18:0.82:0.78:0.06:0.77:0.26:0.25
333:0.3335:University of Massachusetts at Amherst, MA:0.33:0.14:0.31:0.12:0.12:0.92:0.88:0.06:0.68:0.15:0.55
334:0.3333:Virginia Commonwealth University, VA:0.33:0.30:0.45:0.18:0.18:0.87:0.81:0.11:0.45:0.11:0.28
335:0.3332:Hartwick College, NY:0.14:0.17:0.25:0.22:0.22:0.87:0.75:0.08:0.73:0.32:0.41
336:0.3331:Chestnut Hill College, PA:0.12:0.26:0.50:0.25:0.25:0.71:0.71:0.12:0.73:0.29:0.14
337:0.3330:Bridgewater College, VA:0.14:0.20:0.43:0.22:0.22:0.73:0.68:0.08:0.82:0.24:0.35
338:0.3326:Coker College, SC:0.17:0.25:0.65:0.15:0.15:0.77:0.64:0.08:0.75:0.39:0.33
339:0.3325:University of North Carolina at Wilmington, NC:0.26:0.36:0.38:0.15:0.15:0.85:0.82:0.05:0.55:0.15:0.27
340:0.3313:University of Mississippi, MS:0.34:0.12:0.49:0.26:0.26:0.86:0.81:0.05:0.53:0.14:0.31
341:0.3312:King's College, PA:0.10:0.28:0.36:0.20:0.20:0.72:0.66:0.06:0.87:0.37:0.23
342:0.3310:Ouachita Baptist University, AR:0.17:0.15:0.58:0.31:0.31:0.67:0.63:0.08:0.65:0.10:0.37
343:0.3304:Western Michigan University, MI:0.20:0.22:0.38:0.24:0.24:0.84:0.80:0.04:0.55:0.11:0.39
344:0.3298:Pacific University, OR:0.17:0.10:0.34:0.41:0.41:0.76:0.76:0.09:0.42:0.22:0.26
345:0.3297:St. Norbert College, WI:0.13:0.07:0.46:0.30:0.30:0.78:0.74:0.07:0.88:0.36:0.14
346:0.3287:University of North Carolina at Charlotte, NC:0.32:0.23:0.39:0.19:0.19:0.91:0.79:0.06:0.62:0.07:0.27
347:0.3286:Bradley University, IL:0.10:0.09:0.31:0.30:0.30:0.81:0.75:0.07:0.85:0.21:0.25
348:0.3280:Muskingum College, OH:0.14:0.17:0.41:0.24:0.24:0.85:0.73:0.07:0.73:0.27:0.28
349:0.3277:Columbia College, MO:0.09:0.50:0.84:0.10:0.10:0.87:0.87:0.07:0.37:0.02:0.22
350:0.3271:SUNY College at Plattsburgh, NY:0.23:0.35:0.24:0.09:0.09:0.90:0.80:0.06:0.65:0.16:0.40
351:0.3268:West Chester University of Penn., PA:0.22:0.46:0.39:0.11:0.11:0.79:0.76:0.07:0.52:0.16:0.28
352:0.3260:Eureka College, IL:0.20:0.19:0.25:0.36:0.36:0.87:0.62:0.09:0.53:0.31:0.14
353:0.3260:Arizona State University Main campus, AZ:0.14:0.20:0.36:0.24:0.24:0.93:0.88:0.05:0.48:0.05:0.42
354:0.3259:Canisius College, NY:0.12:0.23:0.34:0.16:0.16:0.92:0.90:0.07:0.64:0.26:0.31
355:0.3256:University of Massachusetts at Dartmouth, MA:0.25:0.22:0.39:0.10:0.10:0.90:0.74:0.07:0.56:0.20:0.63
356:0.3250:SUNY College  at Brockport, NY:0.27:0.51:0.25:0.07:0.07:0.83:0.79:0.05:0.49:0.14:0.29
357:0.3247:Elms College, MA:0.13:0.15:0.60:0.23:0.23:0.71:0.71:0.09:0.86:0.21:0.19
358:0.3246:Marymount College Tarrytown, NY:0.16:0.32:0.36:0.09:0.09:0.93:0.71:0.10:0.77:0.30:0.30
359:0.3244:Saint Joseph College, CT:0.13:0.17:0.40:0.20:0.20:0.90:0.87:0.09:0.76:0.32:0.12
360:0.3242:Saint John's University, MN:0.17:0.14:0.56:0.18:0.18:0.85:0.76:0.08:0.70:0.38:0.29
361:0.3241:Hofstra University, NY:0.15:0.21:0.23:0.25:0.25:0.90:0.81:0.07:0.60:0.10:0.31
362:0.3239:University of St. Thomas, MN:0.15:0.12:0.46:0.26:0.26:0.80:0.80:0.07:0.89:0.13:0.10
363:0.3239:McKendree College, IL:0.15:0.45:0.21:0.16:0.16:0.74:0.70:0.06:0.52:0.21:0.34
364:0.3231:St. John Fisher College, NY:0.12:0.22:0.33:0.19:0.19:0.81:0.86:0.07:0.66:0.29:0.27
365:0.3228:Evergreen State College, WA:0.37:0.39:0.40:0.14:0.14:0.78:0.75:0.06:0.68:0.14:0.00
366:0.3225:Simpson College, IA:0.10:0.14:0.34:0.27:0.27:0.73:0.66:0.06:0.70:0.36:0.37
367:0.3221:Castleton State College, VT:0.20:0.25:0.39:0.09:0.09:0.91:0.89:0.07:0.79:0.08:0.29
368:0.3219:Fisk University, TN:0.17:0.33:0.31:0.24:0.24:0.74:0.74:0.08:0.43:0.22:0.26
369:0.3214:Mississippi State University, MS:0.19:0.23:0.49:0.18:0.18:0.77:0.77:0.06:0.53:0.20:0.42
370:0.3213:Angelo State University, TX:0.16:0.43:0.51:0.24:0.24:0.62:0.60:0.04:0.34:0.05:0.38
371:0.3211:University of Wisconsin-Stout, WI:0.32:0.24:0.52:0.09:0.09:0.78:0.78:0.05:0.65:0.17:0.40
372:0.3209:Barat College, IL:0.20:0.26:0.58:0.15:0.15:0.77:0.57:0.10:0.71:0.35:0.28
373:0.3202:Georgia State University, GA:0.30:0.38:0.53:0.09:0.09:0.89:0.87:0.05:0.34:0.10:0.33
374:0.3200:College of Saint Benedict, MN:0.15:0.08:0.59:0.29:0.29:0.88:0.70:0.08:0.72:0.26:0.14
375:0.3198:College of Saint Catherine, MN:0.10:0.20:0.45:0.23:0.23:0.87:0.63:0.09:0.77:0.32:0.19
376:0.3195:University of Rhode Island, RI:0.28:0.20:0.25:0.12:0.12:0.89:0.84:0.06:0.63:0.07:0.51
377:0.3195:Lincoln University, PA:0.50:0.34:0.30:0.15:0.15:0.72:0.71:0.08:0.45:0.08:0.25
378:0.3194:University of New England, ME:0.13:0.38:0.35:0.19:0.19:0.75:0.72:0.09:0.64:0.13:0.14
379:0.3193:Dordt College, IA:0.13:0.07:0.58:0.25:0.25:0.60:0.61:0.08:0.87:0.17:0.42
380:0.3191:St. Bonaventure University, NY:0.18:0.12:0.29:0.13:0.13:0.91:0.91:0.06:0.78:0.32:0.36
381:0.3190:Lindenwood College, MO:0.00:0.40:0.74:0.06:0.06:0.85:0.65:0.04:1.00:0.09:0.15
382:0.3189:Concordia University, IL:0.14:0.24:0.46:0.22:0.22:0.64:0.56:0.08:0.75:0.13:0.38
383:0.3189:Bowling Green State University, OH:0.25:0.21:0.42:0.14:0.14:0.89:0.81:0.05:0.67:0.14:0.33
384:0.3185:Salem College, NC:0.14:0.15:0.46:0.28:0.28:0.68:0.68:0.09:0.60:0.46:0.20
385:0.3184:Regis College, MA:0.19:0.10:0.37:0.18:0.18:0.85:0.81:0.10:0.84:0.37:0.20
386:0.3179:Georgetown College, KY:0.18:0.05:0.41:0.30:0.30:0.76:0.73:0.08:0.55:0.28:0.40
387:0.3179:George Mason University, VA:0.21:0.23:0.40:0.17:0.17:0.96:0.93:0.05:0.46:0.07:0.31
388:0.3176:Millikin University, IL:0.13:0.13:0.36:0.29:0.29:0.77:0.60:0.09:0.75:0.25:0.27
389:0.3175:University of Texas at San Antonio, TX:0.15:0.26:0.54:0.17:0.17:1.00:0.94:0.04:0.50:0.03:0.19
390:0.3168:Saint Anselm College, NH:0.07:0.26:0.33:0.15:0.15:0.82:0.70:0.07:0.97:0.29:0.15
391:0.3159:Xavier University, OH:0.15:0.08:0.39:0.24:0.24:0.75:0.73:0.08:0.83:0.31:0.25
392:0.3159:North Carolina A. & T. State University, NC:0.51:0.36:0.46:0.12:0.12:0.72:0.72:0.06:0.44:0.09:0.19
393:0.3153:University of Minnesota at Duluth, MN:0.20:0.25:0.53:0.15:0.15:0.91:0.79:0.05:0.53:0.11:0.32
394:0.3149:Adrian College, MI:0.16:0.23:0.31:0.22:0.22:0.66:0.53:0.08:0.54:0.30:0.56
395:0.3142:Oklahoma Baptist University, OK:0.15:0.10:0.71:0.35:0.35:0.71:0.63:0.07:0.50:0.18:0.22
396:0.3139:College of Saint Rose, NY:0.07:0.32:0.38:0.23:0.23:0.71:0.66:0.07:0.64:0.28:0.15
397:0.3136:Western State College of Colorado, CO:0.16:0.40:0.37:0.07:0.07:0.79:0.76:0.05:0.52:0.04:0.50
398:0.3134:Oakland University, MI:0.28:0.15:0.45:0.16:0.16:0.90:0.88:0.05:0.53:0.13:0.34
399:0.3123:SUNY College at Potsdam, NY:0.24:0.27:0.28:0.16:0.16:0.75:0.71:0.07:0.59:0.17:0.36
400:0.3121:Wilson College, PA:0.18:0.22:0.35:0.16:0.16:0.76:0.67:0.12:0.67:0.43:0.25
401:0.3119:North Dakota State University, ND:0.28:0.23:0.70:0.13:0.13:0.83:0.79:0.06:0.42:0.24:0.31
402:0.3108:Point Loma Nazarene College, CA:0.14:0.15:0.62:0.20:0.20:0.71:0.71:0.06:0.54:0.19:0.46
403:0.3104:Geneva College, PA:0.11:0.20:0.44:0.19:0.19:0.67:0.67:0.05:0.74:0.26:0.34
404:0.3097:Warren Wilson College, NC:0.20:0.29:0.36:0.25:0.25:0.75:0.65:0.09:0.63:0.20:0.00
405:0.3096:University of North Carolina at Greensboro, NC:0.38:0.20:0.36:0.15:0.15:0.94:0.75:0.06:0.53:0.17:0.24
406:0.3096:Fort Lewis College, CO:0.16:0.18:0.40:0.16:0.16:0.97:0.89:0.05:0.46:0.06:0.44
407:0.3095:Texas Wesleyan University, TX:0.20:0.15:0.56:0.19:0.19:0.83:0.80:0.07:0.43:0.10:0.44
408:0.3092:University of Arkansas at Fayetteville, AR:0.31:0.04:0.69:0.25:0.25:0.89:0.73:0.07:0.39:0.10:0.39
409:0.3091:St. John's College, MD:0.23:0.14:0.44:0.31:0.31:0.72:0.63:0.14:0.64:0.26:0.00
410:0.3089:Jersey City State College, NJ:0.29:0.52:0.49:0.10:0.10:0.67:0.63:0.07:0.26:0.10:0.34
411:0.3083:Tabor College, KS:0.16:0.29:0.60:0.19:0.19:0.70:0.55:0.10:0.53:0.15:0.33
412:0.3081:Pembroke State University, NC:0.41:0.18:0.57:0.14:0.14:0.77:0.77:0.07:0.48:0.05:0.34
413:0.3081:Belmont University, TN:0.18:0.20:0.49:0.28:0.28:0.61:0.61:0.09:0.49:0.19:0.28
414:0.3076:Saint Peter's College, NJ:0.13:0.12:0.38:0.23:0.23:0.78:0.78:0.08:0.53:0.22:0.39
415:0.3074:Saint Vincent College, PA:0.16:0.15:0.47:0.19:0.19:0.64:0.62:0.08:0.88:0.31:0.22
416:0.3074:Eastern Connecticut State University, CT:0.21:0.31:0.38:0.14:0.14:0.76:0.71:0.06:0.50:0.14:0.37
417:0.3070:Merrimack College, MA:0.11:0.22:0.33:0.18:0.18:0.75:0.73:0.06:0.80:0.22:0.19
418:0.3069:Walsh University, OH:0.09:0.18:0.54:0.27:0.27:0.58:0.42:0.09:0.68:0.33:0.35
419:0.3067:Clarke College, IA:0.15:0.26:0.49:0.14:0.14:0.71:0.67:0.09:0.74:0.27:0.20
420:0.3066:Northern Illinois University, IL:0.22:0.33:0.33:0.12:0.12:0.78:0.73:0.06:0.56:0.11:0.33
421:0.3064:Central Washington University, WA:0.29:0.28:0.50:0.08:0.08:0.89:0.67:0.06:0.51:0.00:0.51
422:0.3057:Manchester College, IN:0.14:0.20:0.30:0.23:0.23:0.72:0.63:0.08:0.64:0.20:0.32
423:0.3054:SUNY College at Purchase, NY:0.28:0.40:0.31:0.05:0.05:1.00:0.80:0.07:0.46:0.08:0.25
424:0.3053:Seton Hall University, NJ:0.14:0.22:0.28:0.16:0.16:0.84:0.81:0.07:0.64:0.15:0.30
425:0.3052:Florida Southern College, FL:0.12:0.25:0.36:0.20:0.20:0.74:0.65:0.06:0.68:0.10:0.31
426:0.3046:Peru State College, NE:0.30:0.29:0.91:0.10:0.10:1.00:0.48:0.05:0.44:0.24:0.28
427:0.3045:Chapman University, CA:0.15:0.20:0.46:0.23:0.23:0.80:0.72:0.08:0.47:0.06:0.34
428:0.3044:Loyola University, LA:0.15:0.10:0.42:0.24:0.24:0.88:0.77:0.09:0.53:0.14:0.32
429:0.3042:University of Missouri at Saint Louis, MO:0.17:0.29:0.42:0.18:0.18:0.73:0.71:0.07:0.48:0.15:0.28
430:0.3042:Southeast Missouri State University, MO:0.23:0.18:0.75:0.18:0.18:0.76:0.75:0.06:0.45:0.08:0.31
431:0.3039:Seton Hill College, PA:0.17:0.15:0.25:0.24:0.24:0.71:0.71:0.09:0.71:0.37:0.12
432:0.3039:Carson-Newman College, TN:0.16:0.13:0.49:0.27:0.27:0.62:0.61:0.07:0.67:0.16:0.27
433:0.3038:Lambuth University, TN:0.15:0.35:0.42:0.15:0.15:0.61:0.61:0.06:0.60:0.10:0.36
434:0.3038:College of St. Scholastica, MN:0.16:0.11:0.47:0.29:0.29:0.76:0.54:0.09:0.72:0.33:0.12
435:0.3037:Guilford College, NC:0.12:0.12:0.31:0.18:0.18:0.86:0.78:0.06:0.65:0.30:0.36
436:0.3034:Longwood College, VA:0.15:0.32:0.39:0.12:0.12:0.80:0.74:0.05:0.62:0.23:0.22
437:0.3030:Saint Mary-of-the-Woods College, IN:0.18:0.13:0.68:0.23:0.23:0.58:0.44:0.10:0.75:0.37:0.25
438:0.3026:Saint Joseph's College, IN:0.11:0.26:0.33:0.24:0.24:0.60:0.55:0.07:0.67:0.19:0.29
439:0.3024:Xavier University of Louisiana, LA:0.22:0.09:0.36:0.34:0.34:0.75:0.67:0.07:0.49:0.20:0.18
440:0.3021:Thiel College, PA:0.14:0.18:0.27:0.15:0.15:0.76:0.68:0.09:0.60:0.16:0.57
441:0.3021:Spalding University, KY:0.16:0.29:0.48:0.10:0.10:0.56:0.50:0.09:0.89:0.40:0.23
442:0.3007:Westfield State College, MA:0.14:0.31:0.38:0.03:0.03:0.79:0.75:0.06:0.65:0.20:0.47
443:0.3002:Barry University, FL:0.13:0.21:0.36:0.18:0.18:0.78:0.76:0.08:0.72:0.11:0.18
444:0.3001:Saint Francis College, PA:0.10:0.21:0.34:0.21:0.21:0.64:0.64:0.05:0.69:0.24:0.30
445:0.2997:Baker University, KS:0.10:0.20:0.43:0.21:0.21:0.68:0.58:0.09:0.65:0.21:0.35
446:0.2996:Marymount Manhattan College, NY:0.17:0.23:0.45:0.21:0.21:0.76:0.63:0.09:0.68:0.20:0.08
447:0.2994:Lock Haven University of Pennsylvania, PA:0.29:0.38:0.29:0.17:0.17:0.55:0.47:0.06:0.63:0.14:0.23
448:0.2993:Tusculum College, TN:0.10:0.41:0.39:0.12:0.12:0.70:0.70:0.05:0.52:0.28:0.22
449:0.2993:LeTourneau University, TX:0.12:0.13:0.49:0.29:0.29:0.70:0.58:0.05:0.56:0.23:0.30
450:0.2993:Eastern Illinois University, IL:0.26:0.24:0.37:0.12:0.12:0.71:0.62:0.06:0.76:0.05:0.34
451:0.2992:Marist College, NY:0.12:0.33:0.26:0.12:0.12:0.81:0.74:0.06:0.69:0.34:0.11
452:0.2992:Bethel College, KS:0.18:0.09:0.66:0.19:0.19:0.80:0.61:0.11:0.56:0.32:0.33
453:0.2986:Our Lady of the Lake University, TX:0.14:0.42:0.22:0.22:0.22:0.64:0.56:0.07:0.37:0.25:0.24
454:0.2983:Northern Arizona University, AZ:0.24:0.16:0.40:0.23:0.23:0.83:0.78:0.05:0.41:0.07:0.28
455:0.2983:Albertus Magnus College, CT:0.11:0.04:0.30:0.17:0.17:0.93:0.90:0.09:0.63:0.26:0.38
456:0.2978:Missouri Southern State College, MO:0.26:0.16:0.69:0.13:0.13:0.54:0.52:0.05:1.00:0.09:0.22
457:0.2977:Grand Valley State University, MI:0.21:0.25:0.40:0.20:0.20:0.66:0.64:0.05:0.57:0.09:0.28
458:0.2975:Monmouth College, NJ:0.13:0.31:0.25:0.14:0.14:0.85:0.70:0.07:0.54:0.15:0.33
459:0.2970:Wingate College, NC:0.16:0.18:0.38:0.10:0.10:0.81:0.69:0.07:0.91:0.08:0.29
460:0.2965:Franciscan University of Steubenville, OH:0.10:0.18:0.50:0.22:0.22:0.69:0.57:0.07:0.83:0.08:0.18
461:0.2964:University of South Carolina at Aiken, SC:0.22:0.34:0.67:0.14:0.14:0.62:0.62:0.07:0.48:0.03:0.26
462:0.2958:Moorhead State University, MN:0.24:0.11:0.55:0.12:0.12:0.81:0.76:0.06:0.60:0.19:0.38
463:0.2951:Saint Xavier University, IL:0.16:0.18:0.46:0.15:0.15:1.00:0.87:0.07:0.55:0.15:0.14
464:0.2951:Cedarville College, OH:0.15:0.17:0.57:0.25:0.25:0.52:0.50:0.07:0.64:0.34:0.24
465:0.2949:Northeastern University, MA:0.10:0.29:0.30:0.16:0.16:0.82:0.73:0.08:0.46:0.17:0.32
466:0.2948:Marshall University, WV:0.26:0.13:0.55:0.14:0.14:0.86:0.77:0.06:0.50:0.10:0.36
467:0.2947:Alverno College, WI:0.16:0.37:0.50:0.23:0.23:0.69:0.36:0.09:0.55:0.26:0.08
468:0.2944:Westminster College of Salt Lake City, UT:0.13:0.21:0.30:0.21:0.21:0.83:0.68:0.10:0.50:0.34:0.19
469:0.2942:Western Carolina University, NC:0.46:0.22:0.42:0.11:0.11:0.78:0.67:0.07:0.55:0.09:0.22
470:0.2936:Shorter College, GA:0.17:0.18:0.37:0.23:0.23:0.65:0.62:0.08:0.58:0.18:0.29
471:0.2933:Westminster College, MO:0.13:0.16:0.33:0.20:0.20:0.70:0.66:0.08:0.62:0.20:0.34
472:0.2931:Sacred Heart University, CT:0.10:0.18:0.27:0.19:0.19:0.73:0.71:0.07:0.82:0.16:0.17
473:0.2929:Illinois State University, IL:0.17:0.23:0.36:0.10:0.10:0.84:0.77:0.05:0.54:0.16:0.40
474:0.2927:Texas Lutheran College, TX:0.15:0.15:0.51:0.27:0.27:0.58:0.54:0.07:0.50:0.24:0.33
475:0.2926:Southwest Missouri State University, MO:0.22:0.14:0.61:0.15:0.15:0.75:0.70:0.05:0.56:0.11:0.37
476:0.2924:Webster University, MO:0.14:0.31:0.49:0.17:0.17:0.68:0.68:0.05:0.48:0.14:0.24
477:0.2923:Hardin-Simmons University, TX:0.17:0.09:0.83:0.16:0.16:0.79:0.75:0.07:0.38:0.10:0.46
478:0.2915:Trinity College, VT:0.17:0.17:0.49:0.16:0.16:0.78:0.58:0.10:0.78:0.26:0.15
479:0.2912:Montana State University, MT:0.24:0.19:0.63:0.15:0.15:0.83:0.75:0.06:0.37:0.08:0.33
480:0.2910:SUNY College at Buffalo, NY:0.31:0.34:0.29:0.08:0.08:0.78:0.71:0.05:0.42:0.12:0.34
481:0.2904:Southwest State University, MN:0.30:0.10:0.54:0.13:0.13:0.75:0.58:0.06:0.51:0.31:0.49
482:0.2903:Saint Cloud State University, MN:0.20:0.17:0.58:0.10:0.10:0.75:0.70:0.05:0.58:0.10:0.45
483:0.2892:Northwest Nazarene College, ID:0.12:0.17:0.75:0.29:0.29:0.59:0.59:0.07:0.58:0.20:0.00
484:0.2892:Doane College, NE:0.14:0.11:0.34:0.20:0.20:0.72:0.67:0.07:0.60:0.42:0.30
485:0.2883:Kentucky Wesleyan College, KY:0.14:0.15:0.35:0.20:0.20:0.65:0.57:0.09:0.62:0.32:0.33
486:0.2882:D'Youville College, NY:0.12:0.29:0.25:0.18:0.18:0.68:0.68:0.07:0.46:0.42:0.20
487:0.2881:Rockhurst College, MO:0.13:0.08:0.40:0.22:0.22:0.79:0.60:0.09:0.79:0.21:0.17
488:0.2881:Marywood College, PA:0.16:0.22:0.38:0.13:0.13:0.76:0.65:0.08:0.66:0.30:0.21
489:0.2878:Augustana College, SD:0.11:0.05:0.42:0.21:0.21:0.70:0.66:0.10:0.69:0.30:0.31
490:0.2877:Southern Illinois University at Edwardsville, IL:0.33:0.14:0.45:0.13:0.13:0.81:0.76:0.06:0.43:0.08:0.40
491:0.2873:Wilkes University, PA:0.13:0.12:0.30:0.15:0.15:0.92:0.78:0.08:0.67:0.24:0.22
492:0.2873:Bemidji State University, MN:0.14:0.27:0.62:0.12:0.12:0.62:0.57:0.05:0.46:0.16:0.47
493:0.2871:South Dakota State University, SD:0.24:0.08:0.66:0.13:0.13:0.65:0.62:0.07:0.67:0.29:0.36
494:0.2871:Anderson University, IN:0.15:0.25:0.47:0.19:0.19:0.61:0.48:0.08:0.59:0.14:0.31
495:0.2869:Saint John's College, NM:0.18:0.14:0.51:0.20:0.20:0.89:0.73:0.10:0.61:0.20:0.00
496:0.2865:St. Thomas Aquinas College, NY:0.10:0.29:0.35:0.10:0.10:0.73:0.69:0.06:0.67:0.13:0.29
497:0.2859:University of Northern Colorado, CO:0.23:0.28:0.42:0.12:0.12:0.75:0.75:0.05:0.40:0.08:0.32
498:0.2855:University of Mobile, AL:0.13:0.27:0.81:0.17:0.17:0.63:0.59:0.06:0.52:0.04:0.20
499:0.2853:Viterbo College, WI:0.16:0.20:0.52:0.17:0.17:0.65:0.51:0.09:0.73:0.31:0.14
500:0.2852:Mercyhurst College, PA:0.13:0.31:0.37:0.15:0.15:0.63:0.45:0.06:0.78:0.29:0.15
501:0.2845:Schreiner College, TX:0.15:0.29:0.32:0.19:0.19:0.56:0.51:0.08:0.52:0.23:0.30
502:0.2843:Iona College, NY:0.11:0.28:0.26:0.13:0.13:0.83:0.66:0.06:0.66:0.14:0.22
503:0.2829:Green Mountain College, VT:0.10:0.19:0.32:0.07:0.07:0.83:0.77:0.07:0.76:0.24:0.26
504:0.2827:Cumberland College, KY:0.26:0.21:0.50:0.26:0.26:0.44:0.42:0.08:0.63:0.04:0.18
505:0.2827:Augsburg College, MN:0.12:0.23:0.50:0.12:0.12:0.65:0.65:0.08:0.58:0.31:0.28
506:0.2810:Central Connecticut State University, CT:0.16:0.39:0.36:0.06:0.06:0.73:0.69:0.06:0.49:0.04:0.30
507:0.2808:College of Mount St. Joseph, OH:0.12:0.22:0.38:0.14:0.14:0.46:0.46:0.09:1.00:0.35:0.10
508:0.2799:Georgian Court College, NJ:0.15:0.19:0.45:0.12:0.12:0.59:0.56:0.08:0.76:0.27:0.27
509:0.2798:Keene State College, NH:0.23:0.22:0.34:0.05:0.05:0.73:0.73:0.06:0.61:0.13:0.41
510:0.2796:Belmont Abbey College, NC:0.11:0.22:0.26:0.17:0.17:0.85:0.78:0.08:0.52:0.10:0.17
511:0.2791:Mankato State University, MN:0.26:0.13:0.58:0.09:0.09:0.68:0.57:0.05:0.68:0.11:0.43
512:0.2788:Saint Mary's College of Minnesota, MN:0.07:0.08:0.46:0.14:0.14:0.74:0.68:0.05:0.78:0.19:0.35
513:0.2786:Gannon University, PA:0.12:0.23:0.36:0.24:0.24:0.51:0.47:0.08:0.65:0.18:0.19
514:0.2785:North Adams State College, MA:0.24:0.36:0.24:0.01:0.01:0.71:0.65:0.07:0.57:0.17:0.37
515:0.2785:Cabrini College, PA:0.10:0.18:0.45:0.08:0.08:0.76:0.59:0.06:0.71:0.36:0.37
516:0.2780:Keuka College, NY:0.14:0.17:0.46:0.10:0.10:0.94:0.55:0.08:0.51:0.43:0.36
517:0.2775:Elon College, NC:0.10:0.23:0.31:0.11:0.11:0.74:0.70:0.05:0.63:0.34:0.22
518:0.2762:Eastern College, PA:0.13:0.19:0.45:0.16:0.16:0.60:0.60:0.07:0.54:0.22:0.33
519:0.2753:University of Indianapolis, IN:0.10:0.14:0.30:0.26:0.26:0.56:0.55:0.09:0.69:0.23:0.13
520:0.2752:Newberry College, SC:0.09:0.17:0.21:0.14:0.14:0.63:0.57:0.09:0.83:0.32:0.24
521:0.2750:University of Charleston, WV:0.16:0.22:0.38:0.22:0.22:0.58:0.26:0.40:0.57:0.10:0.15
522:0.2733:Graceland College, IA:0.10:0.25:0.58:0.14:0.14:0.61:0.51:0.04:0.47:0.24:0.37
523:0.2731:Philadelphia Coll. of Textiles and Sci., PA:0.11:0.18:0.37:0.19:0.19:0.80:0.48:0.08:0.68:0.15:0.20
524:0.2726:Huntington College, IN:0.19:0.04:0.29:0.20:0.20:0.76:0.76:0.08:0.47:0.25:0.29
525:0.2715:Central Wesleyan College, SC:0.04:0.16:0.60:0.08:0.08:0.62:0.62:0.07:0.58:0.18:0.56
526:0.2704:Huntingdon College, AL:0.17:0.14:0.24:0.26:0.26:0.72:0.63:0.09:0.44:0.09:0.18
527:0.2702:McPherson College, KS:0.21:0.30:0.32:0.11:0.11:0.54:0.54:0.10:0.48:0.45:0.19
528:0.2702:Dowling College, NY:0.27:0.18:0.49:0.09:0.09:0.78:0.77:0.08:0.42:0.07:0.27
529:0.2696:Hastings College, NE:0.13:0.13:0.37:0.22:0.22:0.63:0.57:0.08:0.52:0.17:0.29
530:0.2687:Immaculata College, PA:0.11:0.06:0.41:0.16:0.16:0.64:0.56:0.09:0.69:0.33:0.36
531:0.2675:Phillips University, OK:0.17:0.17:0.30:0.19:0.19:0.64:0.58:0.09:0.39:0.19:0.38
532:0.2672:George Fox College, OR:0.10:0.10:0.40:0.27:0.27:0.53:0.53:0.07:0.52:0.22:0.26
533:0.2665:Western New England College, MA:0.13:0.11:0.28:0.07:0.07:0.97:0.74:0.06:0.59:0.15:0.41
534:0.2662:Saint Ambrose University, IA:0.12:0.20:0.38:0.12:0.12:0.56:0.56:0.07:0.70:0.16:0.30
535:0.2647:University of Sci. and Arts of Oklahoma, OK:0.22:0.02:0.74:0.21:0.21:0.77:0.67:0.04:0.43:0.03:0.25
536:0.2645:Ursuline College, OH:0.13:0.20:0.33:0.21:0.21:0.69:0.39:0.10:0.68:0.15:0.13
537:0.2644:Judson College, IL:0.13:0.27:0.60:0.10:0.10:0.55:0.34:0.09:0.56:0.30:0.34
538:0.2642:Oklahoma Christian University, OK:0.16:0.01:0.46:0.22:0.22:0.64:0.58:0.06:0.45:0.08:0.51
539:0.2640:University of Hartford, CT:0.13:0.20:0.30:0.11:0.11:0.76:0.61:0.09:0.66:0.09:0.23
540:0.2636:Wesley College, DE:0.09:0.18:0.43:0.10:0.10:0.57:0.52:0.07:0.84:0.15:0.29
541:0.2617:Lander University, SC:0.24:0.13:0.51:0.09:0.09:0.77:0.67:0.06:0.51:0.11:0.30
542:0.2611:Lakeland College, WI:0.04:0.09:0.51:0.24:0.24:0.65:0.49:0.06:0.57:0.25:0.24
543:0.2598:Waynesburg College, PA:0.13:0.18:0.33:0.12:0.12:0.58:0.57:0.06:0.63:0.26:0.30
544:0.2589:Bradford College, MA:0.24:0.26:0.46:0.05:0.05:0.80:0.57:0.10:0.46:0.21:0.22
545:0.2588:Alaska Pacific University, AK:0.27:0.24:0.38:0.16:0.16:0.72:0.76:0.08:0.15:0.02:0.19
546:0.2570:Morningside College, IA:0.15:0.09:0.45:0.16:0.16:0.68:0.48:0.08:0.56:0.32:0.30
547:0.2566:Worcester State College, MA:0.13:0.31:0.36:0.04:0.04:0.60:0.60:0.05:0.40:0.14:0.48
548:0.2565:University of Dubuque, IA:0.17:0.03:0.25:0.11:0.11:0.98:0.85:0.06:0.45:0.18:0.33
549:0.2562:Fayetteville State University, NC:0.54:0.27:0.42:0.01:0.01:0.75:0.75:0.07:0.24:0.10:0.14
550:0.2560:Lamar University, TX:0.32:0.26:0.60:0.10:0.10:0.82:0.48:0.05:0.26:0.12:0.24
551:0.2560:Gardner Webb University, NC:0.10:0.16:0.36:0.18:0.18:0.58:0.65:0.07:0.29:0.12:0.45
552:0.2556:University of Maine at Machias, ME:0.27:0.16:0.47:0.17:0.17:0.46:0.46:0.07:0.64:0.04:0.18
553:0.2555:Tri-State University, IN:0.14:0.13:0.25:0.14:0.14:0.53:0.53:0.08:0.65:0.24:0.36
554:0.2555:Greensboro College, NC:0.17:0.19:0.36:0.10:0.10:0.80:0.64:0.08:0.39:0.31:0.25
555:0.2542:Rivier College, NH:0.10:0.20:0.37:0.06:0.06:0.59:0.59:0.08:0.81:0.19:0.18
556:0.2537:Delta State University, MS:0.31:0.02:0.49:0.15:0.15:0.63:0.49:0.06:0.58:0.16:0.34
557:0.2535:Pikeville College, KY:0.17:0.01:0.42:0.28:0.28:0.57:0.48:0.07:0.61:0.14:0.16
558:0.2532:North Carolina Wesleyan College, NC:0.23:0.15:0.28:0.07:0.07:0.77:0.77:0.08:0.52:0.11:0.22
559:0.2531:University of Maine at Presque Isle, ME:0.26:0.17:0.62:0.10:0.10:0.67:0.67:0.07:0.35:0.11:0.22
560:0.2529:Saint Joseph's College, ME:0.04:0.18:0.32:0.12:0.12:0.89:0.53:0.04:0.85:0.08:0.09
561:0.2529:Point Park College, PA:0.13:0.15:0.28:0.07:0.07:0.90:0.45:0.07:0.66:0.10:0.45
562:0.2526:Mount Mercy College, IA:0.10:0.14:0.50:0.20:0.20:0.50:0.44:0.09:0.64:0.30:0.11
563:0.2512:Johnson State College, VT:0.22:0.20:0.42:0.03:0.03:0.91:0.80:0.07:0.36:0.15:0.21
564:0.2512:Bethany College, KS:0.16:0.07:0.25:0.16:0.16:0.68:0.62:0.09:0.48:0.29:0.31
565:0.2498:Lynchburg College, VA:0.13:0.15:0.24:0.03:0.03:0.66:0.62:0.08:0.70:0.24:0.39
566:0.2486:Averett College, VA:0.10:0.11:0.31:0.16:0.16:0.67:0.59:0.04:0.48:0.11:0.40
567:0.2483:Malone College, OH:0.06:0.13:0.56:0.21:0.21:0.45:0.42:0.06:0.55:0.16:0.29
568:0.2467:Briar Cliff College, IA:0.15:0.10:0.44:0.16:0.16:0.66:0.39:0.08:0.58:0.26:0.27
569:0.2449:Kansas Wesleyan University, KS:0.14:0.02:0.26:0.16:0.16:0.55:0.63:0.08:0.68:0.14:0.29
570:0.2444:East Texas Baptist University, TX:0.17:0.10:0.78:0.10:0.10:0.62:0.62:0.06:0.38:0.07:0.35
571:0.2441:Christopher Newport University, VA:0.12:0.13:0.56:0.03:0.03:0.82:0.80:0.05:0.48:0.16:0.23
572:0.2417:La Roche College, PA:0.12:0.11:0.58:0.10:0.10:0.73:0.57:0.07:0.52:0.14:0.25
573:0.2417:Center for Creative Studies, MI:0.20:0.34:0.51:0.01:0.01:0.58:0.08:0.15:0.47:0.04:0.60
574:0.2405:Benedictine College, KS:0.11:0.02:0.36:0.14:0.14:0.84:0.64:0.07:0.58:0.18:0.22
575:0.2386:Mayville State University, ND:0.37:0.00:0.66:0.05:0.05:0.68:0.68:0.06:0.51:0.11:0.24
576:0.2378:Northwest Missouri State University, MO:0.25:0.07:0.50:0.08:0.08:0.65:0.62:0.05:0.54:0.23:0.21
577:0.2372:Saint Francis College, IN:0.16:0.22:0.51:0.13:0.13:0.78:0.43:0.08:0.48:0.04:0.08
578:0.2365:Spring Arbor College, MI:0.29:0.03:0.50:0.15:0.15:0.48:0.48:0.06:0.49:0.09:0.35
579:0.2348:University of Southern Colorado, CO:0.17:0.12:0.49:0.10:0.10:0.88:0.63:0.05:0.36:0.00:0.28
580:0.2344:William Woods University, MO:0.09:0.07:0.52:0.17:0.17:0.66:0.39:0.08:0.52:0.16:0.29
581:0.2344:Wayne State College, NE:0.23:0.00:0.53:0.06:0.06:0.68:0.60:0.05:0.52:0.29:0.37
582:0.2338:Alderson-Broaddus College, WV:0.17:0.14:0.35:0.21:0.21:0.41:0.40:0.09:0.52:0.15:0.14
583:0.2310:Marian College of Fond du Lac, WI:0.09:0.19:0.50:0.15:0.15:0.37:0.37:0.12:0.59:0.21:0.13
584:0.2283:Dickinson State University, ND:0.23:0.05:0.77:0.10:0.10:0.64:0.50:0.06:0.46:0.28:0.13
585:0.2282:Morris College, SC:0.23:0.17:0.45:0.02:0.02:0.60:0.53:0.05:0.60:0.34:0.11
586:0.2267:Embry Riddle Aeronautical University, FL:0.30:0.18:0.37:0.14:0.14:0.43:0.37:0.06:0.44:0.04:0.23
587:0.2256:Arkansas Tech University, AR:0.28:0.00:0.55:0.12:0.12:0.60:0.57:0.05:0.48:0.05:0.24
588:0.2247:Husson College, ME:0.08:0.10:0.55:0.10:0.10:0.44:0.36:0.05:0.84:0.04:0.24
589:0.2226:Lyndon State College, VT:0.25:0.06:0.44:0.06:0.06:0.65:0.48:0.08:0.51:0.15:0.32
590:0.2204:University of Southern Indiana, IN:0.18:0.10:0.61:0.08:0.08:0.65:0.56:0.05:0.38:0.21:0.19
591:0.2204:Prairie View A. and M. University, TX:0.29:0.07:0.47:0.10:0.10:0.93:0.55:0.05:0.35:0.01:0.15
592:0.2199:Dana College, NE:0.18:0.04:0.38:0.10:0.10:0.51:0.46:0.08:0.54:0.25:0.31
593:0.2189:Mesa State College, CO:0.13:0.08:0.61:0.06:0.06:0.48:0.48:0.03:0.59:0.12:0.34
594:0.2176:Tiffin University, OH:0.09:0.13:0.35:0.05:0.05:0.74:0.59:0.05:0.39:0.40:0.22
595:0.2149:Virginia Union University, VA:0.14:0.13:0.28:0.19:0.19:0.67:0.51:0.07:0.30:0.08:0.10
596:0.2113:St. Paul's College, VA:0.29:0.11:0.42:0.08:0.08:0.45:0.45:0.07:0.45:0.08:0.24
597:0.2103:Virginia State University, VA:0.20:0.19:0.29:0.02:0.02:0.63:0.61:0.06:0.31:0.11:0.29
598:0.2049:Notre Dame College, NH:0.06:0.15:0.33:0.15:0.15:0.47:0.44:0.08:0.33:0.26:0.18
599:0.2005:MidAmerica Nazarene College, KS:0.07:0.00:0.68:0.15:0.15:0.33:0.33:0.06:0.49:0.20:0.30
600:0.1981:Franklin Pierce College, NH:0.07:0.14:0.10:0.03:0.03:0.56:0.50:0.06:0.51:0.16:0.37
601:0.1979:Centenary College, NJ:0.15:0.15:0.29:0.12:0.12:0.85:0.41:0.11:0.24:0.20:0.03
602:0.1949:Roger Williams University, RI:0.10:0.15:0.24:0.10:0.10:0.54:0.44:0.06:0.61:0.08:0.00
603:0.1949:Capitol College, MD:0.18:0.10:0.39:0.10:0.10:0.50:0.10:0.08:0.52:0.24:0.29
604:0.1947:St. Martin's College, WA:0.16:0.14:0.38:0.05:0.05:0.77:0.43:0.07:0.40:0.08:0.14
605:0.1945:Valley City State University, ND:0.24:0.07:0.62:0.05:0.05:0.41:0.39:0.07:0.40:0.25:0.22
606:0.1771:Missouri Valley College, MO:0.05:0.25:0.32:0.05:0.05:0.67:0.35:0.06:0.27:0.16:0.09
607:0.1752:Mount Saint Clare College, IA:0.11:0.13:0.33:0.16:0.16:0.37:0.32:0.07:0.21:0.43:0.00
608:0.1749:Barber Scotia College, NC:0.12:0.00:0.51:0.06:0.06:0.50:0.50:0.07:0.34:0.08:0.25
609:0.1660:Dominican College of Blauvelt, NY:0.07:0.09:0.33:0.04:0.04:0.43:0.43:0.08:0.54:0.05:0.10
