1:0.6520:California Institute of Technology, CA:1.00:0.74:0.41:0.98:0.98:1.00:1.00:0.15:0.83:0.36:0.67
2:0.6377:Harvard University, MA:0.51:0.84:0.74:0.90:0.90:0.97:0.97:0.10:1.00:0.52:0.56
3:0.6130:Dartmouth College, NH:0.41:0.74:0.48:0.87:0.87:0.99:0.95:0.21:0.98:0.49:0.44
4:0.6124:Princeton University, NJ:0.37:0.85:0.56:0.90:0.90:0.96:0.91:0.12:0.99:0.54:0.57
5:0.6011:Duke University, NC:0.38:0.72:0.41:0.90:0.90:0.96:0.95:0.20:0.97:0.44:0.53
6:0.5816:Massachusetts Institute of Technology, MA:0.44:0.67:0.50:0.96:0.96:0.99:0.99:0.10:0.94:0.35:0.59
7:0.5808:Rice University, TX:0.50:0.81:0.42:0.87:0.87:1.00:0.91:0.12:0.91:0.39:0.53
8:0.5776:Stanford University, CA:0.46:0.78:0.55:0.88:0.88:0.99:0.98:0.10:0.96:0.25:0.64
9:0.5767:Amherst College, MA:0.27:0.77:0.42:0.83:0.83:0.98:0.93:0.12:1.00:0.63:0.57
10:0.5636:University of Pennsylvania, PA:0.33:0.58:0.47:0.85:0.85:0.96:0.95:0.16:0.93:0.38:0.54
11:0.5612:Brown University, RI:0.25:0.74:0.45:0.87:0.87:1.00:0.99:0.13:0.97:0.39:0.56
12:0.5535:Columbia University, NY:0.44:0.71:0.45:0.78:0.78:0.98:0.97:0.17:0.99:0.21:0.52
13:0.5492:University of Chicago, IL:0.52:0.53:0.31:0.68:0.68:0.99:0.99:0.19:0.90:0.36:0.58
14:0.5487:Harvey Mudd College, CA:0.29:0.58:0.31:0.95:0.95:1.00:1.00:0.12:1.00:0.46:0.50
15:0.5470:Williams College, MA:0.28:0.70:0.42:0.81:0.81:0.99:0.94:0.11:0.99:0.64:0.36
16:0.5465:University of North Carolina at Chapel Hill, NC:0.89:0.59:0.56:0.75:0.75:0.93:0.88:0.11:0.83:0.23:0.45
17:0.5324:Swarthmore College, PA:0.31:0.61:0.33:0.81:0.81:0.97:0.93:0.11:0.95:0.58:0.42
18:0.5270:Wellesley College, MA:0.29:0.57:0.46:0.80:0.80:0.98:0.94:0.09:0.91:0.51:0.44
19:0.5243:University of Virginia, VA:0.55:0.66:0.50:0.74:0.74:0.92:0.90:0.11:0.95:0.22:0.46
20:0.5171:Emory University, GA:0.43:0.51:0.30:0.76:0.76:0.98:0.97:0.20:0.96:0.28:0.37
21:0.5123:Washington and Lee University, VA:0.27:0.67:0.39:0.68:0.68:0.96:0.81:0.10:0.90:0.45:0.61
22:0.5123:Davidson College, NC:0.25:0.60:0.47:0.77:0.77:0.97:0.95:0.08:0.94:0.46:0.46
23:0.5109:Cornell University, NY:0.30:0.63:0.46:0.81:0.81:0.91:0.91:0.14:0.93:0.22:0.45
24:0.5102:Pomona College, CA:0.27:0.63:0.35:0.80:0.80:0.98:0.94:0.11:0.91:0.47:0.37
25:0.5067:Claremont McKenna College, CA:0.26:0.59:0.30:0.71:0.71:0.99:0.99:0.10:0.87:0.52:0.54
26:0.5059:Bowdoin College, ME:0.25:0.70:0.41:0.76:0.76:0.96:0.93:0.09:0.96:0.52:0.33
27:0.5049:Washington University, MO:0.70:0.31:0.24:0.62:0.62:0.98:0.91:0.26:0.90:0.31:0.43
28:0.4976:Georgetown University, DC:0.24:0.74:0.48:0.71:0.71:0.92:0.91:0.14:0.95:0.27:0.36
29:0.4915:University of Notre Dame, IN:0.19:0.52:0.52:0.79:0.79:0.92:0.96:0.08:0.97:0.46:0.43
30:0.4881:Haverford College, PA:0.20:0.56:0.31:0.76:0.76:0.99:0.94:0.09:0.95:0.51:0.42
31:0.4824:Bryn Mawr College, PA:0.21:0.45:0.39:0.71:0.71:1.00:1.00:0.08:0.89:0.49:0.50
32:0.4814:Georgia Institute of Technology, GA:0.50:0.42:0.50:0.89:0.89:0.92:0.92:0.05:0.70:0.33:0.38
33:0.4803:Carleton College, MN:0.25:0.41:0.31:0.75:0.75:0.93:0.81:0.10:0.91:0.60:0.44
34:0.4792:Vanderbilt University, TN:0.32:0.40:0.32:0.71:0.71:0.98:0.93:0.17:0.83:0.26:0.44
35:0.4732:College of William and Mary, VA:0.34:0.56:0.39:0.68:0.68:0.92:0.89:0.08:0.93:0.31:0.39
36:0.4693:University of California at Los Angeles, CA:0.50:0.53:0.34:0.93:0.93:0.99:0.97:0.08:0.77:0.09:0.55
37:0.4605:Smith College, MA:0.28:0.45:0.40:0.51:0.51:0.97:0.85:0.10:0.90:0.44:0.48
38:0.4595:University of Michigan at Ann Arbor, MI:0.48:0.32:0.38:0.66:0.66:0.98:0.90:0.09:0.87:0.26:0.43
39:0.4551:Wesleyan University, CT:0.18:0.59:0.36:0.60:0.60:0.94:0.90:0.08:0.92:0.39:0.50
40:0.4531:University of California at Berkeley, CA:0.29:0.58:0.39:0.95:0.95:0.97:0.93:0.06:0.78:0.10:0.62
41:0.4523:Case Western Reserve University, OH:0.32:0.19:0.23:0.71:0.71:0.95:0.95:0.34:0.67:0.29:0.40
42:0.4491:Rose-Hulman Institute of Technology, IN:0.24:0.45:0.21:0.73:0.73:0.91:0.91:0.07:0.97:0.42:0.50
43:0.4491:Colorado College, CO:0.21:0.51:0.31:0.56:0.56:0.97:0.85:0.09:0.84:0.51:0.47
44:0.4468:University of the South, TN:0.33:0.33:0.34:0.46:0.46:0.93:0.89:0.10:0.82:0.52:0.54
45:0.4459:University of Rochester, NY:0.37:0.37:0.23:0.56:0.56:0.99:0.93:0.17:0.80:0.23:0.50
46:0.4418:Grinnell College, IA:0.32:0.32:0.31:0.56:0.56:0.92:0.88:0.11:0.83:0.54:0.33
47:0.4384:Carnegie Mellon University, PA:0.35:0.40:0.23:0.60:0.60:0.93:0.86:0.11:0.74:0.31:0.49
48:0.4381:New York University, NY:0.27:0.47:0.35:0.70:0.70:0.98:0.87:0.13:0.71:0.16:0.43
49:0.4347:College of the Holy Cross, MA:0.13:0.44:0.39:0.70:0.70:0.96:0.92:0.09:0.95:0.55:0.24
50:0.4341:Tufts University, MA:0.23:0.53:0.33:0.60:0.60:1.00:0.99:0.10:0.92:0.22:0.37
51:0.4338:Colby College, ME:0.19:0.54:0.35:0.58:0.58:0.94:0.83:0.10:0.91:0.41:0.31
52:0.4333:Vassar College, NY:0.21:0.47:0.35:0.53:0.53:0.98:0.90:0.10:0.90:0.39:0.33
53:0.4293:Sarah Lawrence College, NY:0.16:0.44:0.34:0.57:0.57:0.93:0.89:0.16:0.83:0.18:0.57
54:0.4281:Pepperdine University, CA:0.20:0.47:0.33:0.86:0.86:0.98:0.95:0.09:0.66:0.13:0.56
55:0.4279:Scripps College, CA:0.24:0.26:0.22:0.60:0.60:1.00:0.95:0.12:0.73:0.41:0.52
56:0.4245:Colgate University, NY:0.18:0.49:0.29:0.46:0.46:0.98:0.95:0.10:0.93:0.45:0.39
57:0.4243:Union College, NY:0.18:0.51:0.31:0.49:0.49:0.96:0.94:0.09:0.88:0.49:0.35
58:0.4219:Trinity College, CT:0.23:0.41:0.27:0.46:0.46:0.96:0.91:0.10:0.91:0.48:0.39
59:0.4209:Bard College, NY:0.15:0.56:0.34:0.50:0.50:0.98:0.98:0.10:0.79:0.30:0.48
60:0.4203:Oberlin College, OH:0.19:0.42:0.25:0.50:0.50:0.96:0.77:0.10:0.83:0.47:0.51
61:0.4190:Mount Holyoke College, MA:0.22:0.27:0.40:0.47:0.47:0.91:0.79:0.11:0.84:0.51:0.38
62:0.4187:Macalester College, MN:0.21:0.49:0.30:0.56:0.56:0.91:0.85:0.08:0.77:0.37:0.38
63:0.4180:Trinity University, TX:0.28:0.25:0.33:0.62:0.62:0.96:0.94:0.10:0.93:0.20:0.44
64:0.4127:Agnes Scott College, GA:0.35:0.16:0.39:0.60:0.60:0.97:0.92:0.13:0.59:0.37:0.29
65:0.4098:Whitman College, WA:0.18:0.46:0.36:0.45:0.45:0.83:0.80:0.10:0.72:0.51:0.40
66:0.4086:Connecticut College, CT:0.17:0.49:0.28:0.42:0.42:0.95:0.86:0.09:0.91:0.40:0.45
67:0.4077:Arkansas College (Lyon College), AR:0.39:0.53:0.50:0.46:0.46:0.88:0.79:0.08:0.54:0.24:0.33
68:0.4069:University of Minnesota Twin Cities, MN:0.59:0.42:0.55:0.26:0.26:0.90:0.88:0.08:0.45:0.37:0.51
69:0.4066:Occidental College, CA:0.23:0.43:0.28:0.52:0.52:0.93:0.91:0.10:0.79:0.30:0.35
70:0.4056:Texas A&M Univ. at College Station, TX:0.41:0.27:0.61:0.49:0.49:0.91:0.89:0.04:0.69:0.29:0.42
71:0.4056:Lawrence University, WI:0.20:0.24:0.34:0.50:0.50:0.92:0.76:0.10:0.77:0.57:0.40
72:0.4050:Wabash College, IN:0.28:0.22:0.41:0.41:0.41:0.85:0.78:0.10:0.72:0.55:0.42
73:0.4045:University of California at San Diego, CA:0.38:0.41:0.22:0.95:0.95:1.00:1.00:0.07:0.66:0.06:0.55
74:0.3991:Centre College, KY:0.25:0.12:0.32:0.55:0.55:0.99:0.95:0.09:0.74:0.60:0.37
75:0.3985:Barnard College, NY:0.12:0.44:0.38:0.53:0.53:0.93:0.83:0.10:0.91:0.33:0.32
76:0.3962:SUNY at Binghamton, NY:0.31:0.57:0.28:0.60:0.60:1.00:0.83:0.06:0.80:0.15:0.37
77:0.3953:University of California at Irvine, CA:0.36:0.31:0.23:0.85:0.85:0.96:0.96:0.06:0.66:0.11:0.47
78:0.3943:Brandeis University, MA:0.20:0.34:0.27:0.48:0.48:0.97:0.90:0.10:0.84:0.24:0.47
79:0.3941:Drew University, NJ:0.18:0.27:0.20:0.56:0.56:0.97:0.93:0.10:0.83:0.28:0.56
80:0.3935:Boston College, MA:0.11:0.53:0.35:0.66:0.66:0.95:0.95:0.06:0.90:0.27:0.30
81:0.3934:Lehigh University, PA:0.17:0.33:0.25:0.40:0.40:0.99:0.96:0.08:0.91:0.43:0.52
82:0.3923:Kenyon College, OH:0.18:0.30:0.27:0.44:0.44:0.95:0.95:0.09:0.88:0.46:0.37
83:0.3919:Sweet Briar College, VA:0.31:0.13:0.36:0.36:0.36:0.99:0.91:0.15:0.61:0.48:0.43
84:0.3916:Earlham College, IN:0.24:0.26:0.27:0.35:0.35:0.94:0.90:0.09:0.78:0.46:0.56
85:0.3915:Birmingham-Southern College, AL:0.14:0.27:0.49:0.67:0.67:0.79:0.74:0.07:0.72:0.34:0.38
86:0.3904:Illinois Wesleyan University, IL:0.14:0.56:0.35:0.55:0.55:0.92:0.77:0.08:0.83:0.34:0.25
87:0.3851:Bucknell University, PA:0.16:0.42:0.23:0.49:0.49:0.97:0.95:0.07:0.93:0.36:0.35
88:0.3835:California Polytechnic-San Luis, CA:0.32:0.51:0.43:0.47:0.47:0.81:0.72:0.05:0.59:0.13:0.76
89:0.3831:St. Mary's College of Maryland, MD:0.32:0.48:0.41:0.42:0.42:0.89:0.84:0.09:0.63:0.23:0.25
90:0.3821:University of Georgia, GA:0.35:0.30:0.42:0.43:0.43:0.95:0.88:0.07:0.63:0.22:0.39
91:0.3787:Knox College, IL:0.20:0.19:0.34:0.48:0.48:0.95:0.88:0.08:0.79:0.33:0.45
92:0.3776:Harding University, AR:0.17:0.38:0.75:0.35:0.35:0.77:0.71:0.06:0.73:0.37:0.45
93:0.3770:University of Texas at Austin, TX:0.31:0.35:0.56:0.48:0.48:0.99:0.91:0.05:0.65:0.11:0.47
94:0.3761:Reed College, OR:0.19:0.27:0.23:0.47:0.47:0.90:0.90:0.08:0.68:0.37:0.48
95:0.3748:North Carolina State University at Raleigh, NC:0.36:0.34:0.45:0.39:0.39:0.98:0.92:0.06:0.62:0.21:0.37
96:0.3725:University of Illinois - Urbana, IL:0.28:0.22:0.49:0.52:0.52:0.90:0.87:0.06:0.81:0.13:0.50
97:0.3724:Goucher College, MD:0.24:0.29:0.31:0.40:0.40:0.90:0.78:0.11:0.77:0.34:0.28
98:0.3723:Stevens Institute of Technology, NJ:0.16:0.29:0.30:0.51:0.51:0.89:0.89:0.05:0.79:0.33:0.48
99:0.3708:Tulane University, LA:0.21:0.27:0.24:0.47:0.47:0.98:0.98:0.11:0.74:0.21:0.38
100:0.3701:Ursinus College, PA:0.17:0.27:0.30:0.44:0.44:0.85:0.82:0.09:0.79:0.40:0.35
101:0.3693:Florida International University, FL:0.29:0.37:0.52:0.42:0.42:0.96:0.81:0.07:0.66:0.20:0.24
102:0.3687:University of Kansas, KS:0.42:0.35:0.66:0.25:0.25:0.94:0.88:0.07:0.57:0.17:0.48
103:0.3687:Rhodes College, TN:0.19:0.20:0.21:0.58:0.58:0.96:0.90:0.09:0.77:0.47:0.21
104:0.3686:University of Minnesota at Morris, MN:0.26:0.40:0.67:0.56:0.56:0.78:0.74:0.07:0.51:0.16:0.24
105:0.3684:Willamette University, OR:0.15:0.20:0.30:0.49:0.49:0.94:0.91:0.08:0.68:0.37:0.48
106:0.3680:Saint Louis University, MO:0.26:0.13:0.33:0.44:0.44:0.94:0.84:0.22:0.67:0.19:0.34
107:0.3680:Gustavus Adolphus College, MN:0.16:0.19:0.46:0.36:0.36:0.89:0.79:0.08:0.80:0.58:0.36
108:0.3669:Furman University, SC:0.22:0.10:0.35:0.56:0.56:0.95:0.92:0.07:0.82:0.28:0.46
109:0.3667:Virginia Military Institute, VA:0.41:0.24:0.51:0.16:0.16:0.84:0.84:0.09:0.68:0.51:0.55
110:0.3666:Pitzer College, CA:0.17:0.44:0.35:0.37:0.37:1.00:1.00:0.10:0.73:0.11:0.57
111:0.3664:George Washington University, DC:0.17:0.36:0.29:0.38:0.38:0.93:0.92:0.13:0.72:0.15:0.50
112:0.3655:Pennsylvania State Univ. Main Campus, PA:0.26:0.46:0.33:0.48:0.48:0.96:0.77:0.06:0.63:0.19:0.35
113:0.3642:University of Alabama at Birmingham, AL:0.61:0.30:0.74:0.24:0.24:0.96:0.96:0.15:0.33:0.16:0.26
114:0.3641:University of Missouri at Columbia, MO:0.40:0.29:0.63:0.32:0.32:0.87:0.87:0.08:0.58:0.15:0.37
115:0.3638:SUNY at Buffalo, NY:0.45:0.36:0.32:0.36:0.36:0.97:0.90:0.07:0.56:0.15:0.41
116:0.3636:University of Miami, FL:0.23:0.24:0.31:0.42:0.42:0.94:0.82:0.17:0.59:0.17:0.38
117:0.3633:Trenton State College, NJ:0.26:0.54:0.41:0.55:0.55:0.87:0.81:0.07:0.81:0.06:0.35
118:0.3632:University of Hawaii at Manoa, HI:0.80:0.27:0.63:0.36:0.36:0.87:0.85:0.08:0.54:0.06:0.40
119:0.3622:Lafayette College, PA:0.18:0.40:0.24:0.36:0.36:0.96:0.93:0.10:0.92:0.38:0.21
120:0.3611:Austin College, TX:0.22:0.16:0.37:0.42:0.42:0.95:0.81:0.08:0.71:0.33:0.44
121:0.3599:Juniata College, PA:0.19:0.15:0.35:0.36:0.36:0.97:0.97:0.08:0.80:0.37:0.49
122:0.3581:DePauw University, IN:0.17:0.17:0.30:0.50:0.50:0.94:0.78:0.09:0.82:0.31:0.35
123:0.3580:St. Lawrence University, NY:0.18:0.34:0.28:0.31:0.31:0.94:0.90:0.09:0.85:0.38:0.33
124:0.3571:Mary Washington College, VA:0.14:0.50:0.35:0.39:0.39:0.80:0.75:0.06:0.84:0.30:0.38
125:0.3568:Lake Forest College, IL:0.22:0.35:0.42:0.31:0.31:0.94:0.91:0.09:0.77:0.19:0.32
126:0.3563:University of California at Riverside, CA:0.28:0.23:0.19:0.80:0.80:0.99:0.98:0.07:0.62:0.08:0.41
127:0.3562:Linfield College, OR:0.12:0.24:0.39:0.48:0.48:0.91:0.89:0.06:0.81:0.34:0.36
128:0.3558:Gettysburg College, PA:0.18:0.31:0.23:0.42:0.42:0.95:0.94:0.08:0.83:0.32:0.25
129:0.3556:New Jersey Institute of Technology, NJ:0.36:0.35:0.40:0.27:0.27:0.98:0.92:0.07:0.72:0.19:0.34
130:0.3553:Hiram College, OH:0.19:0.21:0.33:0.37:0.37:0.95:0.75:0.09:0.79:0.34:0.35
131:0.3546:Taylor University, IN:0.14:0.38:0.40:0.41:0.41:0.61:0.60:0.07:0.98:0.32:0.38
132:0.3544:Allegheny College, PA:0.15:0.28:0.25:0.44:0.44:0.91:0.73:0.10:0.76:0.41:0.25
133:0.3542:Marietta College, OH:0.16:0.40:0.36:0.27:0.27:0.97:0.80:0.08:0.96:0.30:0.39
134:0.3534:SUNY College at Geneseo, NY:0.22:0.47:0.25:0.56:0.56:0.84:0.79:0.05:0.76:0.25:0.20
135:0.3515:University of Tennessee at Knoxville, TN:0.34:0.28:0.56:0.27:0.27:0.92:0.86:0.06:0.53:0.22:0.47
136:0.3514:Washington and Jefferson College, PA:0.13:0.16:0.30:0.42:0.42:0.91:0.91:0.08:0.86:0.40:0.38
137:0.3510:Ripon College, WI:0.19:0.15:0.42:0.28:0.28:0.90:0.87:0.11:0.64:0.49:0.41
138:0.3498:Kalamazoo College, MI:0.18:0.10:0.31:0.55:0.55:0.89:0.75:0.08:0.74:0.36:0.39
139:0.3494:University of California at Santa Cruz, CA:0.22:0.20:0.20:0.94:0.94:1.00:0.94:0.05:0.59:0.10:0.45
140:0.3490:Hendrix College, AR:0.20:0.12:0.38:0.52:0.52:0.99:0.82:0.08:0.63:0.26:0.37
141:0.3482:Pace University, NY:0.17:0.55:0.41:0.37:0.37:0.95:0.90:0.07:0.62:0.10:0.47
142:0.3474:Rensselaer Polytechnic Institute, NY:0.19:0.17:0.22:0.53:0.53:0.98:0.94:0.06:0.70:0.21:0.51
143:0.3470:Rutgers at New Brunswick, NJ:0.31:0.45:0.17:0.36:0.36:0.95:0.90:0.05:0.77:0.19:0.44
144:0.3470:Oglethorpe University, GA:0.10:0.18:0.29:0.56:0.56:0.95:0.91:0.08:0.67:0.27:0.48
145:0.3466:Hamline University, MN:0.17:0.18:0.40:0.34:0.34:0.93:0.89:0.08:0.65:0.33:0.45
146:0.3464:Worcester Polytechnic Institute, MA:0.13:0.16:0.29:0.49:0.49:0.94:0.92:0.07:0.82:0.34:0.35
147:0.3463:Beloit College, WI:0.20:0.30:0.31:0.26:0.26:0.95:0.87:0.09:0.69:0.26:0.53
148:0.3460:Valparaiso University, IN:0.18:0.17:0.30:0.49:0.49:0.89:0.87:0.07:0.95:0.23:0.33
149:0.3459:Erskine College, SC:0.12:0.15:0.30:0.47:0.47:0.80:0.76:0.07:0.67:0.47:0.47
150:0.3458:Rollins College, FL:0.14:0.35:0.33:0.31:0.31:0.85:0.81:0.08:0.90:0.23:0.51
151:0.3451:Wheaton College, MA:0.31:0.21:0.30:0.21:0.21:0.96:0.92:0.08:0.71:0.41:0.48
152:0.3437:Monmouth College, IL:0.20:0.16:0.41:0.28:0.28:0.91:0.91:0.09:0.56:0.43:0.45
153:0.3436:Trinity College, DC:0.19:0.23:0.53:0.19:0.19:0.93:0.89:0.12:0.96:0.37:0.26
154:0.3432:University of Southern California, CA:0.21:0.31:0.29:0.45:0.45:0.94:0.90:0.09:0.68:0.10:0.42
155:0.3429:Illinois Institute of Technology, IL:0.20:0.23:0.35:0.42:0.42:0.88:0.80:0.08:0.56:0.26:0.32
156:0.3428:New Mexico Institute of Mining and Tech., NM:0.54:0.24:0.39:0.40:0.40:1.00:0.99:0.07:0.34:0.11:0.36
157:0.3424:Presbyterian College, SC:0.12:0.23:0.36:0.34:0.34:0.85:0.80:0.07:0.85:0.42:0.35
158:0.3416:Centenary College of Louisiana, LA:0.21:0.12:0.48:0.35:0.35:0.92:0.86:0.09:0.66:0.25:0.42
159:0.3409:Clark University, MA:0.15:0.29:0.22:0.30:0.30:0.95:0.94:0.10:0.79:0.35:0.36
160:0.3408:Whittier College, CA:0.13:0.36:0.32:0.35:0.35:0.92:0.84:0.07:0.52:0.29:0.44
161:0.3408:Hampden - Sydney College, VA:0.20:0.21:0.48:0.20:0.20:0.97:0.95:0.08:0.69:0.53:0.35
162:0.3401:Denison University, OH:0.16:0.17:0.23:0.32:0.32:0.97:0.88:0.09:0.81:0.45:0.40
163:0.3399:University of Pittsburgh-Main Campus, PA:0.47:0.26:0.39:0.25:0.25:0.93:0.93:0.13:0.66:0.10:0.32
164:0.3390:Hope College, MI:0.15:0.13:0.42:0.37:0.37:0.81:0.72:0.08:0.72:0.40:0.44
165:0.3382:Santa Clara University, CA:0.14:0.31:0.32:0.40:0.40:0.92:0.88:0.07:1.00:0.19:0.26
166:0.3380:SUNY at Stony Brook, NY:0.57:0.44:0.25:0.27:0.27:0.96:0.91:0.10:0.57:0.07:0.43
167:0.3377:Stetson University, FL:0.16:0.21:0.40:0.37:0.37:0.90:0.85:0.08:0.73:0.24:0.33
168:0.3371:Hollins College, VA:0.23:0.17:0.43:0.26:0.26:0.91:0.78:0.09:0.72:0.48:0.25
169:0.3361:Niagara University, NY:0.13:0.19:0.26:0.65:0.65:1.00:0.68:0.07:0.65:0.20:0.36
170:0.3358:Alfred University, NY:0.13:0.18:0.33:0.37:0.37:0.88:0.82:0.09:0.73:0.31:0.41
171:0.3355:Eckerd College, FL:0.24:0.22:0.33:0.33:0.33:0.89:0.82:0.08:0.59:0.26:0.37
172:0.3348:John Brown University, AR:0.23:0.33:0.70:0.24:0.24:0.68:0.68:0.08:0.75:0.19:0.40
173:0.3347:Babson College, MA:0.19:0.43:0.36:0.30:0.30:0.93:0.93:0.06:0.94:0.18:0.26
174:0.3342:Franklin College, IN:0.24:0.21:0.44:0.29:0.29:0.78:0.54:0.08:0.60:0.37:0.40
175:0.3341:University of Puget Sound, WA:0.14:0.30:0.24:0.51:0.51:0.86:0.79:0.07:0.63:0.17:0.46
176:0.3336:California Lutheran University, CA:0.13:0.56:1.00:0.23:0.23:0.74:0.72:0.08:0.60:0.17:0.35
177:0.3326:University of Wyoming, WY:0.43:0.25:0.71:0.23:0.23:0.94:0.91:0.07:0.45:0.13:0.41
178:0.3321:Kansas State University, KS:0.27:0.31:0.70:0.25:0.25:0.86:0.76:0.05:0.54:0.22:0.36
179:0.3315:University of California at Santa Barbara, CA:0.17:0.15:0.23:0.90:0.90:1.00:0.96:0.05:0.69:0.06:0.53
180:0.3310:Hanover College, IN:0.22:0.17:0.38:0.33:0.33:0.84:0.84:0.09:0.64:0.26:0.30
181:0.3303:Bellarmine College, KY:0.14:0.12:0.44:0.39:0.39:0.82:0.74:0.08:0.84:0.31:0.38
182:0.3301:University of Louisville, KY:0.43:0.36:0.60:0.16:0.16:0.92:0.84:0.09:0.31:0.24:0.41
183:0.3300:Hobart and William Smith Colleges, NY:0.14:0.23:0.24:0.25:0.25:0.99:0.99:0.08:0.79:0.37:0.45
184:0.3300:Emory & Henry College, VA:0.15:0.16:0.35:0.30:0.30:0.88:0.79:0.07:0.82:0.51:0.33
185:0.3299:Westmont College, CA:0.10:0.25:0.49:0.42:0.42:0.77:0.77:0.07:0.87:0.17:0.41
186:0.3299:Michigan Technological University, MI:0.27:0.13:0.45:0.42:0.42:0.82:0.82:0.06:0.65:0.25:0.29
187:0.3296:Miami University at Oxford, OH:0.26:0.16:0.42:0.35:0.35:0.89:0.81:0.06:0.85:0.20:0.34
188:0.3295:Alma College, MI:0.15:0.15:0.36:0.44:0.44:0.87:0.79:0.07:0.68:0.32:0.33
189:0.3287:Coe College, IA:0.14:0.26:0.37:0.29:0.29:0.86:0.73:0.08:0.67:0.32:0.41
190:0.3283:Siena College, NY:0.13:0.35:0.33:0.24:0.24:0.82:0.71:0.07:1.00:0.42:0.34
191:0.3275:University of Oklahoma, OK:0.41:0.16:0.56:0.32:0.32:0.90:0.86:0.09:0.44:0.11:0.37
192:0.3272:Albion College, MI:0.17:0.09:0.28:0.37:0.37:1.00:0.89:0.07:0.73:0.37:0.43
193:0.3271:St. John's College, MD:0.23:0.14:0.44:0.31:0.31:0.72:0.63:0.14:0.64:0.26:0.00
194:0.3271:Butler University, IN:0.13:0.14:0.34:0.40:0.40:0.81:0.77:0.09:0.83:0.29:0.33
195:0.3266:Texas Christian University, TX:0.18:0.25:0.39:0.33:0.33:0.93:0.81:0.07:0.64:0.23:0.32
196:0.3259:Loyola Marymount University, CA:0.16:0.29:0.28:0.42:0.42:0.88:0.84:0.07:0.84:0.10:0.42
197:0.3257:Westminster College, PA:0.14:0.13:0.44:0.29:0.29:0.78:0.62:0.08:0.80:0.41:0.51
198:0.3255:Wittenberg University, OH:0.13:0.12:0.33:0.42:0.42:0.95:0.82:0.08:0.78:0.29:0.35
199:0.3254:University of Scranton, PA:0.13:0.34:0.31:0.29:0.29:0.83:0.83:0.07:0.92:0.41:0.21
200:0.3253:University of San Diego, CA:0.14:0.30:0.32:0.40:0.40:0.96:0.93:0.06:0.66:0.13:0.40
201:0.3252:University of North Carolina at Asheville, NC:0.43:0.44:0.40:0.32:0.32:0.83:0.77:0.08:0.37:0.11:0.27
202:0.3251:University of Nebraska at Lincoln, NE:0.30:0.04:0.59:0.33:0.33:0.92:0.86:0.07:0.53:0.48:0.39
203:0.3249:Simmons College, MA:0.17:0.22:0.38:0.23:0.23:0.81:0.74:0.11:0.79:0.33:0.32
204:0.3247:Albright College, PA:0.17:0.19:0.27:0.30:0.30:0.84:0.79:0.09:0.80:0.23:0.49
205:0.3245:Rutgers State University at Newark, NJ:0.36:0.54:0.19:0.26:0.26:0.95:0.90:0.06:0.58:0.16:0.38
206:0.3244:Chatham College, PA:0.28:0.07:0.46:0.28:0.28:0.98:0.95:0.11:0.52:0.37:0.30
207:0.3243:Indiana University at Bloomington, IN:0.31:0.20:0.44:0.25:0.25:0.88:0.77:0.05:0.68:0.24:0.46
208:0.3239:Washington State University, WA:0.38:0.11:0.42:0.31:0.31:0.87:0.84:0.06:0.56:0.30:0.35
209:0.3239:Saint Mary's College, IN:0.17:0.17:0.54:0.26:0.26:0.95:0.74:0.10:0.98:0.31:0.18
210:0.3237:Appalachian State University, NC:0.35:0.36:0.41:0.20:0.20:0.96:0.83:0.05:0.70:0.14:0.46
211:0.3233:Randolph-Macon Woman's College, VA:0.26:0.11:0.27:0.35:0.35:0.97:0.88:0.11:0.68:0.24:0.26
212:0.3233:Fairfield University, CT:0.14:0.30:0.23:0.30:0.30:0.90:0.86:0.07:0.94:0.30:0.32
213:0.3230:William Jewell College, MO:0.14:0.17:0.58:0.32:0.32:0.80:0.74:0.09:0.59:0.19:0.48
214:0.3230:Transylvania University, KY:0.19:0.04:0.33:0.57:0.57:0.91:0.81:0.08:0.70:0.41:0.29
215:0.3230:Susquehanna University, PA:0.13:0.28:0.31:0.27:0.27:0.86:0.83:0.07:0.90:0.37:0.28
216:0.3224:University of North Dakota, ND:0.55:0.19:0.73:0.20:0.20:0.97:0.97:0.06:0.49:0.16:0.28
217:0.3221:Lenoir-Rhyne College, NC:0.16:0.24:0.35:0.25:0.25:0.92:0.88:0.08:0.66:0.20:0.52
218:0.3220:University of the Pacific, CA:0.18:0.19:0.29:0.36:0.36:0.94:0.87:0.09:0.65:0.14:0.46
219:0.3211:Creighton University, NE:0.49:0.04:0.31:0.30:0.30:0.90:0.85:0.15:0.85:0.32:0.19
220:0.3209:Colorado State University, CO:0.31:0.33:0.35:0.29:0.29:0.89:0.87:0.05:0.59:0.10:0.52
221:0.3197:Millersville University of Penn., PA:0.29:0.49:0.31:0.22:0.22:0.74:0.72:0.06:0.71:0.20:0.37
222:0.3182:Lebanon Valley College, PA:0.10:0.24:0.30:0.28:0.28:0.84:0.84:0.08:0.85:0.30:0.42
223:0.3181:Drury College, MO:0.22:0.07:0.48:0.33:0.33:0.92:0.82:0.08:0.67:0.35:0.30
224:0.3179:University of Maine at Farmington, ME:0.20:0.34:0.55:0.20:0.20:0.75:0.67:0.06:0.59:0.26:0.47
225:0.3179:Capital University, OH:0.15:0.21:0.32:0.34:0.34:0.69:0.64:0.08:0.83:0.27:0.34
226:0.3179:Baylor University, TX:0.18:0.12:0.44:0.34:0.34:0.76:0.71:0.05:0.72:0.38:0.38
227:0.3177:Fresno Pacific College, CA:0.15:0.21:0.53:0.51:0.51:0.59:0.59:0.10:0.54:0.14:0.00
228:0.3174:Skidmore College, NY:0.18:0.36:0.22:0.25:0.25:0.92:0.87:0.08:0.81:0.29:0.26
229:0.3172:University of Denver, CO:0.16:0.33:0.29:0.29:0.29:0.91:0.84:0.06:0.67:0.21:0.38
230:0.3168:Gordon College, MA:0.15:0.16:0.50:0.25:0.25:0.82:0.73:0.07:0.66:0.32:0.49
231:0.3166:Hood College, MD:0.18:0.19:0.31:0.36:0.36:0.88:0.82:0.07:0.72:0.34:0.18
232:0.3163:Michigan State University, MI:0.42:0.17:0.41:0.23:0.23:0.95:0.93:0.07:0.71:0.09:0.52
233:0.3160:University of Missouri at Rolla, MO:0.39:0.03:0.45:0.49:0.49:0.88:0.88:0.07:0.49:0.23:0.45
234:0.3156:St. Mary's College of California, CA:0.12:0.39:0.29:0.36:0.36:0.89:0.88:0.06:0.78:0.17:0.28
235:0.3156:Seattle Pacific University, WA:0.16:0.14:0.40:0.42:0.42:0.85:0.83:0.06:0.66:0.20:0.35
236:0.3149:College of Notre Dame of Maryland, MD:0.10:0.22:0.50:0.35:0.35:0.64:0.64:0.09:0.75:0.32:0.25
237:0.3148:Louisiana College, LA:0.24:0.48:0.20:0.33:0.33:0.74:0.64:0.10:0.59:0.11:0.42
238:0.3146:Syracuse University, NY:0.19:0.31:0.34:0.28:0.28:0.84:0.73:0.09:0.67:0.13:0.42
239:0.3143:University of Dallas, TX:0.13:0.14:0.42:0.44:0.44:0.93:0.85:0.07:0.63:0.26:0.21
240:0.3139:Iowa State University, IA:0.37:0.12:0.46:0.26:0.26:0.88:0.81:0.05:0.65:0.22:0.39
241:0.3137:Villanova University, PA:0.12:0.28:0.26:0.30:0.30:0.90:0.89:0.07:0.96:0.24:0.26
242:0.3137:Houghton College, NY:0.15:0.17:0.38:0.30:0.30:0.90:0.85:0.07:0.67:0.24:0.39
243:0.3136:University of Central Florida, FL:0.28:0.58:0.65:0.25:0.25:0.98:0.80:0.05:0.46:0.09:0.30
244:0.3133:Dickinson College, PA:0.16:0.16:0.19:0.31:0.31:0.94:0.87:0.09:0.87:0.39:0.24
245:0.3131:University of Cincinnati, OH:0.50:0.19:0.43:0.26:0.26:0.95:0.89:0.09:0.54:0.06:0.40
246:0.3127:Loyola University Chicago, IL:0.22:0.17:0.29:0.25:0.25:0.95:0.94:0.16:0.65:0.15:0.29
247:0.3125:University of Evansville, IN:0.11:0.22:0.43:0.35:0.35:0.81:0.60:0.06:0.77:0.26:0.34
248:0.3122:Augustana College, IL:0.14:0.12:0.30:0.36:0.36:0.83:0.78:0.08:0.71:0.40:0.30
249:0.3116:Nazareth College of Rochester, NY:0.15:0.16:0.33:0.36:0.36:0.93:0.77:0.07:0.61:0.24:0.35
250:0.3108:Murray State University, KY:0.33:0.14:0.62:0.29:0.29:0.76:0.72:0.05:0.52:0.27:0.28
251:0.3102:Queens College, NC:0.15:0.24:0.39:0.32:0.32:0.75:0.73:0.07:0.58:0.36:0.22
252:0.3100:Fordham University, NY:0.13:0.32:0.33:0.30:0.30:0.97:0.86:0.07:0.80:0.14:0.33
253:0.3099:Messiah College, PA:0.12:0.21:0.44:0.30:0.30:0.75:0.68:0.07:0.89:0.30:0.26
254:0.3097:University of Delaware, DE:0.39:0.27:0.31:0.22:0.22:0.87:0.82:0.05:0.75:0.15:0.36
255:0.3094:Rosary College, IL:0.16:0.26:0.44:0.28:0.28:0.82:0.79:0.08:0.81:0.30:0.14
256:0.3094:Baldwin-Wallace College, OH:0.12:0.19:0.48:0.30:0.30:0.74:0.68:0.06:0.85:0.20:0.50
257:0.3086:Maryville College, TN:0.13:0.39:0.20:0.26:0.26:0.90:0.80:0.09:0.51:0.43:0.24
258:0.3085:Catholic University of America, DC:0.18:0.16:0.34:0.24:0.24:0.96:0.90:0.11:0.75:0.18:0.33
259:0.3083:Clarkson University, NY:0.14:0.10:0.29:0.35:0.35:0.95:0.95:0.06:0.77:0.32:0.34
260:0.3082:Coker College, SC:0.17:0.25:0.65:0.15:0.15:0.77:0.64:0.08:0.75:0.39:0.33
261:0.3070:Quinnipiac College, CT:0.12:0.42:0.37:0.17:0.17:0.73:0.63:0.08:0.86:0.33:0.40
262:0.3068:Millsaps College, MS:0.20:0.08:0.38:0.32:0.32:0.89:0.82:0.08:0.58:0.38:0.29
263:0.3067:Whitworth College, WA:0.10:0.17:0.40:0.43:0.43:0.80:0.80:0.06:0.80:0.20:0.28
264:0.3067:Livingstone College, NC:0.33:0.47:0.46:0.22:0.22:0.93:0.53:0.10:0.92:0.16:0.09
265:0.3060:Warren Wilson College, NC:0.20:0.29:0.36:0.25:0.25:0.75:0.65:0.09:0.63:0.20:0.00
266:0.3060:Antioch University, OH:0.81:0.07:0.38:0.25:0.25:0.82:0.69:0.09:0.48:0.35:0.19
267:0.3058:Cornell College, IA:0.14:0.14:0.29:0.33:0.33:0.76:0.71:0.08:0.64:0.31:0.41
268:0.3057:Oklahoma State University, OK:0.24:0.13:0.56:0.29:0.29:0.92:0.84:0.07:0.48:0.14:0.43
269:0.3054:Barat College, IL:0.20:0.26:0.58:0.15:0.15:0.77:0.57:0.10:0.71:0.35:0.28
270:0.3044:Wartburg College, IA:0.13:0.13:0.32:0.34:0.34:0.91:0.66:0.08:0.67:0.37:0.28
271:0.3044:Randolph-Macon College, VA:0.18:0.25:0.23:0.21:0.21:0.80:0.77:0.09:0.74:0.38:0.28
272:0.3037:Seattle University, WA:0.16:0.27:0.32:0.28:0.28:0.85:0.85:0.08:0.89:0.16:0.22
273:0.3032:Milligan College, TN:0.20:0.24:0.41:0.26:0.26:0.69:0.63:0.08:0.64:0.16:0.40
274:0.3029:Elizabethtown College, PA:0.14:0.24:0.23:0.36:0.36:0.68:0.65:0.08:0.81:0.25:0.29
275:0.3028:Moravian College, PA:0.12:0.22:0.32:0.23:0.23:0.92:0.86:0.07:0.74:0.28:0.41
276:0.3019:University of Maryland at College Park, MD:0.30:0.28:0.33:0.22:0.22:0.92:0.89:0.06:0.63:0.12:0.42
277:0.3015:Saint John's University, MN:0.17:0.14:0.56:0.18:0.18:0.85:0.76:0.08:0.70:0.38:0.29
278:0.3011:Central College, IA:0.16:0.13:0.36:0.31:0.31:0.90:0.76:0.07:0.67:0.29:0.26
279:0.3010:Salem College, NC:0.14:0.15:0.46:0.28:0.28:0.68:0.68:0.09:0.60:0.46:0.20
280:0.3010:Christian Brothers University, TN:0.18:0.41:0.43:0.16:0.16:0.81:0.81:0.09:0.63:0.24:0.26
281:0.3005:Quincy University, IL:0.11:0.31:0.42:0.22:0.22:0.71:0.69:0.06:0.80:0.32:0.33
282:0.3001:Marquette University, WI:0.16:0.11:0.37:0.36:0.36:0.94:0.86:0.07:0.77:0.25:0.19
283:0.2999:Winona State University, MN:0.27:0.38:0.64:0.20:0.20:0.60:0.53:0.05:0.58:0.18:0.40
284:0.2996:Northeast Missouri State University, MO:0.30:0.24:0.35:0.36:0.36:0.72:0.69:0.06:0.76:0.13:0.16
285:0.2994:University of New Hampshire, NH:0.23:0.22:0.33:0.24:0.24:0.87:0.89:0.06:0.75:0.16:0.34
286:0.2994:Louisiana State University at Baton Rouge, LA:0.28:0.17:0.62:0.29:0.29:0.87:0.83:0.06:0.37:0.11:0.39
287:0.2992:North Central College, IL:0.11:0.22:0.35:0.30:0.30:0.87:0.73:0.06:0.76:0.33:0.25
288:0.2989:Chestnut Hill College, PA:0.12:0.26:0.50:0.25:0.25:0.71:0.71:0.12:0.73:0.29:0.14
289:0.2988:Gonzaga University, WA:0.13:0.19:0.35:0.31:0.31:0.90:0.78:0.07:0.69:0.32:0.20
290:0.2987:The Citadel, SC:0.42:0.17:0.49:0.12:0.12:0.94:0.95:0.06:0.84:0.17:0.44
291:0.2986:University of Northern Iowa, IA:0.26:0.18:0.55:0.18:0.18:0.82:0.78:0.06:0.77:0.26:0.25
292:0.2986:College of Saint Elizabeth, NJ:0.16:0.19:0.34:0.34:0.34:0.70:0.68:0.09:0.78:0.23:0.19
293:0.2982:Christendom College, VA:0.28:0.11:0.71:0.33:0.33:0.92:0.92:0.11:0.58:0.17:0.08
294:0.2978:Wilson College, PA:0.18:0.22:0.35:0.16:0.16:0.76:0.67:0.12:0.67:0.43:0.25
295:0.2973:Virginia Commonwealth University, VA:0.33:0.30:0.45:0.18:0.18:0.87:0.81:0.11:0.45:0.11:0.28
296:0.2972:Beaver College, PA:0.12:0.27:0.41:0.23:0.23:0.89:0.78:0.08:0.73:0.30:0.18
297:0.2966:Bridgewater College, VA:0.14:0.20:0.43:0.22:0.22:0.73:0.68:0.08:0.82:0.24:0.35
298:0.2961:University of Dayton, OH:0.15:0.17:0.28:0.26:0.26:0.85:0.81:0.07:0.93:0.25:0.29
299:0.2958:Stonehill College, MA:0.09:0.37:0.25:0.25:0.25:0.79:0.79:0.08:0.97:0.30:0.21
300:0.2958:Le Moyne College, NY:0.13:0.18:0.35:0.21:0.21:0.92:0.89:0.08:0.94:0.28:0.25
301:0.2956:University of Illinois at Chicago, IL:0.42:0.32:0.47:0.22:0.22:0.84:0.82:0.10:0.34:0.06:0.35
302:0.2956:Illinois Benedictine College, IL:0.14:0.08:0.48:0.22:0.22:0.91:0.81:0.09:0.75:0.29:0.42
303:0.2950:Manhattan College, NY:0.12:0.29:0.33:0.20:0.20:0.92:0.92:0.07:0.79:0.25:0.26
304:0.2949:Hartwick College, NY:0.14:0.17:0.25:0.22:0.22:0.87:0.75:0.08:0.73:0.32:0.41
305:0.2948:University of Utah, UT:0.33:0.12:0.53:0.27:0.27:0.93:0.89:0.08:0.37:0.09:0.45
306:0.2948:Saint Mary-of-the-Woods College, IN:0.18:0.13:0.68:0.23:0.23:0.58:0.44:0.10:0.75:0.37:0.25
307:0.2940:University of Vermont, VT:0.36:0.22:0.29:0.18:0.18:0.90:0.87:0.10:0.79:0.10:0.32
308:0.2940:SUNY at Albany, NY:0.35:0.32:0.20:0.16:0.16:0.96:0.93:0.06:0.74:0.16:0.41
309:0.2938:Muskingum College, OH:0.14:0.17:0.41:0.24:0.24:0.85:0.73:0.07:0.73:0.27:0.28
310:0.2928:Eureka College, IL:0.20:0.19:0.25:0.36:0.36:0.87:0.62:0.09:0.53:0.31:0.14
311:0.2924:Saint Joseph's University, PA:0.09:0.20:0.39:0.39:0.39:0.90:0.84:0.06:0.83:0.13:0.25
312:0.2924:Montclair State University, NJ:0.24:0.59:0.41:0.19:0.19:0.87:0.82:0.05:0.58:0.09:0.37
313:0.2924:Allentown Coll. of St. Francis de Sales, PA:0.14:0.34:0.37:0.38:0.38:0.84:0.60:0.08:0.74:0.21:0.09
314:0.2921:Adrian College, MI:0.16:0.23:0.31:0.22:0.22:0.66:0.53:0.08:0.54:0.30:0.56
315:0.2918:Rutgers State University at Camden, NJ:0.30:0.48:0.13:0.27:0.27:0.95:0.90:0.05:0.57:0.12:0.30
316:0.2916:Bethel College, KS:0.18:0.09:0.66:0.19:0.19:0.80:0.61:0.11:0.56:0.32:0.33
317:0.2915:Saint Michael's College, VT:0.15:0.28:0.34:0.16:0.16:0.88:0.79:0.07:0.84:0.34:0.27
318:0.2914:East Carolina University, NC:0.50:0.31:0.38:0.14:0.14:0.78:0.74:0.08:0.58:0.18:0.24
319:0.2907:Albertson College, ID:0.16:0.18:0.33:0.38:0.38:0.73:0.67:0.11:0.55:0.11:0.29
320:0.2906:Pacific University, OR:0.17:0.10:0.34:0.41:0.41:0.76:0.76:0.09:0.42:0.22:0.26
321:0.2904:York College of Pennsylvania, PA:0.11:0.38:0.37:0.28:0.28:0.75:0.75:0.06:0.99:0.28:0.12
322:0.2903:Belmont University, TN:0.18:0.20:0.49:0.28:0.28:0.61:0.61:0.09:0.49:0.19:0.28
323:0.2901:Stockton College of New Jersey, NJ:0.19:0.61:0.45:0.23:0.23:0.92:0.78:0.05:0.64:0.07:0.26
324:0.2898:University of Montevallo, AL:0.34:0.34:0.64:0.18:0.18:0.72:0.72:0.05:0.51:0.08:0.45
325:0.2898:Ohio University, OH:0.29:0.25:0.38:0.21:0.21:0.87:0.79:0.05:0.64:0.13:0.36
326:0.2896:Saint John's College, NM:0.18:0.14:0.51:0.20:0.20:0.89:0.73:0.10:0.61:0.20:0.00
327:0.2891:Bloomsburg Univ. of Pennsylvania, PA:0.28:0.55:0.34:0.15:0.15:0.68:0.66:0.06:0.75:0.19:0.28
328:0.2880:Mississippi State University, MS:0.19:0.23:0.49:0.18:0.18:0.77:0.77:0.06:0.53:0.20:0.42
329:0.2879:Shippensburg University of Penn., PA:0.24:0.44:0.34:0.14:0.14:0.83:0.80:0.05:0.72:0.13:0.49
330:0.2876:Ouachita Baptist University, AR:0.17:0.15:0.58:0.31:0.31:0.67:0.63:0.08:0.65:0.10:0.37
331:0.2873:Walsh University, OH:0.09:0.18:0.54:0.27:0.27:0.58:0.42:0.09:0.68:0.33:0.35
332:0.2873:Fisk University, TN:0.17:0.33:0.31:0.24:0.24:0.74:0.74:0.08:0.43:0.22:0.26
333:0.2870:University of Mississippi, MS:0.34:0.12:0.49:0.26:0.26:0.86:0.81:0.05:0.53:0.14:0.31
334:0.2863:University of North Texas, TX:0.28:0.38:0.75:0.23:0.23:0.94:0.86:0.04:0.35:0.06:0.33
335:0.2858:Simpson College, IA:0.10:0.14:0.34:0.27:0.27:0.73:0.66:0.06:0.70:0.36:0.37
336:0.2858:Loyola College, MD:0.12:0.23:0.24:0.25:0.25:0.88:0.86:0.07:0.80:0.27:0.23
337:0.2857:Tabor College, KS:0.16:0.29:0.60:0.19:0.19:0.70:0.55:0.10:0.53:0.15:0.33
338:0.2857:Rider University, NJ:0.14:0.32:0.30:0.16:0.16:0.92:0.84:0.08:0.70:0.23:0.28
339:0.2856:College of Saint Catherine, MN:0.10:0.20:0.45:0.23:0.23:0.87:0.63:0.09:0.77:0.32:0.19
340:0.2851:Millikin University, IL:0.13:0.13:0.36:0.29:0.29:0.77:0.60:0.09:0.75:0.25:0.27
341:0.2844:Evergreen State College, WA:0.37:0.39:0.40:0.14:0.14:0.78:0.75:0.06:0.68:0.14:0.00
342:0.2841:Elms College, MA:0.13:0.15:0.60:0.23:0.23:0.71:0.71:0.09:0.86:0.21:0.19
343:0.2840:Bentley College, MA:0.16:0.33:0.27:0.20:0.20:0.87:0.87:0.06:0.82:0.20:0.24
344:0.2836:Rhode Island School of Design, RI:0.12:0.54:0.45:0.17:0.17:0.69:0.27:0.10:0.96:0.22:0.30
345:0.2834:Northwest Nazarene College, ID:0.12:0.17:0.75:0.29:0.29:0.59:0.59:0.07:0.58:0.20:0.00
346:0.2832:King's College, PA:0.10:0.28:0.36:0.20:0.20:0.72:0.66:0.06:0.87:0.37:0.23
347:0.2830:College Misericordia, PA:0.13:0.38:0.36:0.29:0.29:0.62:0.56:0.08:0.96:0.23:0.11
348:0.2829:Assumption College, MA:0.09:0.20:0.29:0.23:0.23:0.93:0.93:0.07:0.88:0.30:0.21
349:0.2822:North Dakota State University, ND:0.28:0.23:0.70:0.13:0.13:0.83:0.79:0.06:0.42:0.24:0.31
350:0.2819:Regis College, MA:0.19:0.10:0.37:0.18:0.18:0.85:0.81:0.10:0.84:0.37:0.20
351:0.2819:College of Mount St. Vincent, NY:0.16:0.32:0.27:0.23:0.23:0.77:0.75:0.08:0.83:0.35:0.09
352:0.2805:SUNY College  at Oswego, NY:0.16:0.43:0.32:0.17:0.17:0.85:0.69:0.05:0.63:0.21:0.37
353:0.2802:St. Mary's University of San Antonio, TX:0.15:0.18:0.41:0.33:0.33:0.83:0.82:0.06:0.72:0.07:0.34
354:0.2800:Concordia University, IL:0.14:0.24:0.46:0.22:0.22:0.64:0.56:0.08:0.75:0.13:0.38
355:0.2798:Virginia Wesleyan College, VA:0.12:0.39:0.32:0.20:0.20:0.81:0.70:0.06:0.68:0.14:0.39
356:0.2798:St. John Fisher College, NY:0.12:0.22:0.33:0.19:0.19:0.81:0.86:0.07:0.66:0.29:0.27
357:0.2794:Freed-Hardeman University, TN:0.15:0.39:0.57:0.20:0.20:0.76:0.68:0.06:0.62:0.13:0.23
358:0.2791:Georgetown College, KY:0.18:0.05:0.41:0.30:0.30:0.76:0.73:0.08:0.55:0.28:0.40
359:0.2789:Cedarville College, OH:0.15:0.17:0.57:0.25:0.25:0.52:0.50:0.07:0.64:0.34:0.24
360:0.2785:Point Loma Nazarene College, CA:0.14:0.15:0.62:0.20:0.20:0.71:0.71:0.06:0.54:0.19:0.46
361:0.2785:Mount Saint Mary College, NY:0.14:0.41:0.34:0.14:0.14:0.75:0.74:0.07:0.88:0.23:0.27
362:0.2779:Saint Vincent College, PA:0.16:0.15:0.47:0.19:0.19:0.64:0.62:0.08:0.88:0.31:0.22
363:0.2777:Texas Lutheran College, TX:0.15:0.15:0.51:0.27:0.27:0.58:0.54:0.07:0.50:0.24:0.33
364:0.2777:Saint Joseph College, CT:0.13:0.17:0.40:0.20:0.20:0.90:0.87:0.09:0.76:0.32:0.12
365:0.2776:Oklahoma Baptist University, OK:0.15:0.10:0.71:0.35:0.35:0.71:0.63:0.07:0.50:0.18:0.22
366:0.2772:University of Portland, OR:0.15:0.16:0.28:0.27:0.27:0.96:0.92:0.08:0.72:0.17:0.19
367:0.2769:Saint Peter's College, NJ:0.13:0.12:0.38:0.23:0.23:0.78:0.78:0.08:0.53:0.22:0.39
368:0.2766:College of Saint Benedict, MN:0.15:0.08:0.59:0.29:0.29:0.88:0.70:0.08:0.72:0.26:0.14
369:0.2766:Canisius College, NY:0.12:0.23:0.34:0.16:0.16:0.92:0.90:0.07:0.64:0.26:0.31
370:0.2755:University of Massachusetts at Dartmouth, MA:0.25:0.22:0.39:0.10:0.10:0.90:0.74:0.07:0.56:0.20:0.63
371:0.2751:Manchester College, IN:0.14:0.20:0.30:0.23:0.23:0.72:0.63:0.08:0.64:0.20:0.32
372:0.2751:College of St. Scholastica, MN:0.16:0.11:0.47:0.29:0.29:0.76:0.54:0.09:0.72:0.33:0.12
373:0.2749:Xavier University, OH:0.15:0.08:0.39:0.24:0.24:0.75:0.73:0.08:0.83:0.31:0.25
374:0.2743:University of North Carolina at Wilmington, NC:0.26:0.36:0.38:0.15:0.15:0.85:0.82:0.05:0.55:0.15:0.27
375:0.2742:Kentucky Wesleyan College, KY:0.14:0.15:0.35:0.20:0.20:0.65:0.57:0.09:0.62:0.32:0.33
376:0.2736:Marymount College Tarrytown, NY:0.16:0.32:0.36:0.09:0.09:0.93:0.71:0.10:0.77:0.30:0.30
377:0.2736:Clarke College, IA:0.15:0.26:0.49:0.14:0.14:0.71:0.67:0.09:0.74:0.27:0.20
378:0.2733:SUNY College at New Paltz, NY:0.24:0.57:0.18:0.19:0.19:0.93:0.85:0.07:0.53:0.08:0.32
379:0.2731:University of North Carolina at Greensboro, NC:0.38:0.20:0.36:0.15:0.15:0.94:0.75:0.06:0.53:0.17:0.24
380:0.2731:Salisbury State University, MD:0.15:0.46:0.32:0.20:0.20:0.75:0.73:0.06:0.56:0.18:0.23
381:0.2727:Westminster College of Salt Lake City, UT:0.13:0.21:0.30:0.21:0.21:0.83:0.68:0.10:0.50:0.34:0.19
382:0.2727:St. Norbert College, WI:0.13:0.07:0.46:0.30:0.30:0.78:0.74:0.07:0.88:0.36:0.14
383:0.2725:Western Michigan University, MI:0.20:0.22:0.38:0.24:0.24:0.84:0.80:0.04:0.55:0.11:0.39
384:0.2723:Carson-Newman College, TN:0.16:0.13:0.49:0.27:0.27:0.62:0.61:0.07:0.67:0.16:0.27
385:0.2721:Baker University, KS:0.10:0.20:0.43:0.21:0.21:0.68:0.58:0.09:0.65:0.21:0.35
386:0.2720:SUNY College at Potsdam, NY:0.24:0.27:0.28:0.16:0.16:0.75:0.71:0.07:0.59:0.17:0.36
387:0.2718:Central Washington University, WA:0.29:0.28:0.50:0.08:0.08:0.89:0.67:0.06:0.51:0.00:0.51
388:0.2717:University of San Francisco, CA:0.12:0.25:0.31:0.23:0.23:0.86:0.86:0.07:0.62:0.08:0.45
389:0.2715:Dordt College, IA:0.13:0.07:0.58:0.25:0.25:0.60:0.61:0.08:0.87:0.17:0.42
390:0.2713:Southwest State University, MN:0.30:0.10:0.54:0.13:0.13:0.75:0.58:0.06:0.51:0.31:0.49
391:0.2712:Providence College, RI:0.08:0.35:0.29:0.20:0.20:0.74:0.66:0.05:0.96:0.35:0.20
392:0.2704:University of Massachusetts at Amherst, MA:0.33:0.14:0.31:0.12:0.12:0.92:0.88:0.06:0.68:0.15:0.55
393:0.2702:Peru State College, NE:0.30:0.29:0.91:0.10:0.10:1.00:0.48:0.05:0.44:0.24:0.28
394:0.2701:SUNY College at Fredonia, NY:0.22:0.43:0.29:0.13:0.13:0.90:0.82:0.06:0.66:0.10:0.40
395:0.2699:Seton Hill College, PA:0.17:0.15:0.25:0.24:0.24:0.71:0.71:0.09:0.71:0.37:0.12
396:0.2694:University of Missouri at Saint Louis, MO:0.17:0.29:0.42:0.18:0.18:0.73:0.71:0.07:0.48:0.15:0.28
397:0.2692:Texas Wesleyan University, TX:0.20:0.15:0.56:0.19:0.19:0.83:0.80:0.07:0.43:0.10:0.44
398:0.2690:Shorter College, GA:0.17:0.18:0.37:0.23:0.23:0.65:0.62:0.08:0.58:0.18:0.29
399:0.2686:University of North Carolina at Charlotte, NC:0.32:0.23:0.39:0.19:0.19:0.91:0.79:0.06:0.62:0.07:0.27
400:0.2685:Geneva College, PA:0.11:0.20:0.44:0.19:0.19:0.67:0.67:0.05:0.74:0.26:0.34
401:0.2684:Elmira College, NY:0.08:0.28:0.33:0.27:0.27:0.98:0.77:0.05:0.64:0.21:0.21
402:0.2681:Bradley University, IL:0.10:0.09:0.31:0.30:0.30:0.81:0.75:0.07:0.85:0.21:0.25
403:0.2680:Loyola University, LA:0.15:0.10:0.42:0.24:0.24:0.88:0.77:0.09:0.53:0.14:0.32
404:0.2669:Xavier University of Louisiana, LA:0.22:0.09:0.36:0.34:0.34:0.75:0.67:0.07:0.49:0.20:0.18
405:0.2666:Spalding University, KY:0.16:0.29:0.48:0.10:0.10:0.56:0.50:0.09:0.89:0.40:0.23
406:0.2665:LeTourneau University, TX:0.12:0.13:0.49:0.29:0.29:0.70:0.58:0.05:0.56:0.23:0.30
407:0.2664:Doane College, NE:0.14:0.11:0.34:0.20:0.20:0.72:0.67:0.07:0.60:0.42:0.30
408:0.2657:Viterbo College, WI:0.16:0.20:0.52:0.17:0.17:0.65:0.51:0.09:0.73:0.31:0.14
409:0.2655:Trinity College, VT:0.17:0.17:0.49:0.16:0.16:0.78:0.58:0.10:0.78:0.26:0.15
410:0.2654:Oakland University, MI:0.28:0.15:0.45:0.16:0.16:0.90:0.88:0.05:0.53:0.13:0.34
411:0.2650:Bowling Green State University, OH:0.25:0.21:0.42:0.14:0.14:0.89:0.81:0.05:0.67:0.14:0.33
412:0.2649:Guilford College, NC:0.12:0.12:0.31:0.18:0.18:0.86:0.78:0.06:0.65:0.30:0.36
413:0.2645:Saint Joseph's College, IN:0.11:0.26:0.33:0.24:0.24:0.60:0.55:0.07:0.67:0.19:0.29
414:0.2640:Westminster College, MO:0.13:0.16:0.33:0.20:0.20:0.70:0.66:0.08:0.62:0.20:0.34
415:0.2640:West Chester University of Penn., PA:0.22:0.46:0.39:0.11:0.11:0.79:0.76:0.07:0.52:0.16:0.28
416:0.2640:Hofstra University, NY:0.15:0.21:0.23:0.25:0.25:0.90:0.81:0.07:0.60:0.10:0.31
417:0.2638:University of Minnesota at Duluth, MN:0.20:0.25:0.53:0.15:0.15:0.91:0.79:0.05:0.53:0.11:0.32
418:0.2638:Schreiner College, TX:0.15:0.29:0.32:0.19:0.19:0.56:0.51:0.08:0.52:0.23:0.30
419:0.2635:University of Wisconsin-Stout, WI:0.32:0.24:0.52:0.09:0.09:0.78:0.78:0.05:0.65:0.17:0.40
420:0.2635:St. Bonaventure University, NY:0.18:0.12:0.29:0.13:0.13:0.91:0.91:0.06:0.78:0.32:0.36
421:0.2634:Lincoln University, PA:0.50:0.34:0.30:0.15:0.15:0.72:0.71:0.08:0.45:0.08:0.25
422:0.2631:Hampton University, VA:0.14:0.48:0.38:0.25:0.25:0.64:0.60:0.07:0.70:0.09:0.15
423:0.2625:McKendree College, IL:0.15:0.45:0.21:0.16:0.16:0.74:0.70:0.06:0.52:0.21:0.34
424:0.2624:Eastern Connecticut State University, CT:0.21:0.31:0.38:0.14:0.14:0.76:0.71:0.06:0.50:0.14:0.37
425:0.2623:Anderson University, IN:0.15:0.25:0.47:0.19:0.19:0.61:0.48:0.08:0.59:0.14:0.31
426:0.2618:Alverno College, WI:0.16:0.37:0.50:0.23:0.23:0.69:0.36:0.09:0.55:0.26:0.08
427:0.2617:College of Saint Rose, NY:0.07:0.32:0.38:0.23:0.23:0.71:0.66:0.07:0.64:0.28:0.15
428:0.2615:South Dakota State University, SD:0.24:0.08:0.66:0.13:0.13:0.65:0.62:0.07:0.67:0.29:0.36
429:0.2608:Southeast Missouri State University, MO:0.23:0.18:0.75:0.18:0.18:0.76:0.75:0.06:0.45:0.08:0.31
430:0.2608:Marywood College, PA:0.16:0.22:0.38:0.13:0.13:0.76:0.65:0.08:0.66:0.30:0.21
431:0.2603:University of New England, ME:0.13:0.38:0.35:0.19:0.19:0.75:0.72:0.09:0.64:0.13:0.14
432:0.2602:Thiel College, PA:0.14:0.18:0.27:0.15:0.15:0.76:0.68:0.09:0.60:0.16:0.57
433:0.2596:Marymount Manhattan College, NY:0.17:0.23:0.45:0.21:0.21:0.76:0.63:0.09:0.68:0.20:0.08
434:0.2589:University of Arkansas at Fayetteville, AR:0.31:0.04:0.69:0.25:0.25:0.89:0.73:0.07:0.39:0.10:0.39
435:0.2588:Keuka College, NY:0.14:0.17:0.46:0.10:0.10:0.94:0.55:0.08:0.51:0.43:0.36
436:0.2585:D'Youville College, NY:0.12:0.29:0.25:0.18:0.18:0.68:0.68:0.07:0.46:0.42:0.20
437:0.2583:Saint Francis College, PA:0.10:0.21:0.34:0.21:0.21:0.64:0.64:0.05:0.69:0.24:0.30
438:0.2579:Our Lady of the Lake University, TX:0.14:0.42:0.22:0.22:0.22:0.64:0.56:0.07:0.37:0.25:0.24
439:0.2575:University of Charleston, WV:0.16:0.22:0.38:0.22:0.22:0.58:0.26:0.40:0.57:0.10:0.15
440:0.2570:Moorhead State University, MN:0.24:0.11:0.55:0.12:0.12:0.81:0.76:0.06:0.60:0.19:0.38
441:0.2569:Augsburg College, MN:0.12:0.23:0.50:0.12:0.12:0.65:0.65:0.08:0.58:0.31:0.28
442:0.2562:La Salle University, PA:0.11:0.37:0.34:0.20:0.20:0.90:0.90:0.07:0.84:0.09:0.14
443:0.2560:Chapman University, CA:0.15:0.20:0.46:0.23:0.23:0.80:0.72:0.08:0.47:0.06:0.34
444:0.2557:Lock Haven University of Pennsylvania, PA:0.29:0.38:0.29:0.17:0.17:0.55:0.47:0.06:0.63:0.14:0.23
445:0.2553:Merrimack College, MA:0.11:0.22:0.33:0.18:0.18:0.75:0.73:0.06:0.80:0.22:0.19
446:0.2550:Seton Hall University, NJ:0.14:0.22:0.28:0.16:0.16:0.84:0.81:0.07:0.64:0.15:0.30
447:0.2550:Eastern College, PA:0.13:0.19:0.45:0.16:0.16:0.60:0.60:0.07:0.54:0.22:0.33
448:0.2548:University of St. Thomas, MN:0.15:0.12:0.46:0.26:0.26:0.80:0.80:0.07:0.89:0.13:0.10
449:0.2547:McPherson College, KS:0.21:0.30:0.32:0.11:0.11:0.54:0.54:0.10:0.48:0.45:0.19
450:0.2544:Augustana College, SD:0.11:0.05:0.42:0.21:0.21:0.70:0.66:0.10:0.69:0.30:0.31
451:0.2539:North Carolina A. & T. State University, NC:0.51:0.36:0.46:0.12:0.12:0.72:0.72:0.06:0.44:0.09:0.19
452:0.2535:Phillips University, OK:0.17:0.17:0.30:0.19:0.19:0.64:0.58:0.09:0.39:0.19:0.38
453:0.2533:Georgian Court College, NJ:0.15:0.19:0.45:0.12:0.12:0.59:0.56:0.08:0.76:0.27:0.27
454:0.2527:Rockhurst College, MO:0.13:0.08:0.40:0.22:0.22:0.79:0.60:0.09:0.79:0.21:0.17
455:0.2526:Pembroke State University, NC:0.41:0.18:0.57:0.14:0.14:0.77:0.77:0.07:0.48:0.05:0.34
456:0.2525:Northeastern University, MA:0.10:0.29:0.30:0.16:0.16:0.82:0.73:0.08:0.46:0.17:0.32
457:0.2525:Marshall University, WV:0.26:0.13:0.55:0.14:0.14:0.86:0.77:0.06:0.50:0.10:0.36
458:0.2525:Longwood College, VA:0.15:0.32:0.39:0.12:0.12:0.80:0.74:0.05:0.62:0.23:0.22
459:0.2522:George Mason University, VA:0.21:0.23:0.40:0.17:0.17:0.96:0.93:0.05:0.46:0.07:0.31
460:0.2519:SUNY College at Plattsburgh, NY:0.23:0.35:0.24:0.09:0.09:0.90:0.80:0.06:0.65:0.16:0.40
461:0.2516:Hardin-Simmons University, TX:0.17:0.09:0.83:0.16:0.16:0.79:0.75:0.07:0.38:0.10:0.46
462:0.2514:Southwest Missouri State University, MO:0.22:0.14:0.61:0.15:0.15:0.75:0.70:0.05:0.56:0.11:0.37
463:0.2511:Grand Valley State University, MI:0.21:0.25:0.40:0.20:0.20:0.66:0.64:0.05:0.57:0.09:0.28
464:0.2505:Arizona State University Main campus, AZ:0.14:0.20:0.36:0.24:0.24:0.93:0.88:0.05:0.48:0.05:0.42
465:0.2504:Florida Southern College, FL:0.12:0.25:0.36:0.20:0.20:0.74:0.65:0.06:0.68:0.10:0.31
466:0.2501:Lambuth University, TN:0.15:0.35:0.42:0.15:0.15:0.61:0.61:0.06:0.60:0.10:0.36
467:0.2496:Northern Illinois University, IL:0.22:0.33:0.33:0.12:0.12:0.78:0.73:0.06:0.56:0.11:0.33
468:0.2490:Gannon University, PA:0.12:0.23:0.36:0.24:0.24:0.51:0.47:0.08:0.65:0.18:0.19
469:0.2488:Montana State University, MT:0.24:0.19:0.63:0.15:0.15:0.83:0.75:0.06:0.37:0.08:0.33
470:0.2487:Hastings College, NE:0.13:0.13:0.37:0.22:0.22:0.63:0.57:0.08:0.52:0.17:0.29
471:0.2484:Judson College, IL:0.13:0.27:0.60:0.10:0.10:0.55:0.34:0.09:0.56:0.30:0.34
472:0.2483:Georgia State University, GA:0.30:0.38:0.53:0.09:0.09:0.89:0.87:0.05:0.34:0.10:0.33
473:0.2480:Saint Anselm College, NH:0.07:0.26:0.33:0.15:0.15:0.82:0.70:0.07:0.97:0.29:0.15
474:0.2478:Bemidji State University, MN:0.14:0.27:0.62:0.12:0.12:0.62:0.57:0.05:0.46:0.16:0.47
475:0.2477:Monmouth College, NJ:0.13:0.31:0.25:0.14:0.14:0.85:0.70:0.07:0.54:0.15:0.33
476:0.2476:Webster University, MO:0.14:0.31:0.49:0.17:0.17:0.68:0.68:0.05:0.48:0.14:0.24
477:0.2476:Barry University, FL:0.13:0.21:0.36:0.18:0.18:0.78:0.76:0.08:0.72:0.11:0.18
478:0.2474:Morningside College, IA:0.15:0.09:0.45:0.16:0.16:0.68:0.48:0.08:0.56:0.32:0.30
479:0.2470:Wilkes University, PA:0.13:0.12:0.30:0.15:0.15:0.92:0.78:0.08:0.67:0.24:0.22
480:0.2467:Saint Xavier University, IL:0.16:0.18:0.46:0.15:0.15:1.00:0.87:0.07:0.55:0.15:0.14
481:0.2466:Northern Arizona University, AZ:0.24:0.16:0.40:0.23:0.23:0.83:0.78:0.05:0.41:0.07:0.28
482:0.2465:Angelo State University, TX:0.16:0.43:0.51:0.24:0.24:0.62:0.60:0.04:0.34:0.05:0.38
483:0.2462:Western Carolina University, NC:0.46:0.22:0.42:0.11:0.11:0.78:0.67:0.07:0.55:0.09:0.22
484:0.2461:University of Rhode Island, RI:0.28:0.20:0.25:0.12:0.12:0.89:0.84:0.06:0.63:0.07:0.51
485:0.2445:Mercyhurst College, PA:0.13:0.31:0.37:0.15:0.15:0.63:0.45:0.06:0.78:0.29:0.15
486:0.2441:Jersey City State College, NJ:0.29:0.52:0.49:0.10:0.10:0.67:0.63:0.07:0.26:0.10:0.34
487:0.2437:George Fox College, OR:0.10:0.10:0.40:0.27:0.27:0.53:0.53:0.07:0.52:0.22:0.26
488:0.2429:Southern Illinois University at Edwardsville, IL:0.33:0.14:0.45:0.13:0.13:0.81:0.76:0.06:0.43:0.08:0.40
489:0.2426:Immaculata College, PA:0.11:0.06:0.41:0.16:0.16:0.64:0.56:0.09:0.69:0.33:0.36
490:0.2420:Graceland College, IA:0.10:0.25:0.58:0.14:0.14:0.61:0.51:0.04:0.47:0.24:0.37
491:0.2417:Huntington College, IN:0.19:0.04:0.29:0.20:0.20:0.76:0.76:0.08:0.47:0.25:0.29
492:0.2416:Fort Lewis College, CO:0.16:0.18:0.40:0.16:0.16:0.97:0.89:0.05:0.46:0.06:0.44
493:0.2414:Tusculum College, TN:0.10:0.41:0.39:0.12:0.12:0.70:0.70:0.05:0.52:0.28:0.22
494:0.2414:Philadelphia Coll. of Textiles and Sci., PA:0.11:0.18:0.37:0.19:0.19:0.80:0.48:0.08:0.68:0.15:0.20
495:0.2414:Castleton State College, VT:0.20:0.25:0.39:0.09:0.09:0.91:0.89:0.07:0.79:0.08:0.29
496:0.2409:University of Indianapolis, IN:0.10:0.14:0.30:0.26:0.26:0.56:0.55:0.09:0.69:0.23:0.13
497:0.2405:Albertus Magnus College, CT:0.11:0.04:0.30:0.17:0.17:0.93:0.90:0.09:0.63:0.26:0.38
498:0.2398:Illinois State University, IL:0.17:0.23:0.36:0.10:0.10:0.84:0.77:0.05:0.54:0.16:0.40
499:0.2387:Saint Cloud State University, MN:0.20:0.17:0.58:0.10:0.10:0.75:0.70:0.05:0.58:0.10:0.45
500:0.2387:Briar Cliff College, IA:0.15:0.10:0.44:0.16:0.16:0.66:0.39:0.08:0.58:0.26:0.27
501:0.2382:Franciscan University of Steubenville, OH:0.10:0.18:0.50:0.22:0.22:0.69:0.57:0.07:0.83:0.08:0.18
502:0.2378:SUNY College at Cortland, NY:0.18:0.55:0.29:0.06:0.06:0.85:0.82:0.06:0.53:0.17:0.36
503:0.2378:Greensboro College, NC:0.17:0.19:0.36:0.10:0.10:0.80:0.64:0.08:0.39:0.31:0.25
504:0.2377:Missouri Southern State College, MO:0.26:0.16:0.69:0.13:0.13:0.54:0.52:0.05:1.00:0.09:0.22
505:0.2371:Newberry College, SC:0.09:0.17:0.21:0.14:0.14:0.63:0.57:0.09:0.83:0.32:0.24
506:0.2367:Sacred Heart University, CT:0.10:0.18:0.27:0.19:0.19:0.73:0.71:0.07:0.82:0.16:0.17
507:0.2366:Ursuline College, OH:0.13:0.20:0.33:0.21:0.21:0.69:0.39:0.10:0.68:0.15:0.13
508:0.2365:College of Mount St. Joseph, OH:0.12:0.22:0.38:0.14:0.14:0.46:0.46:0.09:1.00:0.35:0.10
509:0.2364:Marist College, NY:0.12:0.33:0.26:0.12:0.12:0.81:0.74:0.06:0.69:0.34:0.11
510:0.2363:Cabrini College, PA:0.10:0.18:0.45:0.08:0.08:0.76:0.59:0.06:0.71:0.36:0.37
511:0.2346:Huntingdon College, AL:0.17:0.14:0.24:0.26:0.26:0.72:0.63:0.09:0.44:0.09:0.18
512:0.2345:SUNY College  at Brockport, NY:0.27:0.51:0.25:0.07:0.07:0.83:0.79:0.05:0.49:0.14:0.29
513:0.2342:Cumberland College, KY:0.26:0.21:0.50:0.26:0.26:0.44:0.42:0.08:0.63:0.04:0.18
514:0.2340:Elon College, NC:0.10:0.23:0.31:0.11:0.11:0.74:0.70:0.05:0.63:0.34:0.22
515:0.2339:Eastern Illinois University, IL:0.26:0.24:0.37:0.12:0.12:0.71:0.62:0.06:0.76:0.05:0.34
516:0.2337:Wayne State College, NE:0.23:0.00:0.53:0.06:0.06:0.68:0.60:0.05:0.52:0.29:0.37
517:0.2336:Mount Mercy College, IA:0.10:0.14:0.50:0.20:0.20:0.50:0.44:0.09:0.64:0.30:0.11
518:0.2336:Bethany College, KS:0.16:0.07:0.25:0.16:0.16:0.68:0.62:0.09:0.48:0.29:0.31
519:0.2323:Waynesburg College, PA:0.13:0.18:0.33:0.12:0.12:0.58:0.57:0.06:0.63:0.26:0.30
520:0.2320:Tri-State University, IN:0.14:0.13:0.25:0.14:0.14:0.53:0.53:0.08:0.65:0.24:0.36
521:0.2320:Mankato State University, MN:0.26:0.13:0.58:0.09:0.09:0.68:0.57:0.05:0.68:0.11:0.43
522:0.2319:University of Northern Colorado, CO:0.23:0.28:0.42:0.12:0.12:0.75:0.75:0.05:0.40:0.08:0.32
523:0.2311:Saint Ambrose University, IA:0.12:0.20:0.38:0.12:0.12:0.56:0.56:0.07:0.70:0.16:0.30
524:0.2308:SUNY College at Buffalo, NY:0.31:0.34:0.29:0.08:0.08:0.78:0.71:0.05:0.42:0.12:0.34
525:0.2302:University of South Carolina at Aiken, SC:0.22:0.34:0.67:0.14:0.14:0.62:0.62:0.07:0.48:0.03:0.26
526:0.2293:Wingate College, NC:0.16:0.18:0.38:0.10:0.10:0.81:0.69:0.07:0.91:0.08:0.29
527:0.2289:Iona College, NY:0.11:0.28:0.26:0.13:0.13:0.83:0.66:0.06:0.66:0.14:0.22
528:0.2276:Belmont Abbey College, NC:0.11:0.22:0.26:0.17:0.17:0.85:0.78:0.08:0.52:0.10:0.17
529:0.2263:Lamar University, TX:0.32:0.26:0.60:0.10:0.10:0.82:0.48:0.05:0.26:0.12:0.24
530:0.2255:St. Thomas Aquinas College, NY:0.10:0.29:0.35:0.10:0.10:0.73:0.69:0.06:0.67:0.13:0.29
531:0.2255:Lindenwood College, MO:0.00:0.40:0.74:0.06:0.06:0.85:0.65:0.04:1.00:0.09:0.15
532:0.2250:University of Mobile, AL:0.13:0.27:0.81:0.17:0.17:0.63:0.59:0.06:0.52:0.04:0.20
533:0.2246:Dowling College, NY:0.27:0.18:0.49:0.09:0.09:0.78:0.77:0.08:0.42:0.07:0.27
534:0.2237:Gardner Webb University, NC:0.10:0.16:0.36:0.18:0.18:0.58:0.65:0.07:0.29:0.12:0.45
535:0.2236:University of Maine at Presque Isle, ME:0.26:0.17:0.62:0.10:0.10:0.67:0.67:0.07:0.35:0.11:0.22
536:0.2230:University of Texas at San Antonio, TX:0.15:0.26:0.54:0.17:0.17:1.00:0.94:0.04:0.50:0.03:0.19
537:0.2230:Saint Mary's College of Minnesota, MN:0.07:0.08:0.46:0.14:0.14:0.74:0.68:0.05:0.78:0.19:0.35
538:0.2229:Lander University, SC:0.24:0.13:0.51:0.09:0.09:0.77:0.67:0.06:0.51:0.11:0.30
539:0.2224:Green Mountain College, VT:0.10:0.19:0.32:0.07:0.07:0.83:0.77:0.07:0.76:0.24:0.26
540:0.2222:Lakeland College, WI:0.04:0.09:0.51:0.24:0.24:0.65:0.49:0.06:0.57:0.25:0.24
541:0.2222:Bradford College, MA:0.24:0.26:0.46:0.05:0.05:0.80:0.57:0.10:0.46:0.21:0.22
542:0.2202:University of Southern Colorado, CO:0.17:0.12:0.49:0.10:0.10:0.88:0.63:0.05:0.36:0.00:0.28
543:0.2200:Alderson-Broaddus College, WV:0.17:0.14:0.35:0.21:0.21:0.41:0.40:0.09:0.52:0.15:0.14
544:0.2193:University of Hartford, CT:0.13:0.20:0.30:0.11:0.11:0.76:0.61:0.09:0.66:0.09:0.23
545:0.2184:Mayville State University, ND:0.37:0.00:0.66:0.05:0.05:0.68:0.68:0.06:0.51:0.11:0.24
546:0.2184:Malone College, OH:0.06:0.13:0.56:0.21:0.21:0.45:0.42:0.06:0.55:0.16:0.29
547:0.2166:Wesley College, DE:0.09:0.18:0.43:0.10:0.10:0.57:0.52:0.07:0.84:0.15:0.29
548:0.2165:William Woods University, MO:0.09:0.07:0.52:0.17:0.17:0.66:0.39:0.08:0.52:0.16:0.29
549:0.2153:Marian College of Fond du Lac, WI:0.09:0.19:0.50:0.15:0.15:0.37:0.37:0.12:0.59:0.21:0.13
550:0.2147:MidAmerica Nazarene College, KS:0.07:0.00:0.68:0.15:0.15:0.33:0.33:0.06:0.49:0.20:0.30
551:0.2147:Delta State University, MS:0.31:0.02:0.49:0.15:0.15:0.63:0.49:0.06:0.58:0.16:0.34
552:0.2144:Keene State College, NH:0.23:0.22:0.34:0.05:0.05:0.73:0.73:0.06:0.61:0.13:0.41
553:0.2143:SUNY College at Purchase, NY:0.28:0.40:0.31:0.05:0.05:1.00:0.80:0.07:0.46:0.08:0.25
554:0.2137:La Roche College, PA:0.12:0.11:0.58:0.10:0.10:0.73:0.57:0.07:0.52:0.14:0.25
555:0.2120:University of Maine at Machias, ME:0.27:0.16:0.47:0.17:0.17:0.46:0.46:0.07:0.64:0.04:0.18
556:0.2115:Western State College of Colorado, CO:0.16:0.40:0.37:0.07:0.07:0.79:0.76:0.05:0.52:0.04:0.50
557:0.2098:Central Wesleyan College, SC:0.04:0.16:0.60:0.08:0.08:0.62:0.62:0.07:0.58:0.18:0.56
558:0.2091:Westfield State College, MA:0.14:0.31:0.38:0.03:0.03:0.79:0.75:0.06:0.65:0.20:0.47
559:0.2090:Western New England College, MA:0.13:0.11:0.28:0.07:0.07:0.97:0.74:0.06:0.59:0.15:0.41
560:0.2085:Averett College, VA:0.10:0.11:0.31:0.16:0.16:0.67:0.59:0.04:0.48:0.11:0.40
561:0.2067:East Texas Baptist University, TX:0.17:0.10:0.78:0.10:0.10:0.62:0.62:0.06:0.38:0.07:0.35
562:0.2067:Columbia College, MO:0.09:0.50:0.84:0.10:0.10:0.87:0.87:0.07:0.37:0.02:0.22
563:0.2061:Dickinson State University, ND:0.23:0.05:0.77:0.10:0.10:0.64:0.50:0.06:0.46:0.28:0.13
564:0.2059:North Carolina Wesleyan College, NC:0.23:0.15:0.28:0.07:0.07:0.77:0.77:0.08:0.52:0.11:0.22
565:0.2051:Northwest Missouri State University, MO:0.25:0.07:0.50:0.08:0.08:0.65:0.62:0.05:0.54:0.23:0.21
566:0.2027:Dana College, NE:0.18:0.04:0.38:0.10:0.10:0.51:0.46:0.08:0.54:0.25:0.31
567:0.2013:Point Park College, PA:0.13:0.15:0.28:0.07:0.07:0.90:0.45:0.07:0.66:0.10:0.45
568:0.2011:Rivier College, NH:0.10:0.20:0.37:0.06:0.06:0.59:0.59:0.08:0.81:0.19:0.18
569:0.2008:Oklahoma Christian University, OK:0.16:0.01:0.46:0.22:0.22:0.64:0.58:0.06:0.45:0.08:0.51
570:0.2002:University of Dubuque, IA:0.17:0.03:0.25:0.11:0.11:0.98:0.85:0.06:0.45:0.18:0.33
571:0.2001:Spring Arbor College, MI:0.29:0.03:0.50:0.15:0.15:0.48:0.48:0.06:0.49:0.09:0.35
572:0.1984:Mount Saint Clare College, IA:0.11:0.13:0.33:0.16:0.16:0.37:0.32:0.07:0.21:0.43:0.00
573:0.1977:University of Southern Indiana, IN:0.18:0.10:0.61:0.08:0.08:0.65:0.56:0.05:0.38:0.21:0.19
574:0.1960:Alaska Pacific University, AK:0.27:0.24:0.38:0.16:0.16:0.72:0.76:0.08:0.15:0.02:0.19
575:0.1959:Kansas Wesleyan University, KS:0.14:0.02:0.26:0.16:0.16:0.55:0.63:0.08:0.68:0.14:0.29
576:0.1956:Notre Dame College, NH:0.06:0.15:0.33:0.15:0.15:0.47:0.44:0.08:0.33:0.26:0.18
577:0.1952:Embry Riddle Aeronautical University, FL:0.30:0.18:0.37:0.14:0.14:0.43:0.37:0.06:0.44:0.04:0.23
578:0.1944:Pikeville College, KY:0.17:0.01:0.42:0.28:0.28:0.57:0.48:0.07:0.61:0.14:0.16
579:0.1941:Lyndon State College, VT:0.25:0.06:0.44:0.06:0.06:0.65:0.48:0.08:0.51:0.15:0.32
580:0.1940:Central Connecticut State University, CT:0.16:0.39:0.36:0.06:0.06:0.73:0.69:0.06:0.49:0.04:0.30
581:0.1915:Saint Francis College, IN:0.16:0.22:0.51:0.13:0.13:0.78:0.43:0.08:0.48:0.04:0.08
582:0.1913:Benedictine College, KS:0.11:0.02:0.36:0.14:0.14:0.84:0.64:0.07:0.58:0.18:0.22
583:0.1898:Virginia Union University, VA:0.14:0.13:0.28:0.19:0.19:0.67:0.51:0.07:0.30:0.08:0.10
584:0.1887:Worcester State College, MA:0.13:0.31:0.36:0.04:0.04:0.60:0.60:0.05:0.40:0.14:0.48
585:0.1884:Capitol College, MD:0.18:0.10:0.39:0.10:0.10:0.50:0.10:0.08:0.52:0.24:0.29
586:0.1881:St. Paul's College, VA:0.29:0.11:0.42:0.08:0.08:0.45:0.45:0.07:0.45:0.08:0.24
587:0.1867:Johnson State College, VT:0.22:0.20:0.42:0.03:0.03:0.91:0.80:0.07:0.36:0.15:0.21
588:0.1852:Lynchburg College, VA:0.13:0.15:0.24:0.03:0.03:0.66:0.62:0.08:0.70:0.24:0.39
589:0.1851:University of Sci. and Arts of Oklahoma, OK:0.22:0.02:0.74:0.21:0.21:0.77:0.67:0.04:0.43:0.03:0.25
590:0.1843:Tiffin University, OH:0.09:0.13:0.35:0.05:0.05:0.74:0.59:0.05:0.39:0.40:0.22
591:0.1781:Valley City State University, ND:0.24:0.07:0.62:0.05:0.05:0.41:0.39:0.07:0.40:0.25:0.22
592:0.1757:Barber Scotia College, NC:0.12:0.00:0.51:0.06:0.06:0.50:0.50:0.07:0.34:0.08:0.25
593:0.1755:Centenary College, NJ:0.15:0.15:0.29:0.12:0.12:0.85:0.41:0.11:0.24:0.20:0.03
594:0.1742:Christopher Newport University, VA:0.12:0.13:0.56:0.03:0.03:0.82:0.80:0.05:0.48:0.16:0.23
595:0.1737:Roger Williams University, RI:0.10:0.15:0.24:0.10:0.10:0.54:0.44:0.06:0.61:0.08:0.00
596:0.1737:Mesa State College, CO:0.13:0.08:0.61:0.06:0.06:0.48:0.48:0.03:0.59:0.12:0.34
597:0.1684:Saint Joseph's College, ME:0.04:0.18:0.32:0.12:0.12:0.89:0.53:0.04:0.85:0.08:0.09
598:0.1665:Morris College, SC:0.23:0.17:0.45:0.02:0.02:0.60:0.53:0.05:0.60:0.34:0.11
599:0.1658:Husson College, ME:0.08:0.10:0.55:0.10:0.10:0.44:0.36:0.05:0.84:0.04:0.24
600:0.1643:North Adams State College, MA:0.24:0.36:0.24:0.01:0.01:0.71:0.65:0.07:0.57:0.17:0.37
601:0.1629:St. Martin's College, WA:0.16:0.14:0.38:0.05:0.05:0.77:0.43:0.07:0.40:0.08:0.14
602:0.1558:Prairie View A. and M. University, TX:0.29:0.07:0.47:0.10:0.10:0.93:0.55:0.05:0.35:0.01:0.15
603:0.1523:Virginia State University, VA:0.20:0.19:0.29:0.02:0.02:0.63:0.61:0.06:0.31:0.11:0.29
604:0.1486:Fayetteville State University, NC:0.54:0.27:0.42:0.01:0.01:0.75:0.75:0.07:0.24:0.10:0.14
605:0.1464:Arkansas Tech University, AR:0.28:0.00:0.55:0.12:0.12:0.60:0.57:0.05:0.48:0.05:0.24
606:0.1425:Missouri Valley College, MO:0.05:0.25:0.32:0.05:0.05:0.67:0.35:0.06:0.27:0.16:0.09
607:0.1398:Franklin Pierce College, NH:0.07:0.14:0.10:0.03:0.03:0.56:0.50:0.06:0.51:0.16:0.37
608:0.1350:Center for Creative Studies, MI:0.20:0.34:0.51:0.01:0.01:0.58:0.08:0.15:0.47:0.04:0.60
609:0.1249:Dominican College of Blauvelt, NY:0.07:0.09:0.33:0.04:0.04:0.43:0.43:0.08:0.54:0.05:0.10
